CRITICAL - 2022-10-01 05:33:45 --> Unable to connect to the database.
#0 E:\OpenServerPanel\domains\cicore.com\vendor\codeigniter4\framework\system\Database\BaseConnection.php(646): CodeIgniter\Database\BaseConnection->initialize()
#1 E:\OpenServerPanel\domains\cicore.com\vendor\codeigniter4\framework\system\Database\BaseBuilder.php(1860): CodeIgniter\Database\BaseConnection->query('SELECT `tb1`.`t...', Array, false)
#2 E:\OpenServerPanel\domains\cicore.com\app\Models\AutoloadModel.php(77): CodeIgniter\Database\BaseBuilder->get()
#3 E:\OpenServerPanel\domains\cicore.com\app\Repositories\SlideRepository.php(36): App\Models\AutoloadModel->_get_where(Array, true)
#4 E:\OpenServerPanel\domains\cicore.com\app\Controllers\Frontend\Homepage\Home.php(23): App\Repositories\SlideRepository->findByField('main-slide', 'keyword', 2)
#5 E:\OpenServerPanel\domains\cicore.com\vendor\codeigniter4\framework\system\CodeIgniter.php(918): App\Controllers\Frontend\Homepage\Home->index()
#6 E:\OpenServerPanel\domains\cicore.com\vendor\codeigniter4\framework\system\CodeIgniter.php(404): CodeIgniter\CodeIgniter->runController(Object(App\Controllers\Frontend\Homepage\Home))
#7 E:\OpenServerPanel\domains\cicore.com\vendor\codeigniter4\framework\system\CodeIgniter.php(312): CodeIgniter\CodeIgniter->handleRequest(NULL, Object(Config\Cache), false)
#8 E:\OpenServerPanel\domains\cicore.com\index.php(48): CodeIgniter\CodeIgniter->run()
#9 {main}
CRITICAL - 2022-10-01 05:33:45 --> Uncaught ErrorException: print_r(): Property access is not allowed yet in E:\OpenServerPanel\domains\cicore.com\app\Views\errors\html\error_exception.php:100
Stack trace:
#0 [internal function]: CodeIgniter\Debug\Exceptions->errorHandler(2, 'print_r(): Prop...', 'E:\\OpenServerPa...', 100, Array)
#1 E:\OpenServerPanel\domains\cicore.com\app\Views\errors\html\error_exception.php(100): print_r(Object(App\Controllers\Frontend\Homepage\Home), true)
#2 E:\OpenServerPanel\domains\cicore.com\vendor\codeigniter4\framework\system\Debug\Exceptions.php(308): include('E:\\OpenServerPa...')
#3 E:\OpenServerPanel\domains\cicore.com\vendor\codeigniter4\framework\system\Debug\Exceptions.php(174): CodeIgniter\Debug\Exceptions->render(Object(CodeIgniter\Database\Exceptions\DatabaseException), 500)
#4 [internal function]: CodeIgniter\Debug\Exceptions->exceptionHandler(Object(CodeIgniter\Database\Exceptions\DatabaseException))
#5 {main}
  thrown
#0 [internal function]: CodeIgniter\Debug\Exceptions->shutdownHandler()
#1 {main}
