CRITICAL - 2022-10-04 02:24:20 --> syntax error, unexpected '}'
#0 E:\OpenServerPanel\domains\cicore.com\vendor\codeigniter4\framework\system\Autoloader\Autoloader.php(296): CodeIgniter\Autoloader\Autoloader->requireFile('E:\\OpenServerPa...')
#1 E:\OpenServerPanel\domains\cicore.com\vendor\codeigniter4\framework\system\Autoloader\Autoloader.php(258): CodeIgniter\Autoloader\Autoloader->loadInNamespace('App\\Libraries\\W...')
#2 [internal function]: CodeIgniter\Autoloader\Autoloader->loadClass('App\\Libraries\\W...')
#3 E:\OpenServerPanel\domains\cicore.com\app\Config\Services.php(266): spl_autoload_call('App\\Libraries\\W...')
#4 E:\OpenServerPanel\domains\cicore.com\vendor\codeigniter4\framework\system\Config\BaseService.php(123): Config\Services::Widget(false)
#5 E:\OpenServerPanel\domains\cicore.com\app\Config\Services.php(263): CodeIgniter\Config\BaseService::getSharedInstance('widget')
#6 E:\OpenServerPanel\domains\cicore.com\vendor\codeigniter4\framework\system\Common.php(957): Config\Services::Widget()
#7 E:\OpenServerPanel\domains\cicore.com\app\Controllers\Frontend\Homepage\Home.php(20): service('widget')
#8 E:\OpenServerPanel\domains\cicore.com\vendor\codeigniter4\framework\system\CodeIgniter.php(890): App\Controllers\Frontend\Homepage\Home->__construct()
#9 E:\OpenServerPanel\domains\cicore.com\vendor\codeigniter4\framework\system\CodeIgniter.php(399): CodeIgniter\CodeIgniter->createController()
#10 E:\OpenServerPanel\domains\cicore.com\vendor\codeigniter4\framework\system\CodeIgniter.php(312): CodeIgniter\CodeIgniter->handleRequest(NULL, Object(Config\Cache), false)
#11 E:\OpenServerPanel\domains\cicore.com\index.php(48): CodeIgniter\CodeIgniter->run()
#12 {main}
CRITICAL - 2022-10-04 02:24:21 --> syntax error, unexpected '}'
#0 E:\OpenServerPanel\domains\cicore.com\vendor\codeigniter4\framework\system\Autoloader\Autoloader.php(296): CodeIgniter\Autoloader\Autoloader->requireFile('E:\\OpenServerPa...')
#1 E:\OpenServerPanel\domains\cicore.com\vendor\codeigniter4\framework\system\Autoloader\Autoloader.php(258): CodeIgniter\Autoloader\Autoloader->loadInNamespace('App\\Libraries\\W...')
#2 [internal function]: CodeIgniter\Autoloader\Autoloader->loadClass('App\\Libraries\\W...')
#3 E:\OpenServerPanel\domains\cicore.com\app\Config\Services.php(266): spl_autoload_call('App\\Libraries\\W...')
#4 E:\OpenServerPanel\domains\cicore.com\vendor\codeigniter4\framework\system\Config\BaseService.php(123): Config\Services::Widget(false)
#5 E:\OpenServerPanel\domains\cicore.com\app\Config\Services.php(263): CodeIgniter\Config\BaseService::getSharedInstance('widget')
#6 E:\OpenServerPanel\domains\cicore.com\vendor\codeigniter4\framework\system\Common.php(957): Config\Services::Widget()
#7 E:\OpenServerPanel\domains\cicore.com\app\Controllers\Frontend\Homepage\Home.php(20): service('widget')
#8 E:\OpenServerPanel\domains\cicore.com\vendor\codeigniter4\framework\system\CodeIgniter.php(890): App\Controllers\Frontend\Homepage\Home->__construct()
#9 E:\OpenServerPanel\domains\cicore.com\vendor\codeigniter4\framework\system\CodeIgniter.php(399): CodeIgniter\CodeIgniter->createController()
#10 E:\OpenServerPanel\domains\cicore.com\vendor\codeigniter4\framework\system\CodeIgniter.php(312): CodeIgniter\CodeIgniter->handleRequest(NULL, Object(Config\Cache), false)
#11 E:\OpenServerPanel\domains\cicore.com\index.php(48): CodeIgniter\CodeIgniter->run()
#12 {main}
CRITICAL - 2022-10-04 02:29:23 --> Call to undefined method App\Controllers\Frontend\Homepage\Home::widget()
#0 E:\OpenServerPanel\domains\cicore.com\vendor\codeigniter4\framework\system\CodeIgniter.php(918): App\Controllers\Frontend\Homepage\Home->index()
#1 E:\OpenServerPanel\domains\cicore.com\vendor\codeigniter4\framework\system\CodeIgniter.php(404): CodeIgniter\CodeIgniter->runController(Object(App\Controllers\Frontend\Homepage\Home))
#2 E:\OpenServerPanel\domains\cicore.com\vendor\codeigniter4\framework\system\CodeIgniter.php(312): CodeIgniter\CodeIgniter->handleRequest(NULL, Object(Config\Cache), false)
#3 E:\OpenServerPanel\domains\cicore.com\index.php(48): CodeIgniter\CodeIgniter->run()
#4 {main}
CRITICAL - 2022-10-04 02:29:35 --> Call to a member function findObjectByModule() on null
#0 E:\OpenServerPanel\domains\cicore.com\app\Controllers\Frontend\Homepage\Home.php(35): App\Libraries\Widget->findWidgetByKeyword('best-seller')
#1 E:\OpenServerPanel\domains\cicore.com\vendor\codeigniter4\framework\system\CodeIgniter.php(918): App\Controllers\Frontend\Homepage\Home->index()
#2 E:\OpenServerPanel\domains\cicore.com\vendor\codeigniter4\framework\system\CodeIgniter.php(404): CodeIgniter\CodeIgniter->runController(Object(App\Controllers\Frontend\Homepage\Home))
#3 E:\OpenServerPanel\domains\cicore.com\vendor\codeigniter4\framework\system\CodeIgniter.php(312): CodeIgniter\CodeIgniter->handleRequest(NULL, Object(Config\Cache), false)
#4 E:\OpenServerPanel\domains\cicore.com\index.php(48): CodeIgniter\CodeIgniter->run()
#5 {main}
CRITICAL - 2022-10-04 02:29:37 --> Call to a member function findObjectByModule() on null
#0 E:\OpenServerPanel\domains\cicore.com\app\Controllers\Frontend\Homepage\Home.php(35): App\Libraries\Widget->findWidgetByKeyword('best-seller')
#1 E:\OpenServerPanel\domains\cicore.com\vendor\codeigniter4\framework\system\CodeIgniter.php(918): App\Controllers\Frontend\Homepage\Home->index()
#2 E:\OpenServerPanel\domains\cicore.com\vendor\codeigniter4\framework\system\CodeIgniter.php(404): CodeIgniter\CodeIgniter->runController(Object(App\Controllers\Frontend\Homepage\Home))
#3 E:\OpenServerPanel\domains\cicore.com\vendor\codeigniter4\framework\system\CodeIgniter.php(312): CodeIgniter\CodeIgniter->handleRequest(NULL, Object(Config\Cache), false)
#4 E:\OpenServerPanel\domains\cicore.com\index.php(48): CodeIgniter\CodeIgniter->run()
#5 {main}
CRITICAL - 2022-10-04 02:30:03 --> Undefined variable: widget
#0 E:\OpenServerPanel\domains\cicore.com\app\Libraries\Widget.php(43): CodeIgniter\Debug\Exceptions->errorHandler(8, 'Undefined varia...', 'E:\\OpenServerPa...', 43, Array)
#1 E:\OpenServerPanel\domains\cicore.com\app\Controllers\Frontend\Homepage\Home.php(35): App\Libraries\Widget->findWidgetByKeyword('best-seller')
#2 E:\OpenServerPanel\domains\cicore.com\vendor\codeigniter4\framework\system\CodeIgniter.php(918): App\Controllers\Frontend\Homepage\Home->index()
#3 E:\OpenServerPanel\domains\cicore.com\vendor\codeigniter4\framework\system\CodeIgniter.php(404): CodeIgniter\CodeIgniter->runController(Object(App\Controllers\Frontend\Homepage\Home))
#4 E:\OpenServerPanel\domains\cicore.com\vendor\codeigniter4\framework\system\CodeIgniter.php(312): CodeIgniter\CodeIgniter->handleRequest(NULL, Object(Config\Cache), false)
#5 E:\OpenServerPanel\domains\cicore.com\index.php(48): CodeIgniter\CodeIgniter->run()
#6 {main}
CRITICAL - 2022-10-04 02:30:04 --> Undefined variable: widget
#0 E:\OpenServerPanel\domains\cicore.com\app\Libraries\Widget.php(43): CodeIgniter\Debug\Exceptions->errorHandler(8, 'Undefined varia...', 'E:\\OpenServerPa...', 43, Array)
#1 E:\OpenServerPanel\domains\cicore.com\app\Controllers\Frontend\Homepage\Home.php(35): App\Libraries\Widget->findWidgetByKeyword('best-seller')
#2 E:\OpenServerPanel\domains\cicore.com\vendor\codeigniter4\framework\system\CodeIgniter.php(918): App\Controllers\Frontend\Homepage\Home->index()
#3 E:\OpenServerPanel\domains\cicore.com\vendor\codeigniter4\framework\system\CodeIgniter.php(404): CodeIgniter\CodeIgniter->runController(Object(App\Controllers\Frontend\Homepage\Home))
#4 E:\OpenServerPanel\domains\cicore.com\vendor\codeigniter4\framework\system\CodeIgniter.php(312): CodeIgniter\CodeIgniter->handleRequest(NULL, Object(Config\Cache), false)
#5 E:\OpenServerPanel\domains\cicore.com\index.php(48): CodeIgniter\CodeIgniter->run()
#6 {main}
CRITICAL - 2022-10-04 02:30:13 --> Call to undefined function App\Libraries\findObjectByModule()
#0 E:\OpenServerPanel\domains\cicore.com\app\Controllers\Frontend\Homepage\Home.php(35): App\Libraries\Widget->findWidgetByKeyword('best-seller')
#1 E:\OpenServerPanel\domains\cicore.com\vendor\codeigniter4\framework\system\CodeIgniter.php(918): App\Controllers\Frontend\Homepage\Home->index()
#2 E:\OpenServerPanel\domains\cicore.com\vendor\codeigniter4\framework\system\CodeIgniter.php(404): CodeIgniter\CodeIgniter->runController(Object(App\Controllers\Frontend\Homepage\Home))
#3 E:\OpenServerPanel\domains\cicore.com\vendor\codeigniter4\framework\system\CodeIgniter.php(312): CodeIgniter\CodeIgniter->handleRequest(NULL, Object(Config\Cache), false)
#4 E:\OpenServerPanel\domains\cicore.com\index.php(48): CodeIgniter\CodeIgniter->run()
#5 {main}
CRITICAL - 2022-10-04 02:30:14 --> Call to undefined function App\Libraries\findObjectByModule()
#0 E:\OpenServerPanel\domains\cicore.com\app\Controllers\Frontend\Homepage\Home.php(35): App\Libraries\Widget->findWidgetByKeyword('best-seller')
#1 E:\OpenServerPanel\domains\cicore.com\vendor\codeigniter4\framework\system\CodeIgniter.php(918): App\Controllers\Frontend\Homepage\Home->index()
#2 E:\OpenServerPanel\domains\cicore.com\vendor\codeigniter4\framework\system\CodeIgniter.php(404): CodeIgniter\CodeIgniter->runController(Object(App\Controllers\Frontend\Homepage\Home))
#3 E:\OpenServerPanel\domains\cicore.com\vendor\codeigniter4\framework\system\CodeIgniter.php(312): CodeIgniter\CodeIgniter->handleRequest(NULL, Object(Config\Cache), false)
#4 E:\OpenServerPanel\domains\cicore.com\index.php(48): CodeIgniter\CodeIgniter->run()
#5 {main}
CRITICAL - 2022-10-04 02:30:19 --> Undefined variable: widget
#0 E:\OpenServerPanel\domains\cicore.com\app\Libraries\Widget.php(45): CodeIgniter\Debug\Exceptions->errorHandler(8, 'Undefined varia...', 'E:\\OpenServerPa...', 45, Array)
#1 E:\OpenServerPanel\domains\cicore.com\app\Controllers\Frontend\Homepage\Home.php(35): App\Libraries\Widget->findWidgetByKeyword('best-seller')
#2 E:\OpenServerPanel\domains\cicore.com\vendor\codeigniter4\framework\system\CodeIgniter.php(918): App\Controllers\Frontend\Homepage\Home->index()
#3 E:\OpenServerPanel\domains\cicore.com\vendor\codeigniter4\framework\system\CodeIgniter.php(404): CodeIgniter\CodeIgniter->runController(Object(App\Controllers\Frontend\Homepage\Home))
#4 E:\OpenServerPanel\domains\cicore.com\vendor\codeigniter4\framework\system\CodeIgniter.php(312): CodeIgniter\CodeIgniter->handleRequest(NULL, Object(Config\Cache), false)
#5 E:\OpenServerPanel\domains\cicore.com\index.php(48): CodeIgniter\CodeIgniter->run()
#6 {main}
CRITICAL - 2022-10-04 02:30:20 --> Undefined variable: widget
#0 E:\OpenServerPanel\domains\cicore.com\app\Libraries\Widget.php(45): CodeIgniter\Debug\Exceptions->errorHandler(8, 'Undefined varia...', 'E:\\OpenServerPa...', 45, Array)
#1 E:\OpenServerPanel\domains\cicore.com\app\Controllers\Frontend\Homepage\Home.php(35): App\Libraries\Widget->findWidgetByKeyword('best-seller')
#2 E:\OpenServerPanel\domains\cicore.com\vendor\codeigniter4\framework\system\CodeIgniter.php(918): App\Controllers\Frontend\Homepage\Home->index()
#3 E:\OpenServerPanel\domains\cicore.com\vendor\codeigniter4\framework\system\CodeIgniter.php(404): CodeIgniter\CodeIgniter->runController(Object(App\Controllers\Frontend\Homepage\Home))
#4 E:\OpenServerPanel\domains\cicore.com\vendor\codeigniter4\framework\system\CodeIgniter.php(312): CodeIgniter\CodeIgniter->handleRequest(NULL, Object(Config\Cache), false)
#5 E:\OpenServerPanel\domains\cicore.com\index.php(48): CodeIgniter\CodeIgniter->run()
#6 {main}
CRITICAL - 2022-10-04 02:30:56 --> Argument 1 passed to App\Services\ProductService::remakeProductByWidgetInformation() must be of the type array, object given, called in E:\OpenServerPanel\domains\cicore.com\app\Controllers\Frontend\Homepage\Home.php on line 36
#0 E:\OpenServerPanel\domains\cicore.com\app\Controllers\Frontend\Homepage\Home.php(36): App\Services\ProductService->remakeProductByWidgetInformation(Object(App\Libraries\Widget))
#1 E:\OpenServerPanel\domains\cicore.com\vendor\codeigniter4\framework\system\CodeIgniter.php(918): App\Controllers\Frontend\Homepage\Home->index()
#2 E:\OpenServerPanel\domains\cicore.com\vendor\codeigniter4\framework\system\CodeIgniter.php(404): CodeIgniter\CodeIgniter->runController(Object(App\Controllers\Frontend\Homepage\Home))
#3 E:\OpenServerPanel\domains\cicore.com\vendor\codeigniter4\framework\system\CodeIgniter.php(312): CodeIgniter\CodeIgniter->handleRequest(NULL, Object(Config\Cache), false)
#4 E:\OpenServerPanel\domains\cicore.com\index.php(48): CodeIgniter\CodeIgniter->run()
#5 {main}
CRITICAL - 2022-10-04 02:30:56 --> Argument 1 passed to App\Services\ProductService::remakeProductByWidgetInformation() must be of the type array, object given, called in E:\OpenServerPanel\domains\cicore.com\app\Controllers\Frontend\Homepage\Home.php on line 36
#0 E:\OpenServerPanel\domains\cicore.com\app\Controllers\Frontend\Homepage\Home.php(36): App\Services\ProductService->remakeProductByWidgetInformation(Object(App\Libraries\Widget))
#1 E:\OpenServerPanel\domains\cicore.com\vendor\codeigniter4\framework\system\CodeIgniter.php(918): App\Controllers\Frontend\Homepage\Home->index()
#2 E:\OpenServerPanel\domains\cicore.com\vendor\codeigniter4\framework\system\CodeIgniter.php(404): CodeIgniter\CodeIgniter->runController(Object(App\Controllers\Frontend\Homepage\Home))
#3 E:\OpenServerPanel\domains\cicore.com\vendor\codeigniter4\framework\system\CodeIgniter.php(312): CodeIgniter\CodeIgniter->handleRequest(NULL, Object(Config\Cache), false)
#4 E:\OpenServerPanel\domains\cicore.com\index.php(48): CodeIgniter\CodeIgniter->run()
#5 {main}
CRITICAL - 2022-10-04 02:32:11 --> Undefined variable: widget
#0 E:\OpenServerPanel\domains\cicore.com\app\Libraries\Widget.php(46): CodeIgniter\Debug\Exceptions->errorHandler(8, 'Undefined varia...', 'E:\\OpenServerPa...', 46, Array)
#1 E:\OpenServerPanel\domains\cicore.com\app\Controllers\Frontend\Homepage\Home.php(35): App\Libraries\Widget->findWidgetByKeyword('best-seller', '2')
#2 E:\OpenServerPanel\domains\cicore.com\vendor\codeigniter4\framework\system\CodeIgniter.php(918): App\Controllers\Frontend\Homepage\Home->index()
#3 E:\OpenServerPanel\domains\cicore.com\vendor\codeigniter4\framework\system\CodeIgniter.php(404): CodeIgniter\CodeIgniter->runController(Object(App\Controllers\Frontend\Homepage\Home))
#4 E:\OpenServerPanel\domains\cicore.com\vendor\codeigniter4\framework\system\CodeIgniter.php(312): CodeIgniter\CodeIgniter->handleRequest(NULL, Object(Config\Cache), false)
#5 E:\OpenServerPanel\domains\cicore.com\index.php(48): CodeIgniter\CodeIgniter->run()
#6 {main}
CRITICAL - 2022-10-04 02:35:01 --> Undefined variable: keyword
#0 E:\OpenServerPanel\domains\cicore.com\app\Controllers\Frontend\Homepage\Home.php(37): CodeIgniter\Debug\Exceptions->errorHandler(8, 'Undefined varia...', 'E:\\OpenServerPa...', 37, Array)
#1 E:\OpenServerPanel\domains\cicore.com\vendor\codeigniter4\framework\system\CodeIgniter.php(918): App\Controllers\Frontend\Homepage\Home->index()
#2 E:\OpenServerPanel\domains\cicore.com\vendor\codeigniter4\framework\system\CodeIgniter.php(404): CodeIgniter\CodeIgniter->runController(Object(App\Controllers\Frontend\Homepage\Home))
#3 E:\OpenServerPanel\domains\cicore.com\vendor\codeigniter4\framework\system\CodeIgniter.php(312): CodeIgniter\CodeIgniter->handleRequest(NULL, Object(Config\Cache), false)
#4 E:\OpenServerPanel\domains\cicore.com\index.php(48): CodeIgniter\CodeIgniter->run()
#5 {main}
CRITICAL - 2022-10-04 02:36:16 --> Undefined property: App\Libraries\Widget::$language
#0 E:\OpenServerPanel\domains\cicore.com\app\Libraries\Widget.php(22): CodeIgniter\Debug\Exceptions->errorHandler(8, 'Undefined prope...', 'E:\\OpenServerPa...', 22, Array)
#1 E:\OpenServerPanel\domains\cicore.com\app\Config\Services.php(266): App\Libraries\Widget->__construct()
#2 E:\OpenServerPanel\domains\cicore.com\vendor\codeigniter4\framework\system\Config\BaseService.php(123): Config\Services::Widget(false)
#3 E:\OpenServerPanel\domains\cicore.com\app\Config\Services.php(263): CodeIgniter\Config\BaseService::getSharedInstance('widget')
#4 E:\OpenServerPanel\domains\cicore.com\vendor\codeigniter4\framework\system\Common.php(957): Config\Services::Widget()
#5 E:\OpenServerPanel\domains\cicore.com\app\Controllers\Frontend\Homepage\Home.php(20): service('widget')
#6 E:\OpenServerPanel\domains\cicore.com\vendor\codeigniter4\framework\system\CodeIgniter.php(890): App\Controllers\Frontend\Homepage\Home->__construct()
#7 E:\OpenServerPanel\domains\cicore.com\vendor\codeigniter4\framework\system\CodeIgniter.php(399): CodeIgniter\CodeIgniter->createController()
#8 E:\OpenServerPanel\domains\cicore.com\vendor\codeigniter4\framework\system\CodeIgniter.php(312): CodeIgniter\CodeIgniter->handleRequest(NULL, Object(Config\Cache), false)
#9 E:\OpenServerPanel\domains\cicore.com\index.php(48): CodeIgniter\CodeIgniter->run()
#10 {main}
CRITICAL - 2022-10-04 02:36:17 --> Undefined property: App\Libraries\Widget::$language
#0 E:\OpenServerPanel\domains\cicore.com\app\Libraries\Widget.php(22): CodeIgniter\Debug\Exceptions->errorHandler(8, 'Undefined prope...', 'E:\\OpenServerPa...', 22, Array)
#1 E:\OpenServerPanel\domains\cicore.com\app\Config\Services.php(266): App\Libraries\Widget->__construct()
#2 E:\OpenServerPanel\domains\cicore.com\vendor\codeigniter4\framework\system\Config\BaseService.php(123): Config\Services::Widget(false)
#3 E:\OpenServerPanel\domains\cicore.com\app\Config\Services.php(263): CodeIgniter\Config\BaseService::getSharedInstance('widget')
#4 E:\OpenServerPanel\domains\cicore.com\vendor\codeigniter4\framework\system\Common.php(957): Config\Services::Widget()
#5 E:\OpenServerPanel\domains\cicore.com\app\Controllers\Frontend\Homepage\Home.php(20): service('widget')
#6 E:\OpenServerPanel\domains\cicore.com\vendor\codeigniter4\framework\system\CodeIgniter.php(890): App\Controllers\Frontend\Homepage\Home->__construct()
#7 E:\OpenServerPanel\domains\cicore.com\vendor\codeigniter4\framework\system\CodeIgniter.php(399): CodeIgniter\CodeIgniter->createController()
#8 E:\OpenServerPanel\domains\cicore.com\vendor\codeigniter4\framework\system\CodeIgniter.php(312): CodeIgniter\CodeIgniter->handleRequest(NULL, Object(Config\Cache), false)
#9 E:\OpenServerPanel\domains\cicore.com\index.php(48): CodeIgniter\CodeIgniter->run()
#10 {main}
CRITICAL - 2022-10-04 02:36:31 --> Call to undefined function App\Libraries\currentLanguage()
#0 E:\OpenServerPanel\domains\cicore.com\app\Config\Services.php(266): App\Libraries\Widget->__construct()
#1 E:\OpenServerPanel\domains\cicore.com\vendor\codeigniter4\framework\system\Config\BaseService.php(123): Config\Services::Widget(false)
#2 E:\OpenServerPanel\domains\cicore.com\app\Config\Services.php(263): CodeIgniter\Config\BaseService::getSharedInstance('widget')
#3 E:\OpenServerPanel\domains\cicore.com\vendor\codeigniter4\framework\system\Common.php(957): Config\Services::Widget()
#4 E:\OpenServerPanel\domains\cicore.com\app\Controllers\Frontend\Homepage\Home.php(20): service('widget')
#5 E:\OpenServerPanel\domains\cicore.com\vendor\codeigniter4\framework\system\CodeIgniter.php(890): App\Controllers\Frontend\Homepage\Home->__construct()
#6 E:\OpenServerPanel\domains\cicore.com\vendor\codeigniter4\framework\system\CodeIgniter.php(399): CodeIgniter\CodeIgniter->createController()
#7 E:\OpenServerPanel\domains\cicore.com\vendor\codeigniter4\framework\system\CodeIgniter.php(312): CodeIgniter\CodeIgniter->handleRequest(NULL, Object(Config\Cache), false)
#8 E:\OpenServerPanel\domains\cicore.com\index.php(48): CodeIgniter\CodeIgniter->run()
#9 {main}
CRITICAL - 2022-10-04 02:36:33 --> Call to undefined function App\Libraries\currentLanguage()
#0 E:\OpenServerPanel\domains\cicore.com\app\Config\Services.php(266): App\Libraries\Widget->__construct()
#1 E:\OpenServerPanel\domains\cicore.com\vendor\codeigniter4\framework\system\Config\BaseService.php(123): Config\Services::Widget(false)
#2 E:\OpenServerPanel\domains\cicore.com\app\Config\Services.php(263): CodeIgniter\Config\BaseService::getSharedInstance('widget')
#3 E:\OpenServerPanel\domains\cicore.com\vendor\codeigniter4\framework\system\Common.php(957): Config\Services::Widget()
#4 E:\OpenServerPanel\domains\cicore.com\app\Controllers\Frontend\Homepage\Home.php(20): service('widget')
#5 E:\OpenServerPanel\domains\cicore.com\vendor\codeigniter4\framework\system\CodeIgniter.php(890): App\Controllers\Frontend\Homepage\Home->__construct()
#6 E:\OpenServerPanel\domains\cicore.com\vendor\codeigniter4\framework\system\CodeIgniter.php(399): CodeIgniter\CodeIgniter->createController()
#7 E:\OpenServerPanel\domains\cicore.com\vendor\codeigniter4\framework\system\CodeIgniter.php(312): CodeIgniter\CodeIgniter->handleRequest(NULL, Object(Config\Cache), false)
#8 E:\OpenServerPanel\domains\cicore.com\index.php(48): CodeIgniter\CodeIgniter->run()
#9 {main}
CRITICAL - 2022-10-04 02:36:38 --> Call to undefined function App\Libraries\current_language()
#0 E:\OpenServerPanel\domains\cicore.com\app\Config\Services.php(266): App\Libraries\Widget->__construct()
#1 E:\OpenServerPanel\domains\cicore.com\vendor\codeigniter4\framework\system\Config\BaseService.php(123): Config\Services::Widget(false)
#2 E:\OpenServerPanel\domains\cicore.com\app\Config\Services.php(263): CodeIgniter\Config\BaseService::getSharedInstance('widget')
#3 E:\OpenServerPanel\domains\cicore.com\vendor\codeigniter4\framework\system\Common.php(957): Config\Services::Widget()
#4 E:\OpenServerPanel\domains\cicore.com\app\Controllers\Frontend\Homepage\Home.php(20): service('widget')
#5 E:\OpenServerPanel\domains\cicore.com\vendor\codeigniter4\framework\system\CodeIgniter.php(890): App\Controllers\Frontend\Homepage\Home->__construct()
#6 E:\OpenServerPanel\domains\cicore.com\vendor\codeigniter4\framework\system\CodeIgniter.php(399): CodeIgniter\CodeIgniter->createController()
#7 E:\OpenServerPanel\domains\cicore.com\vendor\codeigniter4\framework\system\CodeIgniter.php(312): CodeIgniter\CodeIgniter->handleRequest(NULL, Object(Config\Cache), false)
#8 E:\OpenServerPanel\domains\cicore.com\index.php(48): CodeIgniter\CodeIgniter->run()
#9 {main}
CRITICAL - 2022-10-04 02:36:39 --> Call to undefined function App\Libraries\current_language()
#0 E:\OpenServerPanel\domains\cicore.com\app\Config\Services.php(266): App\Libraries\Widget->__construct()
#1 E:\OpenServerPanel\domains\cicore.com\vendor\codeigniter4\framework\system\Config\BaseService.php(123): Config\Services::Widget(false)
#2 E:\OpenServerPanel\domains\cicore.com\app\Config\Services.php(263): CodeIgniter\Config\BaseService::getSharedInstance('widget')
#3 E:\OpenServerPanel\domains\cicore.com\vendor\codeigniter4\framework\system\Common.php(957): Config\Services::Widget()
#4 E:\OpenServerPanel\domains\cicore.com\app\Controllers\Frontend\Homepage\Home.php(20): service('widget')
#5 E:\OpenServerPanel\domains\cicore.com\vendor\codeigniter4\framework\system\CodeIgniter.php(890): App\Controllers\Frontend\Homepage\Home->__construct()
#6 E:\OpenServerPanel\domains\cicore.com\vendor\codeigniter4\framework\system\CodeIgniter.php(399): CodeIgniter\CodeIgniter->createController()
#7 E:\OpenServerPanel\domains\cicore.com\vendor\codeigniter4\framework\system\CodeIgniter.php(312): CodeIgniter\CodeIgniter->handleRequest(NULL, Object(Config\Cache), false)
#8 E:\OpenServerPanel\domains\cicore.com\index.php(48): CodeIgniter\CodeIgniter->run()
#9 {main}
CRITICAL - 2022-10-04 02:37:01 --> Call to undefined function App\Controllers\Frontend\Homepage\currentLanguage()
#0 E:\OpenServerPanel\domains\cicore.com\vendor\codeigniter4\framework\system\CodeIgniter.php(890): App\Controllers\Frontend\Homepage\Home->__construct()
#1 E:\OpenServerPanel\domains\cicore.com\vendor\codeigniter4\framework\system\CodeIgniter.php(399): CodeIgniter\CodeIgniter->createController()
#2 E:\OpenServerPanel\domains\cicore.com\vendor\codeigniter4\framework\system\CodeIgniter.php(312): CodeIgniter\CodeIgniter->handleRequest(NULL, Object(Config\Cache), false)
#3 E:\OpenServerPanel\domains\cicore.com\index.php(48): CodeIgniter\CodeIgniter->run()
#4 {main}
CRITICAL - 2022-10-04 02:37:03 --> Call to undefined function App\Controllers\Frontend\Homepage\currentLanguage()
#0 E:\OpenServerPanel\domains\cicore.com\vendor\codeigniter4\framework\system\CodeIgniter.php(890): App\Controllers\Frontend\Homepage\Home->__construct()
#1 E:\OpenServerPanel\domains\cicore.com\vendor\codeigniter4\framework\system\CodeIgniter.php(399): CodeIgniter\CodeIgniter->createController()
#2 E:\OpenServerPanel\domains\cicore.com\vendor\codeigniter4\framework\system\CodeIgniter.php(312): CodeIgniter\CodeIgniter->handleRequest(NULL, Object(Config\Cache), false)
#3 E:\OpenServerPanel\domains\cicore.com\index.php(48): CodeIgniter\CodeIgniter->run()
#4 {main}
CRITICAL - 2022-10-04 02:38:04 --> Call to undefined function App\Libraries\current_language()
#0 E:\OpenServerPanel\domains\cicore.com\app\Config\Services.php(266): App\Libraries\Widget->__construct()
#1 E:\OpenServerPanel\domains\cicore.com\vendor\codeigniter4\framework\system\Config\BaseService.php(123): Config\Services::Widget(false)
#2 E:\OpenServerPanel\domains\cicore.com\app\Config\Services.php(263): CodeIgniter\Config\BaseService::getSharedInstance('widget')
#3 E:\OpenServerPanel\domains\cicore.com\vendor\codeigniter4\framework\system\Common.php(957): Config\Services::Widget()
#4 E:\OpenServerPanel\domains\cicore.com\app\Controllers\Frontend\Homepage\Home.php(21): service('widget')
#5 E:\OpenServerPanel\domains\cicore.com\vendor\codeigniter4\framework\system\CodeIgniter.php(890): App\Controllers\Frontend\Homepage\Home->__construct()
#6 E:\OpenServerPanel\domains\cicore.com\vendor\codeigniter4\framework\system\CodeIgniter.php(399): CodeIgniter\CodeIgniter->createController()
#7 E:\OpenServerPanel\domains\cicore.com\vendor\codeigniter4\framework\system\CodeIgniter.php(312): CodeIgniter\CodeIgniter->handleRequest(NULL, Object(Config\Cache), false)
#8 E:\OpenServerPanel\domains\cicore.com\index.php(48): CodeIgniter\CodeIgniter->run()
#9 {main}
CRITICAL - 2022-10-04 02:38:05 --> Call to undefined function App\Libraries\current_language()
#0 E:\OpenServerPanel\domains\cicore.com\app\Config\Services.php(266): App\Libraries\Widget->__construct()
#1 E:\OpenServerPanel\domains\cicore.com\vendor\codeigniter4\framework\system\Config\BaseService.php(123): Config\Services::Widget(false)
#2 E:\OpenServerPanel\domains\cicore.com\app\Config\Services.php(263): CodeIgniter\Config\BaseService::getSharedInstance('widget')
#3 E:\OpenServerPanel\domains\cicore.com\vendor\codeigniter4\framework\system\Common.php(957): Config\Services::Widget()
#4 E:\OpenServerPanel\domains\cicore.com\app\Controllers\Frontend\Homepage\Home.php(21): service('widget')
#5 E:\OpenServerPanel\domains\cicore.com\vendor\codeigniter4\framework\system\CodeIgniter.php(890): App\Controllers\Frontend\Homepage\Home->__construct()
#6 E:\OpenServerPanel\domains\cicore.com\vendor\codeigniter4\framework\system\CodeIgniter.php(399): CodeIgniter\CodeIgniter->createController()
#7 E:\OpenServerPanel\domains\cicore.com\vendor\codeigniter4\framework\system\CodeIgniter.php(312): CodeIgniter\CodeIgniter->handleRequest(NULL, Object(Config\Cache), false)
#8 E:\OpenServerPanel\domains\cicore.com\index.php(48): CodeIgniter\CodeIgniter->run()
#9 {main}
CRITICAL - 2022-10-04 02:38:11 --> Call to undefined function App\Libraries\current_language()
#0 E:\OpenServerPanel\domains\cicore.com\app\Config\Services.php(266): App\Libraries\Widget->__construct()
#1 E:\OpenServerPanel\domains\cicore.com\vendor\codeigniter4\framework\system\Config\BaseService.php(123): Config\Services::Widget(false)
#2 E:\OpenServerPanel\domains\cicore.com\app\Config\Services.php(263): CodeIgniter\Config\BaseService::getSharedInstance('widget')
#3 E:\OpenServerPanel\domains\cicore.com\vendor\codeigniter4\framework\system\Common.php(957): Config\Services::Widget()
#4 E:\OpenServerPanel\domains\cicore.com\app\Controllers\Frontend\Homepage\Home.php(20): service('widget')
#5 E:\OpenServerPanel\domains\cicore.com\vendor\codeigniter4\framework\system\CodeIgniter.php(890): App\Controllers\Frontend\Homepage\Home->__construct()
#6 E:\OpenServerPanel\domains\cicore.com\vendor\codeigniter4\framework\system\CodeIgniter.php(399): CodeIgniter\CodeIgniter->createController()
#7 E:\OpenServerPanel\domains\cicore.com\vendor\codeigniter4\framework\system\CodeIgniter.php(312): CodeIgniter\CodeIgniter->handleRequest(NULL, Object(Config\Cache), false)
#8 E:\OpenServerPanel\domains\cicore.com\index.php(48): CodeIgniter\CodeIgniter->run()
#9 {main}
CRITICAL - 2022-10-04 02:38:12 --> Call to undefined function App\Libraries\current_language()
#0 E:\OpenServerPanel\domains\cicore.com\app\Config\Services.php(266): App\Libraries\Widget->__construct()
#1 E:\OpenServerPanel\domains\cicore.com\vendor\codeigniter4\framework\system\Config\BaseService.php(123): Config\Services::Widget(false)
#2 E:\OpenServerPanel\domains\cicore.com\app\Config\Services.php(263): CodeIgniter\Config\BaseService::getSharedInstance('widget')
#3 E:\OpenServerPanel\domains\cicore.com\vendor\codeigniter4\framework\system\Common.php(957): Config\Services::Widget()
#4 E:\OpenServerPanel\domains\cicore.com\app\Controllers\Frontend\Homepage\Home.php(20): service('widget')
#5 E:\OpenServerPanel\domains\cicore.com\vendor\codeigniter4\framework\system\CodeIgniter.php(890): App\Controllers\Frontend\Homepage\Home->__construct()
#6 E:\OpenServerPanel\domains\cicore.com\vendor\codeigniter4\framework\system\CodeIgniter.php(399): CodeIgniter\CodeIgniter->createController()
#7 E:\OpenServerPanel\domains\cicore.com\vendor\codeigniter4\framework\system\CodeIgniter.php(312): CodeIgniter\CodeIgniter->handleRequest(NULL, Object(Config\Cache), false)
#8 E:\OpenServerPanel\domains\cicore.com\index.php(48): CodeIgniter\CodeIgniter->run()
#9 {main}
CRITICAL - 2022-10-04 02:38:32 --> Call to undefined function App\Libraries\currentLanguage()
#0 E:\OpenServerPanel\domains\cicore.com\app\Config\Services.php(266): App\Libraries\Widget->__construct()
#1 E:\OpenServerPanel\domains\cicore.com\vendor\codeigniter4\framework\system\Config\BaseService.php(123): Config\Services::Widget(false)
#2 E:\OpenServerPanel\domains\cicore.com\app\Config\Services.php(263): CodeIgniter\Config\BaseService::getSharedInstance('widget')
#3 E:\OpenServerPanel\domains\cicore.com\vendor\codeigniter4\framework\system\Common.php(957): Config\Services::Widget()
#4 E:\OpenServerPanel\domains\cicore.com\app\Controllers\Frontend\Homepage\Home.php(21): service('widget')
#5 E:\OpenServerPanel\domains\cicore.com\vendor\codeigniter4\framework\system\CodeIgniter.php(890): App\Controllers\Frontend\Homepage\Home->__construct()
#6 E:\OpenServerPanel\domains\cicore.com\vendor\codeigniter4\framework\system\CodeIgniter.php(399): CodeIgniter\CodeIgniter->createController()
#7 E:\OpenServerPanel\domains\cicore.com\vendor\codeigniter4\framework\system\CodeIgniter.php(312): CodeIgniter\CodeIgniter->handleRequest(NULL, Object(Config\Cache), false)
#8 E:\OpenServerPanel\domains\cicore.com\index.php(48): CodeIgniter\CodeIgniter->run()
#9 {main}
CRITICAL - 2022-10-04 02:38:33 --> Call to undefined function App\Libraries\currentLanguage()
#0 E:\OpenServerPanel\domains\cicore.com\app\Config\Services.php(266): App\Libraries\Widget->__construct()
#1 E:\OpenServerPanel\domains\cicore.com\vendor\codeigniter4\framework\system\Config\BaseService.php(123): Config\Services::Widget(false)
#2 E:\OpenServerPanel\domains\cicore.com\app\Config\Services.php(263): CodeIgniter\Config\BaseService::getSharedInstance('widget')
#3 E:\OpenServerPanel\domains\cicore.com\vendor\codeigniter4\framework\system\Common.php(957): Config\Services::Widget()
#4 E:\OpenServerPanel\domains\cicore.com\app\Controllers\Frontend\Homepage\Home.php(21): service('widget')
#5 E:\OpenServerPanel\domains\cicore.com\vendor\codeigniter4\framework\system\CodeIgniter.php(890): App\Controllers\Frontend\Homepage\Home->__construct()
#6 E:\OpenServerPanel\domains\cicore.com\vendor\codeigniter4\framework\system\CodeIgniter.php(399): CodeIgniter\CodeIgniter->createController()
#7 E:\OpenServerPanel\domains\cicore.com\vendor\codeigniter4\framework\system\CodeIgniter.php(312): CodeIgniter\CodeIgniter->handleRequest(NULL, Object(Config\Cache), false)
#8 E:\OpenServerPanel\domains\cicore.com\index.php(48): CodeIgniter\CodeIgniter->run()
#9 {main}
CRITICAL - 2022-10-04 02:39:59 --> syntax error, unexpected ')', expecting ']'
#0 E:\OpenServerPanel\domains\cicore.com\vendor\codeigniter4\framework\system\Autoloader\Autoloader.php(296): CodeIgniter\Autoloader\Autoloader->requireFile('E:\\OpenServerPa...')
#1 E:\OpenServerPanel\domains\cicore.com\vendor\codeigniter4\framework\system\Autoloader\Autoloader.php(258): CodeIgniter\Autoloader\Autoloader->loadInNamespace('App\\Libraries\\W...')
#2 [internal function]: CodeIgniter\Autoloader\Autoloader->loadClass('App\\Libraries\\W...')
#3 E:\OpenServerPanel\domains\cicore.com\app\Config\Services.php(266): spl_autoload_call('App\\Libraries\\W...')
#4 E:\OpenServerPanel\domains\cicore.com\vendor\codeigniter4\framework\system\Config\BaseService.php(123): Config\Services::Widget(Array, false)
#5 E:\OpenServerPanel\domains\cicore.com\app\Config\Services.php(263): CodeIgniter\Config\BaseService::getSharedInstance('widget', Array)
#6 E:\OpenServerPanel\domains\cicore.com\vendor\codeigniter4\framework\system\Common.php(957): Config\Services::Widget(Array)
#7 E:\OpenServerPanel\domains\cicore.com\app\Controllers\Frontend\Homepage\Home.php(21): service('widget', Array)
#8 E:\OpenServerPanel\domains\cicore.com\vendor\codeigniter4\framework\system\CodeIgniter.php(890): App\Controllers\Frontend\Homepage\Home->__construct()
#9 E:\OpenServerPanel\domains\cicore.com\vendor\codeigniter4\framework\system\CodeIgniter.php(399): CodeIgniter\CodeIgniter->createController()
#10 E:\OpenServerPanel\domains\cicore.com\vendor\codeigniter4\framework\system\CodeIgniter.php(312): CodeIgniter\CodeIgniter->handleRequest(NULL, Object(Config\Cache), false)
#11 E:\OpenServerPanel\domains\cicore.com\index.php(48): CodeIgniter\CodeIgniter->run()
#12 {main}
CRITICAL - 2022-10-04 02:39:59 --> syntax error, unexpected ')', expecting ']'
#0 E:\OpenServerPanel\domains\cicore.com\vendor\codeigniter4\framework\system\Autoloader\Autoloader.php(296): CodeIgniter\Autoloader\Autoloader->requireFile('E:\\OpenServerPa...')
#1 E:\OpenServerPanel\domains\cicore.com\vendor\codeigniter4\framework\system\Autoloader\Autoloader.php(258): CodeIgniter\Autoloader\Autoloader->loadInNamespace('App\\Libraries\\W...')
#2 [internal function]: CodeIgniter\Autoloader\Autoloader->loadClass('App\\Libraries\\W...')
#3 E:\OpenServerPanel\domains\cicore.com\app\Config\Services.php(266): spl_autoload_call('App\\Libraries\\W...')
#4 E:\OpenServerPanel\domains\cicore.com\vendor\codeigniter4\framework\system\Config\BaseService.php(123): Config\Services::Widget(Array, false)
#5 E:\OpenServerPanel\domains\cicore.com\app\Config\Services.php(263): CodeIgniter\Config\BaseService::getSharedInstance('widget', Array)
#6 E:\OpenServerPanel\domains\cicore.com\vendor\codeigniter4\framework\system\Common.php(957): Config\Services::Widget(Array)
#7 E:\OpenServerPanel\domains\cicore.com\app\Controllers\Frontend\Homepage\Home.php(21): service('widget', Array)
#8 E:\OpenServerPanel\domains\cicore.com\vendor\codeigniter4\framework\system\CodeIgniter.php(890): App\Controllers\Frontend\Homepage\Home->__construct()
#9 E:\OpenServerPanel\domains\cicore.com\vendor\codeigniter4\framework\system\CodeIgniter.php(399): CodeIgniter\CodeIgniter->createController()
#10 E:\OpenServerPanel\domains\cicore.com\vendor\codeigniter4\framework\system\CodeIgniter.php(312): CodeIgniter\CodeIgniter->handleRequest(NULL, Object(Config\Cache), false)
#11 E:\OpenServerPanel\domains\cicore.com\index.php(48): CodeIgniter\CodeIgniter->run()
#12 {main}
CRITICAL - 2022-10-04 02:39:59 --> syntax error, unexpected ')', expecting ']'
#0 E:\OpenServerPanel\domains\cicore.com\vendor\codeigniter4\framework\system\Autoloader\Autoloader.php(296): CodeIgniter\Autoloader\Autoloader->requireFile('E:\\OpenServerPa...')
#1 E:\OpenServerPanel\domains\cicore.com\vendor\codeigniter4\framework\system\Autoloader\Autoloader.php(258): CodeIgniter\Autoloader\Autoloader->loadInNamespace('App\\Libraries\\W...')
#2 [internal function]: CodeIgniter\Autoloader\Autoloader->loadClass('App\\Libraries\\W...')
#3 E:\OpenServerPanel\domains\cicore.com\app\Config\Services.php(266): spl_autoload_call('App\\Libraries\\W...')
#4 E:\OpenServerPanel\domains\cicore.com\vendor\codeigniter4\framework\system\Config\BaseService.php(123): Config\Services::Widget(Array, false)
#5 E:\OpenServerPanel\domains\cicore.com\app\Config\Services.php(263): CodeIgniter\Config\BaseService::getSharedInstance('widget', Array)
#6 E:\OpenServerPanel\domains\cicore.com\vendor\codeigniter4\framework\system\Common.php(957): Config\Services::Widget(Array)
#7 E:\OpenServerPanel\domains\cicore.com\app\Controllers\Frontend\Homepage\Home.php(21): service('widget', Array)
#8 E:\OpenServerPanel\domains\cicore.com\vendor\codeigniter4\framework\system\CodeIgniter.php(890): App\Controllers\Frontend\Homepage\Home->__construct()
#9 E:\OpenServerPanel\domains\cicore.com\vendor\codeigniter4\framework\system\CodeIgniter.php(399): CodeIgniter\CodeIgniter->createController()
#10 E:\OpenServerPanel\domains\cicore.com\vendor\codeigniter4\framework\system\CodeIgniter.php(312): CodeIgniter\CodeIgniter->handleRequest(NULL, Object(Config\Cache), false)
#11 E:\OpenServerPanel\domains\cicore.com\index.php(48): CodeIgniter\CodeIgniter->run()
#12 {main}
CRITICAL - 2022-10-04 02:42:24 --> Undefined index: language
#0 E:\OpenServerPanel\domains\cicore.com\app\Libraries\Widget.php(22): CodeIgniter\Debug\Exceptions->errorHandler(8, 'Undefined index...', 'E:\\OpenServerPa...', 22, Array)
#1 E:\OpenServerPanel\domains\cicore.com\app\Config\Services.php(266): App\Libraries\Widget->__construct(Array)
#2 E:\OpenServerPanel\domains\cicore.com\vendor\codeigniter4\framework\system\Config\BaseService.php(123): Config\Services::Widget(Array, false)
#3 E:\OpenServerPanel\domains\cicore.com\app\Config\Services.php(263): CodeIgniter\Config\BaseService::getSharedInstance('widget', Array)
#4 E:\OpenServerPanel\domains\cicore.com\vendor\codeigniter4\framework\system\Common.php(957): Config\Services::Widget()
#5 E:\OpenServerPanel\domains\cicore.com\app\Controllers\Frontend\Homepage\Home.php(20): service('widget')
#6 E:\OpenServerPanel\domains\cicore.com\vendor\codeigniter4\framework\system\CodeIgniter.php(890): App\Controllers\Frontend\Homepage\Home->__construct()
#7 E:\OpenServerPanel\domains\cicore.com\vendor\codeigniter4\framework\system\CodeIgniter.php(399): CodeIgniter\CodeIgniter->createController()
#8 E:\OpenServerPanel\domains\cicore.com\vendor\codeigniter4\framework\system\CodeIgniter.php(312): CodeIgniter\CodeIgniter->handleRequest(NULL, Object(Config\Cache), false)
#9 E:\OpenServerPanel\domains\cicore.com\index.php(48): CodeIgniter\CodeIgniter->run()
#10 {main}
CRITICAL - 2022-10-04 02:47:20 --> Undefined index: language
#0 E:\OpenServerPanel\domains\cicore.com\app\Libraries\Widget.php(22): CodeIgniter\Debug\Exceptions->errorHandler(8, 'Undefined index...', 'E:\\OpenServerPa...', 22, Array)
#1 E:\OpenServerPanel\domains\cicore.com\app\Config\Services.php(266): App\Libraries\Widget->__construct(Array)
#2 E:\OpenServerPanel\domains\cicore.com\vendor\codeigniter4\framework\system\Config\BaseService.php(123): Config\Services::Widget(Array, false)
#3 E:\OpenServerPanel\domains\cicore.com\app\Config\Services.php(263): CodeIgniter\Config\BaseService::getSharedInstance('widget', Array)
#4 E:\OpenServerPanel\domains\cicore.com\vendor\codeigniter4\framework\system\Common.php(957): Config\Services::Widget()
#5 E:\OpenServerPanel\domains\cicore.com\app\Controllers\Backend\Widget\Widget.php(34): service('widget')
#6 E:\OpenServerPanel\domains\cicore.com\vendor\codeigniter4\framework\system\CodeIgniter.php(890): App\Controllers\Backend\Widget\Widget->__construct()
#7 E:\OpenServerPanel\domains\cicore.com\vendor\codeigniter4\framework\system\CodeIgniter.php(399): CodeIgniter\CodeIgniter->createController()
#8 E:\OpenServerPanel\domains\cicore.com\vendor\codeigniter4\framework\system\CodeIgniter.php(312): CodeIgniter\CodeIgniter->handleRequest(NULL, Object(Config\Cache), false)
#9 E:\OpenServerPanel\domains\cicore.com\index.php(48): CodeIgniter\CodeIgniter->run()
#10 {main}
CRITICAL - 2022-10-04 02:47:21 --> Undefined index: language
#0 E:\OpenServerPanel\domains\cicore.com\app\Libraries\Widget.php(22): CodeIgniter\Debug\Exceptions->errorHandler(8, 'Undefined index...', 'E:\\OpenServerPa...', 22, Array)
#1 E:\OpenServerPanel\domains\cicore.com\app\Config\Services.php(266): App\Libraries\Widget->__construct(Array)
#2 E:\OpenServerPanel\domains\cicore.com\vendor\codeigniter4\framework\system\Config\BaseService.php(123): Config\Services::Widget(Array, false)
#3 E:\OpenServerPanel\domains\cicore.com\app\Config\Services.php(263): CodeIgniter\Config\BaseService::getSharedInstance('widget', Array)
#4 E:\OpenServerPanel\domains\cicore.com\vendor\codeigniter4\framework\system\Common.php(957): Config\Services::Widget()
#5 E:\OpenServerPanel\domains\cicore.com\app\Controllers\Backend\Widget\Widget.php(34): service('widget')
#6 E:\OpenServerPanel\domains\cicore.com\vendor\codeigniter4\framework\system\CodeIgniter.php(890): App\Controllers\Backend\Widget\Widget->__construct()
#7 E:\OpenServerPanel\domains\cicore.com\vendor\codeigniter4\framework\system\CodeIgniter.php(399): CodeIgniter\CodeIgniter->createController()
#8 E:\OpenServerPanel\domains\cicore.com\vendor\codeigniter4\framework\system\CodeIgniter.php(312): CodeIgniter\CodeIgniter->handleRequest(NULL, Object(Config\Cache), false)
#9 E:\OpenServerPanel\domains\cicore.com\index.php(48): CodeIgniter\CodeIgniter->run()
#10 {main}
CRITICAL - 2022-10-04 02:49:37 --> Undefined index: language
#0 E:\OpenServerPanel\domains\cicore.com\app\Libraries\Widget.php(17): CodeIgniter\Debug\Exceptions->errorHandler(8, 'Undefined index...', 'E:\\OpenServerPa...', 17, Array)
#1 E:\OpenServerPanel\domains\cicore.com\app\Config\Services.php(266): App\Libraries\Widget->__construct(Array)
#2 E:\OpenServerPanel\domains\cicore.com\vendor\codeigniter4\framework\system\Config\BaseService.php(123): Config\Services::Widget(Array, false)
#3 E:\OpenServerPanel\domains\cicore.com\app\Config\Services.php(263): CodeIgniter\Config\BaseService::getSharedInstance('widget', Array)
#4 E:\OpenServerPanel\domains\cicore.com\vendor\codeigniter4\framework\system\Common.php(957): Config\Services::Widget()
#5 E:\OpenServerPanel\domains\cicore.com\app\Controllers\Ajax\Widget.php(26): service('widget')
#6 E:\OpenServerPanel\domains\cicore.com\vendor\codeigniter4\framework\system\CodeIgniter.php(890): App\Controllers\Ajax\Widget->__construct()
#7 E:\OpenServerPanel\domains\cicore.com\vendor\codeigniter4\framework\system\CodeIgniter.php(399): CodeIgniter\CodeIgniter->createController()
#8 E:\OpenServerPanel\domains\cicore.com\vendor\codeigniter4\framework\system\CodeIgniter.php(312): CodeIgniter\CodeIgniter->handleRequest(NULL, Object(Config\Cache), false)
#9 E:\OpenServerPanel\domains\cicore.com\index.php(48): CodeIgniter\CodeIgniter->run()
#10 {main}
CRITICAL - 2022-10-04 02:49:40 --> Undefined index: language
#0 E:\OpenServerPanel\domains\cicore.com\app\Libraries\Widget.php(17): CodeIgniter\Debug\Exceptions->errorHandler(8, 'Undefined index...', 'E:\\OpenServerPa...', 17, Array)
#1 E:\OpenServerPanel\domains\cicore.com\app\Config\Services.php(266): App\Libraries\Widget->__construct(Array)
#2 E:\OpenServerPanel\domains\cicore.com\vendor\codeigniter4\framework\system\Config\BaseService.php(123): Config\Services::Widget(Array, false)
#3 E:\OpenServerPanel\domains\cicore.com\app\Config\Services.php(263): CodeIgniter\Config\BaseService::getSharedInstance('widget', Array)
#4 E:\OpenServerPanel\domains\cicore.com\vendor\codeigniter4\framework\system\Common.php(957): Config\Services::Widget()
#5 E:\OpenServerPanel\domains\cicore.com\app\Controllers\Ajax\Widget.php(26): service('widget')
#6 E:\OpenServerPanel\domains\cicore.com\vendor\codeigniter4\framework\system\CodeIgniter.php(890): App\Controllers\Ajax\Widget->__construct()
#7 E:\OpenServerPanel\domains\cicore.com\vendor\codeigniter4\framework\system\CodeIgniter.php(399): CodeIgniter\CodeIgniter->createController()
#8 E:\OpenServerPanel\domains\cicore.com\vendor\codeigniter4\framework\system\CodeIgniter.php(312): CodeIgniter\CodeIgniter->handleRequest(NULL, Object(Config\Cache), false)
#9 E:\OpenServerPanel\domains\cicore.com\index.php(48): CodeIgniter\CodeIgniter->run()
#10 {main}
CRITICAL - 2022-10-04 02:49:41 --> Undefined index: language
#0 E:\OpenServerPanel\domains\cicore.com\app\Libraries\Widget.php(17): CodeIgniter\Debug\Exceptions->errorHandler(8, 'Undefined index...', 'E:\\OpenServerPa...', 17, Array)
#1 E:\OpenServerPanel\domains\cicore.com\app\Config\Services.php(266): App\Libraries\Widget->__construct(Array)
#2 E:\OpenServerPanel\domains\cicore.com\vendor\codeigniter4\framework\system\Config\BaseService.php(123): Config\Services::Widget(Array, false)
#3 E:\OpenServerPanel\domains\cicore.com\app\Config\Services.php(263): CodeIgniter\Config\BaseService::getSharedInstance('widget', Array)
#4 E:\OpenServerPanel\domains\cicore.com\vendor\codeigniter4\framework\system\Common.php(957): Config\Services::Widget()
#5 E:\OpenServerPanel\domains\cicore.com\app\Controllers\Ajax\Widget.php(26): service('widget')
#6 E:\OpenServerPanel\domains\cicore.com\vendor\codeigniter4\framework\system\CodeIgniter.php(890): App\Controllers\Ajax\Widget->__construct()
#7 E:\OpenServerPanel\domains\cicore.com\vendor\codeigniter4\framework\system\CodeIgniter.php(399): CodeIgniter\CodeIgniter->createController()
#8 E:\OpenServerPanel\domains\cicore.com\vendor\codeigniter4\framework\system\CodeIgniter.php(312): CodeIgniter\CodeIgniter->handleRequest(NULL, Object(Config\Cache), false)
#9 E:\OpenServerPanel\domains\cicore.com\index.php(48): CodeIgniter\CodeIgniter->run()
#10 {main}
CRITICAL - 2022-10-04 02:49:46 --> Undefined index: language
#0 E:\OpenServerPanel\domains\cicore.com\app\Libraries\Widget.php(17): CodeIgniter\Debug\Exceptions->errorHandler(8, 'Undefined index...', 'E:\\OpenServerPa...', 17, Array)
#1 E:\OpenServerPanel\domains\cicore.com\app\Config\Services.php(266): App\Libraries\Widget->__construct(Array)
#2 E:\OpenServerPanel\domains\cicore.com\vendor\codeigniter4\framework\system\Config\BaseService.php(123): Config\Services::Widget(Array, false)
#3 E:\OpenServerPanel\domains\cicore.com\app\Config\Services.php(263): CodeIgniter\Config\BaseService::getSharedInstance('widget', Array)
#4 E:\OpenServerPanel\domains\cicore.com\vendor\codeigniter4\framework\system\Common.php(957): Config\Services::Widget()
#5 E:\OpenServerPanel\domains\cicore.com\app\Controllers\Ajax\Widget.php(26): service('widget')
#6 E:\OpenServerPanel\domains\cicore.com\vendor\codeigniter4\framework\system\CodeIgniter.php(890): App\Controllers\Ajax\Widget->__construct()
#7 E:\OpenServerPanel\domains\cicore.com\vendor\codeigniter4\framework\system\CodeIgniter.php(399): CodeIgniter\CodeIgniter->createController()
#8 E:\OpenServerPanel\domains\cicore.com\vendor\codeigniter4\framework\system\CodeIgniter.php(312): CodeIgniter\CodeIgniter->handleRequest(NULL, Object(Config\Cache), false)
#9 E:\OpenServerPanel\domains\cicore.com\index.php(48): CodeIgniter\CodeIgniter->run()
#10 {main}
CRITICAL - 2022-10-04 03:26:19 --> Undefined index: title
#0 E:\OpenServerPanel\domains\cicore.com\app\Views\frontend\homepage\home\index.php(49): CodeIgniter\Debug\Exceptions->errorHandler(8, 'Undefined index...', 'E:\\OpenServerPa...', 49, Array)
#1 E:\OpenServerPanel\domains\cicore.com\vendor\codeigniter4\framework\system\View\View.php(246): include('E:\\OpenServerPa...')
#2 E:\OpenServerPanel\domains\cicore.com\vendor\codeigniter4\framework\system\Common.php(1119): CodeIgniter\View\View->render('frontend/homepa...', Array, true)
#3 E:\OpenServerPanel\domains\cicore.com\app\Views\frontend\homepage\layout\home.php(43): view('frontend/homepa...')
#4 E:\OpenServerPanel\domains\cicore.com\vendor\codeigniter4\framework\system\View\View.php(246): include('E:\\OpenServerPa...')
#5 E:\OpenServerPanel\domains\cicore.com\vendor\codeigniter4\framework\system\Common.php(1119): CodeIgniter\View\View->render('frontend/homepa...', Array, true)
#6 E:\OpenServerPanel\domains\cicore.com\app\Controllers\Frontend\Homepage\Home.php(48): view('frontend/homepa...', Array)
#7 E:\OpenServerPanel\domains\cicore.com\vendor\codeigniter4\framework\system\CodeIgniter.php(918): App\Controllers\Frontend\Homepage\Home->index()
#8 E:\OpenServerPanel\domains\cicore.com\vendor\codeigniter4\framework\system\CodeIgniter.php(404): CodeIgniter\CodeIgniter->runController(Object(App\Controllers\Frontend\Homepage\Home))
#9 E:\OpenServerPanel\domains\cicore.com\vendor\codeigniter4\framework\system\CodeIgniter.php(312): CodeIgniter\CodeIgniter->handleRequest(NULL, Object(Config\Cache), false)
#10 E:\OpenServerPanel\domains\cicore.com\index.php(48): CodeIgniter\CodeIgniter->run()
#11 {main}
CRITICAL - 2022-10-04 04:28:22 --> Undefined index: description
#0 E:\OpenServerPanel\domains\cicore.com\app\Views\frontend\homepage\home\index.php(92): CodeIgniter\Debug\Exceptions->errorHandler(8, 'Undefined index...', 'E:\\OpenServerPa...', 92, Array)
#1 E:\OpenServerPanel\domains\cicore.com\vendor\codeigniter4\framework\system\View\View.php(246): include('E:\\OpenServerPa...')
#2 E:\OpenServerPanel\domains\cicore.com\vendor\codeigniter4\framework\system\Common.php(1119): CodeIgniter\View\View->render('frontend/homepa...', Array, true)
#3 E:\OpenServerPanel\domains\cicore.com\app\Views\frontend\homepage\layout\home.php(43): view('frontend/homepa...')
#4 E:\OpenServerPanel\domains\cicore.com\vendor\codeigniter4\framework\system\View\View.php(246): include('E:\\OpenServerPa...')
#5 E:\OpenServerPanel\domains\cicore.com\vendor\codeigniter4\framework\system\Common.php(1119): CodeIgniter\View\View->render('frontend/homepa...', Array, true)
#6 E:\OpenServerPanel\domains\cicore.com\app\Controllers\Frontend\Homepage\Home.php(50): view('frontend/homepa...', Array)
#7 E:\OpenServerPanel\domains\cicore.com\vendor\codeigniter4\framework\system\CodeIgniter.php(918): App\Controllers\Frontend\Homepage\Home->index()
#8 E:\OpenServerPanel\domains\cicore.com\vendor\codeigniter4\framework\system\CodeIgniter.php(404): CodeIgniter\CodeIgniter->runController(Object(App\Controllers\Frontend\Homepage\Home))
#9 E:\OpenServerPanel\domains\cicore.com\vendor\codeigniter4\framework\system\CodeIgniter.php(312): CodeIgniter\CodeIgniter->handleRequest(NULL, Object(Config\Cache), false)
#10 E:\OpenServerPanel\domains\cicore.com\index.php(48): CodeIgniter\CodeIgniter->run()
#11 {main}
CRITICAL - 2022-10-04 04:28:46 --> Undefined index: description
#0 E:\OpenServerPanel\domains\cicore.com\app\Views\frontend\homepage\home\index.php(92): CodeIgniter\Debug\Exceptions->errorHandler(8, 'Undefined index...', 'E:\\OpenServerPa...', 92, Array)
#1 E:\OpenServerPanel\domains\cicore.com\vendor\codeigniter4\framework\system\View\View.php(246): include('E:\\OpenServerPa...')
#2 E:\OpenServerPanel\domains\cicore.com\vendor\codeigniter4\framework\system\Common.php(1119): CodeIgniter\View\View->render('frontend/homepa...', Array, true)
#3 E:\OpenServerPanel\domains\cicore.com\app\Views\frontend\homepage\layout\home.php(43): view('frontend/homepa...')
#4 E:\OpenServerPanel\domains\cicore.com\vendor\codeigniter4\framework\system\View\View.php(246): include('E:\\OpenServerPa...')
#5 E:\OpenServerPanel\domains\cicore.com\vendor\codeigniter4\framework\system\Common.php(1119): CodeIgniter\View\View->render('frontend/homepa...', Array, true)
#6 E:\OpenServerPanel\domains\cicore.com\app\Controllers\Frontend\Homepage\Home.php(50): view('frontend/homepa...', Array)
#7 E:\OpenServerPanel\domains\cicore.com\vendor\codeigniter4\framework\system\CodeIgniter.php(918): App\Controllers\Frontend\Homepage\Home->index()
#8 E:\OpenServerPanel\domains\cicore.com\vendor\codeigniter4\framework\system\CodeIgniter.php(404): CodeIgniter\CodeIgniter->runController(Object(App\Controllers\Frontend\Homepage\Home))
#9 E:\OpenServerPanel\domains\cicore.com\vendor\codeigniter4\framework\system\CodeIgniter.php(312): CodeIgniter\CodeIgniter->handleRequest(NULL, Object(Config\Cache), false)
#10 E:\OpenServerPanel\domains\cicore.com\index.php(48): CodeIgniter\CodeIgniter->run()
#11 {main}
CRITICAL - 2022-10-04 04:28:48 --> Undefined index: description
#0 E:\OpenServerPanel\domains\cicore.com\app\Views\frontend\homepage\home\index.php(92): CodeIgniter\Debug\Exceptions->errorHandler(8, 'Undefined index...', 'E:\\OpenServerPa...', 92, Array)
#1 E:\OpenServerPanel\domains\cicore.com\vendor\codeigniter4\framework\system\View\View.php(246): include('E:\\OpenServerPa...')
#2 E:\OpenServerPanel\domains\cicore.com\vendor\codeigniter4\framework\system\Common.php(1119): CodeIgniter\View\View->render('frontend/homepa...', Array, true)
#3 E:\OpenServerPanel\domains\cicore.com\app\Views\frontend\homepage\layout\home.php(43): view('frontend/homepa...')
#4 E:\OpenServerPanel\domains\cicore.com\vendor\codeigniter4\framework\system\View\View.php(246): include('E:\\OpenServerPa...')
#5 E:\OpenServerPanel\domains\cicore.com\vendor\codeigniter4\framework\system\Common.php(1119): CodeIgniter\View\View->render('frontend/homepa...', Array, true)
#6 E:\OpenServerPanel\domains\cicore.com\app\Controllers\Frontend\Homepage\Home.php(50): view('frontend/homepa...', Array)
#7 E:\OpenServerPanel\domains\cicore.com\vendor\codeigniter4\framework\system\CodeIgniter.php(918): App\Controllers\Frontend\Homepage\Home->index()
#8 E:\OpenServerPanel\domains\cicore.com\vendor\codeigniter4\framework\system\CodeIgniter.php(404): CodeIgniter\CodeIgniter->runController(Object(App\Controllers\Frontend\Homepage\Home))
#9 E:\OpenServerPanel\domains\cicore.com\vendor\codeigniter4\framework\system\CodeIgniter.php(312): CodeIgniter\CodeIgniter->handleRequest(NULL, Object(Config\Cache), false)
#10 E:\OpenServerPanel\domains\cicore.com\index.php(48): CodeIgniter\CodeIgniter->run()
#11 {main}
CRITICAL - 2022-10-04 04:48:43 --> Undefined variable: totalitem
#0 E:\OpenServerPanel\domains\cicore.com\app\Views\frontend\homepage\home\index.php(520): CodeIgniter\Debug\Exceptions->errorHandler(8, 'Undefined varia...', 'E:\\OpenServerPa...', 520, Array)
#1 E:\OpenServerPanel\domains\cicore.com\vendor\codeigniter4\framework\system\View\View.php(246): include('E:\\OpenServerPa...')
#2 E:\OpenServerPanel\domains\cicore.com\vendor\codeigniter4\framework\system\Common.php(1119): CodeIgniter\View\View->render('frontend/homepa...', Array, true)
#3 E:\OpenServerPanel\domains\cicore.com\app\Views\frontend\homepage\layout\home.php(43): view('frontend/homepa...')
#4 E:\OpenServerPanel\domains\cicore.com\vendor\codeigniter4\framework\system\View\View.php(246): include('E:\\OpenServerPa...')
#5 E:\OpenServerPanel\domains\cicore.com\vendor\codeigniter4\framework\system\Common.php(1119): CodeIgniter\View\View->render('frontend/homepa...', Array, true)
#6 E:\OpenServerPanel\domains\cicore.com\app\Controllers\Frontend\Homepage\Home.php(51): view('frontend/homepa...', Array)
#7 E:\OpenServerPanel\domains\cicore.com\vendor\codeigniter4\framework\system\CodeIgniter.php(918): App\Controllers\Frontend\Homepage\Home->index()
#8 E:\OpenServerPanel\domains\cicore.com\vendor\codeigniter4\framework\system\CodeIgniter.php(404): CodeIgniter\CodeIgniter->runController(Object(App\Controllers\Frontend\Homepage\Home))
#9 E:\OpenServerPanel\domains\cicore.com\vendor\codeigniter4\framework\system\CodeIgniter.php(312): CodeIgniter\CodeIgniter->handleRequest(NULL, Object(Config\Cache), false)
#10 E:\OpenServerPanel\domains\cicore.com\index.php(48): CodeIgniter\CodeIgniter->run()
#11 {main}
CRITICAL - 2022-10-04 04:58:23 --> syntax error, unexpected '(', expecting function (T_FUNCTION) or const (T_CONST)
#0 E:\OpenServerPanel\domains\cicore.com\vendor\codeigniter4\framework\system\Autoloader\Autoloader.php(296): CodeIgniter\Autoloader\Autoloader->requireFile('E:\\OpenServerPa...')
#1 E:\OpenServerPanel\domains\cicore.com\vendor\codeigniter4\framework\system\Autoloader\Autoloader.php(258): CodeIgniter\Autoloader\Autoloader->loadInNamespace('App\\Repositorie...')
#2 [internal function]: CodeIgniter\Autoloader\Autoloader->loadClass('App\\Repositorie...')
#3 E:\OpenServerPanel\domains\cicore.com\app\Config\Services.php(163): spl_autoload_call('App\\Repositorie...')
#4 E:\OpenServerPanel\domains\cicore.com\vendor\codeigniter4\framework\system\Config\BaseService.php(123): Config\Services::ProductCatalogueRepository('product_catalog...', false)
#5 E:\OpenServerPanel\domains\cicore.com\app\Config\Services.php(160): CodeIgniter\Config\BaseService::getSharedInstance('productcatalogu...', 'product_catalog...')
#6 E:\OpenServerPanel\domains\cicore.com\vendor\codeigniter4\framework\system\Common.php(957): Config\Services::ProductCatalogueRepository('product_catalog...')
#7 E:\OpenServerPanel\domains\cicore.com\app\Controllers\Frontend\Homepage\Home.php(18): service('ProductCatalogu...', 'product_catalog...')
#8 E:\OpenServerPanel\domains\cicore.com\vendor\codeigniter4\framework\system\CodeIgniter.php(890): App\Controllers\Frontend\Homepage\Home->__construct()
#9 E:\OpenServerPanel\domains\cicore.com\vendor\codeigniter4\framework\system\CodeIgniter.php(399): CodeIgniter\CodeIgniter->createController()
#10 E:\OpenServerPanel\domains\cicore.com\vendor\codeigniter4\framework\system\CodeIgniter.php(312): CodeIgniter\CodeIgniter->handleRequest(NULL, Object(Config\Cache), false)
#11 E:\OpenServerPanel\domains\cicore.com\index.php(48): CodeIgniter\CodeIgniter->run()
#12 {main}
CRITICAL - 2022-10-04 04:58:23 --> syntax error, unexpected '(', expecting function (T_FUNCTION) or const (T_CONST)
#0 E:\OpenServerPanel\domains\cicore.com\vendor\codeigniter4\framework\system\Autoloader\Autoloader.php(296): CodeIgniter\Autoloader\Autoloader->requireFile('E:\\OpenServerPa...')
#1 E:\OpenServerPanel\domains\cicore.com\vendor\codeigniter4\framework\system\Autoloader\Autoloader.php(258): CodeIgniter\Autoloader\Autoloader->loadInNamespace('App\\Repositorie...')
#2 [internal function]: CodeIgniter\Autoloader\Autoloader->loadClass('App\\Repositorie...')
#3 E:\OpenServerPanel\domains\cicore.com\app\Config\Services.php(163): spl_autoload_call('App\\Repositorie...')
#4 E:\OpenServerPanel\domains\cicore.com\vendor\codeigniter4\framework\system\Config\BaseService.php(123): Config\Services::ProductCatalogueRepository('product_catalog...', false)
#5 E:\OpenServerPanel\domains\cicore.com\app\Config\Services.php(160): CodeIgniter\Config\BaseService::getSharedInstance('productcatalogu...', 'product_catalog...')
#6 E:\OpenServerPanel\domains\cicore.com\vendor\codeigniter4\framework\system\Common.php(957): Config\Services::ProductCatalogueRepository('product_catalog...')
#7 E:\OpenServerPanel\domains\cicore.com\app\Controllers\Frontend\Homepage\Home.php(18): service('ProductCatalogu...', 'product_catalog...')
#8 E:\OpenServerPanel\domains\cicore.com\vendor\codeigniter4\framework\system\CodeIgniter.php(890): App\Controllers\Frontend\Homepage\Home->__construct()
#9 E:\OpenServerPanel\domains\cicore.com\vendor\codeigniter4\framework\system\CodeIgniter.php(399): CodeIgniter\CodeIgniter->createController()
#10 E:\OpenServerPanel\domains\cicore.com\vendor\codeigniter4\framework\system\CodeIgniter.php(312): CodeIgniter\CodeIgniter->handleRequest(NULL, Object(Config\Cache), false)
#11 E:\OpenServerPanel\domains\cicore.com\index.php(48): CodeIgniter\CodeIgniter->run()
#12 {main}
CRITICAL - 2022-10-04 05:00:02 --> Cannot use object of type CodeIgniter\Database\MySQLi\Connection as array
#0 E:\OpenServerPanel\domains\cicore.com\vendor\codeigniter4\framework\system\View\View.php(246): include()
#1 E:\OpenServerPanel\domains\cicore.com\vendor\codeigniter4\framework\system\Common.php(1119): CodeIgniter\View\View->render('frontend/homepa...', Array, true)
#2 E:\OpenServerPanel\domains\cicore.com\app\Views\frontend\homepage\layout\home.php(43): view('frontend/homepa...')
#3 E:\OpenServerPanel\domains\cicore.com\vendor\codeigniter4\framework\system\View\View.php(246): include('E:\\OpenServerPa...')
#4 E:\OpenServerPanel\domains\cicore.com\vendor\codeigniter4\framework\system\Common.php(1119): CodeIgniter\View\View->render('frontend/homepa...', Array, true)
#5 E:\OpenServerPanel\domains\cicore.com\app\Controllers\Frontend\Homepage\Home.php(51): view('frontend/homepa...', Array)
#6 E:\OpenServerPanel\domains\cicore.com\vendor\codeigniter4\framework\system\CodeIgniter.php(918): App\Controllers\Frontend\Homepage\Home->index()
#7 E:\OpenServerPanel\domains\cicore.com\vendor\codeigniter4\framework\system\CodeIgniter.php(404): CodeIgniter\CodeIgniter->runController(Object(App\Controllers\Frontend\Homepage\Home))
#8 E:\OpenServerPanel\domains\cicore.com\vendor\codeigniter4\framework\system\CodeIgniter.php(312): CodeIgniter\CodeIgniter->handleRequest(NULL, Object(Config\Cache), false)
#9 E:\OpenServerPanel\domains\cicore.com\index.php(48): CodeIgniter\CodeIgniter->run()
#10 {main}
CRITICAL - 2022-10-04 05:00:04 --> Cannot use object of type CodeIgniter\Database\MySQLi\Connection as array
#0 E:\OpenServerPanel\domains\cicore.com\vendor\codeigniter4\framework\system\View\View.php(246): include()
#1 E:\OpenServerPanel\domains\cicore.com\vendor\codeigniter4\framework\system\Common.php(1119): CodeIgniter\View\View->render('frontend/homepa...', Array, true)
#2 E:\OpenServerPanel\domains\cicore.com\app\Views\frontend\homepage\layout\home.php(43): view('frontend/homepa...')
#3 E:\OpenServerPanel\domains\cicore.com\vendor\codeigniter4\framework\system\View\View.php(246): include('E:\\OpenServerPa...')
#4 E:\OpenServerPanel\domains\cicore.com\vendor\codeigniter4\framework\system\Common.php(1119): CodeIgniter\View\View->render('frontend/homepa...', Array, true)
#5 E:\OpenServerPanel\domains\cicore.com\app\Controllers\Frontend\Homepage\Home.php(51): view('frontend/homepa...', Array)
#6 E:\OpenServerPanel\domains\cicore.com\vendor\codeigniter4\framework\system\CodeIgniter.php(918): App\Controllers\Frontend\Homepage\Home->index()
#7 E:\OpenServerPanel\domains\cicore.com\vendor\codeigniter4\framework\system\CodeIgniter.php(404): CodeIgniter\CodeIgniter->runController(Object(App\Controllers\Frontend\Homepage\Home))
#8 E:\OpenServerPanel\domains\cicore.com\vendor\codeigniter4\framework\system\CodeIgniter.php(312): CodeIgniter\CodeIgniter->handleRequest(NULL, Object(Config\Cache), false)
#9 E:\OpenServerPanel\domains\cicore.com\index.php(48): CodeIgniter\CodeIgniter->run()
#10 {main}
CRITICAL - 2022-10-04 21:28:49 --> Invalid argument supplied for foreach()
#0 E:\OpenServerPanel\domains\cicore.com\app\Views\backend\marketing\voucher\include\setting.php(183): CodeIgniter\Debug\Exceptions->errorHandler(2, 'Invalid argumen...', 'E:\\OpenServerPa...', 183, Array)
#1 E:\OpenServerPanel\domains\cicore.com\vendor\codeigniter4\framework\system\View\View.php(246): include('E:\\OpenServerPa...')
#2 E:\OpenServerPanel\domains\cicore.com\vendor\codeigniter4\framework\system\Common.php(1119): CodeIgniter\View\View->render('backend/marketi...', Array, true)
#3 E:\OpenServerPanel\domains\cicore.com\app\Views\backend\marketing\voucher\store.php(32): view('backend/marketi...')
#4 E:\OpenServerPanel\domains\cicore.com\vendor\codeigniter4\framework\system\View\View.php(246): include('E:\\OpenServerPa...')
#5 E:\OpenServerPanel\domains\cicore.com\vendor\codeigniter4\framework\system\Common.php(1119): CodeIgniter\View\View->render('backend/marketi...', Array, true)
#6 E:\OpenServerPanel\domains\cicore.com\app\Views\backend\dashboard\layout\home.php(46): view('backend/marketi...')
#7 E:\OpenServerPanel\domains\cicore.com\vendor\codeigniter4\framework\system\View\View.php(246): include('E:\\OpenServerPa...')
#8 E:\OpenServerPanel\domains\cicore.com\vendor\codeigniter4\framework\system\Common.php(1119): CodeIgniter\View\View->render('backend/dashboa...', Array, true)
#9 E:\OpenServerPanel\domains\cicore.com\app\Controllers\Backend\Marketing\Voucher.php(71): view('backend/dashboa...', Array)
#10 E:\OpenServerPanel\domains\cicore.com\vendor\codeigniter4\framework\system\CodeIgniter.php(918): App\Controllers\Backend\Marketing\Voucher->create()
#11 E:\OpenServerPanel\domains\cicore.com\vendor\codeigniter4\framework\system\CodeIgniter.php(404): CodeIgniter\CodeIgniter->runController(Object(App\Controllers\Backend\Marketing\Voucher))
#12 E:\OpenServerPanel\domains\cicore.com\vendor\codeigniter4\framework\system\CodeIgniter.php(312): CodeIgniter\CodeIgniter->handleRequest(NULL, Object(Config\Cache), false)
#13 E:\OpenServerPanel\domains\cicore.com\index.php(48): CodeIgniter\CodeIgniter->run()
#14 {main}
CRITICAL - 2022-10-04 21:28:50 --> Invalid argument supplied for foreach()
#0 E:\OpenServerPanel\domains\cicore.com\app\Views\backend\marketing\voucher\include\setting.php(183): CodeIgniter\Debug\Exceptions->errorHandler(2, 'Invalid argumen...', 'E:\\OpenServerPa...', 183, Array)
#1 E:\OpenServerPanel\domains\cicore.com\vendor\codeigniter4\framework\system\View\View.php(246): include('E:\\OpenServerPa...')
#2 E:\OpenServerPanel\domains\cicore.com\vendor\codeigniter4\framework\system\Common.php(1119): CodeIgniter\View\View->render('backend/marketi...', Array, true)
#3 E:\OpenServerPanel\domains\cicore.com\app\Views\backend\marketing\voucher\store.php(32): view('backend/marketi...')
#4 E:\OpenServerPanel\domains\cicore.com\vendor\codeigniter4\framework\system\View\View.php(246): include('E:\\OpenServerPa...')
#5 E:\OpenServerPanel\domains\cicore.com\vendor\codeigniter4\framework\system\Common.php(1119): CodeIgniter\View\View->render('backend/marketi...', Array, true)
#6 E:\OpenServerPanel\domains\cicore.com\app\Views\backend\dashboard\layout\home.php(46): view('backend/marketi...')
#7 E:\OpenServerPanel\domains\cicore.com\vendor\codeigniter4\framework\system\View\View.php(246): include('E:\\OpenServerPa...')
#8 E:\OpenServerPanel\domains\cicore.com\vendor\codeigniter4\framework\system\Common.php(1119): CodeIgniter\View\View->render('backend/dashboa...', Array, true)
#9 E:\OpenServerPanel\domains\cicore.com\app\Controllers\Backend\Marketing\Voucher.php(71): view('backend/dashboa...', Array)
#10 E:\OpenServerPanel\domains\cicore.com\vendor\codeigniter4\framework\system\CodeIgniter.php(918): App\Controllers\Backend\Marketing\Voucher->create()
#11 E:\OpenServerPanel\domains\cicore.com\vendor\codeigniter4\framework\system\CodeIgniter.php(404): CodeIgniter\CodeIgniter->runController(Object(App\Controllers\Backend\Marketing\Voucher))
#12 E:\OpenServerPanel\domains\cicore.com\vendor\codeigniter4\framework\system\CodeIgniter.php(312): CodeIgniter\CodeIgniter->handleRequest(NULL, Object(Config\Cache), false)
#13 E:\OpenServerPanel\domains\cicore.com\index.php(48): CodeIgniter\CodeIgniter->run()
#14 {main}
CRITICAL - 2022-10-04 22:47:36 --> Invalid argument supplied for foreach()
#0 E:\OpenServerPanel\domains\cicore.com\app\Views\backend\marketing\voucher\include\setting.php(188): CodeIgniter\Debug\Exceptions->errorHandler(2, 'Invalid argumen...', 'E:\\OpenServerPa...', 188, Array)
#1 E:\OpenServerPanel\domains\cicore.com\vendor\codeigniter4\framework\system\View\View.php(246): include('E:\\OpenServerPa...')
#2 E:\OpenServerPanel\domains\cicore.com\vendor\codeigniter4\framework\system\Common.php(1119): CodeIgniter\View\View->render('backend/marketi...', Array, true)
#3 E:\OpenServerPanel\domains\cicore.com\app\Views\backend\marketing\voucher\store.php(32): view('backend/marketi...')
#4 E:\OpenServerPanel\domains\cicore.com\vendor\codeigniter4\framework\system\View\View.php(246): include('E:\\OpenServerPa...')
#5 E:\OpenServerPanel\domains\cicore.com\vendor\codeigniter4\framework\system\Common.php(1119): CodeIgniter\View\View->render('backend/marketi...', Array, true)
#6 E:\OpenServerPanel\domains\cicore.com\app\Views\backend\dashboard\layout\home.php(46): view('backend/marketi...')
#7 E:\OpenServerPanel\domains\cicore.com\vendor\codeigniter4\framework\system\View\View.php(246): include('E:\\OpenServerPa...')
#8 E:\OpenServerPanel\domains\cicore.com\vendor\codeigniter4\framework\system\Common.php(1119): CodeIgniter\View\View->render('backend/dashboa...', Array, true)
#9 E:\OpenServerPanel\domains\cicore.com\app\Controllers\Backend\Marketing\Voucher.php(71): view('backend/dashboa...', Array)
#10 E:\OpenServerPanel\domains\cicore.com\vendor\codeigniter4\framework\system\CodeIgniter.php(918): App\Controllers\Backend\Marketing\Voucher->create()
#11 E:\OpenServerPanel\domains\cicore.com\vendor\codeigniter4\framework\system\CodeIgniter.php(404): CodeIgniter\CodeIgniter->runController(Object(App\Controllers\Backend\Marketing\Voucher))
#12 E:\OpenServerPanel\domains\cicore.com\vendor\codeigniter4\framework\system\CodeIgniter.php(312): CodeIgniter\CodeIgniter->handleRequest(NULL, Object(Config\Cache), false)
#13 E:\OpenServerPanel\domains\cicore.com\index.php(48): CodeIgniter\CodeIgniter->run()
#14 {main}
CRITICAL - 2022-10-04 22:51:24 --> Undefined index: module
#0 E:\OpenServerPanel\domains\cicore.com\app\Controllers\Ajax\Promotion.php(35): CodeIgniter\Debug\Exceptions->errorHandler(8, 'Undefined index...', 'E:\\OpenServerPa...', 35, Array)
#1 E:\OpenServerPanel\domains\cicore.com\vendor\codeigniter4\framework\system\CodeIgniter.php(918): App\Controllers\Ajax\Promotion->search()
#2 E:\OpenServerPanel\domains\cicore.com\vendor\codeigniter4\framework\system\CodeIgniter.php(404): CodeIgniter\CodeIgniter->runController(Object(App\Controllers\Ajax\Promotion))
#3 E:\OpenServerPanel\domains\cicore.com\vendor\codeigniter4\framework\system\CodeIgniter.php(312): CodeIgniter\CodeIgniter->handleRequest(NULL, Object(Config\Cache), false)
#4 E:\OpenServerPanel\domains\cicore.com\index.php(48): CodeIgniter\CodeIgniter->run()
#5 {main}
CRITICAL - 2022-10-04 22:51:25 --> Undefined index: module
#0 E:\OpenServerPanel\domains\cicore.com\app\Controllers\Ajax\Promotion.php(35): CodeIgniter\Debug\Exceptions->errorHandler(8, 'Undefined index...', 'E:\\OpenServerPa...', 35, Array)
#1 E:\OpenServerPanel\domains\cicore.com\vendor\codeigniter4\framework\system\CodeIgniter.php(918): App\Controllers\Ajax\Promotion->search()
#2 E:\OpenServerPanel\domains\cicore.com\vendor\codeigniter4\framework\system\CodeIgniter.php(404): CodeIgniter\CodeIgniter->runController(Object(App\Controllers\Ajax\Promotion))
#3 E:\OpenServerPanel\domains\cicore.com\vendor\codeigniter4\framework\system\CodeIgniter.php(312): CodeIgniter\CodeIgniter->handleRequest(NULL, Object(Config\Cache), false)
#4 E:\OpenServerPanel\domains\cicore.com\index.php(48): CodeIgniter\CodeIgniter->run()
#5 {main}
CRITICAL - 2022-10-04 22:51:26 --> Undefined index: module
#0 E:\OpenServerPanel\domains\cicore.com\app\Controllers\Ajax\Promotion.php(35): CodeIgniter\Debug\Exceptions->errorHandler(8, 'Undefined index...', 'E:\\OpenServerPa...', 35, Array)
#1 E:\OpenServerPanel\domains\cicore.com\vendor\codeigniter4\framework\system\CodeIgniter.php(918): App\Controllers\Ajax\Promotion->search()
#2 E:\OpenServerPanel\domains\cicore.com\vendor\codeigniter4\framework\system\CodeIgniter.php(404): CodeIgniter\CodeIgniter->runController(Object(App\Controllers\Ajax\Promotion))
#3 E:\OpenServerPanel\domains\cicore.com\vendor\codeigniter4\framework\system\CodeIgniter.php(312): CodeIgniter\CodeIgniter->handleRequest(NULL, Object(Config\Cache), false)
#4 E:\OpenServerPanel\domains\cicore.com\index.php(48): CodeIgniter\CodeIgniter->run()
#5 {main}
CRITICAL - 2022-10-04 22:52:09 --> Undefined index: module
#0 E:\OpenServerPanel\domains\cicore.com\app\Controllers\Ajax\Promotion.php(35): CodeIgniter\Debug\Exceptions->errorHandler(8, 'Undefined index...', 'E:\\OpenServerPa...', 35, Array)
#1 E:\OpenServerPanel\domains\cicore.com\vendor\codeigniter4\framework\system\CodeIgniter.php(918): App\Controllers\Ajax\Promotion->search()
#2 E:\OpenServerPanel\domains\cicore.com\vendor\codeigniter4\framework\system\CodeIgniter.php(404): CodeIgniter\CodeIgniter->runController(Object(App\Controllers\Ajax\Promotion))
#3 E:\OpenServerPanel\domains\cicore.com\vendor\codeigniter4\framework\system\CodeIgniter.php(312): CodeIgniter\CodeIgniter->handleRequest(NULL, Object(Config\Cache), false)
#4 E:\OpenServerPanel\domains\cicore.com\index.php(48): CodeIgniter\CodeIgniter->run()
#5 {main}
CRITICAL - 2022-10-04 22:52:10 --> Undefined index: module
#0 E:\OpenServerPanel\domains\cicore.com\app\Controllers\Ajax\Promotion.php(35): CodeIgniter\Debug\Exceptions->errorHandler(8, 'Undefined index...', 'E:\\OpenServerPa...', 35, Array)
#1 E:\OpenServerPanel\domains\cicore.com\vendor\codeigniter4\framework\system\CodeIgniter.php(918): App\Controllers\Ajax\Promotion->search()
#2 E:\OpenServerPanel\domains\cicore.com\vendor\codeigniter4\framework\system\CodeIgniter.php(404): CodeIgniter\CodeIgniter->runController(Object(App\Controllers\Ajax\Promotion))
#3 E:\OpenServerPanel\domains\cicore.com\vendor\codeigniter4\framework\system\CodeIgniter.php(312): CodeIgniter\CodeIgniter->handleRequest(NULL, Object(Config\Cache), false)
#4 E:\OpenServerPanel\domains\cicore.com\index.php(48): CodeIgniter\CodeIgniter->run()
#5 {main}
CRITICAL - 2022-10-04 22:52:18 --> Undefined index: module
#0 E:\OpenServerPanel\domains\cicore.com\app\Controllers\Ajax\Promotion.php(35): CodeIgniter\Debug\Exceptions->errorHandler(8, 'Undefined index...', 'E:\\OpenServerPa...', 35, Array)
#1 E:\OpenServerPanel\domains\cicore.com\vendor\codeigniter4\framework\system\CodeIgniter.php(918): App\Controllers\Ajax\Promotion->search()
#2 E:\OpenServerPanel\domains\cicore.com\vendor\codeigniter4\framework\system\CodeIgniter.php(404): CodeIgniter\CodeIgniter->runController(Object(App\Controllers\Ajax\Promotion))
#3 E:\OpenServerPanel\domains\cicore.com\vendor\codeigniter4\framework\system\CodeIgniter.php(312): CodeIgniter\CodeIgniter->handleRequest(NULL, Object(Config\Cache), false)
#4 E:\OpenServerPanel\domains\cicore.com\index.php(48): CodeIgniter\CodeIgniter->run()
#5 {main}
CRITICAL - 2022-10-04 22:53:38 --> Illegal string offset 'billConditionValue'
#0 E:\OpenServerPanel\domains\cicore.com\app\Views\backend\marketing\voucher\include\setting.php(208): CodeIgniter\Debug\Exceptions->errorHandler(2, 'Illegal string ...', 'E:\\OpenServerPa...', 208, Array)
#1 E:\OpenServerPanel\domains\cicore.com\vendor\codeigniter4\framework\system\View\View.php(246): include('E:\\OpenServerPa...')
#2 E:\OpenServerPanel\domains\cicore.com\vendor\codeigniter4\framework\system\Common.php(1119): CodeIgniter\View\View->render('backend/marketi...', Array, true)
#3 E:\OpenServerPanel\domains\cicore.com\app\Views\backend\marketing\voucher\store.php(32): view('backend/marketi...')
#4 E:\OpenServerPanel\domains\cicore.com\vendor\codeigniter4\framework\system\View\View.php(246): include('E:\\OpenServerPa...')
#5 E:\OpenServerPanel\domains\cicore.com\vendor\codeigniter4\framework\system\Common.php(1119): CodeIgniter\View\View->render('backend/marketi...', Array, true)
#6 E:\OpenServerPanel\domains\cicore.com\app\Views\backend\dashboard\layout\home.php(46): view('backend/marketi...')
#7 E:\OpenServerPanel\domains\cicore.com\vendor\codeigniter4\framework\system\View\View.php(246): include('E:\\OpenServerPa...')
#8 E:\OpenServerPanel\domains\cicore.com\vendor\codeigniter4\framework\system\Common.php(1119): CodeIgniter\View\View->render('backend/dashboa...', Array, true)
#9 E:\OpenServerPanel\domains\cicore.com\app\Controllers\Backend\Marketing\Voucher.php(71): view('backend/dashboa...', Array)
#10 E:\OpenServerPanel\domains\cicore.com\vendor\codeigniter4\framework\system\CodeIgniter.php(918): App\Controllers\Backend\Marketing\Voucher->create()
#11 E:\OpenServerPanel\domains\cicore.com\vendor\codeigniter4\framework\system\CodeIgniter.php(404): CodeIgniter\CodeIgniter->runController(Object(App\Controllers\Backend\Marketing\Voucher))
#12 E:\OpenServerPanel\domains\cicore.com\vendor\codeigniter4\framework\system\CodeIgniter.php(312): CodeIgniter\CodeIgniter->handleRequest(NULL, Object(Config\Cache), false)
#13 E:\OpenServerPanel\domains\cicore.com\index.php(48): CodeIgniter\CodeIgniter->run()
#14 {main}
CRITICAL - 2022-10-04 22:53:40 --> Illegal string offset 'billConditionValue'
#0 E:\OpenServerPanel\domains\cicore.com\app\Views\backend\marketing\voucher\include\setting.php(208): CodeIgniter\Debug\Exceptions->errorHandler(2, 'Illegal string ...', 'E:\\OpenServerPa...', 208, Array)
#1 E:\OpenServerPanel\domains\cicore.com\vendor\codeigniter4\framework\system\View\View.php(246): include('E:\\OpenServerPa...')
#2 E:\OpenServerPanel\domains\cicore.com\vendor\codeigniter4\framework\system\Common.php(1119): CodeIgniter\View\View->render('backend/marketi...', Array, true)
#3 E:\OpenServerPanel\domains\cicore.com\app\Views\backend\marketing\voucher\store.php(32): view('backend/marketi...')
#4 E:\OpenServerPanel\domains\cicore.com\vendor\codeigniter4\framework\system\View\View.php(246): include('E:\\OpenServerPa...')
#5 E:\OpenServerPanel\domains\cicore.com\vendor\codeigniter4\framework\system\Common.php(1119): CodeIgniter\View\View->render('backend/marketi...', Array, true)
#6 E:\OpenServerPanel\domains\cicore.com\app\Views\backend\dashboard\layout\home.php(46): view('backend/marketi...')
#7 E:\OpenServerPanel\domains\cicore.com\vendor\codeigniter4\framework\system\View\View.php(246): include('E:\\OpenServerPa...')
#8 E:\OpenServerPanel\domains\cicore.com\vendor\codeigniter4\framework\system\Common.php(1119): CodeIgniter\View\View->render('backend/dashboa...', Array, true)
#9 E:\OpenServerPanel\domains\cicore.com\app\Controllers\Backend\Marketing\Voucher.php(71): view('backend/dashboa...', Array)
#10 E:\OpenServerPanel\domains\cicore.com\vendor\codeigniter4\framework\system\CodeIgniter.php(918): App\Controllers\Backend\Marketing\Voucher->create()
#11 E:\OpenServerPanel\domains\cicore.com\vendor\codeigniter4\framework\system\CodeIgniter.php(404): CodeIgniter\CodeIgniter->runController(Object(App\Controllers\Backend\Marketing\Voucher))
#12 E:\OpenServerPanel\domains\cicore.com\vendor\codeigniter4\framework\system\CodeIgniter.php(312): CodeIgniter\CodeIgniter->handleRequest(NULL, Object(Config\Cache), false)
#13 E:\OpenServerPanel\domains\cicore.com\index.php(48): CodeIgniter\CodeIgniter->run()
#14 {main}
CRITICAL - 2022-10-04 22:53:49 --> Undefined index: module
#0 E:\OpenServerPanel\domains\cicore.com\app\Controllers\Ajax\Promotion.php(35): CodeIgniter\Debug\Exceptions->errorHandler(8, 'Undefined index...', 'E:\\OpenServerPa...', 35, Array)
#1 E:\OpenServerPanel\domains\cicore.com\vendor\codeigniter4\framework\system\CodeIgniter.php(918): App\Controllers\Ajax\Promotion->search()
#2 E:\OpenServerPanel\domains\cicore.com\vendor\codeigniter4\framework\system\CodeIgniter.php(404): CodeIgniter\CodeIgniter->runController(Object(App\Controllers\Ajax\Promotion))
#3 E:\OpenServerPanel\domains\cicore.com\vendor\codeigniter4\framework\system\CodeIgniter.php(312): CodeIgniter\CodeIgniter->handleRequest(NULL, Object(Config\Cache), false)
#4 E:\OpenServerPanel\domains\cicore.com\index.php(48): CodeIgniter\CodeIgniter->run()
#5 {main}
CRITICAL - 2022-10-04 23:11:55 --> Undefined index: module
#0 E:\OpenServerPanel\domains\cicore.com\app\Controllers\Ajax\Promotion.php(35): CodeIgniter\Debug\Exceptions->errorHandler(8, 'Undefined index...', 'E:\\OpenServerPa...', 35, Array)
#1 E:\OpenServerPanel\domains\cicore.com\vendor\codeigniter4\framework\system\CodeIgniter.php(918): App\Controllers\Ajax\Promotion->search()
#2 E:\OpenServerPanel\domains\cicore.com\vendor\codeigniter4\framework\system\CodeIgniter.php(404): CodeIgniter\CodeIgniter->runController(Object(App\Controllers\Ajax\Promotion))
#3 E:\OpenServerPanel\domains\cicore.com\vendor\codeigniter4\framework\system\CodeIgniter.php(312): CodeIgniter\CodeIgniter->handleRequest(NULL, Object(Config\Cache), false)
#4 E:\OpenServerPanel\domains\cicore.com\index.php(48): CodeIgniter\CodeIgniter->run()
#5 {main}
