CRITICAL - 2022-08-17 20:49:16 --> Undefined index: blog
#0 E:\OpenServerPanel\domains\ht.drtuan.com\app\Views\frontend\homepage\home\index.php(252): CodeIgniter\Debug\Exceptions->errorHandler(8, 'Undefined index...', 'E:\\OpenServerPa...', 252, Array)
#1 E:\OpenServerPanel\domains\ht.drtuan.com\vendor\codeigniter4\framework\system\View\View.php(246): include('E:\\OpenServerPa...')
#2 E:\OpenServerPanel\domains\ht.drtuan.com\vendor\codeigniter4\framework\system\Common.php(1119): CodeIgniter\View\View->render('frontend/homepa...', Array, true)
#3 E:\OpenServerPanel\domains\ht.drtuan.com\app\Views\frontend\homepage\layout\home.php(72): view('frontend/homepa...')
#4 E:\OpenServerPanel\domains\ht.drtuan.com\vendor\codeigniter4\framework\system\View\View.php(246): include('E:\\OpenServerPa...')
#5 E:\OpenServerPanel\domains\ht.drtuan.com\vendor\codeigniter4\framework\system\Common.php(1119): CodeIgniter\View\View->render('frontend/homepa...', Array, true)
#6 E:\OpenServerPanel\domains\ht.drtuan.com\app\Controllers\Frontend\Homepage\Home.php(115): view('frontend/homepa...', Array)
#7 E:\OpenServerPanel\domains\ht.drtuan.com\vendor\codeigniter4\framework\system\CodeIgniter.php(918): App\Controllers\Frontend\Homepage\Home->index()
#8 E:\OpenServerPanel\domains\ht.drtuan.com\vendor\codeigniter4\framework\system\CodeIgniter.php(404): CodeIgniter\CodeIgniter->runController(Object(App\Controllers\Frontend\Homepage\Home))
#9 E:\OpenServerPanel\domains\ht.drtuan.com\vendor\codeigniter4\framework\system\CodeIgniter.php(312): CodeIgniter\CodeIgniter->handleRequest(NULL, Object(Config\Cache), false)
#10 E:\OpenServerPanel\domains\ht.drtuan.com\index.php(48): CodeIgniter\CodeIgniter->run()
#11 {main}
CRITICAL - 2022-08-17 20:58:46 --> Undefined variable: animated1
#0 E:\OpenServerPanel\domains\ht.drtuan.com\app\Views\frontend\homepage\common\script.php(38): CodeIgniter\Debug\Exceptions->errorHandler(8, 'Undefined varia...', 'E:\\OpenServerPa...', 38, Array)
#1 E:\OpenServerPanel\domains\ht.drtuan.com\vendor\codeigniter4\framework\system\View\View.php(246): include('E:\\OpenServerPa...')
#2 E:\OpenServerPanel\domains\ht.drtuan.com\vendor\codeigniter4\framework\system\Common.php(1119): CodeIgniter\View\View->render('frontend/homepa...', Array, true)
#3 E:\OpenServerPanel\domains\ht.drtuan.com\app\Views\frontend\homepage\layout\home.php(59): view('frontend/homepa...')
#4 E:\OpenServerPanel\domains\ht.drtuan.com\vendor\codeigniter4\framework\system\View\View.php(246): include('E:\\OpenServerPa...')
#5 E:\OpenServerPanel\domains\ht.drtuan.com\vendor\codeigniter4\framework\system\Common.php(1119): CodeIgniter\View\View->render('frontend/homepa...', Array, true)
#6 E:\OpenServerPanel\domains\ht.drtuan.com\app\Controllers\Frontend\Homepage\Home.php(115): view('frontend/homepa...', Array)
#7 E:\OpenServerPanel\domains\ht.drtuan.com\vendor\codeigniter4\framework\system\CodeIgniter.php(918): App\Controllers\Frontend\Homepage\Home->index()
#8 E:\OpenServerPanel\domains\ht.drtuan.com\vendor\codeigniter4\framework\system\CodeIgniter.php(404): CodeIgniter\CodeIgniter->runController(Object(App\Controllers\Frontend\Homepage\Home))
#9 E:\OpenServerPanel\domains\ht.drtuan.com\vendor\codeigniter4\framework\system\CodeIgniter.php(312): CodeIgniter\CodeIgniter->handleRequest(NULL, Object(Config\Cache), false)
#10 E:\OpenServerPanel\domains\ht.drtuan.com\index.php(48): CodeIgniter\CodeIgniter->run()
#11 {main}
CRITICAL - 2022-08-17 21:02:15 --> CodeIgniter\View\View::main(): Failed opening required 'common/loader.php' (include_path='.')
#0 [internal function]: CodeIgniter\Debug\Exceptions->shutdownHandler()
#1 {main}
CRITICAL - 2022-08-17 21:02:16 --> CodeIgniter\View\View::main(): Failed opening required 'common/loader.php' (include_path='.')
#0 [internal function]: CodeIgniter\Debug\Exceptions->shutdownHandler()
#1 {main}
CRITICAL - 2022-08-17 21:02:52 --> Invalid file: {0}
#0 E:\OpenServerPanel\domains\ht.drtuan.com\vendor\codeigniter4\framework\system\View\View.php(228): CodeIgniter\Exceptions\FrameworkException::forInvalidFile('frontend/homepa...')
#1 E:\OpenServerPanel\domains\ht.drtuan.com\vendor\codeigniter4\framework\system\Common.php(1119): CodeIgniter\View\View->render('frontend/homepa...', Array, true)
#2 E:\OpenServerPanel\domains\ht.drtuan.com\app\Views\frontend\homepage\layout\home.php(47): view('frontend/homepa...')
#3 E:\OpenServerPanel\domains\ht.drtuan.com\vendor\codeigniter4\framework\system\View\View.php(246): include('E:\\OpenServerPa...')
#4 E:\OpenServerPanel\domains\ht.drtuan.com\vendor\codeigniter4\framework\system\Common.php(1119): CodeIgniter\View\View->render('frontend/homepa...', Array, true)
#5 E:\OpenServerPanel\domains\ht.drtuan.com\app\Controllers\Frontend\Homepage\Home.php(115): view('frontend/homepa...', Array)
#6 E:\OpenServerPanel\domains\ht.drtuan.com\vendor\codeigniter4\framework\system\CodeIgniter.php(918): App\Controllers\Frontend\Homepage\Home->index()
#7 E:\OpenServerPanel\domains\ht.drtuan.com\vendor\codeigniter4\framework\system\CodeIgniter.php(404): CodeIgniter\CodeIgniter->runController(Object(App\Controllers\Frontend\Homepage\Home))
#8 E:\OpenServerPanel\domains\ht.drtuan.com\vendor\codeigniter4\framework\system\CodeIgniter.php(312): CodeIgniter\CodeIgniter->handleRequest(NULL, Object(Config\Cache), false)
#9 E:\OpenServerPanel\domains\ht.drtuan.com\index.php(48): CodeIgniter\CodeIgniter->run()
#10 {main}
CRITICAL - 2022-08-17 21:02:54 --> Invalid file: {0}
#0 E:\OpenServerPanel\domains\ht.drtuan.com\vendor\codeigniter4\framework\system\View\View.php(228): CodeIgniter\Exceptions\FrameworkException::forInvalidFile('frontend/homepa...')
#1 E:\OpenServerPanel\domains\ht.drtuan.com\vendor\codeigniter4\framework\system\Common.php(1119): CodeIgniter\View\View->render('frontend/homepa...', Array, true)
#2 E:\OpenServerPanel\domains\ht.drtuan.com\app\Views\frontend\homepage\layout\home.php(47): view('frontend/homepa...')
#3 E:\OpenServerPanel\domains\ht.drtuan.com\vendor\codeigniter4\framework\system\View\View.php(246): include('E:\\OpenServerPa...')
#4 E:\OpenServerPanel\domains\ht.drtuan.com\vendor\codeigniter4\framework\system\Common.php(1119): CodeIgniter\View\View->render('frontend/homepa...', Array, true)
#5 E:\OpenServerPanel\domains\ht.drtuan.com\app\Controllers\Frontend\Homepage\Home.php(115): view('frontend/homepa...', Array)
#6 E:\OpenServerPanel\domains\ht.drtuan.com\vendor\codeigniter4\framework\system\CodeIgniter.php(918): App\Controllers\Frontend\Homepage\Home->index()
#7 E:\OpenServerPanel\domains\ht.drtuan.com\vendor\codeigniter4\framework\system\CodeIgniter.php(404): CodeIgniter\CodeIgniter->runController(Object(App\Controllers\Frontend\Homepage\Home))
#8 E:\OpenServerPanel\domains\ht.drtuan.com\vendor\codeigniter4\framework\system\CodeIgniter.php(312): CodeIgniter\CodeIgniter->handleRequest(NULL, Object(Config\Cache), false)
#9 E:\OpenServerPanel\domains\ht.drtuan.com\index.php(48): CodeIgniter\CodeIgniter->run()
#10 {main}
CRITICAL - 2022-08-17 21:12:56 --> Undefined index: language
#0 E:\OpenServerPanel\domains\ht.drtuan.com\app\Helpers\mydatafrontend_helper.php(409): CodeIgniter\Debug\Exceptions->errorHandler(8, 'Undefined index...', 'E:\\OpenServerPa...', 409, Array)
#1 E:\OpenServerPanel\domains\ht.drtuan.com\app\Views\frontend\homepage\common\header.php(18): get_menu(Array)
#2 E:\OpenServerPanel\domains\ht.drtuan.com\vendor\codeigniter4\framework\system\View\View.php(246): include('E:\\OpenServerPa...')
#3 E:\OpenServerPanel\domains\ht.drtuan.com\vendor\codeigniter4\framework\system\Common.php(1119): CodeIgniter\View\View->render('frontend/homepa...', Array, true)
#4 E:\OpenServerPanel\domains\ht.drtuan.com\app\Views\frontend\homepage\layout\home.php(49): view('frontend/homepa...')
#5 E:\OpenServerPanel\domains\ht.drtuan.com\vendor\codeigniter4\framework\system\View\View.php(246): include('E:\\OpenServerPa...')
#6 E:\OpenServerPanel\domains\ht.drtuan.com\vendor\codeigniter4\framework\system\Common.php(1119): CodeIgniter\View\View->render('frontend/homepa...', Array, true)
#7 E:\OpenServerPanel\domains\ht.drtuan.com\app\Controllers\Frontend\Homepage\Home.php(115): view('frontend/homepa...', Array)
#8 E:\OpenServerPanel\domains\ht.drtuan.com\vendor\codeigniter4\framework\system\CodeIgniter.php(918): App\Controllers\Frontend\Homepage\Home->index()
#9 E:\OpenServerPanel\domains\ht.drtuan.com\vendor\codeigniter4\framework\system\CodeIgniter.php(404): CodeIgniter\CodeIgniter->runController(Object(App\Controllers\Frontend\Homepage\Home))
#10 E:\OpenServerPanel\domains\ht.drtuan.com\vendor\codeigniter4\framework\system\CodeIgniter.php(312): CodeIgniter\CodeIgniter->handleRequest(NULL, Object(Config\Cache), false)
#11 E:\OpenServerPanel\domains\ht.drtuan.com\index.php(48): CodeIgniter\CodeIgniter->run()
#12 {main}
CRITICAL - 2022-08-17 21:12:59 --> Undefined index: language
#0 E:\OpenServerPanel\domains\ht.drtuan.com\app\Helpers\mydatafrontend_helper.php(409): CodeIgniter\Debug\Exceptions->errorHandler(8, 'Undefined index...', 'E:\\OpenServerPa...', 409, Array)
#1 E:\OpenServerPanel\domains\ht.drtuan.com\app\Views\frontend\homepage\common\header.php(18): get_menu(Array)
#2 E:\OpenServerPanel\domains\ht.drtuan.com\vendor\codeigniter4\framework\system\View\View.php(246): include('E:\\OpenServerPa...')
#3 E:\OpenServerPanel\domains\ht.drtuan.com\vendor\codeigniter4\framework\system\Common.php(1119): CodeIgniter\View\View->render('frontend/homepa...', Array, true)
#4 E:\OpenServerPanel\domains\ht.drtuan.com\app\Views\frontend\homepage\layout\home.php(49): view('frontend/homepa...')
#5 E:\OpenServerPanel\domains\ht.drtuan.com\vendor\codeigniter4\framework\system\View\View.php(246): include('E:\\OpenServerPa...')
#6 E:\OpenServerPanel\domains\ht.drtuan.com\vendor\codeigniter4\framework\system\Common.php(1119): CodeIgniter\View\View->render('frontend/homepa...', Array, true)
#7 E:\OpenServerPanel\domains\ht.drtuan.com\app\Controllers\Frontend\Homepage\Home.php(115): view('frontend/homepa...', Array)
#8 E:\OpenServerPanel\domains\ht.drtuan.com\vendor\codeigniter4\framework\system\CodeIgniter.php(918): App\Controllers\Frontend\Homepage\Home->index()
#9 E:\OpenServerPanel\domains\ht.drtuan.com\vendor\codeigniter4\framework\system\CodeIgniter.php(404): CodeIgniter\CodeIgniter->runController(Object(App\Controllers\Frontend\Homepage\Home))
#10 E:\OpenServerPanel\domains\ht.drtuan.com\vendor\codeigniter4\framework\system\CodeIgniter.php(312): CodeIgniter\CodeIgniter->handleRequest(NULL, Object(Config\Cache), false)
#11 E:\OpenServerPanel\domains\ht.drtuan.com\index.php(48): CodeIgniter\CodeIgniter->run()
#12 {main}
CRITICAL - 2022-08-17 21:17:33 --> syntax error, unexpected 'as' (T_AS), expecting ',' or ')'
#0 E:\OpenServerPanel\domains\ht.drtuan.com\vendor\codeigniter4\framework\system\Common.php(1119): CodeIgniter\View\View->render('frontend/homepa...', Array, true)
#1 E:\OpenServerPanel\domains\ht.drtuan.com\app\Views\frontend\homepage\layout\home.php(49): view('frontend/homepa...')
#2 E:\OpenServerPanel\domains\ht.drtuan.com\vendor\codeigniter4\framework\system\View\View.php(246): include('E:\\OpenServerPa...')
#3 E:\OpenServerPanel\domains\ht.drtuan.com\vendor\codeigniter4\framework\system\Common.php(1119): CodeIgniter\View\View->render('frontend/homepa...', Array, true)
#4 E:\OpenServerPanel\domains\ht.drtuan.com\app\Controllers\Frontend\Homepage\Home.php(115): view('frontend/homepa...', Array)
#5 E:\OpenServerPanel\domains\ht.drtuan.com\vendor\codeigniter4\framework\system\CodeIgniter.php(918): App\Controllers\Frontend\Homepage\Home->index()
#6 E:\OpenServerPanel\domains\ht.drtuan.com\vendor\codeigniter4\framework\system\CodeIgniter.php(404): CodeIgniter\CodeIgniter->runController(Object(App\Controllers\Frontend\Homepage\Home))
#7 E:\OpenServerPanel\domains\ht.drtuan.com\vendor\codeigniter4\framework\system\CodeIgniter.php(312): CodeIgniter\CodeIgniter->handleRequest(NULL, Object(Config\Cache), false)
#8 E:\OpenServerPanel\domains\ht.drtuan.com\index.php(48): CodeIgniter\CodeIgniter->run()
#9 {main}
CRITICAL - 2022-08-17 21:22:02 --> Undefined index: data
#0 E:\OpenServerPanel\domains\ht.drtuan.com\app\Views\frontend\homepage\home\index.php(14): CodeIgniter\Debug\Exceptions->errorHandler(8, 'Undefined index...', 'E:\\OpenServerPa...', 14, Array)
#1 E:\OpenServerPanel\domains\ht.drtuan.com\vendor\codeigniter4\framework\system\View\View.php(246): include('E:\\OpenServerPa...')
#2 E:\OpenServerPanel\domains\ht.drtuan.com\vendor\codeigniter4\framework\system\Common.php(1119): CodeIgniter\View\View->render('frontend/homepa...', Array, true)
#3 E:\OpenServerPanel\domains\ht.drtuan.com\app\Views\frontend\homepage\layout\home.php(52): view('frontend/homepa...')
#4 E:\OpenServerPanel\domains\ht.drtuan.com\vendor\codeigniter4\framework\system\View\View.php(246): include('E:\\OpenServerPa...')
#5 E:\OpenServerPanel\domains\ht.drtuan.com\vendor\codeigniter4\framework\system\Common.php(1119): CodeIgniter\View\View->render('frontend/homepa...', Array, true)
#6 E:\OpenServerPanel\domains\ht.drtuan.com\app\Controllers\Frontend\Homepage\Home.php(115): view('frontend/homepa...', Array)
#7 E:\OpenServerPanel\domains\ht.drtuan.com\vendor\codeigniter4\framework\system\CodeIgniter.php(918): App\Controllers\Frontend\Homepage\Home->index()
#8 E:\OpenServerPanel\domains\ht.drtuan.com\vendor\codeigniter4\framework\system\CodeIgniter.php(404): CodeIgniter\CodeIgniter->runController(Object(App\Controllers\Frontend\Homepage\Home))
#9 E:\OpenServerPanel\domains\ht.drtuan.com\vendor\codeigniter4\framework\system\CodeIgniter.php(312): CodeIgniter\CodeIgniter->handleRequest(NULL, Object(Config\Cache), false)
#10 E:\OpenServerPanel\domains\ht.drtuan.com\index.php(48): CodeIgniter\CodeIgniter->run()
#11 {main}
CRITICAL - 2022-08-17 21:22:07 --> Undefined index: data
#0 E:\OpenServerPanel\domains\ht.drtuan.com\app\Views\frontend\homepage\home\index.php(14): CodeIgniter\Debug\Exceptions->errorHandler(8, 'Undefined index...', 'E:\\OpenServerPa...', 14, Array)
#1 E:\OpenServerPanel\domains\ht.drtuan.com\vendor\codeigniter4\framework\system\View\View.php(246): include('E:\\OpenServerPa...')
#2 E:\OpenServerPanel\domains\ht.drtuan.com\vendor\codeigniter4\framework\system\Common.php(1119): CodeIgniter\View\View->render('frontend/homepa...', Array, true)
#3 E:\OpenServerPanel\domains\ht.drtuan.com\app\Views\frontend\homepage\layout\home.php(52): view('frontend/homepa...')
#4 E:\OpenServerPanel\domains\ht.drtuan.com\vendor\codeigniter4\framework\system\View\View.php(246): include('E:\\OpenServerPa...')
#5 E:\OpenServerPanel\domains\ht.drtuan.com\vendor\codeigniter4\framework\system\Common.php(1119): CodeIgniter\View\View->render('frontend/homepa...', Array, true)
#6 E:\OpenServerPanel\domains\ht.drtuan.com\app\Controllers\Frontend\Homepage\Home.php(115): view('frontend/homepa...', Array)
#7 E:\OpenServerPanel\domains\ht.drtuan.com\vendor\codeigniter4\framework\system\CodeIgniter.php(918): App\Controllers\Frontend\Homepage\Home->index()
#8 E:\OpenServerPanel\domains\ht.drtuan.com\vendor\codeigniter4\framework\system\CodeIgniter.php(404): CodeIgniter\CodeIgniter->runController(Object(App\Controllers\Frontend\Homepage\Home))
#9 E:\OpenServerPanel\domains\ht.drtuan.com\vendor\codeigniter4\framework\system\CodeIgniter.php(312): CodeIgniter\CodeIgniter->handleRequest(NULL, Object(Config\Cache), false)
#10 E:\OpenServerPanel\domains\ht.drtuan.com\index.php(48): CodeIgniter\CodeIgniter->run()
#11 {main}
CRITICAL - 2022-08-17 21:29:19 --> Undefined index: desciption
#0 E:\OpenServerPanel\domains\ht.drtuan.com\app\Views\frontend\homepage\home\index.php(33): CodeIgniter\Debug\Exceptions->errorHandler(8, 'Undefined index...', 'E:\\OpenServerPa...', 33, Array)
#1 E:\OpenServerPanel\domains\ht.drtuan.com\vendor\codeigniter4\framework\system\View\View.php(246): include('E:\\OpenServerPa...')
#2 E:\OpenServerPanel\domains\ht.drtuan.com\vendor\codeigniter4\framework\system\Common.php(1119): CodeIgniter\View\View->render('frontend/homepa...', Array, true)
#3 E:\OpenServerPanel\domains\ht.drtuan.com\app\Views\frontend\homepage\layout\home.php(52): view('frontend/homepa...')
#4 E:\OpenServerPanel\domains\ht.drtuan.com\vendor\codeigniter4\framework\system\View\View.php(246): include('E:\\OpenServerPa...')
#5 E:\OpenServerPanel\domains\ht.drtuan.com\vendor\codeigniter4\framework\system\Common.php(1119): CodeIgniter\View\View->render('frontend/homepa...', Array, true)
#6 E:\OpenServerPanel\domains\ht.drtuan.com\app\Controllers\Frontend\Homepage\Home.php(115): view('frontend/homepa...', Array)
#7 E:\OpenServerPanel\domains\ht.drtuan.com\vendor\codeigniter4\framework\system\CodeIgniter.php(918): App\Controllers\Frontend\Homepage\Home->index()
#8 E:\OpenServerPanel\domains\ht.drtuan.com\vendor\codeigniter4\framework\system\CodeIgniter.php(404): CodeIgniter\CodeIgniter->runController(Object(App\Controllers\Frontend\Homepage\Home))
#9 E:\OpenServerPanel\domains\ht.drtuan.com\vendor\codeigniter4\framework\system\CodeIgniter.php(312): CodeIgniter\CodeIgniter->handleRequest(NULL, Object(Config\Cache), false)
#10 E:\OpenServerPanel\domains\ht.drtuan.com\index.php(48): CodeIgniter\CodeIgniter->run()
#11 {main}
CRITICAL - 2022-08-17 21:29:21 --> Undefined index: desciption
#0 E:\OpenServerPanel\domains\ht.drtuan.com\app\Views\frontend\homepage\home\index.php(33): CodeIgniter\Debug\Exceptions->errorHandler(8, 'Undefined index...', 'E:\\OpenServerPa...', 33, Array)
#1 E:\OpenServerPanel\domains\ht.drtuan.com\vendor\codeigniter4\framework\system\View\View.php(246): include('E:\\OpenServerPa...')
#2 E:\OpenServerPanel\domains\ht.drtuan.com\vendor\codeigniter4\framework\system\Common.php(1119): CodeIgniter\View\View->render('frontend/homepa...', Array, true)
#3 E:\OpenServerPanel\domains\ht.drtuan.com\app\Views\frontend\homepage\layout\home.php(52): view('frontend/homepa...')
#4 E:\OpenServerPanel\domains\ht.drtuan.com\vendor\codeigniter4\framework\system\View\View.php(246): include('E:\\OpenServerPa...')
#5 E:\OpenServerPanel\domains\ht.drtuan.com\vendor\codeigniter4\framework\system\Common.php(1119): CodeIgniter\View\View->render('frontend/homepa...', Array, true)
#6 E:\OpenServerPanel\domains\ht.drtuan.com\app\Controllers\Frontend\Homepage\Home.php(115): view('frontend/homepa...', Array)
#7 E:\OpenServerPanel\domains\ht.drtuan.com\vendor\codeigniter4\framework\system\CodeIgniter.php(918): App\Controllers\Frontend\Homepage\Home->index()
#8 E:\OpenServerPanel\domains\ht.drtuan.com\vendor\codeigniter4\framework\system\CodeIgniter.php(404): CodeIgniter\CodeIgniter->runController(Object(App\Controllers\Frontend\Homepage\Home))
#9 E:\OpenServerPanel\domains\ht.drtuan.com\vendor\codeigniter4\framework\system\CodeIgniter.php(312): CodeIgniter\CodeIgniter->handleRequest(NULL, Object(Config\Cache), false)
#10 E:\OpenServerPanel\domains\ht.drtuan.com\index.php(48): CodeIgniter\CodeIgniter->run()
#11 {main}
CRITICAL - 2022-08-17 21:29:56 --> Undefined index: content
#0 E:\OpenServerPanel\domains\ht.drtuan.com\app\Views\frontend\homepage\home\index.php(41): CodeIgniter\Debug\Exceptions->errorHandler(8, 'Undefined index...', 'E:\\OpenServerPa...', 41, Array)
#1 E:\OpenServerPanel\domains\ht.drtuan.com\vendor\codeigniter4\framework\system\View\View.php(246): include('E:\\OpenServerPa...')
#2 E:\OpenServerPanel\domains\ht.drtuan.com\vendor\codeigniter4\framework\system\Common.php(1119): CodeIgniter\View\View->render('frontend/homepa...', Array, true)
#3 E:\OpenServerPanel\domains\ht.drtuan.com\app\Views\frontend\homepage\layout\home.php(52): view('frontend/homepa...')
#4 E:\OpenServerPanel\domains\ht.drtuan.com\vendor\codeigniter4\framework\system\View\View.php(246): include('E:\\OpenServerPa...')
#5 E:\OpenServerPanel\domains\ht.drtuan.com\vendor\codeigniter4\framework\system\Common.php(1119): CodeIgniter\View\View->render('frontend/homepa...', Array, true)
#6 E:\OpenServerPanel\domains\ht.drtuan.com\app\Controllers\Frontend\Homepage\Home.php(115): view('frontend/homepa...', Array)
#7 E:\OpenServerPanel\domains\ht.drtuan.com\vendor\codeigniter4\framework\system\CodeIgniter.php(918): App\Controllers\Frontend\Homepage\Home->index()
#8 E:\OpenServerPanel\domains\ht.drtuan.com\vendor\codeigniter4\framework\system\CodeIgniter.php(404): CodeIgniter\CodeIgniter->runController(Object(App\Controllers\Frontend\Homepage\Home))
#9 E:\OpenServerPanel\domains\ht.drtuan.com\vendor\codeigniter4\framework\system\CodeIgniter.php(312): CodeIgniter\CodeIgniter->handleRequest(NULL, Object(Config\Cache), false)
#10 E:\OpenServerPanel\domains\ht.drtuan.com\index.php(48): CodeIgniter\CodeIgniter->run()
#11 {main}
CRITICAL - 2022-08-17 21:29:57 --> Undefined index: content
#0 E:\OpenServerPanel\domains\ht.drtuan.com\app\Views\frontend\homepage\home\index.php(41): CodeIgniter\Debug\Exceptions->errorHandler(8, 'Undefined index...', 'E:\\OpenServerPa...', 41, Array)
#1 E:\OpenServerPanel\domains\ht.drtuan.com\vendor\codeigniter4\framework\system\View\View.php(246): include('E:\\OpenServerPa...')
#2 E:\OpenServerPanel\domains\ht.drtuan.com\vendor\codeigniter4\framework\system\Common.php(1119): CodeIgniter\View\View->render('frontend/homepa...', Array, true)
#3 E:\OpenServerPanel\domains\ht.drtuan.com\app\Views\frontend\homepage\layout\home.php(52): view('frontend/homepa...')
#4 E:\OpenServerPanel\domains\ht.drtuan.com\vendor\codeigniter4\framework\system\View\View.php(246): include('E:\\OpenServerPa...')
#5 E:\OpenServerPanel\domains\ht.drtuan.com\vendor\codeigniter4\framework\system\Common.php(1119): CodeIgniter\View\View->render('frontend/homepa...', Array, true)
#6 E:\OpenServerPanel\domains\ht.drtuan.com\app\Controllers\Frontend\Homepage\Home.php(115): view('frontend/homepa...', Array)
#7 E:\OpenServerPanel\domains\ht.drtuan.com\vendor\codeigniter4\framework\system\CodeIgniter.php(918): App\Controllers\Frontend\Homepage\Home->index()
#8 E:\OpenServerPanel\domains\ht.drtuan.com\vendor\codeigniter4\framework\system\CodeIgniter.php(404): CodeIgniter\CodeIgniter->runController(Object(App\Controllers\Frontend\Homepage\Home))
#9 E:\OpenServerPanel\domains\ht.drtuan.com\vendor\codeigniter4\framework\system\CodeIgniter.php(312): CodeIgniter\CodeIgniter->handleRequest(NULL, Object(Config\Cache), false)
#10 E:\OpenServerPanel\domains\ht.drtuan.com\index.php(48): CodeIgniter\CodeIgniter->run()
#11 {main}
CRITICAL - 2022-08-17 21:29:58 --> Undefined index: content
#0 E:\OpenServerPanel\domains\ht.drtuan.com\app\Views\frontend\homepage\home\index.php(41): CodeIgniter\Debug\Exceptions->errorHandler(8, 'Undefined index...', 'E:\\OpenServerPa...', 41, Array)
#1 E:\OpenServerPanel\domains\ht.drtuan.com\vendor\codeigniter4\framework\system\View\View.php(246): include('E:\\OpenServerPa...')
#2 E:\OpenServerPanel\domains\ht.drtuan.com\vendor\codeigniter4\framework\system\Common.php(1119): CodeIgniter\View\View->render('frontend/homepa...', Array, true)
#3 E:\OpenServerPanel\domains\ht.drtuan.com\app\Views\frontend\homepage\layout\home.php(52): view('frontend/homepa...')
#4 E:\OpenServerPanel\domains\ht.drtuan.com\vendor\codeigniter4\framework\system\View\View.php(246): include('E:\\OpenServerPa...')
#5 E:\OpenServerPanel\domains\ht.drtuan.com\vendor\codeigniter4\framework\system\Common.php(1119): CodeIgniter\View\View->render('frontend/homepa...', Array, true)
#6 E:\OpenServerPanel\domains\ht.drtuan.com\app\Controllers\Frontend\Homepage\Home.php(115): view('frontend/homepa...', Array)
#7 E:\OpenServerPanel\domains\ht.drtuan.com\vendor\codeigniter4\framework\system\CodeIgniter.php(918): App\Controllers\Frontend\Homepage\Home->index()
#8 E:\OpenServerPanel\domains\ht.drtuan.com\vendor\codeigniter4\framework\system\CodeIgniter.php(404): CodeIgniter\CodeIgniter->runController(Object(App\Controllers\Frontend\Homepage\Home))
#9 E:\OpenServerPanel\domains\ht.drtuan.com\vendor\codeigniter4\framework\system\CodeIgniter.php(312): CodeIgniter\CodeIgniter->handleRequest(NULL, Object(Config\Cache), false)
#10 E:\OpenServerPanel\domains\ht.drtuan.com\index.php(48): CodeIgniter\CodeIgniter->run()
#11 {main}
CRITICAL - 2022-08-17 21:29:58 --> Undefined index: content
#0 E:\OpenServerPanel\domains\ht.drtuan.com\app\Views\frontend\homepage\home\index.php(41): CodeIgniter\Debug\Exceptions->errorHandler(8, 'Undefined index...', 'E:\\OpenServerPa...', 41, Array)
#1 E:\OpenServerPanel\domains\ht.drtuan.com\vendor\codeigniter4\framework\system\View\View.php(246): include('E:\\OpenServerPa...')
#2 E:\OpenServerPanel\domains\ht.drtuan.com\vendor\codeigniter4\framework\system\Common.php(1119): CodeIgniter\View\View->render('frontend/homepa...', Array, true)
#3 E:\OpenServerPanel\domains\ht.drtuan.com\app\Views\frontend\homepage\layout\home.php(52): view('frontend/homepa...')
#4 E:\OpenServerPanel\domains\ht.drtuan.com\vendor\codeigniter4\framework\system\View\View.php(246): include('E:\\OpenServerPa...')
#5 E:\OpenServerPanel\domains\ht.drtuan.com\vendor\codeigniter4\framework\system\Common.php(1119): CodeIgniter\View\View->render('frontend/homepa...', Array, true)
#6 E:\OpenServerPanel\domains\ht.drtuan.com\app\Controllers\Frontend\Homepage\Home.php(115): view('frontend/homepa...', Array)
#7 E:\OpenServerPanel\domains\ht.drtuan.com\vendor\codeigniter4\framework\system\CodeIgniter.php(918): App\Controllers\Frontend\Homepage\Home->index()
#8 E:\OpenServerPanel\domains\ht.drtuan.com\vendor\codeigniter4\framework\system\CodeIgniter.php(404): CodeIgniter\CodeIgniter->runController(Object(App\Controllers\Frontend\Homepage\Home))
#9 E:\OpenServerPanel\domains\ht.drtuan.com\vendor\codeigniter4\framework\system\CodeIgniter.php(312): CodeIgniter\CodeIgniter->handleRequest(NULL, Object(Config\Cache), false)
#10 E:\OpenServerPanel\domains\ht.drtuan.com\index.php(48): CodeIgniter\CodeIgniter->run()
#11 {main}
CRITICAL - 2022-08-17 22:12:30 --> syntax error, unexpected ';', expecting ',' or ')'
#0 E:\OpenServerPanel\domains\ht.drtuan.com\vendor\codeigniter4\framework\system\Common.php(1119): CodeIgniter\View\View->render('frontend/homepa...', Array, true)
#1 E:\OpenServerPanel\domains\ht.drtuan.com\app\Views\frontend\homepage\layout\home.php(52): view('frontend/homepa...')
#2 E:\OpenServerPanel\domains\ht.drtuan.com\vendor\codeigniter4\framework\system\View\View.php(246): include('E:\\OpenServerPa...')
#3 E:\OpenServerPanel\domains\ht.drtuan.com\vendor\codeigniter4\framework\system\Common.php(1119): CodeIgniter\View\View->render('frontend/homepa...', Array, true)
#4 E:\OpenServerPanel\domains\ht.drtuan.com\app\Controllers\Frontend\Homepage\Home.php(115): view('frontend/homepa...', Array)
#5 E:\OpenServerPanel\domains\ht.drtuan.com\vendor\codeigniter4\framework\system\CodeIgniter.php(918): App\Controllers\Frontend\Homepage\Home->index()
#6 E:\OpenServerPanel\domains\ht.drtuan.com\vendor\codeigniter4\framework\system\CodeIgniter.php(404): CodeIgniter\CodeIgniter->runController(Object(App\Controllers\Frontend\Homepage\Home))
#7 E:\OpenServerPanel\domains\ht.drtuan.com\vendor\codeigniter4\framework\system\CodeIgniter.php(312): CodeIgniter\CodeIgniter->handleRequest(NULL, Object(Config\Cache), false)
#8 E:\OpenServerPanel\domains\ht.drtuan.com\index.php(48): CodeIgniter\CodeIgniter->run()
#9 {main}
CRITICAL - 2022-08-17 22:12:33 --> syntax error, unexpected ';', expecting ',' or ')'
#0 E:\OpenServerPanel\domains\ht.drtuan.com\vendor\codeigniter4\framework\system\Common.php(1119): CodeIgniter\View\View->render('frontend/homepa...', Array, true)
#1 E:\OpenServerPanel\domains\ht.drtuan.com\app\Views\frontend\homepage\layout\home.php(52): view('frontend/homepa...')
#2 E:\OpenServerPanel\domains\ht.drtuan.com\vendor\codeigniter4\framework\system\View\View.php(246): include('E:\\OpenServerPa...')
#3 E:\OpenServerPanel\domains\ht.drtuan.com\vendor\codeigniter4\framework\system\Common.php(1119): CodeIgniter\View\View->render('frontend/homepa...', Array, true)
#4 E:\OpenServerPanel\domains\ht.drtuan.com\app\Controllers\Frontend\Homepage\Home.php(115): view('frontend/homepa...', Array)
#5 E:\OpenServerPanel\domains\ht.drtuan.com\vendor\codeigniter4\framework\system\CodeIgniter.php(918): App\Controllers\Frontend\Homepage\Home->index()
#6 E:\OpenServerPanel\domains\ht.drtuan.com\vendor\codeigniter4\framework\system\CodeIgniter.php(404): CodeIgniter\CodeIgniter->runController(Object(App\Controllers\Frontend\Homepage\Home))
#7 E:\OpenServerPanel\domains\ht.drtuan.com\vendor\codeigniter4\framework\system\CodeIgniter.php(312): CodeIgniter\CodeIgniter->handleRequest(NULL, Object(Config\Cache), false)
#8 E:\OpenServerPanel\domains\ht.drtuan.com\index.php(48): CodeIgniter\CodeIgniter->run()
#9 {main}
CRITICAL - 2022-08-17 22:24:40 --> Undefined index: social_instagram
#0 E:\OpenServerPanel\domains\ht.drtuan.com\app\Views\frontend\homepage\common\footer.php(14): CodeIgniter\Debug\Exceptions->errorHandler(8, 'Undefined index...', 'E:\\OpenServerPa...', 14, Array)
#1 E:\OpenServerPanel\domains\ht.drtuan.com\vendor\codeigniter4\framework\system\View\View.php(246): include('E:\\OpenServerPa...')
#2 E:\OpenServerPanel\domains\ht.drtuan.com\vendor\codeigniter4\framework\system\Common.php(1119): CodeIgniter\View\View->render('frontend/homepa...', Array, true)
#3 E:\OpenServerPanel\domains\ht.drtuan.com\app\Views\frontend\homepage\layout\home.php(55): view('frontend/homepa...')
#4 E:\OpenServerPanel\domains\ht.drtuan.com\vendor\codeigniter4\framework\system\View\View.php(246): include('E:\\OpenServerPa...')
#5 E:\OpenServerPanel\domains\ht.drtuan.com\vendor\codeigniter4\framework\system\Common.php(1119): CodeIgniter\View\View->render('frontend/homepa...', Array, true)
#6 E:\OpenServerPanel\domains\ht.drtuan.com\app\Controllers\Frontend\Homepage\Home.php(115): view('frontend/homepa...', Array)
#7 E:\OpenServerPanel\domains\ht.drtuan.com\vendor\codeigniter4\framework\system\CodeIgniter.php(918): App\Controllers\Frontend\Homepage\Home->index()
#8 E:\OpenServerPanel\domains\ht.drtuan.com\vendor\codeigniter4\framework\system\CodeIgniter.php(404): CodeIgniter\CodeIgniter->runController(Object(App\Controllers\Frontend\Homepage\Home))
#9 E:\OpenServerPanel\domains\ht.drtuan.com\vendor\codeigniter4\framework\system\CodeIgniter.php(312): CodeIgniter\CodeIgniter->handleRequest(NULL, Object(Config\Cache), false)
#10 E:\OpenServerPanel\domains\ht.drtuan.com\index.php(48): CodeIgniter\CodeIgniter->run()
#11 {main}
CRITICAL - 2022-08-17 22:24:44 --> Undefined index: social_instagram
#0 E:\OpenServerPanel\domains\ht.drtuan.com\app\Views\frontend\homepage\common\footer.php(14): CodeIgniter\Debug\Exceptions->errorHandler(8, 'Undefined index...', 'E:\\OpenServerPa...', 14, Array)
#1 E:\OpenServerPanel\domains\ht.drtuan.com\vendor\codeigniter4\framework\system\View\View.php(246): include('E:\\OpenServerPa...')
#2 E:\OpenServerPanel\domains\ht.drtuan.com\vendor\codeigniter4\framework\system\Common.php(1119): CodeIgniter\View\View->render('frontend/homepa...', Array, true)
#3 E:\OpenServerPanel\domains\ht.drtuan.com\app\Views\frontend\homepage\layout\home.php(55): view('frontend/homepa...')
#4 E:\OpenServerPanel\domains\ht.drtuan.com\vendor\codeigniter4\framework\system\View\View.php(246): include('E:\\OpenServerPa...')
#5 E:\OpenServerPanel\domains\ht.drtuan.com\vendor\codeigniter4\framework\system\Common.php(1119): CodeIgniter\View\View->render('frontend/homepa...', Array, true)
#6 E:\OpenServerPanel\domains\ht.drtuan.com\app\Controllers\Frontend\Homepage\Home.php(115): view('frontend/homepa...', Array)
#7 E:\OpenServerPanel\domains\ht.drtuan.com\vendor\codeigniter4\framework\system\CodeIgniter.php(918): App\Controllers\Frontend\Homepage\Home->index()
#8 E:\OpenServerPanel\domains\ht.drtuan.com\vendor\codeigniter4\framework\system\CodeIgniter.php(404): CodeIgniter\CodeIgniter->runController(Object(App\Controllers\Frontend\Homepage\Home))
#9 E:\OpenServerPanel\domains\ht.drtuan.com\vendor\codeigniter4\framework\system\CodeIgniter.php(312): CodeIgniter\CodeIgniter->handleRequest(NULL, Object(Config\Cache), false)
#10 E:\OpenServerPanel\domains\ht.drtuan.com\index.php(48): CodeIgniter\CodeIgniter->run()
#11 {main}
CRITICAL - 2022-08-17 22:27:33 --> Undefined index: bestseller
#0 E:\OpenServerPanel\domains\ht.drtuan.com\app\Views\frontend\article\article\index.php(87): CodeIgniter\Debug\Exceptions->errorHandler(8, 'Undefined index...', 'E:\\OpenServerPa...', 87, Array)
#1 E:\OpenServerPanel\domains\ht.drtuan.com\vendor\codeigniter4\framework\system\View\View.php(246): include('E:\\OpenServerPa...')
#2 E:\OpenServerPanel\domains\ht.drtuan.com\vendor\codeigniter4\framework\system\Common.php(1119): CodeIgniter\View\View->render('frontend/articl...', Array, true)
#3 E:\OpenServerPanel\domains\ht.drtuan.com\app\Views\frontend\homepage\layout\home.php(52): view('frontend/articl...')
#4 E:\OpenServerPanel\domains\ht.drtuan.com\vendor\codeigniter4\framework\system\View\View.php(246): include('E:\\OpenServerPa...')
#5 E:\OpenServerPanel\domains\ht.drtuan.com\vendor\codeigniter4\framework\system\Common.php(1119): CodeIgniter\View\View->render('frontend/homepa...', Array, true)
#6 E:\OpenServerPanel\domains\ht.drtuan.com\app\Controllers\Frontend\Article\Article.php(278): view('frontend/homepa...', Array)
#7 E:\OpenServerPanel\domains\ht.drtuan.com\vendor\codeigniter4\framework\system\View\Cell.php(180): App\Controllers\Frontend\Article\Article->index(29, '1')
#8 E:\OpenServerPanel\domains\ht.drtuan.com\vendor\codeigniter4\framework\system\Common.php(1140): CodeIgniter\View\Cell->render('\\App\\Controller...', 'id=29, page=1', 0, 'AppControllersF...')
#9 E:\OpenServerPanel\domains\ht.drtuan.com\app\Controllers\Frontend\Homepage\Router.php(59): view_cell('\\App\\Controller...', 'id=29, page=1')
#10 E:\OpenServerPanel\domains\ht.drtuan.com\vendor\codeigniter4\framework\system\CodeIgniter.php(918): App\Controllers\Frontend\Homepage\Router->index('gioi-thieu-ve-c...')
#11 E:\OpenServerPanel\domains\ht.drtuan.com\vendor\codeigniter4\framework\system\CodeIgniter.php(404): CodeIgniter\CodeIgniter->runController(Object(App\Controllers\Frontend\Homepage\Router))
#12 E:\OpenServerPanel\domains\ht.drtuan.com\vendor\codeigniter4\framework\system\CodeIgniter.php(312): CodeIgniter\CodeIgniter->handleRequest(NULL, Object(Config\Cache), false)
#13 E:\OpenServerPanel\domains\ht.drtuan.com\index.php(48): CodeIgniter\CodeIgniter->run()
#14 {main}
CRITICAL - 2022-08-17 22:57:35 --> Undefined index: bestseller
#0 E:\OpenServerPanel\domains\ht.drtuan.com\app\Views\frontend\article\article\index.php(87): CodeIgniter\Debug\Exceptions->errorHandler(8, 'Undefined index...', 'E:\\OpenServerPa...', 87, Array)
#1 E:\OpenServerPanel\domains\ht.drtuan.com\vendor\codeigniter4\framework\system\View\View.php(246): include('E:\\OpenServerPa...')
#2 E:\OpenServerPanel\domains\ht.drtuan.com\vendor\codeigniter4\framework\system\Common.php(1119): CodeIgniter\View\View->render('frontend/articl...', Array, true)
#3 E:\OpenServerPanel\domains\ht.drtuan.com\app\Views\frontend\homepage\layout\home.php(52): view('frontend/articl...')
#4 E:\OpenServerPanel\domains\ht.drtuan.com\vendor\codeigniter4\framework\system\View\View.php(246): include('E:\\OpenServerPa...')
#5 E:\OpenServerPanel\domains\ht.drtuan.com\vendor\codeigniter4\framework\system\Common.php(1119): CodeIgniter\View\View->render('frontend/homepa...', Array, true)
#6 E:\OpenServerPanel\domains\ht.drtuan.com\app\Controllers\Frontend\Article\Article.php(278): view('frontend/homepa...', Array)
#7 E:\OpenServerPanel\domains\ht.drtuan.com\vendor\codeigniter4\framework\system\View\Cell.php(180): App\Controllers\Frontend\Article\Article->index(29, '1')
#8 E:\OpenServerPanel\domains\ht.drtuan.com\vendor\codeigniter4\framework\system\Common.php(1140): CodeIgniter\View\Cell->render('\\App\\Controller...', 'id=29, page=1', 0, 'AppControllersF...')
#9 E:\OpenServerPanel\domains\ht.drtuan.com\app\Controllers\Frontend\Homepage\Router.php(59): view_cell('\\App\\Controller...', 'id=29, page=1')
#10 E:\OpenServerPanel\domains\ht.drtuan.com\vendor\codeigniter4\framework\system\CodeIgniter.php(918): App\Controllers\Frontend\Homepage\Router->index('gioi-thieu-ve-c...')
#11 E:\OpenServerPanel\domains\ht.drtuan.com\vendor\codeigniter4\framework\system\CodeIgniter.php(404): CodeIgniter\CodeIgniter->runController(Object(App\Controllers\Frontend\Homepage\Router))
#12 E:\OpenServerPanel\domains\ht.drtuan.com\vendor\codeigniter4\framework\system\CodeIgniter.php(312): CodeIgniter\CodeIgniter->handleRequest(NULL, Object(Config\Cache), false)
#13 E:\OpenServerPanel\domains\ht.drtuan.com\index.php(48): CodeIgniter\CodeIgniter->run()
#14 {main}
CRITICAL - 2022-08-17 23:27:37 --> Undefined index: bestseller
#0 E:\OpenServerPanel\domains\ht.drtuan.com\app\Views\frontend\article\article\index.php(87): CodeIgniter\Debug\Exceptions->errorHandler(8, 'Undefined index...', 'E:\\OpenServerPa...', 87, Array)
#1 E:\OpenServerPanel\domains\ht.drtuan.com\vendor\codeigniter4\framework\system\View\View.php(246): include('E:\\OpenServerPa...')
#2 E:\OpenServerPanel\domains\ht.drtuan.com\vendor\codeigniter4\framework\system\Common.php(1119): CodeIgniter\View\View->render('frontend/articl...', Array, true)
#3 E:\OpenServerPanel\domains\ht.drtuan.com\app\Views\frontend\homepage\layout\home.php(52): view('frontend/articl...')
#4 E:\OpenServerPanel\domains\ht.drtuan.com\vendor\codeigniter4\framework\system\View\View.php(246): include('E:\\OpenServerPa...')
#5 E:\OpenServerPanel\domains\ht.drtuan.com\vendor\codeigniter4\framework\system\Common.php(1119): CodeIgniter\View\View->render('frontend/homepa...', Array, true)
#6 E:\OpenServerPanel\domains\ht.drtuan.com\app\Controllers\Frontend\Article\Article.php(278): view('frontend/homepa...', Array)
#7 E:\OpenServerPanel\domains\ht.drtuan.com\vendor\codeigniter4\framework\system\View\Cell.php(180): App\Controllers\Frontend\Article\Article->index(29, '1')
#8 E:\OpenServerPanel\domains\ht.drtuan.com\vendor\codeigniter4\framework\system\Common.php(1140): CodeIgniter\View\Cell->render('\\App\\Controller...', 'id=29, page=1', 0, 'AppControllersF...')
#9 E:\OpenServerPanel\domains\ht.drtuan.com\app\Controllers\Frontend\Homepage\Router.php(59): view_cell('\\App\\Controller...', 'id=29, page=1')
#10 E:\OpenServerPanel\domains\ht.drtuan.com\vendor\codeigniter4\framework\system\CodeIgniter.php(918): App\Controllers\Frontend\Homepage\Router->index('gioi-thieu-ve-c...')
#11 E:\OpenServerPanel\domains\ht.drtuan.com\vendor\codeigniter4\framework\system\CodeIgniter.php(404): CodeIgniter\CodeIgniter->runController(Object(App\Controllers\Frontend\Homepage\Router))
#12 E:\OpenServerPanel\domains\ht.drtuan.com\vendor\codeigniter4\framework\system\CodeIgniter.php(312): CodeIgniter\CodeIgniter->handleRequest(NULL, Object(Config\Cache), false)
#13 E:\OpenServerPanel\domains\ht.drtuan.com\index.php(48): CodeIgniter\CodeIgniter->run()
#14 {main}
CRITICAL - 2022-08-17 23:57:38 --> Undefined index: bestseller
#0 E:\OpenServerPanel\domains\ht.drtuan.com\app\Views\frontend\article\article\index.php(87): CodeIgniter\Debug\Exceptions->errorHandler(8, 'Undefined index...', 'E:\\OpenServerPa...', 87, Array)
#1 E:\OpenServerPanel\domains\ht.drtuan.com\vendor\codeigniter4\framework\system\View\View.php(246): include('E:\\OpenServerPa...')
#2 E:\OpenServerPanel\domains\ht.drtuan.com\vendor\codeigniter4\framework\system\Common.php(1119): CodeIgniter\View\View->render('frontend/articl...', Array, true)
#3 E:\OpenServerPanel\domains\ht.drtuan.com\app\Views\frontend\homepage\layout\home.php(52): view('frontend/articl...')
#4 E:\OpenServerPanel\domains\ht.drtuan.com\vendor\codeigniter4\framework\system\View\View.php(246): include('E:\\OpenServerPa...')
#5 E:\OpenServerPanel\domains\ht.drtuan.com\vendor\codeigniter4\framework\system\Common.php(1119): CodeIgniter\View\View->render('frontend/homepa...', Array, true)
#6 E:\OpenServerPanel\domains\ht.drtuan.com\app\Controllers\Frontend\Article\Article.php(278): view('frontend/homepa...', Array)
#7 E:\OpenServerPanel\domains\ht.drtuan.com\vendor\codeigniter4\framework\system\View\Cell.php(180): App\Controllers\Frontend\Article\Article->index(29, '1')
#8 E:\OpenServerPanel\domains\ht.drtuan.com\vendor\codeigniter4\framework\system\Common.php(1140): CodeIgniter\View\Cell->render('\\App\\Controller...', 'id=29, page=1', 0, 'AppControllersF...')
#9 E:\OpenServerPanel\domains\ht.drtuan.com\app\Controllers\Frontend\Homepage\Router.php(59): view_cell('\\App\\Controller...', 'id=29, page=1')
#10 E:\OpenServerPanel\domains\ht.drtuan.com\vendor\codeigniter4\framework\system\CodeIgniter.php(918): App\Controllers\Frontend\Homepage\Router->index('gioi-thieu-ve-c...')
#11 E:\OpenServerPanel\domains\ht.drtuan.com\vendor\codeigniter4\framework\system\CodeIgniter.php(404): CodeIgniter\CodeIgniter->runController(Object(App\Controllers\Frontend\Homepage\Router))
#12 E:\OpenServerPanel\domains\ht.drtuan.com\vendor\codeigniter4\framework\system\CodeIgniter.php(312): CodeIgniter\CodeIgniter->handleRequest(NULL, Object(Config\Cache), false)
#13 E:\OpenServerPanel\domains\ht.drtuan.com\index.php(48): CodeIgniter\CodeIgniter->run()
#14 {main}
