CRITICAL - 2022-09-24 01:39:58 --> Undefined index: content
#0 E:\OpenServerPanel\domains\cicore.com\app\Controllers\Backend\Article\Catalogue.php(93): CodeIgniter\Debug\Exceptions->errorHandler(8, 'Undefined index...', 'E:\\OpenServerPa...', 93, Array)
#1 E:\OpenServerPanel\domains\cicore.com\vendor\codeigniter4\framework\system\CodeIgniter.php(918): App\Controllers\Backend\Article\Catalogue->update(56)
#2 E:\OpenServerPanel\domains\cicore.com\vendor\codeigniter4\framework\system\CodeIgniter.php(404): CodeIgniter\CodeIgniter->runController(Object(App\Controllers\Backend\Article\Catalogue))
#3 E:\OpenServerPanel\domains\cicore.com\vendor\codeigniter4\framework\system\CodeIgniter.php(312): CodeIgniter\CodeIgniter->handleRequest(NULL, Object(Config\Cache), false)
#4 E:\OpenServerPanel\domains\cicore.com\index.php(48): CodeIgniter\CodeIgniter->run()
#5 {main}
CRITICAL - 2022-09-24 01:43:28 --> Undefined property: App\Controllers\Backend\Article\Catalogue::$articleCatalogueRepository
#0 E:\OpenServerPanel\domains\cicore.com\app\Controllers\Backend\Article\Catalogue.php(76): CodeIgniter\Debug\Exceptions->errorHandler(8, 'Undefined prope...', 'E:\\OpenServerPa...', 76, Array)
#1 E:\OpenServerPanel\domains\cicore.com\vendor\codeigniter4\framework\system\CodeIgniter.php(918): App\Controllers\Backend\Article\Catalogue->update(53)
#2 E:\OpenServerPanel\domains\cicore.com\vendor\codeigniter4\framework\system\CodeIgniter.php(404): CodeIgniter\CodeIgniter->runController(Object(App\Controllers\Backend\Article\Catalogue))
#3 E:\OpenServerPanel\domains\cicore.com\vendor\codeigniter4\framework\system\CodeIgniter.php(312): CodeIgniter\CodeIgniter->handleRequest(NULL, Object(Config\Cache), false)
#4 E:\OpenServerPanel\domains\cicore.com\index.php(48): CodeIgniter\CodeIgniter->run()
#5 {main}
CRITICAL - 2022-09-24 01:49:23 --> syntax error, unexpected ''where'' (T_CONSTANT_ENCAPSED_STRING), expecting ']'
#0 E:\OpenServerPanel\domains\cicore.com\vendor\codeigniter4\framework\system\Autoloader\Autoloader.php(296): CodeIgniter\Autoloader\Autoloader->requireFile('E:\\OpenServerPa...')
#1 E:\OpenServerPanel\domains\cicore.com\vendor\codeigniter4\framework\system\Autoloader\Autoloader.php(258): CodeIgniter\Autoloader\Autoloader->loadInNamespace('App\\Repositorie...')
#2 [internal function]: CodeIgniter\Autoloader\Autoloader->loadClass('App\\Repositorie...')
#3 E:\OpenServerPanel\domains\cicore.com\app\Config\Services.php(42): spl_autoload_call('App\\Repositorie...')
#4 E:\OpenServerPanel\domains\cicore.com\vendor\codeigniter4\framework\system\Config\BaseService.php(123): Config\Services::ArticleCatalogueRepository('article_catalog...', false)
#5 E:\OpenServerPanel\domains\cicore.com\app\Config\Services.php(39): CodeIgniter\Config\BaseService::getSharedInstance('articlecatalogu...', 'article_catalog...')
#6 E:\OpenServerPanel\domains\cicore.com\vendor\codeigniter4\framework\system\Common.php(957): Config\Services::ArticleCatalogueRepository('article_catalog...')
#7 E:\OpenServerPanel\domains\cicore.com\app\Services\ArticleCatalogueService.php(29): service('ArticleCatalogu...', 'article_catalog...')
#8 E:\OpenServerPanel\domains\cicore.com\app\Config\Services.php(30): App\Services\ArticleCatalogueService->__construct(Array)
#9 E:\OpenServerPanel\domains\cicore.com\vendor\codeigniter4\framework\system\Config\BaseService.php(123): Config\Services::ArticleCatalogueService(Array, false)
#10 E:\OpenServerPanel\domains\cicore.com\app\Config\Services.php(27): CodeIgniter\Config\BaseService::getSharedInstance('articlecatalogu...', Array)
#11 E:\OpenServerPanel\domains\cicore.com\vendor\codeigniter4\framework\system\Common.php(957): Config\Services::ArticleCatalogueService(Array)
#12 E:\OpenServerPanel\domains\cicore.com\app\Controllers\Backend\Article\Catalogue.php(19): service('ArticleCatalogu...', Array)
#13 E:\OpenServerPanel\domains\cicore.com\vendor\codeigniter4\framework\system\CodeIgniter.php(890): App\Controllers\Backend\Article\Catalogue->__construct()
#14 E:\OpenServerPanel\domains\cicore.com\vendor\codeigniter4\framework\system\CodeIgniter.php(399): CodeIgniter\CodeIgniter->createController()
#15 E:\OpenServerPanel\domains\cicore.com\vendor\codeigniter4\framework\system\CodeIgniter.php(312): CodeIgniter\CodeIgniter->handleRequest(NULL, Object(Config\Cache), false)
#16 E:\OpenServerPanel\domains\cicore.com\index.php(48): CodeIgniter\CodeIgniter->run()
#17 {main}
CRITICAL - 2022-09-24 01:50:11 --> Undefined variable: session
#0 E:\OpenServerPanel\domains\cicore.com\app\Controllers\Backend\Article\Catalogue.php(81): CodeIgniter\Debug\Exceptions->errorHandler(8, 'Undefined varia...', 'E:\\OpenServerPa...', 81, Array)
#1 E:\OpenServerPanel\domains\cicore.com\vendor\codeigniter4\framework\system\CodeIgniter.php(918): App\Controllers\Backend\Article\Catalogue->update(100)
#2 E:\OpenServerPanel\domains\cicore.com\vendor\codeigniter4\framework\system\CodeIgniter.php(404): CodeIgniter\CodeIgniter->runController(Object(App\Controllers\Backend\Article\Catalogue))
#3 E:\OpenServerPanel\domains\cicore.com\vendor\codeigniter4\framework\system\CodeIgniter.php(312): CodeIgniter\CodeIgniter->handleRequest(NULL, Object(Config\Cache), false)
#4 E:\OpenServerPanel\domains\cicore.com\index.php(48): CodeIgniter\CodeIgniter->run()
#5 {main}
CRITICAL - 2022-09-24 01:50:35 --> Undefined variable: title
#0 E:\OpenServerPanel\domains\cicore.com\app\Views\backend\article\catalogue\store.php(3): CodeIgniter\Debug\Exceptions->errorHandler(8, 'Undefined varia...', 'E:\\OpenServerPa...', 3, Array)
#1 E:\OpenServerPanel\domains\cicore.com\vendor\codeigniter4\framework\system\View\View.php(246): include('E:\\OpenServerPa...')
#2 E:\OpenServerPanel\domains\cicore.com\vendor\codeigniter4\framework\system\Common.php(1119): CodeIgniter\View\View->render('backend/article...', Array, true)
#3 E:\OpenServerPanel\domains\cicore.com\app\Views\backend\article\catalogue\update.php(16): view('backend/article...', Array)
#4 E:\OpenServerPanel\domains\cicore.com\vendor\codeigniter4\framework\system\View\View.php(246): include('E:\\OpenServerPa...')
#5 E:\OpenServerPanel\domains\cicore.com\vendor\codeigniter4\framework\system\Common.php(1119): CodeIgniter\View\View->render('backend/article...', Array, true)
#6 E:\OpenServerPanel\domains\cicore.com\app\Views\backend\dashboard\layout\home.php(44): view('backend/article...')
#7 E:\OpenServerPanel\domains\cicore.com\vendor\codeigniter4\framework\system\View\View.php(246): include('E:\\OpenServerPa...')
#8 E:\OpenServerPanel\domains\cicore.com\vendor\codeigniter4\framework\system\Common.php(1119): CodeIgniter\View\View->render('backend/dashboa...', Array, true)
#9 E:\OpenServerPanel\domains\cicore.com\app\Controllers\Backend\Article\Catalogue.php(128): view('backend/dashboa...', Array)
#10 E:\OpenServerPanel\domains\cicore.com\vendor\codeigniter4\framework\system\CodeIgniter.php(918): App\Controllers\Backend\Article\Catalogue->update(53)
#11 E:\OpenServerPanel\domains\cicore.com\vendor\codeigniter4\framework\system\CodeIgniter.php(404): CodeIgniter\CodeIgniter->runController(Object(App\Controllers\Backend\Article\Catalogue))
#12 E:\OpenServerPanel\domains\cicore.com\vendor\codeigniter4\framework\system\CodeIgniter.php(312): CodeIgniter\CodeIgniter->handleRequest(NULL, Object(Config\Cache), false)
#13 E:\OpenServerPanel\domains\cicore.com\index.php(48): CodeIgniter\CodeIgniter->run()
#14 {main}
CRITICAL - 2022-09-24 01:51:51 --> Undefined variable: title
#0 E:\OpenServerPanel\domains\cicore.com\app\Views\backend\article\catalogue\store.php(3): CodeIgniter\Debug\Exceptions->errorHandler(8, 'Undefined varia...', 'E:\\OpenServerPa...', 3, Array)
#1 E:\OpenServerPanel\domains\cicore.com\vendor\codeigniter4\framework\system\View\View.php(246): include('E:\\OpenServerPa...')
#2 E:\OpenServerPanel\domains\cicore.com\vendor\codeigniter4\framework\system\Common.php(1119): CodeIgniter\View\View->render('backend/article...', Array, true)
#3 E:\OpenServerPanel\domains\cicore.com\app\Views\backend\article\catalogue\update.php(16): view('backend/article...', Array)
#4 E:\OpenServerPanel\domains\cicore.com\vendor\codeigniter4\framework\system\View\View.php(246): include('E:\\OpenServerPa...')
#5 E:\OpenServerPanel\domains\cicore.com\vendor\codeigniter4\framework\system\Common.php(1119): CodeIgniter\View\View->render('backend/article...', Array, true)
#6 E:\OpenServerPanel\domains\cicore.com\app\Views\backend\dashboard\layout\home.php(44): view('backend/article...')
#7 E:\OpenServerPanel\domains\cicore.com\vendor\codeigniter4\framework\system\View\View.php(246): include('E:\\OpenServerPa...')
#8 E:\OpenServerPanel\domains\cicore.com\vendor\codeigniter4\framework\system\Common.php(1119): CodeIgniter\View\View->render('backend/dashboa...', Array, true)
#9 E:\OpenServerPanel\domains\cicore.com\app\Controllers\Backend\Article\Catalogue.php(97): view('backend/dashboa...', Array)
#10 E:\OpenServerPanel\domains\cicore.com\vendor\codeigniter4\framework\system\CodeIgniter.php(918): App\Controllers\Backend\Article\Catalogue->update(53)
#11 E:\OpenServerPanel\domains\cicore.com\vendor\codeigniter4\framework\system\CodeIgniter.php(404): CodeIgniter\CodeIgniter->runController(Object(App\Controllers\Backend\Article\Catalogue))
#12 E:\OpenServerPanel\domains\cicore.com\vendor\codeigniter4\framework\system\CodeIgniter.php(312): CodeIgniter\CodeIgniter->handleRequest(NULL, Object(Config\Cache), false)
#13 E:\OpenServerPanel\domains\cicore.com\index.php(48): CodeIgniter\CodeIgniter->run()
#14 {main}
CRITICAL - 2022-09-24 01:51:52 --> Undefined variable: title
#0 E:\OpenServerPanel\domains\cicore.com\app\Views\backend\article\catalogue\store.php(3): CodeIgniter\Debug\Exceptions->errorHandler(8, 'Undefined varia...', 'E:\\OpenServerPa...', 3, Array)
#1 E:\OpenServerPanel\domains\cicore.com\vendor\codeigniter4\framework\system\View\View.php(246): include('E:\\OpenServerPa...')
#2 E:\OpenServerPanel\domains\cicore.com\vendor\codeigniter4\framework\system\Common.php(1119): CodeIgniter\View\View->render('backend/article...', Array, true)
#3 E:\OpenServerPanel\domains\cicore.com\app\Views\backend\article\catalogue\update.php(16): view('backend/article...', Array)
#4 E:\OpenServerPanel\domains\cicore.com\vendor\codeigniter4\framework\system\View\View.php(246): include('E:\\OpenServerPa...')
#5 E:\OpenServerPanel\domains\cicore.com\vendor\codeigniter4\framework\system\Common.php(1119): CodeIgniter\View\View->render('backend/article...', Array, true)
#6 E:\OpenServerPanel\domains\cicore.com\app\Views\backend\dashboard\layout\home.php(44): view('backend/article...')
#7 E:\OpenServerPanel\domains\cicore.com\vendor\codeigniter4\framework\system\View\View.php(246): include('E:\\OpenServerPa...')
#8 E:\OpenServerPanel\domains\cicore.com\vendor\codeigniter4\framework\system\Common.php(1119): CodeIgniter\View\View->render('backend/dashboa...', Array, true)
#9 E:\OpenServerPanel\domains\cicore.com\app\Controllers\Backend\Article\Catalogue.php(97): view('backend/dashboa...', Array)
#10 E:\OpenServerPanel\domains\cicore.com\vendor\codeigniter4\framework\system\CodeIgniter.php(918): App\Controllers\Backend\Article\Catalogue->update(53)
#11 E:\OpenServerPanel\domains\cicore.com\vendor\codeigniter4\framework\system\CodeIgniter.php(404): CodeIgniter\CodeIgniter->runController(Object(App\Controllers\Backend\Article\Catalogue))
#12 E:\OpenServerPanel\domains\cicore.com\vendor\codeigniter4\framework\system\CodeIgniter.php(312): CodeIgniter\CodeIgniter->handleRequest(NULL, Object(Config\Cache), false)
#13 E:\OpenServerPanel\domains\cicore.com\index.php(48): CodeIgniter\CodeIgniter->run()
#14 {main}
CRITICAL - 2022-09-24 01:55:51 --> syntax error, unexpected ';'
#0 E:\OpenServerPanel\domains\cicore.com\vendor\codeigniter4\framework\system\Common.php(1119): CodeIgniter\View\View->render('backend/article...', Array, true)
#1 E:\OpenServerPanel\domains\cicore.com\app\Views\backend\article\catalogue\store.php(23): view('backend/article...')
#2 E:\OpenServerPanel\domains\cicore.com\vendor\codeigniter4\framework\system\View\View.php(246): include('E:\\OpenServerPa...')
#3 E:\OpenServerPanel\domains\cicore.com\vendor\codeigniter4\framework\system\Common.php(1119): CodeIgniter\View\View->render('backend/article...', Array, true)
#4 E:\OpenServerPanel\domains\cicore.com\app\Views\backend\dashboard\layout\home.php(44): view('backend/article...')
#5 E:\OpenServerPanel\domains\cicore.com\vendor\codeigniter4\framework\system\View\View.php(246): include('E:\\OpenServerPa...')
#6 E:\OpenServerPanel\domains\cicore.com\vendor\codeigniter4\framework\system\Common.php(1119): CodeIgniter\View\View->render('backend/dashboa...', Array, true)
#7 E:\OpenServerPanel\domains\cicore.com\app\Controllers\Backend\Article\Catalogue.php(104): view('backend/dashboa...', Array)
#8 E:\OpenServerPanel\domains\cicore.com\vendor\codeigniter4\framework\system\CodeIgniter.php(918): App\Controllers\Backend\Article\Catalogue->update(53)
#9 E:\OpenServerPanel\domains\cicore.com\vendor\codeigniter4\framework\system\CodeIgniter.php(404): CodeIgniter\CodeIgniter->runController(Object(App\Controllers\Backend\Article\Catalogue))
#10 E:\OpenServerPanel\domains\cicore.com\vendor\codeigniter4\framework\system\CodeIgniter.php(312): CodeIgniter\CodeIgniter->handleRequest(NULL, Object(Config\Cache), false)
#11 E:\OpenServerPanel\domains\cicore.com\index.php(48): CodeIgniter\CodeIgniter->run()
#12 {main}
CRITICAL - 2022-09-24 01:56:11 --> syntax error, unexpected ';'
#0 E:\OpenServerPanel\domains\cicore.com\vendor\codeigniter4\framework\system\Common.php(1119): CodeIgniter\View\View->render('backend/article...', Array, true)
#1 E:\OpenServerPanel\domains\cicore.com\app\Views\backend\article\catalogue\store.php(23): view('backend/article...')
#2 E:\OpenServerPanel\domains\cicore.com\vendor\codeigniter4\framework\system\View\View.php(246): include('E:\\OpenServerPa...')
#3 E:\OpenServerPanel\domains\cicore.com\vendor\codeigniter4\framework\system\Common.php(1119): CodeIgniter\View\View->render('backend/article...', Array, true)
#4 E:\OpenServerPanel\domains\cicore.com\app\Views\backend\dashboard\layout\home.php(44): view('backend/article...')
#5 E:\OpenServerPanel\domains\cicore.com\vendor\codeigniter4\framework\system\View\View.php(246): include('E:\\OpenServerPa...')
#6 E:\OpenServerPanel\domains\cicore.com\vendor\codeigniter4\framework\system\Common.php(1119): CodeIgniter\View\View->render('backend/dashboa...', Array, true)
#7 E:\OpenServerPanel\domains\cicore.com\app\Controllers\Backend\Article\Catalogue.php(104): view('backend/dashboa...', Array)
#8 E:\OpenServerPanel\domains\cicore.com\vendor\codeigniter4\framework\system\CodeIgniter.php(918): App\Controllers\Backend\Article\Catalogue->update(53)
#9 E:\OpenServerPanel\domains\cicore.com\vendor\codeigniter4\framework\system\CodeIgniter.php(404): CodeIgniter\CodeIgniter->runController(Object(App\Controllers\Backend\Article\Catalogue))
#10 E:\OpenServerPanel\domains\cicore.com\vendor\codeigniter4\framework\system\CodeIgniter.php(312): CodeIgniter\CodeIgniter->handleRequest(NULL, Object(Config\Cache), false)
#11 E:\OpenServerPanel\domains\cicore.com\index.php(48): CodeIgniter\CodeIgniter->run()
#12 {main}
CRITICAL - 2022-09-24 01:57:56 --> Cannot use isset() on the result of an expression (you can use "null !== expression" instead)
#0 [internal function]: CodeIgniter\Debug\Exceptions->shutdownHandler()
#1 {main}
CRITICAL - 2022-09-24 01:57:57 --> Cannot use isset() on the result of an expression (you can use "null !== expression" instead)
#0 [internal function]: CodeIgniter\Debug\Exceptions->shutdownHandler()
#1 {main}
CRITICAL - 2022-09-24 01:58:08 --> Undefined variable: googleLink
#0 E:\OpenServerPanel\domains\cicore.com\app\Views\backend\article\catalogue\include\seo.php(26): CodeIgniter\Debug\Exceptions->errorHandler(8, 'Undefined varia...', 'E:\\OpenServerPa...', 26, Array)
#1 E:\OpenServerPanel\domains\cicore.com\vendor\codeigniter4\framework\system\View\View.php(246): include('E:\\OpenServerPa...')
#2 E:\OpenServerPanel\domains\cicore.com\vendor\codeigniter4\framework\system\Common.php(1119): CodeIgniter\View\View->render('backend/article...', Array, true)
#3 E:\OpenServerPanel\domains\cicore.com\app\Views\backend\article\catalogue\store.php(23): view('backend/article...')
#4 E:\OpenServerPanel\domains\cicore.com\vendor\codeigniter4\framework\system\View\View.php(246): include('E:\\OpenServerPa...')
#5 E:\OpenServerPanel\domains\cicore.com\vendor\codeigniter4\framework\system\Common.php(1119): CodeIgniter\View\View->render('backend/article...', Array, true)
#6 E:\OpenServerPanel\domains\cicore.com\app\Views\backend\dashboard\layout\home.php(44): view('backend/article...')
#7 E:\OpenServerPanel\domains\cicore.com\vendor\codeigniter4\framework\system\View\View.php(246): include('E:\\OpenServerPa...')
#8 E:\OpenServerPanel\domains\cicore.com\vendor\codeigniter4\framework\system\Common.php(1119): CodeIgniter\View\View->render('backend/dashboa...', Array, true)
#9 E:\OpenServerPanel\domains\cicore.com\app\Controllers\Backend\Article\Catalogue.php(104): view('backend/dashboa...', Array)
#10 E:\OpenServerPanel\domains\cicore.com\vendor\codeigniter4\framework\system\CodeIgniter.php(918): App\Controllers\Backend\Article\Catalogue->update(53)
#11 E:\OpenServerPanel\domains\cicore.com\vendor\codeigniter4\framework\system\CodeIgniter.php(404): CodeIgniter\CodeIgniter->runController(Object(App\Controllers\Backend\Article\Catalogue))
#12 E:\OpenServerPanel\domains\cicore.com\vendor\codeigniter4\framework\system\CodeIgniter.php(312): CodeIgniter\CodeIgniter->handleRequest(NULL, Object(Config\Cache), false)
#13 E:\OpenServerPanel\domains\cicore.com\index.php(48): CodeIgniter\CodeIgniter->run()
#14 {main}
CRITICAL - 2022-09-24 01:58:09 --> Undefined variable: googleLink
#0 E:\OpenServerPanel\domains\cicore.com\app\Views\backend\article\catalogue\include\seo.php(26): CodeIgniter\Debug\Exceptions->errorHandler(8, 'Undefined varia...', 'E:\\OpenServerPa...', 26, Array)
#1 E:\OpenServerPanel\domains\cicore.com\vendor\codeigniter4\framework\system\View\View.php(246): include('E:\\OpenServerPa...')
#2 E:\OpenServerPanel\domains\cicore.com\vendor\codeigniter4\framework\system\Common.php(1119): CodeIgniter\View\View->render('backend/article...', Array, true)
#3 E:\OpenServerPanel\domains\cicore.com\app\Views\backend\article\catalogue\store.php(23): view('backend/article...')
#4 E:\OpenServerPanel\domains\cicore.com\vendor\codeigniter4\framework\system\View\View.php(246): include('E:\\OpenServerPa...')
#5 E:\OpenServerPanel\domains\cicore.com\vendor\codeigniter4\framework\system\Common.php(1119): CodeIgniter\View\View->render('backend/article...', Array, true)
#6 E:\OpenServerPanel\domains\cicore.com\app\Views\backend\dashboard\layout\home.php(44): view('backend/article...')
#7 E:\OpenServerPanel\domains\cicore.com\vendor\codeigniter4\framework\system\View\View.php(246): include('E:\\OpenServerPa...')
#8 E:\OpenServerPanel\domains\cicore.com\vendor\codeigniter4\framework\system\Common.php(1119): CodeIgniter\View\View->render('backend/dashboa...', Array, true)
#9 E:\OpenServerPanel\domains\cicore.com\app\Controllers\Backend\Article\Catalogue.php(104): view('backend/dashboa...', Array)
#10 E:\OpenServerPanel\domains\cicore.com\vendor\codeigniter4\framework\system\CodeIgniter.php(918): App\Controllers\Backend\Article\Catalogue->update(53)
#11 E:\OpenServerPanel\domains\cicore.com\vendor\codeigniter4\framework\system\CodeIgniter.php(404): CodeIgniter\CodeIgniter->runController(Object(App\Controllers\Backend\Article\Catalogue))
#12 E:\OpenServerPanel\domains\cicore.com\vendor\codeigniter4\framework\system\CodeIgniter.php(312): CodeIgniter\CodeIgniter->handleRequest(NULL, Object(Config\Cache), false)
#13 E:\OpenServerPanel\domains\cicore.com\index.php(48): CodeIgniter\CodeIgniter->run()
#14 {main}
CRITICAL - 2022-09-24 01:58:56 --> Undefined variable: metaDescription
#0 E:\OpenServerPanel\domains\cicore.com\app\Views\backend\article\catalogue\include\seo.php(28): CodeIgniter\Debug\Exceptions->errorHandler(8, 'Undefined varia...', 'E:\\OpenServerPa...', 28, Array)
#1 E:\OpenServerPanel\domains\cicore.com\vendor\codeigniter4\framework\system\View\View.php(246): include('E:\\OpenServerPa...')
#2 E:\OpenServerPanel\domains\cicore.com\vendor\codeigniter4\framework\system\Common.php(1119): CodeIgniter\View\View->render('backend/article...', Array, true)
#3 E:\OpenServerPanel\domains\cicore.com\app\Views\backend\article\catalogue\store.php(23): view('backend/article...')
#4 E:\OpenServerPanel\domains\cicore.com\vendor\codeigniter4\framework\system\View\View.php(246): include('E:\\OpenServerPa...')
#5 E:\OpenServerPanel\domains\cicore.com\vendor\codeigniter4\framework\system\Common.php(1119): CodeIgniter\View\View->render('backend/article...', Array, true)
#6 E:\OpenServerPanel\domains\cicore.com\app\Views\backend\dashboard\layout\home.php(44): view('backend/article...')
#7 E:\OpenServerPanel\domains\cicore.com\vendor\codeigniter4\framework\system\View\View.php(246): include('E:\\OpenServerPa...')
#8 E:\OpenServerPanel\domains\cicore.com\vendor\codeigniter4\framework\system\Common.php(1119): CodeIgniter\View\View->render('backend/dashboa...', Array, true)
#9 E:\OpenServerPanel\domains\cicore.com\app\Controllers\Backend\Article\Catalogue.php(104): view('backend/dashboa...', Array)
#10 E:\OpenServerPanel\domains\cicore.com\vendor\codeigniter4\framework\system\CodeIgniter.php(918): App\Controllers\Backend\Article\Catalogue->update(53)
#11 E:\OpenServerPanel\domains\cicore.com\vendor\codeigniter4\framework\system\CodeIgniter.php(404): CodeIgniter\CodeIgniter->runController(Object(App\Controllers\Backend\Article\Catalogue))
#12 E:\OpenServerPanel\domains\cicore.com\vendor\codeigniter4\framework\system\CodeIgniter.php(312): CodeIgniter\CodeIgniter->handleRequest(NULL, Object(Config\Cache), false)
#13 E:\OpenServerPanel\domains\cicore.com\index.php(48): CodeIgniter\CodeIgniter->run()
#14 {main}
CRITICAL - 2022-09-24 01:59:31 --> syntax error, unexpected ')'
#0 E:\OpenServerPanel\domains\cicore.com\vendor\codeigniter4\framework\system\Common.php(1119): CodeIgniter\View\View->render('backend/article...', Array, true)
#1 E:\OpenServerPanel\domains\cicore.com\app\Views\backend\article\catalogue\store.php(23): view('backend/article...')
#2 E:\OpenServerPanel\domains\cicore.com\vendor\codeigniter4\framework\system\View\View.php(246): include('E:\\OpenServerPa...')
#3 E:\OpenServerPanel\domains\cicore.com\vendor\codeigniter4\framework\system\Common.php(1119): CodeIgniter\View\View->render('backend/article...', Array, true)
#4 E:\OpenServerPanel\domains\cicore.com\app\Views\backend\dashboard\layout\home.php(44): view('backend/article...')
#5 E:\OpenServerPanel\domains\cicore.com\vendor\codeigniter4\framework\system\View\View.php(246): include('E:\\OpenServerPa...')
#6 E:\OpenServerPanel\domains\cicore.com\vendor\codeigniter4\framework\system\Common.php(1119): CodeIgniter\View\View->render('backend/dashboa...', Array, true)
#7 E:\OpenServerPanel\domains\cicore.com\app\Controllers\Backend\Article\Catalogue.php(104): view('backend/dashboa...', Array)
#8 E:\OpenServerPanel\domains\cicore.com\vendor\codeigniter4\framework\system\CodeIgniter.php(918): App\Controllers\Backend\Article\Catalogue->update(53)
#9 E:\OpenServerPanel\domains\cicore.com\vendor\codeigniter4\framework\system\CodeIgniter.php(404): CodeIgniter\CodeIgniter->runController(Object(App\Controllers\Backend\Article\Catalogue))
#10 E:\OpenServerPanel\domains\cicore.com\vendor\codeigniter4\framework\system\CodeIgniter.php(312): CodeIgniter\CodeIgniter->handleRequest(NULL, Object(Config\Cache), false)
#11 E:\OpenServerPanel\domains\cicore.com\index.php(48): CodeIgniter\CodeIgniter->run()
#12 {main}
CRITICAL - 2022-09-24 01:59:32 --> syntax error, unexpected ')'
#0 E:\OpenServerPanel\domains\cicore.com\vendor\codeigniter4\framework\system\Common.php(1119): CodeIgniter\View\View->render('backend/article...', Array, true)
#1 E:\OpenServerPanel\domains\cicore.com\app\Views\backend\article\catalogue\store.php(23): view('backend/article...')
#2 E:\OpenServerPanel\domains\cicore.com\vendor\codeigniter4\framework\system\View\View.php(246): include('E:\\OpenServerPa...')
#3 E:\OpenServerPanel\domains\cicore.com\vendor\codeigniter4\framework\system\Common.php(1119): CodeIgniter\View\View->render('backend/article...', Array, true)
#4 E:\OpenServerPanel\domains\cicore.com\app\Views\backend\dashboard\layout\home.php(44): view('backend/article...')
#5 E:\OpenServerPanel\domains\cicore.com\vendor\codeigniter4\framework\system\View\View.php(246): include('E:\\OpenServerPa...')
#6 E:\OpenServerPanel\domains\cicore.com\vendor\codeigniter4\framework\system\Common.php(1119): CodeIgniter\View\View->render('backend/dashboa...', Array, true)
#7 E:\OpenServerPanel\domains\cicore.com\app\Controllers\Backend\Article\Catalogue.php(104): view('backend/dashboa...', Array)
#8 E:\OpenServerPanel\domains\cicore.com\vendor\codeigniter4\framework\system\CodeIgniter.php(918): App\Controllers\Backend\Article\Catalogue->update(53)
#9 E:\OpenServerPanel\domains\cicore.com\vendor\codeigniter4\framework\system\CodeIgniter.php(404): CodeIgniter\CodeIgniter->runController(Object(App\Controllers\Backend\Article\Catalogue))
#10 E:\OpenServerPanel\domains\cicore.com\vendor\codeigniter4\framework\system\CodeIgniter.php(312): CodeIgniter\CodeIgniter->handleRequest(NULL, Object(Config\Cache), false)
#11 E:\OpenServerPanel\domains\cicore.com\index.php(48): CodeIgniter\CodeIgniter->run()
#12 {main}
CRITICAL - 2022-09-24 02:03:24 --> syntax error, unexpected ')', expecting ',' or ';'
#0 E:\OpenServerPanel\domains\cicore.com\vendor\codeigniter4\framework\system\Common.php(1119): CodeIgniter\View\View->render('backend/article...', Array, true)
#1 E:\OpenServerPanel\domains\cicore.com\app\Views\backend\article\catalogue\store.php(27): view('backend/article...')
#2 E:\OpenServerPanel\domains\cicore.com\vendor\codeigniter4\framework\system\View\View.php(246): include('E:\\OpenServerPa...')
#3 E:\OpenServerPanel\domains\cicore.com\vendor\codeigniter4\framework\system\Common.php(1119): CodeIgniter\View\View->render('backend/article...', Array, true)
#4 E:\OpenServerPanel\domains\cicore.com\app\Views\backend\dashboard\layout\home.php(44): view('backend/article...')
#5 E:\OpenServerPanel\domains\cicore.com\vendor\codeigniter4\framework\system\View\View.php(246): include('E:\\OpenServerPa...')
#6 E:\OpenServerPanel\domains\cicore.com\vendor\codeigniter4\framework\system\Common.php(1119): CodeIgniter\View\View->render('backend/dashboa...', Array, true)
#7 E:\OpenServerPanel\domains\cicore.com\app\Controllers\Backend\Article\Catalogue.php(104): view('backend/dashboa...', Array)
#8 E:\OpenServerPanel\domains\cicore.com\vendor\codeigniter4\framework\system\CodeIgniter.php(918): App\Controllers\Backend\Article\Catalogue->update(53)
#9 E:\OpenServerPanel\domains\cicore.com\vendor\codeigniter4\framework\system\CodeIgniter.php(404): CodeIgniter\CodeIgniter->runController(Object(App\Controllers\Backend\Article\Catalogue))
#10 E:\OpenServerPanel\domains\cicore.com\vendor\codeigniter4\framework\system\CodeIgniter.php(312): CodeIgniter\CodeIgniter->handleRequest(NULL, Object(Config\Cache), false)
#11 E:\OpenServerPanel\domains\cicore.com\index.php(48): CodeIgniter\CodeIgniter->run()
#12 {main}
CRITICAL - 2022-09-24 02:29:19 --> Too few arguments to function App\Repositories\BaseRepository::updateTranslate(), 3 passed in E:\OpenServerPanel\domains\cicore.com\app\Services\ArticleCatalogueService.php on line 102 and exactly 4 expected
#0 E:\OpenServerPanel\domains\cicore.com\app\Services\ArticleCatalogueService.php(102): App\Repositories\BaseRepository->updateTranslate(Array, 'article_catalog...', Array)
#1 E:\OpenServerPanel\domains\cicore.com\app\Controllers\Backend\Article\Catalogue.php(88): App\Services\ArticleCatalogueService->update(53)
#2 E:\OpenServerPanel\domains\cicore.com\vendor\codeigniter4\framework\system\CodeIgniter.php(918): App\Controllers\Backend\Article\Catalogue->update(53)
#3 E:\OpenServerPanel\domains\cicore.com\vendor\codeigniter4\framework\system\CodeIgniter.php(404): CodeIgniter\CodeIgniter->runController(Object(App\Controllers\Backend\Article\Catalogue))
#4 E:\OpenServerPanel\domains\cicore.com\vendor\codeigniter4\framework\system\CodeIgniter.php(312): CodeIgniter\CodeIgniter->handleRequest(NULL, Object(Config\Cache), false)
#5 E:\OpenServerPanel\domains\cicore.com\index.php(48): CodeIgniter\CodeIgniter->run()
#6 {main}
CRITICAL - 2022-09-24 02:31:34 --> Declaration of App\Repositories\BaseRepository::updateTranslate(array $payload, string $table, array $condition) must be compatible with App\Repositories\Interfaces\BaseRepositoryInterface::updateTranslate($payload, $table, $condition)
#0 [internal function]: CodeIgniter\Debug\Exceptions->shutdownHandler()
#1 {main}
CRITICAL - 2022-09-24 02:37:05 --> Call to undefined function App\Services\renderRouter()
#0 E:\OpenServerPanel\domains\cicore.com\app\Controllers\Backend\Article\Catalogue.php(51): App\Services\ArticleCatalogueService->create()
#1 E:\OpenServerPanel\domains\cicore.com\vendor\codeigniter4\framework\system\CodeIgniter.php(918): App\Controllers\Backend\Article\Catalogue->create()
#2 E:\OpenServerPanel\domains\cicore.com\vendor\codeigniter4\framework\system\CodeIgniter.php(404): CodeIgniter\CodeIgniter->runController(Object(App\Controllers\Backend\Article\Catalogue))
#3 E:\OpenServerPanel\domains\cicore.com\vendor\codeigniter4\framework\system\CodeIgniter.php(312): CodeIgniter\CodeIgniter->handleRequest(NULL, Object(Config\Cache), false)
#4 E:\OpenServerPanel\domains\cicore.com\index.php(48): CodeIgniter\CodeIgniter->run()
#5 {main}
CRITICAL - 2022-09-24 02:45:40 --> Undefined variable: article_catalogue
#0 E:\OpenServerPanel\domains\cicore.com\app\Views\backend\article\catalogue\delete.php(7): CodeIgniter\Debug\Exceptions->errorHandler(8, 'Undefined varia...', 'E:\\OpenServerPa...', 7, Array)
#1 E:\OpenServerPanel\domains\cicore.com\vendor\codeigniter4\framework\system\View\View.php(246): include('E:\\OpenServerPa...')
#2 E:\OpenServerPanel\domains\cicore.com\vendor\codeigniter4\framework\system\Common.php(1119): CodeIgniter\View\View->render('backend/article...', Array, true)
#3 E:\OpenServerPanel\domains\cicore.com\app\Views\backend\dashboard\layout\home.php(44): view('backend/article...')
#4 E:\OpenServerPanel\domains\cicore.com\vendor\codeigniter4\framework\system\View\View.php(246): include('E:\\OpenServerPa...')
#5 E:\OpenServerPanel\domains\cicore.com\vendor\codeigniter4\framework\system\Common.php(1119): CodeIgniter\View\View->render('backend/dashboa...', Array, true)
#6 E:\OpenServerPanel\domains\cicore.com\app\Controllers\Backend\Article\Catalogue.php(135): view('backend/dashboa...', Array)
#7 E:\OpenServerPanel\domains\cicore.com\vendor\codeigniter4\framework\system\CodeIgniter.php(918): App\Controllers\Backend\Article\Catalogue->delete(58)
#8 E:\OpenServerPanel\domains\cicore.com\vendor\codeigniter4\framework\system\CodeIgniter.php(404): CodeIgniter\CodeIgniter->runController(Object(App\Controllers\Backend\Article\Catalogue))
#9 E:\OpenServerPanel\domains\cicore.com\vendor\codeigniter4\framework\system\CodeIgniter.php(312): CodeIgniter\CodeIgniter->handleRequest(NULL, Object(Config\Cache), false)
#10 E:\OpenServerPanel\domains\cicore.com\index.php(48): CodeIgniter\CodeIgniter->run()
#11 {main}
CRITICAL - 2022-09-24 02:45:59 --> Undefined variable: articleCatalogue
#0 E:\OpenServerPanel\domains\cicore.com\app\Views\backend\article\catalogue\delete.php(7): CodeIgniter\Debug\Exceptions->errorHandler(8, 'Undefined varia...', 'E:\\OpenServerPa...', 7, Array)
#1 E:\OpenServerPanel\domains\cicore.com\vendor\codeigniter4\framework\system\View\View.php(246): include('E:\\OpenServerPa...')
#2 E:\OpenServerPanel\domains\cicore.com\vendor\codeigniter4\framework\system\Common.php(1119): CodeIgniter\View\View->render('backend/article...', Array, true)
#3 E:\OpenServerPanel\domains\cicore.com\app\Views\backend\dashboard\layout\home.php(44): view('backend/article...')
#4 E:\OpenServerPanel\domains\cicore.com\vendor\codeigniter4\framework\system\View\View.php(246): include('E:\\OpenServerPa...')
#5 E:\OpenServerPanel\domains\cicore.com\vendor\codeigniter4\framework\system\Common.php(1119): CodeIgniter\View\View->render('backend/dashboa...', Array, true)
#6 E:\OpenServerPanel\domains\cicore.com\app\Controllers\Backend\Article\Catalogue.php(135): view('backend/dashboa...', Array)
#7 E:\OpenServerPanel\domains\cicore.com\vendor\codeigniter4\framework\system\CodeIgniter.php(918): App\Controllers\Backend\Article\Catalogue->delete(58)
#8 E:\OpenServerPanel\domains\cicore.com\vendor\codeigniter4\framework\system\CodeIgniter.php(404): CodeIgniter\CodeIgniter->runController(Object(App\Controllers\Backend\Article\Catalogue))
#9 E:\OpenServerPanel\domains\cicore.com\vendor\codeigniter4\framework\system\CodeIgniter.php(312): CodeIgniter\CodeIgniter->handleRequest(NULL, Object(Config\Cache), false)
#10 E:\OpenServerPanel\domains\cicore.com\index.php(48): CodeIgniter\CodeIgniter->run()
#11 {main}
CRITICAL - 2022-09-24 02:46:00 --> Undefined variable: articleCatalogue
#0 E:\OpenServerPanel\domains\cicore.com\app\Views\backend\article\catalogue\delete.php(7): CodeIgniter\Debug\Exceptions->errorHandler(8, 'Undefined varia...', 'E:\\OpenServerPa...', 7, Array)
#1 E:\OpenServerPanel\domains\cicore.com\vendor\codeigniter4\framework\system\View\View.php(246): include('E:\\OpenServerPa...')
#2 E:\OpenServerPanel\domains\cicore.com\vendor\codeigniter4\framework\system\Common.php(1119): CodeIgniter\View\View->render('backend/article...', Array, true)
#3 E:\OpenServerPanel\domains\cicore.com\app\Views\backend\dashboard\layout\home.php(44): view('backend/article...')
#4 E:\OpenServerPanel\domains\cicore.com\vendor\codeigniter4\framework\system\View\View.php(246): include('E:\\OpenServerPa...')
#5 E:\OpenServerPanel\domains\cicore.com\vendor\codeigniter4\framework\system\Common.php(1119): CodeIgniter\View\View->render('backend/dashboa...', Array, true)
#6 E:\OpenServerPanel\domains\cicore.com\app\Controllers\Backend\Article\Catalogue.php(135): view('backend/dashboa...', Array)
#7 E:\OpenServerPanel\domains\cicore.com\vendor\codeigniter4\framework\system\CodeIgniter.php(918): App\Controllers\Backend\Article\Catalogue->delete(58)
#8 E:\OpenServerPanel\domains\cicore.com\vendor\codeigniter4\framework\system\CodeIgniter.php(404): CodeIgniter\CodeIgniter->runController(Object(App\Controllers\Backend\Article\Catalogue))
#9 E:\OpenServerPanel\domains\cicore.com\vendor\codeigniter4\framework\system\CodeIgniter.php(312): CodeIgniter\CodeIgniter->handleRequest(NULL, Object(Config\Cache), false)
#10 E:\OpenServerPanel\domains\cicore.com\index.php(48): CodeIgniter\CodeIgniter->run()
#11 {main}
CRITICAL - 2022-09-24 02:46:01 --> Undefined variable: articleCatalogue
#0 E:\OpenServerPanel\domains\cicore.com\app\Views\backend\article\catalogue\delete.php(7): CodeIgniter\Debug\Exceptions->errorHandler(8, 'Undefined varia...', 'E:\\OpenServerPa...', 7, Array)
#1 E:\OpenServerPanel\domains\cicore.com\vendor\codeigniter4\framework\system\View\View.php(246): include('E:\\OpenServerPa...')
#2 E:\OpenServerPanel\domains\cicore.com\vendor\codeigniter4\framework\system\Common.php(1119): CodeIgniter\View\View->render('backend/article...', Array, true)
#3 E:\OpenServerPanel\domains\cicore.com\app\Views\backend\dashboard\layout\home.php(44): view('backend/article...')
#4 E:\OpenServerPanel\domains\cicore.com\vendor\codeigniter4\framework\system\View\View.php(246): include('E:\\OpenServerPa...')
#5 E:\OpenServerPanel\domains\cicore.com\vendor\codeigniter4\framework\system\Common.php(1119): CodeIgniter\View\View->render('backend/dashboa...', Array, true)
#6 E:\OpenServerPanel\domains\cicore.com\app\Controllers\Backend\Article\Catalogue.php(135): view('backend/dashboa...', Array)
#7 E:\OpenServerPanel\domains\cicore.com\vendor\codeigniter4\framework\system\CodeIgniter.php(918): App\Controllers\Backend\Article\Catalogue->delete(58)
#8 E:\OpenServerPanel\domains\cicore.com\vendor\codeigniter4\framework\system\CodeIgniter.php(404): CodeIgniter\CodeIgniter->runController(Object(App\Controllers\Backend\Article\Catalogue))
#9 E:\OpenServerPanel\domains\cicore.com\vendor\codeigniter4\framework\system\CodeIgniter.php(312): CodeIgniter\CodeIgniter->handleRequest(NULL, Object(Config\Cache), false)
#10 E:\OpenServerPanel\domains\cicore.com\index.php(48): CodeIgniter\CodeIgniter->run()
#11 {main}
