CRITICAL - 2022-09-13 04:00:41 --> Too few arguments to function App\Services\ArticleCatalogueService::__construct(), 0 passed in E:\OpenServerPanel\domains\cicore.com\app\Controllers\Backend\Article\Catalogue.php on line 17 and exactly 1 expected
#0 E:\OpenServerPanel\domains\cicore.com\app\Controllers\Backend\Article\Catalogue.php(17): App\Services\ArticleCatalogueService->__construct()
#1 E:\OpenServerPanel\domains\cicore.com\vendor\codeigniter4\framework\system\CodeIgniter.php(890): App\Controllers\Backend\Article\Catalogue->__construct()
#2 E:\OpenServerPanel\domains\cicore.com\vendor\codeigniter4\framework\system\CodeIgniter.php(399): CodeIgniter\CodeIgniter->createController()
#3 E:\OpenServerPanel\domains\cicore.com\vendor\codeigniter4\framework\system\CodeIgniter.php(312): CodeIgniter\CodeIgniter->handleRequest(NULL, Object(Config\Cache), false)
#4 E:\OpenServerPanel\domains\cicore.com\index.php(48): CodeIgniter\CodeIgniter->run()
#5 {main}
CRITICAL - 2022-09-13 04:08:35 --> Undefined index: module
#0 E:\OpenServerPanel\domains\cicore.com\app\Controllers\Backend\Article\Catalogue.php(18): CodeIgniter\Debug\Exceptions->errorHandler(8, 'Undefined index...', 'E:\\OpenServerPa...', 18, Array)
#1 E:\OpenServerPanel\domains\cicore.com\vendor\codeigniter4\framework\system\CodeIgniter.php(890): App\Controllers\Backend\Article\Catalogue->__construct()
#2 E:\OpenServerPanel\domains\cicore.com\vendor\codeigniter4\framework\system\CodeIgniter.php(399): CodeIgniter\CodeIgniter->createController()
#3 E:\OpenServerPanel\domains\cicore.com\vendor\codeigniter4\framework\system\CodeIgniter.php(312): CodeIgniter\CodeIgniter->handleRequest(NULL, Object(Config\Cache), false)
#4 E:\OpenServerPanel\domains\cicore.com\index.php(48): CodeIgniter\CodeIgniter->run()
#5 {main}
CRITICAL - 2022-09-13 04:11:04 --> Undefined index: module
#0 E:\OpenServerPanel\domains\cicore.com\app\Controllers\Backend\Article\Catalogue.php(43): CodeIgniter\Debug\Exceptions->errorHandler(8, 'Undefined index...', 'E:\\OpenServerPa...', 43, Array)
#1 E:\OpenServerPanel\domains\cicore.com\vendor\codeigniter4\framework\system\CodeIgniter.php(918): App\Controllers\Backend\Article\Catalogue->index()
#2 E:\OpenServerPanel\domains\cicore.com\vendor\codeigniter4\framework\system\CodeIgniter.php(404): CodeIgniter\CodeIgniter->runController(Object(App\Controllers\Backend\Article\Catalogue))
#3 E:\OpenServerPanel\domains\cicore.com\vendor\codeigniter4\framework\system\CodeIgniter.php(312): CodeIgniter\CodeIgniter->handleRequest(NULL, Object(Config\Cache), false)
#4 E:\OpenServerPanel\domains\cicore.com\index.php(48): CodeIgniter\CodeIgniter->run()
#5 {main}
CRITICAL - 2022-09-13 04:12:12 --> Undefined index: module
#0 E:\OpenServerPanel\domains\cicore.com\app\Controllers\Backend\Article\Catalogue.php(41): CodeIgniter\Debug\Exceptions->errorHandler(8, 'Undefined index...', 'E:\\OpenServerPa...', 41, Array)
#1 E:\OpenServerPanel\domains\cicore.com\vendor\codeigniter4\framework\system\CodeIgniter.php(918): App\Controllers\Backend\Article\Catalogue->index()
#2 E:\OpenServerPanel\domains\cicore.com\vendor\codeigniter4\framework\system\CodeIgniter.php(404): CodeIgniter\CodeIgniter->runController(Object(App\Controllers\Backend\Article\Catalogue))
#3 E:\OpenServerPanel\domains\cicore.com\vendor\codeigniter4\framework\system\CodeIgniter.php(312): CodeIgniter\CodeIgniter->handleRequest(NULL, Object(Config\Cache), false)
#4 E:\OpenServerPanel\domains\cicore.com\index.php(48): CodeIgniter\CodeIgniter->run()
#5 {main}
CRITICAL - 2022-09-13 04:12:14 --> Undefined index: module
#0 E:\OpenServerPanel\domains\cicore.com\app\Controllers\Backend\Article\Catalogue.php(41): CodeIgniter\Debug\Exceptions->errorHandler(8, 'Undefined index...', 'E:\\OpenServerPa...', 41, Array)
#1 E:\OpenServerPanel\domains\cicore.com\vendor\codeigniter4\framework\system\CodeIgniter.php(918): App\Controllers\Backend\Article\Catalogue->index()
#2 E:\OpenServerPanel\domains\cicore.com\vendor\codeigniter4\framework\system\CodeIgniter.php(404): CodeIgniter\CodeIgniter->runController(Object(App\Controllers\Backend\Article\Catalogue))
#3 E:\OpenServerPanel\domains\cicore.com\vendor\codeigniter4\framework\system\CodeIgniter.php(312): CodeIgniter\CodeIgniter->handleRequest(NULL, Object(Config\Cache), false)
#4 E:\OpenServerPanel\domains\cicore.com\index.php(48): CodeIgniter\CodeIgniter->run()
#5 {main}
CRITICAL - 2022-09-13 04:33:18 --> Undefined variable: page
#0 E:\OpenServerPanel\domains\cicore.com\app\Services\ArticleCatalogueService.php(19): CodeIgniter\Debug\Exceptions->errorHandler(8, 'Undefined varia...', 'E:\\OpenServerPa...', 19, Array)
#1 E:\OpenServerPanel\domains\cicore.com\app\Controllers\Backend\Article\Catalogue.php(34): App\Services\ArticleCatalogueService->pagination()
#2 E:\OpenServerPanel\domains\cicore.com\vendor\codeigniter4\framework\system\CodeIgniter.php(918): App\Controllers\Backend\Article\Catalogue->index('2')
#3 E:\OpenServerPanel\domains\cicore.com\vendor\codeigniter4\framework\system\CodeIgniter.php(404): CodeIgniter\CodeIgniter->runController(Object(App\Controllers\Backend\Article\Catalogue))
#4 E:\OpenServerPanel\domains\cicore.com\vendor\codeigniter4\framework\system\CodeIgniter.php(312): CodeIgniter\CodeIgniter->handleRequest(NULL, Object(Config\Cache), false)
#5 E:\OpenServerPanel\domains\cicore.com\index.php(48): CodeIgniter\CodeIgniter->run()
#6 {main}
CRITICAL - 2022-09-13 04:44:43 --> Using $this when not in object context
#0 E:\OpenServerPanel\domains\cicore.com\app\Services\ArticleCatalogueService.php(75): App\Libraries\Authentication::id()
#1 E:\OpenServerPanel\domains\cicore.com\app\Controllers\Backend\Article\Catalogue.php(50): App\Services\ArticleCatalogueService->create()
#2 E:\OpenServerPanel\domains\cicore.com\vendor\codeigniter4\framework\system\CodeIgniter.php(918): App\Controllers\Backend\Article\Catalogue->create()
#3 E:\OpenServerPanel\domains\cicore.com\vendor\codeigniter4\framework\system\CodeIgniter.php(404): CodeIgniter\CodeIgniter->runController(Object(App\Controllers\Backend\Article\Catalogue))
#4 E:\OpenServerPanel\domains\cicore.com\vendor\codeigniter4\framework\system\CodeIgniter.php(312): CodeIgniter\CodeIgniter->handleRequest(NULL, Object(Config\Cache), false)
#5 E:\OpenServerPanel\domains\cicore.com\index.php(48): CodeIgniter\CodeIgniter->run()
#6 {main}
CRITICAL - 2022-09-13 04:57:57 --> syntax error, unexpected '}', expecting ';'
#0 E:\OpenServerPanel\domains\cicore.com\app\Filters\Auth.php(15): helper(Array)
#1 E:\OpenServerPanel\domains\cicore.com\vendor\codeigniter4\framework\system\Filters\Filters.php(164): App\Filters\Auth->__construct()
#2 E:\OpenServerPanel\domains\cicore.com\vendor\codeigniter4\framework\system\CodeIgniter.php(382): CodeIgniter\Filters\Filters->run('backend/article...', 'before')
#3 E:\OpenServerPanel\domains\cicore.com\vendor\codeigniter4\framework\system\CodeIgniter.php(312): CodeIgniter\CodeIgniter->handleRequest(NULL, Object(Config\Cache), false)
#4 E:\OpenServerPanel\domains\cicore.com\index.php(48): CodeIgniter\CodeIgniter->run()
#5 {main}
CRITICAL - 2022-09-13 04:58:25 --> Invalid file: .php
#0 E:\OpenServerPanel\domains\cicore.com\vendor\codeigniter4\framework\system\View\View.php(228): CodeIgniter\Exceptions\FrameworkException::forInvalidFile('.php')
#1 E:\OpenServerPanel\domains\cicore.com\vendor\codeigniter4\framework\system\Common.php(1119): CodeIgniter\View\View->render('', Array, true)
#2 E:\OpenServerPanel\domains\cicore.com\app\Views\backend\dashboard\layout\home.php(44): view('')
#3 E:\OpenServerPanel\domains\cicore.com\vendor\codeigniter4\framework\system\View\View.php(246): include('E:\\OpenServerPa...')
#4 E:\OpenServerPanel\domains\cicore.com\vendor\codeigniter4\framework\system\Common.php(1119): CodeIgniter\View\View->render('backend/dashboa...', Array, true)
#5 E:\OpenServerPanel\domains\cicore.com\app\Controllers\Backend\Article\Catalogue.php(70): view('backend/dashboa...', Array)
#6 E:\OpenServerPanel\domains\cicore.com\vendor\codeigniter4\framework\system\CodeIgniter.php(918): App\Controllers\Backend\Article\Catalogue->create()
#7 E:\OpenServerPanel\domains\cicore.com\vendor\codeigniter4\framework\system\CodeIgniter.php(404): CodeIgniter\CodeIgniter->runController(Object(App\Controllers\Backend\Article\Catalogue))
#8 E:\OpenServerPanel\domains\cicore.com\vendor\codeigniter4\framework\system\CodeIgniter.php(312): CodeIgniter\CodeIgniter->handleRequest(NULL, Object(Config\Cache), false)
#9 E:\OpenServerPanel\domains\cicore.com\index.php(48): CodeIgniter\CodeIgniter->run()
#10 {main}
CRITICAL - 2022-09-13 04:58:26 --> Invalid file: .php
#0 E:\OpenServerPanel\domains\cicore.com\vendor\codeigniter4\framework\system\View\View.php(228): CodeIgniter\Exceptions\FrameworkException::forInvalidFile('.php')
#1 E:\OpenServerPanel\domains\cicore.com\vendor\codeigniter4\framework\system\Common.php(1119): CodeIgniter\View\View->render('', Array, true)
#2 E:\OpenServerPanel\domains\cicore.com\app\Views\backend\dashboard\layout\home.php(44): view('')
#3 E:\OpenServerPanel\domains\cicore.com\vendor\codeigniter4\framework\system\View\View.php(246): include('E:\\OpenServerPa...')
#4 E:\OpenServerPanel\domains\cicore.com\vendor\codeigniter4\framework\system\Common.php(1119): CodeIgniter\View\View->render('backend/dashboa...', Array, true)
#5 E:\OpenServerPanel\domains\cicore.com\app\Controllers\Backend\Article\Catalogue.php(70): view('backend/dashboa...', Array)
#6 E:\OpenServerPanel\domains\cicore.com\vendor\codeigniter4\framework\system\CodeIgniter.php(918): App\Controllers\Backend\Article\Catalogue->create()
#7 E:\OpenServerPanel\domains\cicore.com\vendor\codeigniter4\framework\system\CodeIgniter.php(404): CodeIgniter\CodeIgniter->runController(Object(App\Controllers\Backend\Article\Catalogue))
#8 E:\OpenServerPanel\domains\cicore.com\vendor\codeigniter4\framework\system\CodeIgniter.php(312): CodeIgniter\CodeIgniter->handleRequest(NULL, Object(Config\Cache), false)
#9 E:\OpenServerPanel\domains\cicore.com\index.php(48): CodeIgniter\CodeIgniter->run()
#10 {main}
CRITICAL - 2022-09-13 04:58:43 --> Invalid file: .php
#0 E:\OpenServerPanel\domains\cicore.com\vendor\codeigniter4\framework\system\View\View.php(228): CodeIgniter\Exceptions\FrameworkException::forInvalidFile('.php')
#1 E:\OpenServerPanel\domains\cicore.com\vendor\codeigniter4\framework\system\Common.php(1119): CodeIgniter\View\View->render('', Array, true)
#2 E:\OpenServerPanel\domains\cicore.com\app\Views\backend\dashboard\layout\home.php(44): view('')
#3 E:\OpenServerPanel\domains\cicore.com\vendor\codeigniter4\framework\system\View\View.php(246): include('E:\\OpenServerPa...')
#4 E:\OpenServerPanel\domains\cicore.com\vendor\codeigniter4\framework\system\Common.php(1119): CodeIgniter\View\View->render('backend/dashboa...', Array, true)
#5 E:\OpenServerPanel\domains\cicore.com\app\Controllers\Backend\Article\Catalogue.php(70): view('backend/dashboa...', Array)
#6 E:\OpenServerPanel\domains\cicore.com\vendor\codeigniter4\framework\system\CodeIgniter.php(918): App\Controllers\Backend\Article\Catalogue->create()
#7 E:\OpenServerPanel\domains\cicore.com\vendor\codeigniter4\framework\system\CodeIgniter.php(404): CodeIgniter\CodeIgniter->runController(Object(App\Controllers\Backend\Article\Catalogue))
#8 E:\OpenServerPanel\domains\cicore.com\vendor\codeigniter4\framework\system\CodeIgniter.php(312): CodeIgniter\CodeIgniter->handleRequest(NULL, Object(Config\Cache), false)
#9 E:\OpenServerPanel\domains\cicore.com\index.php(48): CodeIgniter\CodeIgniter->run()
#10 {main}
CRITICAL - 2022-09-13 04:58:44 --> Invalid file: .php
#0 E:\OpenServerPanel\domains\cicore.com\vendor\codeigniter4\framework\system\View\View.php(228): CodeIgniter\Exceptions\FrameworkException::forInvalidFile('.php')
#1 E:\OpenServerPanel\domains\cicore.com\vendor\codeigniter4\framework\system\Common.php(1119): CodeIgniter\View\View->render('', Array, true)
#2 E:\OpenServerPanel\domains\cicore.com\app\Views\backend\dashboard\layout\home.php(44): view('')
#3 E:\OpenServerPanel\domains\cicore.com\vendor\codeigniter4\framework\system\View\View.php(246): include('E:\\OpenServerPa...')
#4 E:\OpenServerPanel\domains\cicore.com\vendor\codeigniter4\framework\system\Common.php(1119): CodeIgniter\View\View->render('backend/dashboa...', Array, true)
#5 E:\OpenServerPanel\domains\cicore.com\app\Controllers\Backend\Article\Catalogue.php(70): view('backend/dashboa...', Array)
#6 E:\OpenServerPanel\domains\cicore.com\vendor\codeigniter4\framework\system\CodeIgniter.php(918): App\Controllers\Backend\Article\Catalogue->create()
#7 E:\OpenServerPanel\domains\cicore.com\vendor\codeigniter4\framework\system\CodeIgniter.php(404): CodeIgniter\CodeIgniter->runController(Object(App\Controllers\Backend\Article\Catalogue))
#8 E:\OpenServerPanel\domains\cicore.com\vendor\codeigniter4\framework\system\CodeIgniter.php(312): CodeIgniter\CodeIgniter->handleRequest(NULL, Object(Config\Cache), false)
#9 E:\OpenServerPanel\domains\cicore.com\index.php(48): CodeIgniter\CodeIgniter->run()
#10 {main}
CRITICAL - 2022-09-13 04:59:01 --> Undefined variable: language
#0 E:\OpenServerPanel\domains\cicore.com\app\Views\backend\article\catalogue\store.php(6): CodeIgniter\Debug\Exceptions->errorHandler(8, 'Undefined varia...', 'E:\\OpenServerPa...', 6, Array)
#1 E:\OpenServerPanel\domains\cicore.com\vendor\codeigniter4\framework\system\View\View.php(246): include('E:\\OpenServerPa...')
#2 E:\OpenServerPanel\domains\cicore.com\vendor\codeigniter4\framework\system\Common.php(1119): CodeIgniter\View\View->render('backend/article...', Array, true)
#3 E:\OpenServerPanel\domains\cicore.com\app\Views\backend\dashboard\layout\home.php(44): view('backend/article...')
#4 E:\OpenServerPanel\domains\cicore.com\vendor\codeigniter4\framework\system\View\View.php(246): include('E:\\OpenServerPa...')
#5 E:\OpenServerPanel\domains\cicore.com\vendor\codeigniter4\framework\system\Common.php(1119): CodeIgniter\View\View->render('backend/dashboa...', Array, true)
#6 E:\OpenServerPanel\domains\cicore.com\app\Controllers\Backend\Article\Catalogue.php(70): view('backend/dashboa...', Array)
#7 E:\OpenServerPanel\domains\cicore.com\vendor\codeigniter4\framework\system\CodeIgniter.php(918): App\Controllers\Backend\Article\Catalogue->create()
#8 E:\OpenServerPanel\domains\cicore.com\vendor\codeigniter4\framework\system\CodeIgniter.php(404): CodeIgniter\CodeIgniter->runController(Object(App\Controllers\Backend\Article\Catalogue))
#9 E:\OpenServerPanel\domains\cicore.com\vendor\codeigniter4\framework\system\CodeIgniter.php(312): CodeIgniter\CodeIgniter->handleRequest(NULL, Object(Config\Cache), false)
#10 E:\OpenServerPanel\domains\cicore.com\index.php(48): CodeIgniter\CodeIgniter->run()
#11 {main}
CRITICAL - 2022-09-13 04:59:03 --> Undefined variable: language
#0 E:\OpenServerPanel\domains\cicore.com\app\Views\backend\article\catalogue\store.php(6): CodeIgniter\Debug\Exceptions->errorHandler(8, 'Undefined varia...', 'E:\\OpenServerPa...', 6, Array)
#1 E:\OpenServerPanel\domains\cicore.com\vendor\codeigniter4\framework\system\View\View.php(246): include('E:\\OpenServerPa...')
#2 E:\OpenServerPanel\domains\cicore.com\vendor\codeigniter4\framework\system\Common.php(1119): CodeIgniter\View\View->render('backend/article...', Array, true)
#3 E:\OpenServerPanel\domains\cicore.com\app\Views\backend\dashboard\layout\home.php(44): view('backend/article...')
#4 E:\OpenServerPanel\domains\cicore.com\vendor\codeigniter4\framework\system\View\View.php(246): include('E:\\OpenServerPa...')
#5 E:\OpenServerPanel\domains\cicore.com\vendor\codeigniter4\framework\system\Common.php(1119): CodeIgniter\View\View->render('backend/dashboa...', Array, true)
#6 E:\OpenServerPanel\domains\cicore.com\app\Controllers\Backend\Article\Catalogue.php(70): view('backend/dashboa...', Array)
#7 E:\OpenServerPanel\domains\cicore.com\vendor\codeigniter4\framework\system\CodeIgniter.php(918): App\Controllers\Backend\Article\Catalogue->create()
#8 E:\OpenServerPanel\domains\cicore.com\vendor\codeigniter4\framework\system\CodeIgniter.php(404): CodeIgniter\CodeIgniter->runController(Object(App\Controllers\Backend\Article\Catalogue))
#9 E:\OpenServerPanel\domains\cicore.com\vendor\codeigniter4\framework\system\CodeIgniter.php(312): CodeIgniter\CodeIgniter->handleRequest(NULL, Object(Config\Cache), false)
#10 E:\OpenServerPanel\domains\cicore.com\index.php(48): CodeIgniter\CodeIgniter->run()
#11 {main}
CRITICAL - 2022-09-13 05:00:20 --> Undefined variable: language
#0 E:\OpenServerPanel\domains\cicore.com\app\Views\backend\article\catalogue\store.php(6): CodeIgniter\Debug\Exceptions->errorHandler(8, 'Undefined varia...', 'E:\\OpenServerPa...', 6, Array)
#1 E:\OpenServerPanel\domains\cicore.com\vendor\codeigniter4\framework\system\View\View.php(246): include('E:\\OpenServerPa...')
#2 E:\OpenServerPanel\domains\cicore.com\vendor\codeigniter4\framework\system\Common.php(1119): CodeIgniter\View\View->render('backend/article...', Array, true)
#3 E:\OpenServerPanel\domains\cicore.com\app\Views\backend\dashboard\layout\home.php(44): view('backend/article...')
#4 E:\OpenServerPanel\domains\cicore.com\vendor\codeigniter4\framework\system\View\View.php(246): include('E:\\OpenServerPa...')
#5 E:\OpenServerPanel\domains\cicore.com\vendor\codeigniter4\framework\system\Common.php(1119): CodeIgniter\View\View->render('backend/dashboa...', Array, true)
#6 E:\OpenServerPanel\domains\cicore.com\app\Controllers\Backend\Article\Catalogue.php(71): view('backend/dashboa...', Array)
#7 E:\OpenServerPanel\domains\cicore.com\vendor\codeigniter4\framework\system\CodeIgniter.php(918): App\Controllers\Backend\Article\Catalogue->create()
#8 E:\OpenServerPanel\domains\cicore.com\vendor\codeigniter4\framework\system\CodeIgniter.php(404): CodeIgniter\CodeIgniter->runController(Object(App\Controllers\Backend\Article\Catalogue))
#9 E:\OpenServerPanel\domains\cicore.com\vendor\codeigniter4\framework\system\CodeIgniter.php(312): CodeIgniter\CodeIgniter->handleRequest(NULL, Object(Config\Cache), false)
#10 E:\OpenServerPanel\domains\cicore.com\index.php(48): CodeIgniter\CodeIgniter->run()
#11 {main}
CRITICAL - 2022-09-13 05:00:41 --> Undefined variable: language
#0 E:\OpenServerPanel\domains\cicore.com\app\Views\backend\article\catalogue\store.php(24): CodeIgniter\Debug\Exceptions->errorHandler(8, 'Undefined varia...', 'E:\\OpenServerPa...', 24, Array)
#1 E:\OpenServerPanel\domains\cicore.com\vendor\codeigniter4\framework\system\View\View.php(246): include('E:\\OpenServerPa...')
#2 E:\OpenServerPanel\domains\cicore.com\vendor\codeigniter4\framework\system\Common.php(1119): CodeIgniter\View\View->render('backend/article...', Array, true)
#3 E:\OpenServerPanel\domains\cicore.com\app\Views\backend\dashboard\layout\home.php(44): view('backend/article...')
#4 E:\OpenServerPanel\domains\cicore.com\vendor\codeigniter4\framework\system\View\View.php(246): include('E:\\OpenServerPa...')
#5 E:\OpenServerPanel\domains\cicore.com\vendor\codeigniter4\framework\system\Common.php(1119): CodeIgniter\View\View->render('backend/dashboa...', Array, true)
#6 E:\OpenServerPanel\domains\cicore.com\app\Controllers\Backend\Article\Catalogue.php(71): view('backend/dashboa...', Array)
#7 E:\OpenServerPanel\domains\cicore.com\vendor\codeigniter4\framework\system\CodeIgniter.php(918): App\Controllers\Backend\Article\Catalogue->create()
#8 E:\OpenServerPanel\domains\cicore.com\vendor\codeigniter4\framework\system\CodeIgniter.php(404): CodeIgniter\CodeIgniter->runController(Object(App\Controllers\Backend\Article\Catalogue))
#9 E:\OpenServerPanel\domains\cicore.com\vendor\codeigniter4\framework\system\CodeIgniter.php(312): CodeIgniter\CodeIgniter->handleRequest(NULL, Object(Config\Cache), false)
#10 E:\OpenServerPanel\domains\cicore.com\index.php(48): CodeIgniter\CodeIgniter->run()
#11 {main}
CRITICAL - 2022-09-13 05:00:42 --> Undefined variable: language
#0 E:\OpenServerPanel\domains\cicore.com\app\Views\backend\article\catalogue\store.php(24): CodeIgniter\Debug\Exceptions->errorHandler(8, 'Undefined varia...', 'E:\\OpenServerPa...', 24, Array)
#1 E:\OpenServerPanel\domains\cicore.com\vendor\codeigniter4\framework\system\View\View.php(246): include('E:\\OpenServerPa...')
#2 E:\OpenServerPanel\domains\cicore.com\vendor\codeigniter4\framework\system\Common.php(1119): CodeIgniter\View\View->render('backend/article...', Array, true)
#3 E:\OpenServerPanel\domains\cicore.com\app\Views\backend\dashboard\layout\home.php(44): view('backend/article...')
#4 E:\OpenServerPanel\domains\cicore.com\vendor\codeigniter4\framework\system\View\View.php(246): include('E:\\OpenServerPa...')
#5 E:\OpenServerPanel\domains\cicore.com\vendor\codeigniter4\framework\system\Common.php(1119): CodeIgniter\View\View->render('backend/dashboa...', Array, true)
#6 E:\OpenServerPanel\domains\cicore.com\app\Controllers\Backend\Article\Catalogue.php(71): view('backend/dashboa...', Array)
#7 E:\OpenServerPanel\domains\cicore.com\vendor\codeigniter4\framework\system\CodeIgniter.php(918): App\Controllers\Backend\Article\Catalogue->create()
#8 E:\OpenServerPanel\domains\cicore.com\vendor\codeigniter4\framework\system\CodeIgniter.php(404): CodeIgniter\CodeIgniter->runController(Object(App\Controllers\Backend\Article\Catalogue))
#9 E:\OpenServerPanel\domains\cicore.com\vendor\codeigniter4\framework\system\CodeIgniter.php(312): CodeIgniter\CodeIgniter->handleRequest(NULL, Object(Config\Cache), false)
#10 E:\OpenServerPanel\domains\cicore.com\index.php(48): CodeIgniter\CodeIgniter->run()
#11 {main}
CRITICAL - 2022-09-13 05:01:22 --> Undefined variable: language
#0 E:\OpenServerPanel\domains\cicore.com\app\Views\backend\article\catalogue\store.php(46): CodeIgniter\Debug\Exceptions->errorHandler(8, 'Undefined varia...', 'E:\\OpenServerPa...', 46, Array)
#1 E:\OpenServerPanel\domains\cicore.com\vendor\codeigniter4\framework\system\View\View.php(246): include('E:\\OpenServerPa...')
#2 E:\OpenServerPanel\domains\cicore.com\vendor\codeigniter4\framework\system\Common.php(1119): CodeIgniter\View\View->render('backend/article...', Array, true)
#3 E:\OpenServerPanel\domains\cicore.com\app\Views\backend\dashboard\layout\home.php(44): view('backend/article...')
#4 E:\OpenServerPanel\domains\cicore.com\vendor\codeigniter4\framework\system\View\View.php(246): include('E:\\OpenServerPa...')
#5 E:\OpenServerPanel\domains\cicore.com\vendor\codeigniter4\framework\system\Common.php(1119): CodeIgniter\View\View->render('backend/dashboa...', Array, true)
#6 E:\OpenServerPanel\domains\cicore.com\app\Controllers\Backend\Article\Catalogue.php(71): view('backend/dashboa...', Array)
#7 E:\OpenServerPanel\domains\cicore.com\vendor\codeigniter4\framework\system\CodeIgniter.php(918): App\Controllers\Backend\Article\Catalogue->create()
#8 E:\OpenServerPanel\domains\cicore.com\vendor\codeigniter4\framework\system\CodeIgniter.php(404): CodeIgniter\CodeIgniter->runController(Object(App\Controllers\Backend\Article\Catalogue))
#9 E:\OpenServerPanel\domains\cicore.com\vendor\codeigniter4\framework\system\CodeIgniter.php(312): CodeIgniter\CodeIgniter->handleRequest(NULL, Object(Config\Cache), false)
#10 E:\OpenServerPanel\domains\cicore.com\index.php(48): CodeIgniter\CodeIgniter->run()
#11 {main}
CRITICAL - 2022-09-13 05:02:29 --> Undefined variable: language
#0 E:\OpenServerPanel\domains\cicore.com\app\Views\backend\article\catalogue\store.php(48): CodeIgniter\Debug\Exceptions->errorHandler(8, 'Undefined varia...', 'E:\\OpenServerPa...', 48, Array)
#1 E:\OpenServerPanel\domains\cicore.com\vendor\codeigniter4\framework\system\View\View.php(246): include('E:\\OpenServerPa...')
#2 E:\OpenServerPanel\domains\cicore.com\vendor\codeigniter4\framework\system\Common.php(1119): CodeIgniter\View\View->render('backend/article...', Array, true)
#3 E:\OpenServerPanel\domains\cicore.com\app\Views\backend\dashboard\layout\home.php(44): view('backend/article...')
#4 E:\OpenServerPanel\domains\cicore.com\vendor\codeigniter4\framework\system\View\View.php(246): include('E:\\OpenServerPa...')
#5 E:\OpenServerPanel\domains\cicore.com\vendor\codeigniter4\framework\system\Common.php(1119): CodeIgniter\View\View->render('backend/dashboa...', Array, true)
#6 E:\OpenServerPanel\domains\cicore.com\app\Controllers\Backend\Article\Catalogue.php(71): view('backend/dashboa...', Array)
#7 E:\OpenServerPanel\domains\cicore.com\vendor\codeigniter4\framework\system\CodeIgniter.php(918): App\Controllers\Backend\Article\Catalogue->create()
#8 E:\OpenServerPanel\domains\cicore.com\vendor\codeigniter4\framework\system\CodeIgniter.php(404): CodeIgniter\CodeIgniter->runController(Object(App\Controllers\Backend\Article\Catalogue))
#9 E:\OpenServerPanel\domains\cicore.com\vendor\codeigniter4\framework\system\CodeIgniter.php(312): CodeIgniter\CodeIgniter->handleRequest(NULL, Object(Config\Cache), false)
#10 E:\OpenServerPanel\domains\cicore.com\index.php(48): CodeIgniter\CodeIgniter->run()
#11 {main}
CRITICAL - 2022-09-13 05:02:31 --> Undefined variable: language
#0 E:\OpenServerPanel\domains\cicore.com\app\Views\backend\article\catalogue\store.php(48): CodeIgniter\Debug\Exceptions->errorHandler(8, 'Undefined varia...', 'E:\\OpenServerPa...', 48, Array)
#1 E:\OpenServerPanel\domains\cicore.com\vendor\codeigniter4\framework\system\View\View.php(246): include('E:\\OpenServerPa...')
#2 E:\OpenServerPanel\domains\cicore.com\vendor\codeigniter4\framework\system\Common.php(1119): CodeIgniter\View\View->render('backend/article...', Array, true)
#3 E:\OpenServerPanel\domains\cicore.com\app\Views\backend\dashboard\layout\home.php(44): view('backend/article...')
#4 E:\OpenServerPanel\domains\cicore.com\vendor\codeigniter4\framework\system\View\View.php(246): include('E:\\OpenServerPa...')
#5 E:\OpenServerPanel\domains\cicore.com\vendor\codeigniter4\framework\system\Common.php(1119): CodeIgniter\View\View->render('backend/dashboa...', Array, true)
#6 E:\OpenServerPanel\domains\cicore.com\app\Controllers\Backend\Article\Catalogue.php(71): view('backend/dashboa...', Array)
#7 E:\OpenServerPanel\domains\cicore.com\vendor\codeigniter4\framework\system\CodeIgniter.php(918): App\Controllers\Backend\Article\Catalogue->create()
#8 E:\OpenServerPanel\domains\cicore.com\vendor\codeigniter4\framework\system\CodeIgniter.php(404): CodeIgniter\CodeIgniter->runController(Object(App\Controllers\Backend\Article\Catalogue))
#9 E:\OpenServerPanel\domains\cicore.com\vendor\codeigniter4\framework\system\CodeIgniter.php(312): CodeIgniter\CodeIgniter->handleRequest(NULL, Object(Config\Cache), false)
#10 E:\OpenServerPanel\domains\cicore.com\index.php(48): CodeIgniter\CodeIgniter->run()
#11 {main}
CRITICAL - 2022-09-13 05:02:47 --> Undefined variable: language
#0 E:\OpenServerPanel\domains\cicore.com\app\Views\backend\article\catalogue\store.php(63): CodeIgniter\Debug\Exceptions->errorHandler(8, 'Undefined varia...', 'E:\\OpenServerPa...', 63, Array)
#1 E:\OpenServerPanel\domains\cicore.com\vendor\codeigniter4\framework\system\View\View.php(246): include('E:\\OpenServerPa...')
#2 E:\OpenServerPanel\domains\cicore.com\vendor\codeigniter4\framework\system\Common.php(1119): CodeIgniter\View\View->render('backend/article...', Array, true)
#3 E:\OpenServerPanel\domains\cicore.com\app\Views\backend\dashboard\layout\home.php(44): view('backend/article...')
#4 E:\OpenServerPanel\domains\cicore.com\vendor\codeigniter4\framework\system\View\View.php(246): include('E:\\OpenServerPa...')
#5 E:\OpenServerPanel\domains\cicore.com\vendor\codeigniter4\framework\system\Common.php(1119): CodeIgniter\View\View->render('backend/dashboa...', Array, true)
#6 E:\OpenServerPanel\domains\cicore.com\app\Controllers\Backend\Article\Catalogue.php(71): view('backend/dashboa...', Array)
#7 E:\OpenServerPanel\domains\cicore.com\vendor\codeigniter4\framework\system\CodeIgniter.php(918): App\Controllers\Backend\Article\Catalogue->create()
#8 E:\OpenServerPanel\domains\cicore.com\vendor\codeigniter4\framework\system\CodeIgniter.php(404): CodeIgniter\CodeIgniter->runController(Object(App\Controllers\Backend\Article\Catalogue))
#9 E:\OpenServerPanel\domains\cicore.com\vendor\codeigniter4\framework\system\CodeIgniter.php(312): CodeIgniter\CodeIgniter->handleRequest(NULL, Object(Config\Cache), false)
#10 E:\OpenServerPanel\domains\cicore.com\index.php(48): CodeIgniter\CodeIgniter->run()
#11 {main}
CRITICAL - 2022-09-13 05:02:56 --> Undefined variable: language
#0 E:\OpenServerPanel\domains\cicore.com\app\Views\backend\article\catalogue\store.php(134): CodeIgniter\Debug\Exceptions->errorHandler(8, 'Undefined varia...', 'E:\\OpenServerPa...', 134, Array)
#1 E:\OpenServerPanel\domains\cicore.com\vendor\codeigniter4\framework\system\View\View.php(246): include('E:\\OpenServerPa...')
#2 E:\OpenServerPanel\domains\cicore.com\vendor\codeigniter4\framework\system\Common.php(1119): CodeIgniter\View\View->render('backend/article...', Array, true)
#3 E:\OpenServerPanel\domains\cicore.com\app\Views\backend\dashboard\layout\home.php(44): view('backend/article...')
#4 E:\OpenServerPanel\domains\cicore.com\vendor\codeigniter4\framework\system\View\View.php(246): include('E:\\OpenServerPa...')
#5 E:\OpenServerPanel\domains\cicore.com\vendor\codeigniter4\framework\system\Common.php(1119): CodeIgniter\View\View->render('backend/dashboa...', Array, true)
#6 E:\OpenServerPanel\domains\cicore.com\app\Controllers\Backend\Article\Catalogue.php(71): view('backend/dashboa...', Array)
#7 E:\OpenServerPanel\domains\cicore.com\vendor\codeigniter4\framework\system\CodeIgniter.php(918): App\Controllers\Backend\Article\Catalogue->create()
#8 E:\OpenServerPanel\domains\cicore.com\vendor\codeigniter4\framework\system\CodeIgniter.php(404): CodeIgniter\CodeIgniter->runController(Object(App\Controllers\Backend\Article\Catalogue))
#9 E:\OpenServerPanel\domains\cicore.com\vendor\codeigniter4\framework\system\CodeIgniter.php(312): CodeIgniter\CodeIgniter->handleRequest(NULL, Object(Config\Cache), false)
#10 E:\OpenServerPanel\domains\cicore.com\index.php(48): CodeIgniter\CodeIgniter->run()
#11 {main}
CRITICAL - 2022-09-13 05:02:57 --> Undefined variable: language
#0 E:\OpenServerPanel\domains\cicore.com\app\Views\backend\article\catalogue\store.php(134): CodeIgniter\Debug\Exceptions->errorHandler(8, 'Undefined varia...', 'E:\\OpenServerPa...', 134, Array)
#1 E:\OpenServerPanel\domains\cicore.com\vendor\codeigniter4\framework\system\View\View.php(246): include('E:\\OpenServerPa...')
#2 E:\OpenServerPanel\domains\cicore.com\vendor\codeigniter4\framework\system\Common.php(1119): CodeIgniter\View\View->render('backend/article...', Array, true)
#3 E:\OpenServerPanel\domains\cicore.com\app\Views\backend\dashboard\layout\home.php(44): view('backend/article...')
#4 E:\OpenServerPanel\domains\cicore.com\vendor\codeigniter4\framework\system\View\View.php(246): include('E:\\OpenServerPa...')
#5 E:\OpenServerPanel\domains\cicore.com\vendor\codeigniter4\framework\system\Common.php(1119): CodeIgniter\View\View->render('backend/dashboa...', Array, true)
#6 E:\OpenServerPanel\domains\cicore.com\app\Controllers\Backend\Article\Catalogue.php(71): view('backend/dashboa...', Array)
#7 E:\OpenServerPanel\domains\cicore.com\vendor\codeigniter4\framework\system\CodeIgniter.php(918): App\Controllers\Backend\Article\Catalogue->create()
#8 E:\OpenServerPanel\domains\cicore.com\vendor\codeigniter4\framework\system\CodeIgniter.php(404): CodeIgniter\CodeIgniter->runController(Object(App\Controllers\Backend\Article\Catalogue))
#9 E:\OpenServerPanel\domains\cicore.com\vendor\codeigniter4\framework\system\CodeIgniter.php(312): CodeIgniter\CodeIgniter->handleRequest(NULL, Object(Config\Cache), false)
#10 E:\OpenServerPanel\domains\cicore.com\index.php(48): CodeIgniter\CodeIgniter->run()
#11 {main}
CRITICAL - 2022-09-13 05:03:08 --> Undefined variable: language
#0 E:\OpenServerPanel\domains\cicore.com\app\Views\backend\article\catalogue\store.php(138): CodeIgniter\Debug\Exceptions->errorHandler(8, 'Undefined varia...', 'E:\\OpenServerPa...', 138, Array)
#1 E:\OpenServerPanel\domains\cicore.com\vendor\codeigniter4\framework\system\View\View.php(246): include('E:\\OpenServerPa...')
#2 E:\OpenServerPanel\domains\cicore.com\vendor\codeigniter4\framework\system\Common.php(1119): CodeIgniter\View\View->render('backend/article...', Array, true)
#3 E:\OpenServerPanel\domains\cicore.com\app\Views\backend\dashboard\layout\home.php(44): view('backend/article...')
#4 E:\OpenServerPanel\domains\cicore.com\vendor\codeigniter4\framework\system\View\View.php(246): include('E:\\OpenServerPa...')
#5 E:\OpenServerPanel\domains\cicore.com\vendor\codeigniter4\framework\system\Common.php(1119): CodeIgniter\View\View->render('backend/dashboa...', Array, true)
#6 E:\OpenServerPanel\domains\cicore.com\app\Controllers\Backend\Article\Catalogue.php(71): view('backend/dashboa...', Array)
#7 E:\OpenServerPanel\domains\cicore.com\vendor\codeigniter4\framework\system\CodeIgniter.php(918): App\Controllers\Backend\Article\Catalogue->create()
#8 E:\OpenServerPanel\domains\cicore.com\vendor\codeigniter4\framework\system\CodeIgniter.php(404): CodeIgniter\CodeIgniter->runController(Object(App\Controllers\Backend\Article\Catalogue))
#9 E:\OpenServerPanel\domains\cicore.com\vendor\codeigniter4\framework\system\CodeIgniter.php(312): CodeIgniter\CodeIgniter->handleRequest(NULL, Object(Config\Cache), false)
#10 E:\OpenServerPanel\domains\cicore.com\index.php(48): CodeIgniter\CodeIgniter->run()
#11 {main}
CRITICAL - 2022-09-13 05:03:17 --> Undefined variable: language
#0 E:\OpenServerPanel\domains\cicore.com\app\Views\backend\article\catalogue\store.php(147): CodeIgniter\Debug\Exceptions->errorHandler(8, 'Undefined varia...', 'E:\\OpenServerPa...', 147, Array)
#1 E:\OpenServerPanel\domains\cicore.com\vendor\codeigniter4\framework\system\View\View.php(246): include('E:\\OpenServerPa...')
#2 E:\OpenServerPanel\domains\cicore.com\vendor\codeigniter4\framework\system\Common.php(1119): CodeIgniter\View\View->render('backend/article...', Array, true)
#3 E:\OpenServerPanel\domains\cicore.com\app\Views\backend\dashboard\layout\home.php(44): view('backend/article...')
#4 E:\OpenServerPanel\domains\cicore.com\vendor\codeigniter4\framework\system\View\View.php(246): include('E:\\OpenServerPa...')
#5 E:\OpenServerPanel\domains\cicore.com\vendor\codeigniter4\framework\system\Common.php(1119): CodeIgniter\View\View->render('backend/dashboa...', Array, true)
#6 E:\OpenServerPanel\domains\cicore.com\app\Controllers\Backend\Article\Catalogue.php(71): view('backend/dashboa...', Array)
#7 E:\OpenServerPanel\domains\cicore.com\vendor\codeigniter4\framework\system\CodeIgniter.php(918): App\Controllers\Backend\Article\Catalogue->create()
#8 E:\OpenServerPanel\domains\cicore.com\vendor\codeigniter4\framework\system\CodeIgniter.php(404): CodeIgniter\CodeIgniter->runController(Object(App\Controllers\Backend\Article\Catalogue))
#9 E:\OpenServerPanel\domains\cicore.com\vendor\codeigniter4\framework\system\CodeIgniter.php(312): CodeIgniter\CodeIgniter->handleRequest(NULL, Object(Config\Cache), false)
#10 E:\OpenServerPanel\domains\cicore.com\index.php(48): CodeIgniter\CodeIgniter->run()
#11 {main}
CRITICAL - 2022-09-13 05:06:35 --> syntax error, unexpected ';'
#0 E:\OpenServerPanel\domains\cicore.com\vendor\codeigniter4\framework\system\Common.php(1119): CodeIgniter\View\View->render('backend/article...', Array, true)
#1 E:\OpenServerPanel\domains\cicore.com\app\Views\backend\dashboard\layout\home.php(44): view('backend/article...')
#2 E:\OpenServerPanel\domains\cicore.com\vendor\codeigniter4\framework\system\View\View.php(246): include('E:\\OpenServerPa...')
#3 E:\OpenServerPanel\domains\cicore.com\vendor\codeigniter4\framework\system\Common.php(1119): CodeIgniter\View\View->render('backend/dashboa...', Array, true)
#4 E:\OpenServerPanel\domains\cicore.com\app\Controllers\Backend\Article\Catalogue.php(71): view('backend/dashboa...', Array)
#5 E:\OpenServerPanel\domains\cicore.com\vendor\codeigniter4\framework\system\CodeIgniter.php(918): App\Controllers\Backend\Article\Catalogue->create()
#6 E:\OpenServerPanel\domains\cicore.com\vendor\codeigniter4\framework\system\CodeIgniter.php(404): CodeIgniter\CodeIgniter->runController(Object(App\Controllers\Backend\Article\Catalogue))
#7 E:\OpenServerPanel\domains\cicore.com\vendor\codeigniter4\framework\system\CodeIgniter.php(312): CodeIgniter\CodeIgniter->handleRequest(NULL, Object(Config\Cache), false)
#8 E:\OpenServerPanel\domains\cicore.com\index.php(48): CodeIgniter\CodeIgniter->run()
#9 {main}
CRITICAL - 2022-09-13 05:06:58 --> Undefined variable: metaTitle
#0 E:\OpenServerPanel\domains\cicore.com\app\Views\backend\article\catalogue\store.php(152): CodeIgniter\Debug\Exceptions->errorHandler(8, 'Undefined varia...', 'E:\\OpenServerPa...', 152, Array)
#1 E:\OpenServerPanel\domains\cicore.com\vendor\codeigniter4\framework\system\View\View.php(246): include('E:\\OpenServerPa...')
#2 E:\OpenServerPanel\domains\cicore.com\vendor\codeigniter4\framework\system\Common.php(1119): CodeIgniter\View\View->render('backend/article...', Array, true)
#3 E:\OpenServerPanel\domains\cicore.com\app\Views\backend\dashboard\layout\home.php(44): view('backend/article...')
#4 E:\OpenServerPanel\domains\cicore.com\vendor\codeigniter4\framework\system\View\View.php(246): include('E:\\OpenServerPa...')
#5 E:\OpenServerPanel\domains\cicore.com\vendor\codeigniter4\framework\system\Common.php(1119): CodeIgniter\View\View->render('backend/dashboa...', Array, true)
#6 E:\OpenServerPanel\domains\cicore.com\app\Controllers\Backend\Article\Catalogue.php(71): view('backend/dashboa...', Array)
#7 E:\OpenServerPanel\domains\cicore.com\vendor\codeigniter4\framework\system\CodeIgniter.php(918): App\Controllers\Backend\Article\Catalogue->create()
#8 E:\OpenServerPanel\domains\cicore.com\vendor\codeigniter4\framework\system\CodeIgniter.php(404): CodeIgniter\CodeIgniter->runController(Object(App\Controllers\Backend\Article\Catalogue))
#9 E:\OpenServerPanel\domains\cicore.com\vendor\codeigniter4\framework\system\CodeIgniter.php(312): CodeIgniter\CodeIgniter->handleRequest(NULL, Object(Config\Cache), false)
#10 E:\OpenServerPanel\domains\cicore.com\index.php(48): CodeIgniter\CodeIgniter->run()
#11 {main}
CRITICAL - 2022-09-13 05:06:59 --> Undefined variable: metaTitle
#0 E:\OpenServerPanel\domains\cicore.com\app\Views\backend\article\catalogue\store.php(152): CodeIgniter\Debug\Exceptions->errorHandler(8, 'Undefined varia...', 'E:\\OpenServerPa...', 152, Array)
#1 E:\OpenServerPanel\domains\cicore.com\vendor\codeigniter4\framework\system\View\View.php(246): include('E:\\OpenServerPa...')
#2 E:\OpenServerPanel\domains\cicore.com\vendor\codeigniter4\framework\system\Common.php(1119): CodeIgniter\View\View->render('backend/article...', Array, true)
#3 E:\OpenServerPanel\domains\cicore.com\app\Views\backend\dashboard\layout\home.php(44): view('backend/article...')
#4 E:\OpenServerPanel\domains\cicore.com\vendor\codeigniter4\framework\system\View\View.php(246): include('E:\\OpenServerPa...')
#5 E:\OpenServerPanel\domains\cicore.com\vendor\codeigniter4\framework\system\Common.php(1119): CodeIgniter\View\View->render('backend/dashboa...', Array, true)
#6 E:\OpenServerPanel\domains\cicore.com\app\Controllers\Backend\Article\Catalogue.php(71): view('backend/dashboa...', Array)
#7 E:\OpenServerPanel\domains\cicore.com\vendor\codeigniter4\framework\system\CodeIgniter.php(918): App\Controllers\Backend\Article\Catalogue->create()
#8 E:\OpenServerPanel\domains\cicore.com\vendor\codeigniter4\framework\system\CodeIgniter.php(404): CodeIgniter\CodeIgniter->runController(Object(App\Controllers\Backend\Article\Catalogue))
#9 E:\OpenServerPanel\domains\cicore.com\vendor\codeigniter4\framework\system\CodeIgniter.php(312): CodeIgniter\CodeIgniter->handleRequest(NULL, Object(Config\Cache), false)
#10 E:\OpenServerPanel\domains\cicore.com\index.php(48): CodeIgniter\CodeIgniter->run()
#11 {main}
CRITICAL - 2022-09-13 05:07:33 --> Undefined variable: class
#0 E:\OpenServerPanel\domains\cicore.com\app\Views\backend\article\catalogue\store.php(233): CodeIgniter\Debug\Exceptions->errorHandler(8, 'Undefined varia...', 'E:\\OpenServerPa...', 233, Array)
#1 E:\OpenServerPanel\domains\cicore.com\vendor\codeigniter4\framework\system\View\View.php(246): include('E:\\OpenServerPa...')
#2 E:\OpenServerPanel\domains\cicore.com\vendor\codeigniter4\framework\system\Common.php(1119): CodeIgniter\View\View->render('backend/article...', Array, true)
#3 E:\OpenServerPanel\domains\cicore.com\app\Views\backend\dashboard\layout\home.php(44): view('backend/article...')
#4 E:\OpenServerPanel\domains\cicore.com\vendor\codeigniter4\framework\system\View\View.php(246): include('E:\\OpenServerPa...')
#5 E:\OpenServerPanel\domains\cicore.com\vendor\codeigniter4\framework\system\Common.php(1119): CodeIgniter\View\View->render('backend/dashboa...', Array, true)
#6 E:\OpenServerPanel\domains\cicore.com\app\Controllers\Backend\Article\Catalogue.php(71): view('backend/dashboa...', Array)
#7 E:\OpenServerPanel\domains\cicore.com\vendor\codeigniter4\framework\system\CodeIgniter.php(918): App\Controllers\Backend\Article\Catalogue->create()
#8 E:\OpenServerPanel\domains\cicore.com\vendor\codeigniter4\framework\system\CodeIgniter.php(404): CodeIgniter\CodeIgniter->runController(Object(App\Controllers\Backend\Article\Catalogue))
#9 E:\OpenServerPanel\domains\cicore.com\vendor\codeigniter4\framework\system\CodeIgniter.php(312): CodeIgniter\CodeIgniter->handleRequest(NULL, Object(Config\Cache), false)
#10 E:\OpenServerPanel\domains\cicore.com\index.php(48): CodeIgniter\CodeIgniter->run()
#11 {main}
CRITICAL - 2022-09-13 05:07:34 --> Undefined variable: class
#0 E:\OpenServerPanel\domains\cicore.com\app\Views\backend\article\catalogue\store.php(233): CodeIgniter\Debug\Exceptions->errorHandler(8, 'Undefined varia...', 'E:\\OpenServerPa...', 233, Array)
#1 E:\OpenServerPanel\domains\cicore.com\vendor\codeigniter4\framework\system\View\View.php(246): include('E:\\OpenServerPa...')
#2 E:\OpenServerPanel\domains\cicore.com\vendor\codeigniter4\framework\system\Common.php(1119): CodeIgniter\View\View->render('backend/article...', Array, true)
#3 E:\OpenServerPanel\domains\cicore.com\app\Views\backend\dashboard\layout\home.php(44): view('backend/article...')
#4 E:\OpenServerPanel\domains\cicore.com\vendor\codeigniter4\framework\system\View\View.php(246): include('E:\\OpenServerPa...')
#5 E:\OpenServerPanel\domains\cicore.com\vendor\codeigniter4\framework\system\Common.php(1119): CodeIgniter\View\View->render('backend/dashboa...', Array, true)
#6 E:\OpenServerPanel\domains\cicore.com\app\Controllers\Backend\Article\Catalogue.php(71): view('backend/dashboa...', Array)
#7 E:\OpenServerPanel\domains\cicore.com\vendor\codeigniter4\framework\system\CodeIgniter.php(918): App\Controllers\Backend\Article\Catalogue->create()
#8 E:\OpenServerPanel\domains\cicore.com\vendor\codeigniter4\framework\system\CodeIgniter.php(404): CodeIgniter\CodeIgniter->runController(Object(App\Controllers\Backend\Article\Catalogue))
#9 E:\OpenServerPanel\domains\cicore.com\vendor\codeigniter4\framework\system\CodeIgniter.php(312): CodeIgniter\CodeIgniter->handleRequest(NULL, Object(Config\Cache), false)
#10 E:\OpenServerPanel\domains\cicore.com\index.php(48): CodeIgniter\CodeIgniter->run()
#11 {main}
CRITICAL - 2022-09-13 05:11:50 --> Invalid file: backend.article.catalogue.include.general
#0 E:\OpenServerPanel\domains\cicore.com\vendor\codeigniter4\framework\system\View\View.php(228): CodeIgniter\Exceptions\FrameworkException::forInvalidFile('backend.article...')
#1 E:\OpenServerPanel\domains\cicore.com\vendor\codeigniter4\framework\system\Common.php(1119): CodeIgniter\View\View->render('backend.article...', Array, true)
#2 E:\OpenServerPanel\domains\cicore.com\app\Views\backend\article\catalogue\store.php(21): view('backend.article...')
#3 E:\OpenServerPanel\domains\cicore.com\vendor\codeigniter4\framework\system\View\View.php(246): include('E:\\OpenServerPa...')
#4 E:\OpenServerPanel\domains\cicore.com\vendor\codeigniter4\framework\system\Common.php(1119): CodeIgniter\View\View->render('backend/article...', Array, true)
#5 E:\OpenServerPanel\domains\cicore.com\app\Views\backend\dashboard\layout\home.php(44): view('backend/article...')
#6 E:\OpenServerPanel\domains\cicore.com\vendor\codeigniter4\framework\system\View\View.php(246): include('E:\\OpenServerPa...')
#7 E:\OpenServerPanel\domains\cicore.com\vendor\codeigniter4\framework\system\Common.php(1119): CodeIgniter\View\View->render('backend/dashboa...', Array, true)
#8 E:\OpenServerPanel\domains\cicore.com\app\Controllers\Backend\Article\Catalogue.php(71): view('backend/dashboa...', Array)
#9 E:\OpenServerPanel\domains\cicore.com\vendor\codeigniter4\framework\system\CodeIgniter.php(918): App\Controllers\Backend\Article\Catalogue->create()
#10 E:\OpenServerPanel\domains\cicore.com\vendor\codeigniter4\framework\system\CodeIgniter.php(404): CodeIgniter\CodeIgniter->runController(Object(App\Controllers\Backend\Article\Catalogue))
#11 E:\OpenServerPanel\domains\cicore.com\vendor\codeigniter4\framework\system\CodeIgniter.php(312): CodeIgniter\CodeIgniter->handleRequest(NULL, Object(Config\Cache), false)
#12 E:\OpenServerPanel\domains\cicore.com\index.php(48): CodeIgniter\CodeIgniter->run()
#13 {main}
CRITICAL - 2022-09-13 05:12:06 --> Invalid file: backend.article.catalogue.include.general
#0 E:\OpenServerPanel\domains\cicore.com\vendor\codeigniter4\framework\system\View\View.php(228): CodeIgniter\Exceptions\FrameworkException::forInvalidFile('backend.article...')
#1 E:\OpenServerPanel\domains\cicore.com\vendor\codeigniter4\framework\system\Common.php(1119): CodeIgniter\View\View->render('backend.article...', Array, true)
#2 E:\OpenServerPanel\domains\cicore.com\app\Views\backend\article\catalogue\store.php(21): view('backend.article...')
#3 E:\OpenServerPanel\domains\cicore.com\vendor\codeigniter4\framework\system\View\View.php(246): include('E:\\OpenServerPa...')
#4 E:\OpenServerPanel\domains\cicore.com\vendor\codeigniter4\framework\system\Common.php(1119): CodeIgniter\View\View->render('backend/article...', Array, true)
#5 E:\OpenServerPanel\domains\cicore.com\app\Views\backend\dashboard\layout\home.php(44): view('backend/article...')
#6 E:\OpenServerPanel\domains\cicore.com\vendor\codeigniter4\framework\system\View\View.php(246): include('E:\\OpenServerPa...')
#7 E:\OpenServerPanel\domains\cicore.com\vendor\codeigniter4\framework\system\Common.php(1119): CodeIgniter\View\View->render('backend/dashboa...', Array, true)
#8 E:\OpenServerPanel\domains\cicore.com\app\Controllers\Backend\Article\Catalogue.php(71): view('backend/dashboa...', Array)
#9 E:\OpenServerPanel\domains\cicore.com\vendor\codeigniter4\framework\system\CodeIgniter.php(918): App\Controllers\Backend\Article\Catalogue->create()
#10 E:\OpenServerPanel\domains\cicore.com\vendor\codeigniter4\framework\system\CodeIgniter.php(404): CodeIgniter\CodeIgniter->runController(Object(App\Controllers\Backend\Article\Catalogue))
#11 E:\OpenServerPanel\domains\cicore.com\vendor\codeigniter4\framework\system\CodeIgniter.php(312): CodeIgniter\CodeIgniter->handleRequest(NULL, Object(Config\Cache), false)
#12 E:\OpenServerPanel\domains\cicore.com\index.php(48): CodeIgniter\CodeIgniter->run()
#13 {main}
CRITICAL - 2022-09-13 05:12:07 --> Invalid file: backend.article.catalogue.include.general
#0 E:\OpenServerPanel\domains\cicore.com\vendor\codeigniter4\framework\system\View\View.php(228): CodeIgniter\Exceptions\FrameworkException::forInvalidFile('backend.article...')
#1 E:\OpenServerPanel\domains\cicore.com\vendor\codeigniter4\framework\system\Common.php(1119): CodeIgniter\View\View->render('backend.article...', Array, true)
#2 E:\OpenServerPanel\domains\cicore.com\app\Views\backend\article\catalogue\store.php(21): view('backend.article...')
#3 E:\OpenServerPanel\domains\cicore.com\vendor\codeigniter4\framework\system\View\View.php(246): include('E:\\OpenServerPa...')
#4 E:\OpenServerPanel\domains\cicore.com\vendor\codeigniter4\framework\system\Common.php(1119): CodeIgniter\View\View->render('backend/article...', Array, true)
#5 E:\OpenServerPanel\domains\cicore.com\app\Views\backend\dashboard\layout\home.php(44): view('backend/article...')
#6 E:\OpenServerPanel\domains\cicore.com\vendor\codeigniter4\framework\system\View\View.php(246): include('E:\\OpenServerPa...')
#7 E:\OpenServerPanel\domains\cicore.com\vendor\codeigniter4\framework\system\Common.php(1119): CodeIgniter\View\View->render('backend/dashboa...', Array, true)
#8 E:\OpenServerPanel\domains\cicore.com\app\Controllers\Backend\Article\Catalogue.php(71): view('backend/dashboa...', Array)
#9 E:\OpenServerPanel\domains\cicore.com\vendor\codeigniter4\framework\system\CodeIgniter.php(918): App\Controllers\Backend\Article\Catalogue->create()
#10 E:\OpenServerPanel\domains\cicore.com\vendor\codeigniter4\framework\system\CodeIgniter.php(404): CodeIgniter\CodeIgniter->runController(Object(App\Controllers\Backend\Article\Catalogue))
#11 E:\OpenServerPanel\domains\cicore.com\vendor\codeigniter4\framework\system\CodeIgniter.php(312): CodeIgniter\CodeIgniter->handleRequest(NULL, Object(Config\Cache), false)
#12 E:\OpenServerPanel\domains\cicore.com\index.php(48): CodeIgniter\CodeIgniter->run()
#13 {main}
CRITICAL - 2022-09-13 05:22:01 --> Class 'App\Services\Nestedsetbie' not found
#0 E:\OpenServerPanel\domains\cicore.com\app\Config\Services.php(30): App\Services\ArticleCatalogueService->__construct(Array)
#1 E:\OpenServerPanel\domains\cicore.com\vendor\codeigniter4\framework\system\Config\BaseService.php(123): Config\Services::ArticleCatalogueService(Array, false)
#2 E:\OpenServerPanel\domains\cicore.com\app\Config\Services.php(27): CodeIgniter\Config\BaseService::getSharedInstance('articlecatalogu...', Array)
#3 E:\OpenServerPanel\domains\cicore.com\vendor\codeigniter4\framework\system\Common.php(957): Config\Services::ArticleCatalogueService(Array)
#4 E:\OpenServerPanel\domains\cicore.com\app\Controllers\Backend\Article\Catalogue.php(21): service('ArticleCatalogu...', Array)
#5 E:\OpenServerPanel\domains\cicore.com\vendor\codeigniter4\framework\system\CodeIgniter.php(890): App\Controllers\Backend\Article\Catalogue->__construct()
#6 E:\OpenServerPanel\domains\cicore.com\vendor\codeigniter4\framework\system\CodeIgniter.php(399): CodeIgniter\CodeIgniter->createController()
#7 E:\OpenServerPanel\domains\cicore.com\vendor\codeigniter4\framework\system\CodeIgniter.php(312): CodeIgniter\CodeIgniter->handleRequest(NULL, Object(Config\Cache), false)
#8 E:\OpenServerPanel\domains\cicore.com\index.php(48): CodeIgniter\CodeIgniter->run()
#9 {main}
CRITICAL - 2022-09-13 05:29:04 --> Table 'project.article_catalogues_translate' doesn't exist
#0 E:\OpenServerPanel\domains\cicore.com\vendor\codeigniter4\framework\system\Database\MySQLi\Connection.php(331): mysqli->query('SELECT `tb1`.`i...')
#1 E:\OpenServerPanel\domains\cicore.com\vendor\codeigniter4\framework\system\Database\BaseConnection.php(741): CodeIgniter\Database\MySQLi\Connection->execute('SELECT `tb1`.`i...')
#2 E:\OpenServerPanel\domains\cicore.com\vendor\codeigniter4\framework\system\Database\BaseConnection.php(669): CodeIgniter\Database\BaseConnection->simpleQuery('SELECT `tb1`.`i...')
#3 E:\OpenServerPanel\domains\cicore.com\vendor\codeigniter4\framework\system\Database\BaseBuilder.php(1860): CodeIgniter\Database\BaseConnection->query('SELECT `tb1`.`i...', Array, false)
#4 E:\OpenServerPanel\domains\cicore.com\app\Libraries\Nestedsetbie.php(29): CodeIgniter\Database\BaseBuilder->get()
#5 E:\OpenServerPanel\domains\cicore.com\app\Libraries\Nestedsetbie.php(78): App\Libraries\Nestedsetbie->Get()
#6 E:\OpenServerPanel\domains\cicore.com\app\Controllers\Backend\Article\Catalogue.php(68): App\Libraries\Nestedsetbie->Dropdown()
#7 E:\OpenServerPanel\domains\cicore.com\vendor\codeigniter4\framework\system\CodeIgniter.php(918): App\Controllers\Backend\Article\Catalogue->create()
#8 E:\OpenServerPanel\domains\cicore.com\vendor\codeigniter4\framework\system\CodeIgniter.php(404): CodeIgniter\CodeIgniter->runController(Object(App\Controllers\Backend\Article\Catalogue))
#9 E:\OpenServerPanel\domains\cicore.com\vendor\codeigniter4\framework\system\CodeIgniter.php(312): CodeIgniter\CodeIgniter->handleRequest(NULL, Object(Config\Cache), false)
#10 E:\OpenServerPanel\domains\cicore.com\index.php(48): CodeIgniter\CodeIgniter->run()
#11 {main}
CRITICAL - 2022-09-13 05:29:43 --> substr() expects parameter 3 to be integer, string given
#0 [internal function]: CodeIgniter\Debug\Exceptions->errorHandler(2, 'substr() expect...', 'E:\\OpenServerPa...', 24, Array)
#1 E:\OpenServerPanel\domains\cicore.com\app\Libraries\Nestedsetbie.php(24): substr('0', -1, 'article_catalog...')
#2 E:\OpenServerPanel\domains\cicore.com\app\Libraries\Nestedsetbie.php(79): App\Libraries\Nestedsetbie->Get()
#3 E:\OpenServerPanel\domains\cicore.com\app\Controllers\Backend\Article\Catalogue.php(68): App\Libraries\Nestedsetbie->Dropdown()
#4 E:\OpenServerPanel\domains\cicore.com\vendor\codeigniter4\framework\system\CodeIgniter.php(918): App\Controllers\Backend\Article\Catalogue->create()
#5 E:\OpenServerPanel\domains\cicore.com\vendor\codeigniter4\framework\system\CodeIgniter.php(404): CodeIgniter\CodeIgniter->runController(Object(App\Controllers\Backend\Article\Catalogue))
#6 E:\OpenServerPanel\domains\cicore.com\vendor\codeigniter4\framework\system\CodeIgniter.php(312): CodeIgniter\CodeIgniter->handleRequest(NULL, Object(Config\Cache), false)
#7 E:\OpenServerPanel\domains\cicore.com\index.php(48): CodeIgniter\CodeIgniter->run()
#8 {main}
CRITICAL - 2022-09-13 05:30:00 --> Unknown column 'tb2.module' in 'where clause'
#0 E:\OpenServerPanel\domains\cicore.com\vendor\codeigniter4\framework\system\Database\MySQLi\Connection.php(331): mysqli->query('SELECT `tb1`.`i...')
#1 E:\OpenServerPanel\domains\cicore.com\vendor\codeigniter4\framework\system\Database\BaseConnection.php(741): CodeIgniter\Database\MySQLi\Connection->execute('SELECT `tb1`.`i...')
#2 E:\OpenServerPanel\domains\cicore.com\vendor\codeigniter4\framework\system\Database\BaseConnection.php(669): CodeIgniter\Database\BaseConnection->simpleQuery('SELECT `tb1`.`i...')
#3 E:\OpenServerPanel\domains\cicore.com\vendor\codeigniter4\framework\system\Database\BaseBuilder.php(1860): CodeIgniter\Database\BaseConnection->query('SELECT `tb1`.`i...', Array, false)
#4 E:\OpenServerPanel\domains\cicore.com\app\Libraries\Nestedsetbie.php(30): CodeIgniter\Database\BaseBuilder->get()
#5 E:\OpenServerPanel\domains\cicore.com\app\Libraries\Nestedsetbie.php(79): App\Libraries\Nestedsetbie->Get()
#6 E:\OpenServerPanel\domains\cicore.com\app\Controllers\Backend\Article\Catalogue.php(68): App\Libraries\Nestedsetbie->Dropdown()
#7 E:\OpenServerPanel\domains\cicore.com\vendor\codeigniter4\framework\system\CodeIgniter.php(918): App\Controllers\Backend\Article\Catalogue->create()
#8 E:\OpenServerPanel\domains\cicore.com\vendor\codeigniter4\framework\system\CodeIgniter.php(404): CodeIgniter\CodeIgniter->runController(Object(App\Controllers\Backend\Article\Catalogue))
#9 E:\OpenServerPanel\domains\cicore.com\vendor\codeigniter4\framework\system\CodeIgniter.php(312): CodeIgniter\CodeIgniter->handleRequest(NULL, Object(Config\Cache), false)
#10 E:\OpenServerPanel\domains\cicore.com\index.php(48): CodeIgniter\CodeIgniter->run()
#11 {main}
CRITICAL - 2022-09-13 05:32:00 --> Unknown column 'tb2.language' in 'on clause'
#0 E:\OpenServerPanel\domains\cicore.com\vendor\codeigniter4\framework\system\Database\MySQLi\Connection.php(331): mysqli->query('SELECT `tb1`.`i...')
#1 E:\OpenServerPanel\domains\cicore.com\vendor\codeigniter4\framework\system\Database\BaseConnection.php(741): CodeIgniter\Database\MySQLi\Connection->execute('SELECT `tb1`.`i...')
#2 E:\OpenServerPanel\domains\cicore.com\vendor\codeigniter4\framework\system\Database\BaseConnection.php(669): CodeIgniter\Database\BaseConnection->simpleQuery('SELECT `tb1`.`i...')
#3 E:\OpenServerPanel\domains\cicore.com\vendor\codeigniter4\framework\system\Database\BaseBuilder.php(1860): CodeIgniter\Database\BaseConnection->query('SELECT `tb1`.`i...', Array, false)
#4 E:\OpenServerPanel\domains\cicore.com\app\Libraries\Nestedsetbie.php(30): CodeIgniter\Database\BaseBuilder->get()
#5 E:\OpenServerPanel\domains\cicore.com\app\Libraries\Nestedsetbie.php(79): App\Libraries\Nestedsetbie->Get()
#6 E:\OpenServerPanel\domains\cicore.com\app\Controllers\Backend\Article\Catalogue.php(68): App\Libraries\Nestedsetbie->Dropdown()
#7 E:\OpenServerPanel\domains\cicore.com\vendor\codeigniter4\framework\system\CodeIgniter.php(918): App\Controllers\Backend\Article\Catalogue->create()
#8 E:\OpenServerPanel\domains\cicore.com\vendor\codeigniter4\framework\system\CodeIgniter.php(404): CodeIgniter\CodeIgniter->runController(Object(App\Controllers\Backend\Article\Catalogue))
#9 E:\OpenServerPanel\domains\cicore.com\vendor\codeigniter4\framework\system\CodeIgniter.php(312): CodeIgniter\CodeIgniter->handleRequest(NULL, Object(Config\Cache), false)
#10 E:\OpenServerPanel\domains\cicore.com\index.php(48): CodeIgniter\CodeIgniter->run()
#11 {main}
CRITICAL - 2022-09-13 05:32:48 --> You have an error in your SQL syntax; check the manual that corresponds to your MySQL server version for the right syntax to use near ''article_catalogue_id' AND `tb2`.`language` = '2' 
WHERE `tb1`.`deleted_at` = 0
' at line 3
#0 E:\OpenServerPanel\domains\cicore.com\vendor\codeigniter4\framework\system\Database\MySQLi\Connection.php(331): mysqli->query('SELECT `tb1`.`i...')
#1 E:\OpenServerPanel\domains\cicore.com\vendor\codeigniter4\framework\system\Database\BaseConnection.php(741): CodeIgniter\Database\MySQLi\Connection->execute('SELECT `tb1`.`i...')
#2 E:\OpenServerPanel\domains\cicore.com\vendor\codeigniter4\framework\system\Database\BaseConnection.php(669): CodeIgniter\Database\BaseConnection->simpleQuery('SELECT `tb1`.`i...')
#3 E:\OpenServerPanel\domains\cicore.com\vendor\codeigniter4\framework\system\Database\BaseBuilder.php(1860): CodeIgniter\Database\BaseConnection->query('SELECT `tb1`.`i...', Array, false)
#4 E:\OpenServerPanel\domains\cicore.com\app\Libraries\Nestedsetbie.php(30): CodeIgniter\Database\BaseBuilder->get()
#5 E:\OpenServerPanel\domains\cicore.com\app\Libraries\Nestedsetbie.php(79): App\Libraries\Nestedsetbie->Get()
#6 E:\OpenServerPanel\domains\cicore.com\app\Controllers\Backend\Article\Catalogue.php(68): App\Libraries\Nestedsetbie->Dropdown()
#7 E:\OpenServerPanel\domains\cicore.com\vendor\codeigniter4\framework\system\CodeIgniter.php(918): App\Controllers\Backend\Article\Catalogue->create()
#8 E:\OpenServerPanel\domains\cicore.com\vendor\codeigniter4\framework\system\CodeIgniter.php(404): CodeIgniter\CodeIgniter->runController(Object(App\Controllers\Backend\Article\Catalogue))
#9 E:\OpenServerPanel\domains\cicore.com\vendor\codeigniter4\framework\system\CodeIgniter.php(312): CodeIgniter\CodeIgniter->handleRequest(NULL, Object(Config\Cache), false)
#10 E:\OpenServerPanel\domains\cicore.com\index.php(48): CodeIgniter\CodeIgniter->run()
#11 {main}
CRITICAL - 2022-09-13 05:33:33 --> You have an error in your SQL syntax; check the manual that corresponds to your MySQL server version for the right syntax to use near ''article_catalogue_id'
WHERE `tb1`.`deleted_at` = 0
ORDER BY `lft` ASC, `order` ' at line 3
#0 E:\OpenServerPanel\domains\cicore.com\vendor\codeigniter4\framework\system\Database\MySQLi\Connection.php(331): mysqli->query('SELECT `tb1`.`i...')
#1 E:\OpenServerPanel\domains\cicore.com\vendor\codeigniter4\framework\system\Database\BaseConnection.php(741): CodeIgniter\Database\MySQLi\Connection->execute('SELECT `tb1`.`i...')
#2 E:\OpenServerPanel\domains\cicore.com\vendor\codeigniter4\framework\system\Database\BaseConnection.php(669): CodeIgniter\Database\BaseConnection->simpleQuery('SELECT `tb1`.`i...')
#3 E:\OpenServerPanel\domains\cicore.com\vendor\codeigniter4\framework\system\Database\BaseBuilder.php(1860): CodeIgniter\Database\BaseConnection->query('SELECT `tb1`.`i...', Array, false)
#4 E:\OpenServerPanel\domains\cicore.com\app\Libraries\Nestedsetbie.php(30): CodeIgniter\Database\BaseBuilder->get()
#5 E:\OpenServerPanel\domains\cicore.com\app\Libraries\Nestedsetbie.php(79): App\Libraries\Nestedsetbie->Get()
#6 E:\OpenServerPanel\domains\cicore.com\app\Controllers\Backend\Article\Catalogue.php(68): App\Libraries\Nestedsetbie->Dropdown()
#7 E:\OpenServerPanel\domains\cicore.com\vendor\codeigniter4\framework\system\CodeIgniter.php(918): App\Controllers\Backend\Article\Catalogue->create()
#8 E:\OpenServerPanel\domains\cicore.com\vendor\codeigniter4\framework\system\CodeIgniter.php(404): CodeIgniter\CodeIgniter->runController(Object(App\Controllers\Backend\Article\Catalogue))
#9 E:\OpenServerPanel\domains\cicore.com\vendor\codeigniter4\framework\system\CodeIgniter.php(312): CodeIgniter\CodeIgniter->handleRequest(NULL, Object(Config\Cache), false)
#10 E:\OpenServerPanel\domains\cicore.com\index.php(48): CodeIgniter\CodeIgniter->run()
#11 {main}
CRITICAL - 2022-09-13 05:33:34 --> You have an error in your SQL syntax; check the manual that corresponds to your MySQL server version for the right syntax to use near ''article_catalogue_id'
WHERE `tb1`.`deleted_at` = 0
ORDER BY `lft` ASC, `order` ' at line 3
#0 E:\OpenServerPanel\domains\cicore.com\vendor\codeigniter4\framework\system\Database\MySQLi\Connection.php(331): mysqli->query('SELECT `tb1`.`i...')
#1 E:\OpenServerPanel\domains\cicore.com\vendor\codeigniter4\framework\system\Database\BaseConnection.php(741): CodeIgniter\Database\MySQLi\Connection->execute('SELECT `tb1`.`i...')
#2 E:\OpenServerPanel\domains\cicore.com\vendor\codeigniter4\framework\system\Database\BaseConnection.php(669): CodeIgniter\Database\BaseConnection->simpleQuery('SELECT `tb1`.`i...')
#3 E:\OpenServerPanel\domains\cicore.com\vendor\codeigniter4\framework\system\Database\BaseBuilder.php(1860): CodeIgniter\Database\BaseConnection->query('SELECT `tb1`.`i...', Array, false)
#4 E:\OpenServerPanel\domains\cicore.com\app\Libraries\Nestedsetbie.php(30): CodeIgniter\Database\BaseBuilder->get()
#5 E:\OpenServerPanel\domains\cicore.com\app\Libraries\Nestedsetbie.php(79): App\Libraries\Nestedsetbie->Get()
#6 E:\OpenServerPanel\domains\cicore.com\app\Controllers\Backend\Article\Catalogue.php(68): App\Libraries\Nestedsetbie->Dropdown()
#7 E:\OpenServerPanel\domains\cicore.com\vendor\codeigniter4\framework\system\CodeIgniter.php(918): App\Controllers\Backend\Article\Catalogue->create()
#8 E:\OpenServerPanel\domains\cicore.com\vendor\codeigniter4\framework\system\CodeIgniter.php(404): CodeIgniter\CodeIgniter->runController(Object(App\Controllers\Backend\Article\Catalogue))
#9 E:\OpenServerPanel\domains\cicore.com\vendor\codeigniter4\framework\system\CodeIgniter.php(312): CodeIgniter\CodeIgniter->handleRequest(NULL, Object(Config\Cache), false)
#10 E:\OpenServerPanel\domains\cicore.com\index.php(48): CodeIgniter\CodeIgniter->run()
#11 {main}
CRITICAL - 2022-09-13 05:33:34 --> You have an error in your SQL syntax; check the manual that corresponds to your MySQL server version for the right syntax to use near ''article_catalogue_id'
WHERE `tb1`.`deleted_at` = 0
ORDER BY `lft` ASC, `order` ' at line 3
#0 E:\OpenServerPanel\domains\cicore.com\vendor\codeigniter4\framework\system\Database\MySQLi\Connection.php(331): mysqli->query('SELECT `tb1`.`i...')
#1 E:\OpenServerPanel\domains\cicore.com\vendor\codeigniter4\framework\system\Database\BaseConnection.php(741): CodeIgniter\Database\MySQLi\Connection->execute('SELECT `tb1`.`i...')
#2 E:\OpenServerPanel\domains\cicore.com\vendor\codeigniter4\framework\system\Database\BaseConnection.php(669): CodeIgniter\Database\BaseConnection->simpleQuery('SELECT `tb1`.`i...')
#3 E:\OpenServerPanel\domains\cicore.com\vendor\codeigniter4\framework\system\Database\BaseBuilder.php(1860): CodeIgniter\Database\BaseConnection->query('SELECT `tb1`.`i...', Array, false)
#4 E:\OpenServerPanel\domains\cicore.com\app\Libraries\Nestedsetbie.php(30): CodeIgniter\Database\BaseBuilder->get()
#5 E:\OpenServerPanel\domains\cicore.com\app\Libraries\Nestedsetbie.php(79): App\Libraries\Nestedsetbie->Get()
#6 E:\OpenServerPanel\domains\cicore.com\app\Controllers\Backend\Article\Catalogue.php(68): App\Libraries\Nestedsetbie->Dropdown()
#7 E:\OpenServerPanel\domains\cicore.com\vendor\codeigniter4\framework\system\CodeIgniter.php(918): App\Controllers\Backend\Article\Catalogue->create()
#8 E:\OpenServerPanel\domains\cicore.com\vendor\codeigniter4\framework\system\CodeIgniter.php(404): CodeIgniter\CodeIgniter->runController(Object(App\Controllers\Backend\Article\Catalogue))
#9 E:\OpenServerPanel\domains\cicore.com\vendor\codeigniter4\framework\system\CodeIgniter.php(312): CodeIgniter\CodeIgniter->handleRequest(NULL, Object(Config\Cache), false)
#10 E:\OpenServerPanel\domains\cicore.com\index.php(48): CodeIgniter\CodeIgniter->run()
#11 {main}
CRITICAL - 2022-09-13 05:34:30 --> You have an error in your SQL syntax; check the manual that corresponds to your MySQL server version for the right syntax to use near '"article_catalogue_id"
WHERE `tb1`.`deleted_at` = 0
ORDER BY `lft` ASC, `order` ' at line 3
#0 E:\OpenServerPanel\domains\cicore.com\vendor\codeigniter4\framework\system\Database\MySQLi\Connection.php(331): mysqli->query('SELECT `tb1`.`i...')
#1 E:\OpenServerPanel\domains\cicore.com\vendor\codeigniter4\framework\system\Database\BaseConnection.php(741): CodeIgniter\Database\MySQLi\Connection->execute('SELECT `tb1`.`i...')
#2 E:\OpenServerPanel\domains\cicore.com\vendor\codeigniter4\framework\system\Database\BaseConnection.php(669): CodeIgniter\Database\BaseConnection->simpleQuery('SELECT `tb1`.`i...')
#3 E:\OpenServerPanel\domains\cicore.com\vendor\codeigniter4\framework\system\Database\BaseBuilder.php(1860): CodeIgniter\Database\BaseConnection->query('SELECT `tb1`.`i...', Array, false)
#4 E:\OpenServerPanel\domains\cicore.com\app\Libraries\Nestedsetbie.php(30): CodeIgniter\Database\BaseBuilder->get()
#5 E:\OpenServerPanel\domains\cicore.com\app\Libraries\Nestedsetbie.php(79): App\Libraries\Nestedsetbie->Get()
#6 E:\OpenServerPanel\domains\cicore.com\app\Controllers\Backend\Article\Catalogue.php(68): App\Libraries\Nestedsetbie->Dropdown()
#7 E:\OpenServerPanel\domains\cicore.com\vendor\codeigniter4\framework\system\CodeIgniter.php(918): App\Controllers\Backend\Article\Catalogue->create()
#8 E:\OpenServerPanel\domains\cicore.com\vendor\codeigniter4\framework\system\CodeIgniter.php(404): CodeIgniter\CodeIgniter->runController(Object(App\Controllers\Backend\Article\Catalogue))
#9 E:\OpenServerPanel\domains\cicore.com\vendor\codeigniter4\framework\system\CodeIgniter.php(312): CodeIgniter\CodeIgniter->handleRequest(NULL, Object(Config\Cache), false)
#10 E:\OpenServerPanel\domains\cicore.com\index.php(48): CodeIgniter\CodeIgniter->run()
#11 {main}
CRITICAL - 2022-09-13 05:34:31 --> You have an error in your SQL syntax; check the manual that corresponds to your MySQL server version for the right syntax to use near '"article_catalogue_id"
WHERE `tb1`.`deleted_at` = 0
ORDER BY `lft` ASC, `order` ' at line 3
#0 E:\OpenServerPanel\domains\cicore.com\vendor\codeigniter4\framework\system\Database\MySQLi\Connection.php(331): mysqli->query('SELECT `tb1`.`i...')
#1 E:\OpenServerPanel\domains\cicore.com\vendor\codeigniter4\framework\system\Database\BaseConnection.php(741): CodeIgniter\Database\MySQLi\Connection->execute('SELECT `tb1`.`i...')
#2 E:\OpenServerPanel\domains\cicore.com\vendor\codeigniter4\framework\system\Database\BaseConnection.php(669): CodeIgniter\Database\BaseConnection->simpleQuery('SELECT `tb1`.`i...')
#3 E:\OpenServerPanel\domains\cicore.com\vendor\codeigniter4\framework\system\Database\BaseBuilder.php(1860): CodeIgniter\Database\BaseConnection->query('SELECT `tb1`.`i...', Array, false)
#4 E:\OpenServerPanel\domains\cicore.com\app\Libraries\Nestedsetbie.php(30): CodeIgniter\Database\BaseBuilder->get()
#5 E:\OpenServerPanel\domains\cicore.com\app\Libraries\Nestedsetbie.php(79): App\Libraries\Nestedsetbie->Get()
#6 E:\OpenServerPanel\domains\cicore.com\app\Controllers\Backend\Article\Catalogue.php(68): App\Libraries\Nestedsetbie->Dropdown()
#7 E:\OpenServerPanel\domains\cicore.com\vendor\codeigniter4\framework\system\CodeIgniter.php(918): App\Controllers\Backend\Article\Catalogue->create()
#8 E:\OpenServerPanel\domains\cicore.com\vendor\codeigniter4\framework\system\CodeIgniter.php(404): CodeIgniter\CodeIgniter->runController(Object(App\Controllers\Backend\Article\Catalogue))
#9 E:\OpenServerPanel\domains\cicore.com\vendor\codeigniter4\framework\system\CodeIgniter.php(312): CodeIgniter\CodeIgniter->handleRequest(NULL, Object(Config\Cache), false)
#10 E:\OpenServerPanel\domains\cicore.com\index.php(48): CodeIgniter\CodeIgniter->run()
#11 {main}
CRITICAL - 2022-09-13 05:38:20 --> Too few arguments to function App\Services\ArticleCatalogueService::pagination(), 0 passed in E:\OpenServerPanel\domains\cicore.com\app\Controllers\Backend\Article\Catalogue.php on line 36 and exactly 1 expected
#0 E:\OpenServerPanel\domains\cicore.com\app\Controllers\Backend\Article\Catalogue.php(36): App\Services\ArticleCatalogueService->pagination()
#1 E:\OpenServerPanel\domains\cicore.com\vendor\codeigniter4\framework\system\CodeIgniter.php(918): App\Controllers\Backend\Article\Catalogue->index()
#2 E:\OpenServerPanel\domains\cicore.com\vendor\codeigniter4\framework\system\CodeIgniter.php(404): CodeIgniter\CodeIgniter->runController(Object(App\Controllers\Backend\Article\Catalogue))
#3 E:\OpenServerPanel\domains\cicore.com\vendor\codeigniter4\framework\system\CodeIgniter.php(312): CodeIgniter\CodeIgniter->handleRequest(NULL, Object(Config\Cache), false)
#4 E:\OpenServerPanel\domains\cicore.com\index.php(48): CodeIgniter\CodeIgniter->run()
#5 {main}
CRITICAL - 2022-09-13 05:38:21 --> Too few arguments to function App\Services\ArticleCatalogueService::pagination(), 0 passed in E:\OpenServerPanel\domains\cicore.com\app\Controllers\Backend\Article\Catalogue.php on line 36 and exactly 1 expected
#0 E:\OpenServerPanel\domains\cicore.com\app\Controllers\Backend\Article\Catalogue.php(36): App\Services\ArticleCatalogueService->pagination()
#1 E:\OpenServerPanel\domains\cicore.com\vendor\codeigniter4\framework\system\CodeIgniter.php(918): App\Controllers\Backend\Article\Catalogue->index()
#2 E:\OpenServerPanel\domains\cicore.com\vendor\codeigniter4\framework\system\CodeIgniter.php(404): CodeIgniter\CodeIgniter->runController(Object(App\Controllers\Backend\Article\Catalogue))
#3 E:\OpenServerPanel\domains\cicore.com\vendor\codeigniter4\framework\system\CodeIgniter.php(312): CodeIgniter\CodeIgniter->handleRequest(NULL, Object(Config\Cache), false)
#4 E:\OpenServerPanel\domains\cicore.com\index.php(48): CodeIgniter\CodeIgniter->run()
#5 {main}
CRITICAL - 2022-09-13 05:39:00 --> Undefined property: App\Services\ArticleCatalogueService::$pagination
#0 E:\OpenServerPanel\domains\cicore.com\app\Services\ArticleCatalogueService.php(53): CodeIgniter\Debug\Exceptions->errorHandler(8, 'Undefined prope...', 'E:\\OpenServerPa...', 53, Array)
#1 E:\OpenServerPanel\domains\cicore.com\app\Controllers\Backend\Article\Catalogue.php(36): App\Services\ArticleCatalogueService->pagination(1)
#2 E:\OpenServerPanel\domains\cicore.com\vendor\codeigniter4\framework\system\CodeIgniter.php(918): App\Controllers\Backend\Article\Catalogue->index()
#3 E:\OpenServerPanel\domains\cicore.com\vendor\codeigniter4\framework\system\CodeIgniter.php(404): CodeIgniter\CodeIgniter->runController(Object(App\Controllers\Backend\Article\Catalogue))
#4 E:\OpenServerPanel\domains\cicore.com\vendor\codeigniter4\framework\system\CodeIgniter.php(312): CodeIgniter\CodeIgniter->handleRequest(NULL, Object(Config\Cache), false)
#5 E:\OpenServerPanel\domains\cicore.com\index.php(48): CodeIgniter\CodeIgniter->run()
#6 {main}
CRITICAL - 2022-09-13 05:39:02 --> Undefined property: App\Services\ArticleCatalogueService::$pagination
#0 E:\OpenServerPanel\domains\cicore.com\app\Services\ArticleCatalogueService.php(53): CodeIgniter\Debug\Exceptions->errorHandler(8, 'Undefined prope...', 'E:\\OpenServerPa...', 53, Array)
#1 E:\OpenServerPanel\domains\cicore.com\app\Controllers\Backend\Article\Catalogue.php(36): App\Services\ArticleCatalogueService->pagination(1)
#2 E:\OpenServerPanel\domains\cicore.com\vendor\codeigniter4\framework\system\CodeIgniter.php(918): App\Controllers\Backend\Article\Catalogue->index()
#3 E:\OpenServerPanel\domains\cicore.com\vendor\codeigniter4\framework\system\CodeIgniter.php(404): CodeIgniter\CodeIgniter->runController(Object(App\Controllers\Backend\Article\Catalogue))
#4 E:\OpenServerPanel\domains\cicore.com\vendor\codeigniter4\framework\system\CodeIgniter.php(312): CodeIgniter\CodeIgniter->handleRequest(NULL, Object(Config\Cache), false)
#5 E:\OpenServerPanel\domains\cicore.com\index.php(48): CodeIgniter\CodeIgniter->run()
#6 {main}
CRITICAL - 2022-09-13 05:40:16 --> Call to a member function initialize() on null
#0 E:\OpenServerPanel\domains\cicore.com\app\Controllers\Backend\Article\Catalogue.php(36): App\Services\ArticleCatalogueService->pagination(1)
#1 E:\OpenServerPanel\domains\cicore.com\vendor\codeigniter4\framework\system\CodeIgniter.php(918): App\Controllers\Backend\Article\Catalogue->index()
#2 E:\OpenServerPanel\domains\cicore.com\vendor\codeigniter4\framework\system\CodeIgniter.php(404): CodeIgniter\CodeIgniter->runController(Object(App\Controllers\Backend\Article\Catalogue))
#3 E:\OpenServerPanel\domains\cicore.com\vendor\codeigniter4\framework\system\CodeIgniter.php(312): CodeIgniter\CodeIgniter->handleRequest(NULL, Object(Config\Cache), false)
#4 E:\OpenServerPanel\domains\cicore.com\index.php(48): CodeIgniter\CodeIgniter->run()
#5 {main}
CRITICAL - 2022-09-13 05:40:17 --> Call to a member function initialize() on null
#0 E:\OpenServerPanel\domains\cicore.com\app\Controllers\Backend\Article\Catalogue.php(36): App\Services\ArticleCatalogueService->pagination(1)
#1 E:\OpenServerPanel\domains\cicore.com\vendor\codeigniter4\framework\system\CodeIgniter.php(918): App\Controllers\Backend\Article\Catalogue->index()
#2 E:\OpenServerPanel\domains\cicore.com\vendor\codeigniter4\framework\system\CodeIgniter.php(404): CodeIgniter\CodeIgniter->runController(Object(App\Controllers\Backend\Article\Catalogue))
#3 E:\OpenServerPanel\domains\cicore.com\vendor\codeigniter4\framework\system\CodeIgniter.php(312): CodeIgniter\CodeIgniter->handleRequest(NULL, Object(Config\Cache), false)
#4 E:\OpenServerPanel\domains\cicore.com\index.php(48): CodeIgniter\CodeIgniter->run()
#5 {main}
CRITICAL - 2022-09-13 05:40:45 --> Call to undefined method App\Services\ArticleCatalogueService::detect_language()
#0 E:\OpenServerPanel\domains\cicore.com\app\Controllers\Backend\Article\Catalogue.php(36): App\Services\ArticleCatalogueService->pagination(0)
#1 E:\OpenServerPanel\domains\cicore.com\vendor\codeigniter4\framework\system\CodeIgniter.php(918): App\Controllers\Backend\Article\Catalogue->index()
#2 E:\OpenServerPanel\domains\cicore.com\vendor\codeigniter4\framework\system\CodeIgniter.php(404): CodeIgniter\CodeIgniter->runController(Object(App\Controllers\Backend\Article\Catalogue))
#3 E:\OpenServerPanel\domains\cicore.com\vendor\codeigniter4\framework\system\CodeIgniter.php(312): CodeIgniter\CodeIgniter->handleRequest(NULL, Object(Config\Cache), false)
#4 E:\OpenServerPanel\domains\cicore.com\index.php(48): CodeIgniter\CodeIgniter->run()
#5 {main}
CRITICAL - 2022-09-13 05:40:46 --> Call to undefined method App\Services\ArticleCatalogueService::detect_language()
#0 E:\OpenServerPanel\domains\cicore.com\app\Controllers\Backend\Article\Catalogue.php(36): App\Services\ArticleCatalogueService->pagination(0)
#1 E:\OpenServerPanel\domains\cicore.com\vendor\codeigniter4\framework\system\CodeIgniter.php(918): App\Controllers\Backend\Article\Catalogue->index()
#2 E:\OpenServerPanel\domains\cicore.com\vendor\codeigniter4\framework\system\CodeIgniter.php(404): CodeIgniter\CodeIgniter->runController(Object(App\Controllers\Backend\Article\Catalogue))
#3 E:\OpenServerPanel\domains\cicore.com\vendor\codeigniter4\framework\system\CodeIgniter.php(312): CodeIgniter\CodeIgniter->handleRequest(NULL, Object(Config\Cache), false)
#4 E:\OpenServerPanel\domains\cicore.com\index.php(48): CodeIgniter\CodeIgniter->run()
#5 {main}
CRITICAL - 2022-09-13 05:40:46 --> Call to undefined method App\Services\ArticleCatalogueService::detect_language()
#0 E:\OpenServerPanel\domains\cicore.com\app\Controllers\Backend\Article\Catalogue.php(36): App\Services\ArticleCatalogueService->pagination(0)
#1 E:\OpenServerPanel\domains\cicore.com\vendor\codeigniter4\framework\system\CodeIgniter.php(918): App\Controllers\Backend\Article\Catalogue->index()
#2 E:\OpenServerPanel\domains\cicore.com\vendor\codeigniter4\framework\system\CodeIgniter.php(404): CodeIgniter\CodeIgniter->runController(Object(App\Controllers\Backend\Article\Catalogue))
#3 E:\OpenServerPanel\domains\cicore.com\vendor\codeigniter4\framework\system\CodeIgniter.php(312): CodeIgniter\CodeIgniter->handleRequest(NULL, Object(Config\Cache), false)
#4 E:\OpenServerPanel\domains\cicore.com\index.php(48): CodeIgniter\CodeIgniter->run()
#5 {main}
CRITICAL - 2022-09-13 05:40:47 --> Call to undefined method App\Services\ArticleCatalogueService::detect_language()
#0 E:\OpenServerPanel\domains\cicore.com\app\Controllers\Backend\Article\Catalogue.php(36): App\Services\ArticleCatalogueService->pagination(0)
#1 E:\OpenServerPanel\domains\cicore.com\vendor\codeigniter4\framework\system\CodeIgniter.php(918): App\Controllers\Backend\Article\Catalogue->index()
#2 E:\OpenServerPanel\domains\cicore.com\vendor\codeigniter4\framework\system\CodeIgniter.php(404): CodeIgniter\CodeIgniter->runController(Object(App\Controllers\Backend\Article\Catalogue))
#3 E:\OpenServerPanel\domains\cicore.com\vendor\codeigniter4\framework\system\CodeIgniter.php(312): CodeIgniter\CodeIgniter->handleRequest(NULL, Object(Config\Cache), false)
#4 E:\OpenServerPanel\domains\cicore.com\index.php(48): CodeIgniter\CodeIgniter->run()
#5 {main}
CRITICAL - 2022-09-13 05:44:33 --> syntax error, unexpected '}', expecting ';'
#0 E:\OpenServerPanel\domains\cicore.com\vendor\codeigniter4\framework\system\Autoloader\Autoloader.php(296): CodeIgniter\Autoloader\Autoloader->requireFile('E:\\OpenServerPa...')
#1 E:\OpenServerPanel\domains\cicore.com\vendor\codeigniter4\framework\system\Autoloader\Autoloader.php(258): CodeIgniter\Autoloader\Autoloader->loadInNamespace('App\\Services\\Ar...')
#2 [internal function]: CodeIgniter\Autoloader\Autoloader->loadClass('App\\Services\\Ar...')
#3 E:\OpenServerPanel\domains\cicore.com\app\Config\Services.php(30): spl_autoload_call('App\\Services\\Ar...')
#4 E:\OpenServerPanel\domains\cicore.com\vendor\codeigniter4\framework\system\Config\BaseService.php(123): Config\Services::ArticleCatalogueService(Array, false)
#5 E:\OpenServerPanel\domains\cicore.com\app\Config\Services.php(27): CodeIgniter\Config\BaseService::getSharedInstance('articlecatalogu...', Array)
#6 E:\OpenServerPanel\domains\cicore.com\vendor\codeigniter4\framework\system\Common.php(957): Config\Services::ArticleCatalogueService(Array)
#7 E:\OpenServerPanel\domains\cicore.com\app\Controllers\Backend\Article\Catalogue.php(21): service('ArticleCatalogu...', Array)
#8 E:\OpenServerPanel\domains\cicore.com\vendor\codeigniter4\framework\system\CodeIgniter.php(890): App\Controllers\Backend\Article\Catalogue->__construct()
#9 E:\OpenServerPanel\domains\cicore.com\vendor\codeigniter4\framework\system\CodeIgniter.php(399): CodeIgniter\CodeIgniter->createController()
#10 E:\OpenServerPanel\domains\cicore.com\vendor\codeigniter4\framework\system\CodeIgniter.php(312): CodeIgniter\CodeIgniter->handleRequest(NULL, Object(Config\Cache), false)
#11 E:\OpenServerPanel\domains\cicore.com\index.php(48): CodeIgniter\CodeIgniter->run()
#12 {main}
CRITICAL - 2022-09-13 05:44:34 --> syntax error, unexpected '}', expecting ';'
#0 E:\OpenServerPanel\domains\cicore.com\vendor\codeigniter4\framework\system\Autoloader\Autoloader.php(296): CodeIgniter\Autoloader\Autoloader->requireFile('E:\\OpenServerPa...')
#1 E:\OpenServerPanel\domains\cicore.com\vendor\codeigniter4\framework\system\Autoloader\Autoloader.php(258): CodeIgniter\Autoloader\Autoloader->loadInNamespace('App\\Services\\Ar...')
#2 [internal function]: CodeIgniter\Autoloader\Autoloader->loadClass('App\\Services\\Ar...')
#3 E:\OpenServerPanel\domains\cicore.com\app\Config\Services.php(30): spl_autoload_call('App\\Services\\Ar...')
#4 E:\OpenServerPanel\domains\cicore.com\vendor\codeigniter4\framework\system\Config\BaseService.php(123): Config\Services::ArticleCatalogueService(Array, false)
#5 E:\OpenServerPanel\domains\cicore.com\app\Config\Services.php(27): CodeIgniter\Config\BaseService::getSharedInstance('articlecatalogu...', Array)
#6 E:\OpenServerPanel\domains\cicore.com\vendor\codeigniter4\framework\system\Common.php(957): Config\Services::ArticleCatalogueService(Array)
#7 E:\OpenServerPanel\domains\cicore.com\app\Controllers\Backend\Article\Catalogue.php(21): service('ArticleCatalogu...', Array)
#8 E:\OpenServerPanel\domains\cicore.com\vendor\codeigniter4\framework\system\CodeIgniter.php(890): App\Controllers\Backend\Article\Catalogue->__construct()
#9 E:\OpenServerPanel\domains\cicore.com\vendor\codeigniter4\framework\system\CodeIgniter.php(399): CodeIgniter\CodeIgniter->createController()
#10 E:\OpenServerPanel\domains\cicore.com\vendor\codeigniter4\framework\system\CodeIgniter.php(312): CodeIgniter\CodeIgniter->handleRequest(NULL, Object(Config\Cache), false)
#11 E:\OpenServerPanel\domains\cicore.com\index.php(48): CodeIgniter\CodeIgniter->run()
#12 {main}
CRITICAL - 2022-09-13 05:45:22 --> Undefined variable: module
#0 E:\OpenServerPanel\domains\cicore.com\app\Views\backend\article\catalogue\index.php(108): CodeIgniter\Debug\Exceptions->errorHandler(8, 'Undefined varia...', 'E:\\OpenServerPa...', 108, Array)
#1 E:\OpenServerPanel\domains\cicore.com\vendor\codeigniter4\framework\system\View\View.php(246): include('E:\\OpenServerPa...')
#2 E:\OpenServerPanel\domains\cicore.com\vendor\codeigniter4\framework\system\Common.php(1119): CodeIgniter\View\View->render('backend/article...', Array, true)
#3 E:\OpenServerPanel\domains\cicore.com\app\Views\backend\dashboard\layout\home.php(44): view('backend/article...')
#4 E:\OpenServerPanel\domains\cicore.com\vendor\codeigniter4\framework\system\View\View.php(246): include('E:\\OpenServerPa...')
#5 E:\OpenServerPanel\domains\cicore.com\vendor\codeigniter4\framework\system\Common.php(1119): CodeIgniter\View\View->render('backend/dashboa...', Array, true)
#6 E:\OpenServerPanel\domains\cicore.com\app\Controllers\Backend\Article\Catalogue.php(40): view('backend/dashboa...', Array)
#7 E:\OpenServerPanel\domains\cicore.com\vendor\codeigniter4\framework\system\CodeIgniter.php(918): App\Controllers\Backend\Article\Catalogue->index()
#8 E:\OpenServerPanel\domains\cicore.com\vendor\codeigniter4\framework\system\CodeIgniter.php(404): CodeIgniter\CodeIgniter->runController(Object(App\Controllers\Backend\Article\Catalogue))
#9 E:\OpenServerPanel\domains\cicore.com\vendor\codeigniter4\framework\system\CodeIgniter.php(312): CodeIgniter\CodeIgniter->handleRequest(NULL, Object(Config\Cache), false)
#10 E:\OpenServerPanel\domains\cicore.com\index.php(48): CodeIgniter\CodeIgniter->run()
#11 {main}
