CRITICAL - 2022-12-30 03:21:18 --> syntax error, unexpected ')'
#0 D:\OpenServer\domains\quanlydoanvien.kt.com\vendor\codeigniter4\framework\system\Common.php(1119): CodeIgniter\View\View->render('frontend/event/...', Array, true)
#1 D:\OpenServer\domains\quanlydoanvien.kt.com\app\Views\frontend\homepage\layout\home.php(11): view('frontend/event/...')
#2 D:\OpenServer\domains\quanlydoanvien.kt.com\vendor\codeigniter4\framework\system\View\View.php(246): include('D:\\OpenServer\\d...')
#3 D:\OpenServer\domains\quanlydoanvien.kt.com\vendor\codeigniter4\framework\system\Common.php(1119): CodeIgniter\View\View->render('frontend/homepa...', Array, true)
#4 D:\OpenServer\domains\quanlydoanvien.kt.com\app\Controllers\Frontend\Faculty\Faculty.php(61): view('frontend/homepa...', Array)
#5 D:\OpenServer\domains\quanlydoanvien.kt.com\vendor\codeigniter4\framework\system\View\Cell.php(180): App\Controllers\Frontend\Faculty\Faculty->index('2', '1')
#6 D:\OpenServer\domains\quanlydoanvien.kt.com\vendor\codeigniter4\framework\system\Common.php(1140): CodeIgniter\View\Cell->render('\\App\\Controller...', 'id=2, page=1', 0, 'AppControllersF...')
#7 D:\OpenServer\domains\quanlydoanvien.kt.com\app\Controllers\Frontend\Homepage\Router.php(19): view_cell('\\App\\Controller...', 'id=2, page=1')
#8 D:\OpenServer\domains\quanlydoanvien.kt.com\vendor\codeigniter4\framework\system\CodeIgniter.php(918): App\Controllers\Frontend\Homepage\Router->index('lien-chi-doan-k...')
#9 D:\OpenServer\domains\quanlydoanvien.kt.com\vendor\codeigniter4\framework\system\CodeIgniter.php(404): CodeIgniter\CodeIgniter->runController(Object(App\Controllers\Frontend\Homepage\Router))
#10 D:\OpenServer\domains\quanlydoanvien.kt.com\vendor\codeigniter4\framework\system\CodeIgniter.php(312): CodeIgniter\CodeIgniter->handleRequest(NULL, Object(Config\Cache), false)
#11 D:\OpenServer\domains\quanlydoanvien.kt.com\index.php(48): CodeIgniter\CodeIgniter->run()
#12 {main}
CRITICAL - 2022-12-30 04:09:03 --> Undefined index: canonical
#0 D:\OpenServer\domains\quanlydoanvien.kt.com\app\Views\frontend\homepage\home\index.php(97): CodeIgniter\Debug\Exceptions->errorHandler(8, 'Undefined index...', 'D:\\OpenServer\\d...', 97, Array)
#1 D:\OpenServer\domains\quanlydoanvien.kt.com\vendor\codeigniter4\framework\system\View\View.php(246): include('D:\\OpenServer\\d...')
#2 D:\OpenServer\domains\quanlydoanvien.kt.com\vendor\codeigniter4\framework\system\Common.php(1119): CodeIgniter\View\View->render('frontend/homepa...', Array, true)
#3 D:\OpenServer\domains\quanlydoanvien.kt.com\app\Views\frontend\homepage\layout\home.php(11): view('frontend/homepa...')
#4 D:\OpenServer\domains\quanlydoanvien.kt.com\vendor\codeigniter4\framework\system\View\View.php(246): include('D:\\OpenServer\\d...')
#5 D:\OpenServer\domains\quanlydoanvien.kt.com\vendor\codeigniter4\framework\system\Common.php(1119): CodeIgniter\View\View->render('frontend/homepa...', Array, true)
#6 D:\OpenServer\domains\quanlydoanvien.kt.com\app\Controllers\Frontend\Homepage\Home.php(70): view('frontend/homepa...', Array)
#7 D:\OpenServer\domains\quanlydoanvien.kt.com\vendor\codeigniter4\framework\system\CodeIgniter.php(918): App\Controllers\Frontend\Homepage\Home->index()
#8 D:\OpenServer\domains\quanlydoanvien.kt.com\vendor\codeigniter4\framework\system\CodeIgniter.php(404): CodeIgniter\CodeIgniter->runController(Object(App\Controllers\Frontend\Homepage\Home))
#9 D:\OpenServer\domains\quanlydoanvien.kt.com\vendor\codeigniter4\framework\system\CodeIgniter.php(312): CodeIgniter\CodeIgniter->handleRequest(NULL, Object(Config\Cache), false)
#10 D:\OpenServer\domains\quanlydoanvien.kt.com\index.php(48): CodeIgniter\CodeIgniter->run()
#11 {main}
CRITICAL - 2022-12-30 04:10:30 --> Undefined index: canonical
#0 D:\OpenServer\domains\quanlydoanvien.kt.com\app\Views\frontend\homepage\home\index.php(97): CodeIgniter\Debug\Exceptions->errorHandler(8, 'Undefined index...', 'D:\\OpenServer\\d...', 97, Array)
#1 D:\OpenServer\domains\quanlydoanvien.kt.com\vendor\codeigniter4\framework\system\View\View.php(246): include('D:\\OpenServer\\d...')
#2 D:\OpenServer\domains\quanlydoanvien.kt.com\vendor\codeigniter4\framework\system\Common.php(1119): CodeIgniter\View\View->render('frontend/homepa...', Array, true)
#3 D:\OpenServer\domains\quanlydoanvien.kt.com\app\Views\frontend\homepage\layout\home.php(11): view('frontend/homepa...')
#4 D:\OpenServer\domains\quanlydoanvien.kt.com\vendor\codeigniter4\framework\system\View\View.php(246): include('D:\\OpenServer\\d...')
#5 D:\OpenServer\domains\quanlydoanvien.kt.com\vendor\codeigniter4\framework\system\Common.php(1119): CodeIgniter\View\View->render('frontend/homepa...', Array, true)
#6 D:\OpenServer\domains\quanlydoanvien.kt.com\app\Controllers\Frontend\Homepage\Home.php(70): view('frontend/homepa...', Array)
#7 D:\OpenServer\domains\quanlydoanvien.kt.com\vendor\codeigniter4\framework\system\CodeIgniter.php(918): App\Controllers\Frontend\Homepage\Home->index()
#8 D:\OpenServer\domains\quanlydoanvien.kt.com\vendor\codeigniter4\framework\system\CodeIgniter.php(404): CodeIgniter\CodeIgniter->runController(Object(App\Controllers\Frontend\Homepage\Home))
#9 D:\OpenServer\domains\quanlydoanvien.kt.com\vendor\codeigniter4\framework\system\CodeIgniter.php(312): CodeIgniter\CodeIgniter->handleRequest(NULL, Object(Config\Cache), false)
#10 D:\OpenServer\domains\quanlydoanvien.kt.com\index.php(48): CodeIgniter\CodeIgniter->run()
#11 {main}
CRITICAL - 2022-12-30 04:10:55 --> Undefined index: title
#0 D:\OpenServer\domains\quanlydoanvien.kt.com\app\Views\frontend\homepage\home\index.php(97): CodeIgniter\Debug\Exceptions->errorHandler(8, 'Undefined index...', 'D:\\OpenServer\\d...', 97, Array)
#1 D:\OpenServer\domains\quanlydoanvien.kt.com\vendor\codeigniter4\framework\system\View\View.php(246): include('D:\\OpenServer\\d...')
#2 D:\OpenServer\domains\quanlydoanvien.kt.com\vendor\codeigniter4\framework\system\Common.php(1119): CodeIgniter\View\View->render('frontend/homepa...', Array, true)
#3 D:\OpenServer\domains\quanlydoanvien.kt.com\app\Views\frontend\homepage\layout\home.php(11): view('frontend/homepa...')
#4 D:\OpenServer\domains\quanlydoanvien.kt.com\vendor\codeigniter4\framework\system\View\View.php(246): include('D:\\OpenServer\\d...')
#5 D:\OpenServer\domains\quanlydoanvien.kt.com\vendor\codeigniter4\framework\system\Common.php(1119): CodeIgniter\View\View->render('frontend/homepa...', Array, true)
#6 D:\OpenServer\domains\quanlydoanvien.kt.com\app\Controllers\Frontend\Homepage\Home.php(70): view('frontend/homepa...', Array)
#7 D:\OpenServer\domains\quanlydoanvien.kt.com\vendor\codeigniter4\framework\system\CodeIgniter.php(918): App\Controllers\Frontend\Homepage\Home->index()
#8 D:\OpenServer\domains\quanlydoanvien.kt.com\vendor\codeigniter4\framework\system\CodeIgniter.php(404): CodeIgniter\CodeIgniter->runController(Object(App\Controllers\Frontend\Homepage\Home))
#9 D:\OpenServer\domains\quanlydoanvien.kt.com\vendor\codeigniter4\framework\system\CodeIgniter.php(312): CodeIgniter\CodeIgniter->handleRequest(NULL, Object(Config\Cache), false)
#10 D:\OpenServer\domains\quanlydoanvien.kt.com\index.php(48): CodeIgniter\CodeIgniter->run()
#11 {main}
CRITICAL - 2022-12-30 04:10:56 --> Undefined index: title
#0 D:\OpenServer\domains\quanlydoanvien.kt.com\app\Views\frontend\homepage\home\index.php(97): CodeIgniter\Debug\Exceptions->errorHandler(8, 'Undefined index...', 'D:\\OpenServer\\d...', 97, Array)
#1 D:\OpenServer\domains\quanlydoanvien.kt.com\vendor\codeigniter4\framework\system\View\View.php(246): include('D:\\OpenServer\\d...')
#2 D:\OpenServer\domains\quanlydoanvien.kt.com\vendor\codeigniter4\framework\system\Common.php(1119): CodeIgniter\View\View->render('frontend/homepa...', Array, true)
#3 D:\OpenServer\domains\quanlydoanvien.kt.com\app\Views\frontend\homepage\layout\home.php(11): view('frontend/homepa...')
#4 D:\OpenServer\domains\quanlydoanvien.kt.com\vendor\codeigniter4\framework\system\View\View.php(246): include('D:\\OpenServer\\d...')
#5 D:\OpenServer\domains\quanlydoanvien.kt.com\vendor\codeigniter4\framework\system\Common.php(1119): CodeIgniter\View\View->render('frontend/homepa...', Array, true)
#6 D:\OpenServer\domains\quanlydoanvien.kt.com\app\Controllers\Frontend\Homepage\Home.php(70): view('frontend/homepa...', Array)
#7 D:\OpenServer\domains\quanlydoanvien.kt.com\vendor\codeigniter4\framework\system\CodeIgniter.php(918): App\Controllers\Frontend\Homepage\Home->index()
#8 D:\OpenServer\domains\quanlydoanvien.kt.com\vendor\codeigniter4\framework\system\CodeIgniter.php(404): CodeIgniter\CodeIgniter->runController(Object(App\Controllers\Frontend\Homepage\Home))
#9 D:\OpenServer\domains\quanlydoanvien.kt.com\vendor\codeigniter4\framework\system\CodeIgniter.php(312): CodeIgniter\CodeIgniter->handleRequest(NULL, Object(Config\Cache), false)
#10 D:\OpenServer\domains\quanlydoanvien.kt.com\index.php(48): CodeIgniter\CodeIgniter->run()
#11 {main}
CRITICAL - 2022-12-30 09:04:43 --> Too few arguments to function App\Repositories\EventRepository::findByField(), 0 passed in D:\OpenServer\domains\quanlydoanvien.kt.com\app\Controllers\Frontend\Homepage\Home.php on line 52 and exactly 2 expected
#0 D:\OpenServer\domains\quanlydoanvien.kt.com\app\Controllers\Frontend\Homepage\Home.php(52): App\Repositories\EventRepository->findByField()
#1 D:\OpenServer\domains\quanlydoanvien.kt.com\vendor\codeigniter4\framework\system\CodeIgniter.php(918): App\Controllers\Frontend\Homepage\Home->index()
#2 D:\OpenServer\domains\quanlydoanvien.kt.com\vendor\codeigniter4\framework\system\CodeIgniter.php(404): CodeIgniter\CodeIgniter->runController(Object(App\Controllers\Frontend\Homepage\Home))
#3 D:\OpenServer\domains\quanlydoanvien.kt.com\vendor\codeigniter4\framework\system\CodeIgniter.php(312): CodeIgniter\CodeIgniter->handleRequest(NULL, Object(Config\Cache), false)
#4 D:\OpenServer\domains\quanlydoanvien.kt.com\index.php(48): CodeIgniter\CodeIgniter->run()
#5 {main}
CRITICAL - 2022-12-30 09:06:31 --> Too few arguments to function App\Repositories\EventRepository::findByField(), 0 passed in D:\OpenServer\domains\quanlydoanvien.kt.com\app\Controllers\Frontend\Homepage\Home.php on line 52 and exactly 2 expected
#0 D:\OpenServer\domains\quanlydoanvien.kt.com\app\Controllers\Frontend\Homepage\Home.php(52): App\Repositories\EventRepository->findByField()
#1 D:\OpenServer\domains\quanlydoanvien.kt.com\vendor\codeigniter4\framework\system\CodeIgniter.php(918): App\Controllers\Frontend\Homepage\Home->index()
#2 D:\OpenServer\domains\quanlydoanvien.kt.com\vendor\codeigniter4\framework\system\CodeIgniter.php(404): CodeIgniter\CodeIgniter->runController(Object(App\Controllers\Frontend\Homepage\Home))
#3 D:\OpenServer\domains\quanlydoanvien.kt.com\vendor\codeigniter4\framework\system\CodeIgniter.php(312): CodeIgniter\CodeIgniter->handleRequest(NULL, Object(Config\Cache), false)
#4 D:\OpenServer\domains\quanlydoanvien.kt.com\index.php(48): CodeIgniter\CodeIgniter->run()
#5 {main}
CRITICAL - 2022-12-30 09:12:35 --> Undefined variable: v
#0 D:\OpenServer\domains\quanlydoanvien.kt.com\app\Views\frontend\homepage\home\index.php(97): CodeIgniter\Debug\Exceptions->errorHandler(8, 'Undefined varia...', 'D:\\OpenServer\\d...', 97, Array)
#1 D:\OpenServer\domains\quanlydoanvien.kt.com\vendor\codeigniter4\framework\system\View\View.php(246): include('D:\\OpenServer\\d...')
#2 D:\OpenServer\domains\quanlydoanvien.kt.com\vendor\codeigniter4\framework\system\Common.php(1119): CodeIgniter\View\View->render('frontend/homepa...', Array, true)
#3 D:\OpenServer\domains\quanlydoanvien.kt.com\app\Views\frontend\homepage\layout\home.php(11): view('frontend/homepa...')
#4 D:\OpenServer\domains\quanlydoanvien.kt.com\vendor\codeigniter4\framework\system\View\View.php(246): include('D:\\OpenServer\\d...')
#5 D:\OpenServer\domains\quanlydoanvien.kt.com\vendor\codeigniter4\framework\system\Common.php(1119): CodeIgniter\View\View->render('frontend/homepa...', Array, true)
#6 D:\OpenServer\domains\quanlydoanvien.kt.com\app\Controllers\Frontend\Homepage\Home.php(59): view('frontend/homepa...', Array)
#7 D:\OpenServer\domains\quanlydoanvien.kt.com\vendor\codeigniter4\framework\system\CodeIgniter.php(918): App\Controllers\Frontend\Homepage\Home->index()
#8 D:\OpenServer\domains\quanlydoanvien.kt.com\vendor\codeigniter4\framework\system\CodeIgniter.php(404): CodeIgniter\CodeIgniter->runController(Object(App\Controllers\Frontend\Homepage\Home))
#9 D:\OpenServer\domains\quanlydoanvien.kt.com\vendor\codeigniter4\framework\system\CodeIgniter.php(312): CodeIgniter\CodeIgniter->handleRequest(NULL, Object(Config\Cache), false)
#10 D:\OpenServer\domains\quanlydoanvien.kt.com\index.php(48): CodeIgniter\CodeIgniter->run()
#11 {main}
CRITICAL - 2022-12-30 09:12:41 --> Undefined variable: v
#0 D:\OpenServer\domains\quanlydoanvien.kt.com\app\Views\frontend\homepage\home\index.php(97): CodeIgniter\Debug\Exceptions->errorHandler(8, 'Undefined varia...', 'D:\\OpenServer\\d...', 97, Array)
#1 D:\OpenServer\domains\quanlydoanvien.kt.com\vendor\codeigniter4\framework\system\View\View.php(246): include('D:\\OpenServer\\d...')
#2 D:\OpenServer\domains\quanlydoanvien.kt.com\vendor\codeigniter4\framework\system\Common.php(1119): CodeIgniter\View\View->render('frontend/homepa...', Array, true)
#3 D:\OpenServer\domains\quanlydoanvien.kt.com\app\Views\frontend\homepage\layout\home.php(11): view('frontend/homepa...')
#4 D:\OpenServer\domains\quanlydoanvien.kt.com\vendor\codeigniter4\framework\system\View\View.php(246): include('D:\\OpenServer\\d...')
#5 D:\OpenServer\domains\quanlydoanvien.kt.com\vendor\codeigniter4\framework\system\Common.php(1119): CodeIgniter\View\View->render('frontend/homepa...', Array, true)
#6 D:\OpenServer\domains\quanlydoanvien.kt.com\app\Controllers\Frontend\Homepage\Home.php(59): view('frontend/homepa...', Array)
#7 D:\OpenServer\domains\quanlydoanvien.kt.com\vendor\codeigniter4\framework\system\CodeIgniter.php(918): App\Controllers\Frontend\Homepage\Home->index()
#8 D:\OpenServer\domains\quanlydoanvien.kt.com\vendor\codeigniter4\framework\system\CodeIgniter.php(404): CodeIgniter\CodeIgniter->runController(Object(App\Controllers\Frontend\Homepage\Home))
#9 D:\OpenServer\domains\quanlydoanvien.kt.com\vendor\codeigniter4\framework\system\CodeIgniter.php(312): CodeIgniter\CodeIgniter->handleRequest(NULL, Object(Config\Cache), false)
#10 D:\OpenServer\domains\quanlydoanvien.kt.com\index.php(48): CodeIgniter\CodeIgniter->run()
#11 {main}
