CRITICAL - 2022-08-18 00:27:40 --> Undefined index: bestseller
#0 E:\OpenServerPanel\domains\ht.drtuan.com\app\Views\frontend\article\article\index.php(87): CodeIgniter\Debug\Exceptions->errorHandler(8, 'Undefined index...', 'E:\\OpenServerPa...', 87, Array)
#1 E:\OpenServerPanel\domains\ht.drtuan.com\vendor\codeigniter4\framework\system\View\View.php(246): include('E:\\OpenServerPa...')
#2 E:\OpenServerPanel\domains\ht.drtuan.com\vendor\codeigniter4\framework\system\Common.php(1119): CodeIgniter\View\View->render('frontend/articl...', Array, true)
#3 E:\OpenServerPanel\domains\ht.drtuan.com\app\Views\frontend\homepage\layout\home.php(52): view('frontend/articl...')
#4 E:\OpenServerPanel\domains\ht.drtuan.com\vendor\codeigniter4\framework\system\View\View.php(246): include('E:\\OpenServerPa...')
#5 E:\OpenServerPanel\domains\ht.drtuan.com\vendor\codeigniter4\framework\system\Common.php(1119): CodeIgniter\View\View->render('frontend/homepa...', Array, true)
#6 E:\OpenServerPanel\domains\ht.drtuan.com\app\Controllers\Frontend\Article\Article.php(278): view('frontend/homepa...', Array)
#7 E:\OpenServerPanel\domains\ht.drtuan.com\vendor\codeigniter4\framework\system\View\Cell.php(180): App\Controllers\Frontend\Article\Article->index(29, '1')
#8 E:\OpenServerPanel\domains\ht.drtuan.com\vendor\codeigniter4\framework\system\Common.php(1140): CodeIgniter\View\Cell->render('\\App\\Controller...', 'id=29, page=1', 0, 'AppControllersF...')
#9 E:\OpenServerPanel\domains\ht.drtuan.com\app\Controllers\Frontend\Homepage\Router.php(59): view_cell('\\App\\Controller...', 'id=29, page=1')
#10 E:\OpenServerPanel\domains\ht.drtuan.com\vendor\codeigniter4\framework\system\CodeIgniter.php(918): App\Controllers\Frontend\Homepage\Router->index('gioi-thieu-ve-c...')
#11 E:\OpenServerPanel\domains\ht.drtuan.com\vendor\codeigniter4\framework\system\CodeIgniter.php(404): CodeIgniter\CodeIgniter->runController(Object(App\Controllers\Frontend\Homepage\Router))
#12 E:\OpenServerPanel\domains\ht.drtuan.com\vendor\codeigniter4\framework\system\CodeIgniter.php(312): CodeIgniter\CodeIgniter->handleRequest(NULL, Object(Config\Cache), false)
#13 E:\OpenServerPanel\domains\ht.drtuan.com\index.php(48): CodeIgniter\CodeIgniter->run()
#14 {main}
CRITICAL - 2022-08-18 00:57:42 --> Undefined index: bestseller
#0 E:\OpenServerPanel\domains\ht.drtuan.com\app\Views\frontend\article\article\index.php(87): CodeIgniter\Debug\Exceptions->errorHandler(8, 'Undefined index...', 'E:\\OpenServerPa...', 87, Array)
#1 E:\OpenServerPanel\domains\ht.drtuan.com\vendor\codeigniter4\framework\system\View\View.php(246): include('E:\\OpenServerPa...')
#2 E:\OpenServerPanel\domains\ht.drtuan.com\vendor\codeigniter4\framework\system\Common.php(1119): CodeIgniter\View\View->render('frontend/articl...', Array, true)
#3 E:\OpenServerPanel\domains\ht.drtuan.com\app\Views\frontend\homepage\layout\home.php(52): view('frontend/articl...')
#4 E:\OpenServerPanel\domains\ht.drtuan.com\vendor\codeigniter4\framework\system\View\View.php(246): include('E:\\OpenServerPa...')
#5 E:\OpenServerPanel\domains\ht.drtuan.com\vendor\codeigniter4\framework\system\Common.php(1119): CodeIgniter\View\View->render('frontend/homepa...', Array, true)
#6 E:\OpenServerPanel\domains\ht.drtuan.com\app\Controllers\Frontend\Article\Article.php(278): view('frontend/homepa...', Array)
#7 E:\OpenServerPanel\domains\ht.drtuan.com\vendor\codeigniter4\framework\system\View\Cell.php(180): App\Controllers\Frontend\Article\Article->index(29, '1')
#8 E:\OpenServerPanel\domains\ht.drtuan.com\vendor\codeigniter4\framework\system\Common.php(1140): CodeIgniter\View\Cell->render('\\App\\Controller...', 'id=29, page=1', 0, 'AppControllersF...')
#9 E:\OpenServerPanel\domains\ht.drtuan.com\app\Controllers\Frontend\Homepage\Router.php(59): view_cell('\\App\\Controller...', 'id=29, page=1')
#10 E:\OpenServerPanel\domains\ht.drtuan.com\vendor\codeigniter4\framework\system\CodeIgniter.php(918): App\Controllers\Frontend\Homepage\Router->index('gioi-thieu-ve-c...')
#11 E:\OpenServerPanel\domains\ht.drtuan.com\vendor\codeigniter4\framework\system\CodeIgniter.php(404): CodeIgniter\CodeIgniter->runController(Object(App\Controllers\Frontend\Homepage\Router))
#12 E:\OpenServerPanel\domains\ht.drtuan.com\vendor\codeigniter4\framework\system\CodeIgniter.php(312): CodeIgniter\CodeIgniter->handleRequest(NULL, Object(Config\Cache), false)
#13 E:\OpenServerPanel\domains\ht.drtuan.com\index.php(48): CodeIgniter\CodeIgniter->run()
#14 {main}
CRITICAL - 2022-08-18 01:27:44 --> Undefined index: bestseller
#0 E:\OpenServerPanel\domains\ht.drtuan.com\app\Views\frontend\article\article\index.php(87): CodeIgniter\Debug\Exceptions->errorHandler(8, 'Undefined index...', 'E:\\OpenServerPa...', 87, Array)
#1 E:\OpenServerPanel\domains\ht.drtuan.com\vendor\codeigniter4\framework\system\View\View.php(246): include('E:\\OpenServerPa...')
#2 E:\OpenServerPanel\domains\ht.drtuan.com\vendor\codeigniter4\framework\system\Common.php(1119): CodeIgniter\View\View->render('frontend/articl...', Array, true)
#3 E:\OpenServerPanel\domains\ht.drtuan.com\app\Views\frontend\homepage\layout\home.php(52): view('frontend/articl...')
#4 E:\OpenServerPanel\domains\ht.drtuan.com\vendor\codeigniter4\framework\system\View\View.php(246): include('E:\\OpenServerPa...')
#5 E:\OpenServerPanel\domains\ht.drtuan.com\vendor\codeigniter4\framework\system\Common.php(1119): CodeIgniter\View\View->render('frontend/homepa...', Array, true)
#6 E:\OpenServerPanel\domains\ht.drtuan.com\app\Controllers\Frontend\Article\Article.php(278): view('frontend/homepa...', Array)
#7 E:\OpenServerPanel\domains\ht.drtuan.com\vendor\codeigniter4\framework\system\View\Cell.php(180): App\Controllers\Frontend\Article\Article->index(29, '1')
#8 E:\OpenServerPanel\domains\ht.drtuan.com\vendor\codeigniter4\framework\system\Common.php(1140): CodeIgniter\View\Cell->render('\\App\\Controller...', 'id=29, page=1', 0, 'AppControllersF...')
#9 E:\OpenServerPanel\domains\ht.drtuan.com\app\Controllers\Frontend\Homepage\Router.php(59): view_cell('\\App\\Controller...', 'id=29, page=1')
#10 E:\OpenServerPanel\domains\ht.drtuan.com\vendor\codeigniter4\framework\system\CodeIgniter.php(918): App\Controllers\Frontend\Homepage\Router->index('gioi-thieu-ve-c...')
#11 E:\OpenServerPanel\domains\ht.drtuan.com\vendor\codeigniter4\framework\system\CodeIgniter.php(404): CodeIgniter\CodeIgniter->runController(Object(App\Controllers\Frontend\Homepage\Router))
#12 E:\OpenServerPanel\domains\ht.drtuan.com\vendor\codeigniter4\framework\system\CodeIgniter.php(312): CodeIgniter\CodeIgniter->handleRequest(NULL, Object(Config\Cache), false)
#13 E:\OpenServerPanel\domains\ht.drtuan.com\index.php(48): CodeIgniter\CodeIgniter->run()
#14 {main}
CRITICAL - 2022-08-18 01:57:46 --> Undefined index: bestseller
#0 E:\OpenServerPanel\domains\ht.drtuan.com\app\Views\frontend\article\article\index.php(87): CodeIgniter\Debug\Exceptions->errorHandler(8, 'Undefined index...', 'E:\\OpenServerPa...', 87, Array)
#1 E:\OpenServerPanel\domains\ht.drtuan.com\vendor\codeigniter4\framework\system\View\View.php(246): include('E:\\OpenServerPa...')
#2 E:\OpenServerPanel\domains\ht.drtuan.com\vendor\codeigniter4\framework\system\Common.php(1119): CodeIgniter\View\View->render('frontend/articl...', Array, true)
#3 E:\OpenServerPanel\domains\ht.drtuan.com\app\Views\frontend\homepage\layout\home.php(52): view('frontend/articl...')
#4 E:\OpenServerPanel\domains\ht.drtuan.com\vendor\codeigniter4\framework\system\View\View.php(246): include('E:\\OpenServerPa...')
#5 E:\OpenServerPanel\domains\ht.drtuan.com\vendor\codeigniter4\framework\system\Common.php(1119): CodeIgniter\View\View->render('frontend/homepa...', Array, true)
#6 E:\OpenServerPanel\domains\ht.drtuan.com\app\Controllers\Frontend\Article\Article.php(278): view('frontend/homepa...', Array)
#7 E:\OpenServerPanel\domains\ht.drtuan.com\vendor\codeigniter4\framework\system\View\Cell.php(180): App\Controllers\Frontend\Article\Article->index(29, '1')
#8 E:\OpenServerPanel\domains\ht.drtuan.com\vendor\codeigniter4\framework\system\Common.php(1140): CodeIgniter\View\Cell->render('\\App\\Controller...', 'id=29, page=1', 0, 'AppControllersF...')
#9 E:\OpenServerPanel\domains\ht.drtuan.com\app\Controllers\Frontend\Homepage\Router.php(59): view_cell('\\App\\Controller...', 'id=29, page=1')
#10 E:\OpenServerPanel\domains\ht.drtuan.com\vendor\codeigniter4\framework\system\CodeIgniter.php(918): App\Controllers\Frontend\Homepage\Router->index('gioi-thieu-ve-c...')
#11 E:\OpenServerPanel\domains\ht.drtuan.com\vendor\codeigniter4\framework\system\CodeIgniter.php(404): CodeIgniter\CodeIgniter->runController(Object(App\Controllers\Frontend\Homepage\Router))
#12 E:\OpenServerPanel\domains\ht.drtuan.com\vendor\codeigniter4\framework\system\CodeIgniter.php(312): CodeIgniter\CodeIgniter->handleRequest(NULL, Object(Config\Cache), false)
#13 E:\OpenServerPanel\domains\ht.drtuan.com\index.php(48): CodeIgniter\CodeIgniter->run()
#14 {main}
CRITICAL - 2022-08-18 02:22:32 --> Undefined index: bestseller
#0 E:\OpenServerPanel\domains\ht.drtuan.com\app\Views\frontend\article\article\index.php(87): CodeIgniter\Debug\Exceptions->errorHandler(8, 'Undefined index...', 'E:\\OpenServerPa...', 87, Array)
#1 E:\OpenServerPanel\domains\ht.drtuan.com\vendor\codeigniter4\framework\system\View\View.php(246): include('E:\\OpenServerPa...')
#2 E:\OpenServerPanel\domains\ht.drtuan.com\vendor\codeigniter4\framework\system\Common.php(1119): CodeIgniter\View\View->render('frontend/articl...', Array, true)
#3 E:\OpenServerPanel\domains\ht.drtuan.com\app\Views\frontend\homepage\layout\home.php(52): view('frontend/articl...')
#4 E:\OpenServerPanel\domains\ht.drtuan.com\vendor\codeigniter4\framework\system\View\View.php(246): include('E:\\OpenServerPa...')
#5 E:\OpenServerPanel\domains\ht.drtuan.com\vendor\codeigniter4\framework\system\Common.php(1119): CodeIgniter\View\View->render('frontend/homepa...', Array, true)
#6 E:\OpenServerPanel\domains\ht.drtuan.com\app\Controllers\Frontend\Article\Article.php(278): view('frontend/homepa...', Array)
#7 E:\OpenServerPanel\domains\ht.drtuan.com\vendor\codeigniter4\framework\system\View\Cell.php(180): App\Controllers\Frontend\Article\Article->index(29, '1')
#8 E:\OpenServerPanel\domains\ht.drtuan.com\vendor\codeigniter4\framework\system\Common.php(1140): CodeIgniter\View\Cell->render('\\App\\Controller...', 'id=29, page=1', 0, 'AppControllersF...')
#9 E:\OpenServerPanel\domains\ht.drtuan.com\app\Controllers\Frontend\Homepage\Router.php(59): view_cell('\\App\\Controller...', 'id=29, page=1')
#10 E:\OpenServerPanel\domains\ht.drtuan.com\vendor\codeigniter4\framework\system\CodeIgniter.php(918): App\Controllers\Frontend\Homepage\Router->index('gioi-thieu-ve-c...')
#11 E:\OpenServerPanel\domains\ht.drtuan.com\vendor\codeigniter4\framework\system\CodeIgniter.php(404): CodeIgniter\CodeIgniter->runController(Object(App\Controllers\Frontend\Homepage\Router))
#12 E:\OpenServerPanel\domains\ht.drtuan.com\vendor\codeigniter4\framework\system\CodeIgniter.php(312): CodeIgniter\CodeIgniter->handleRequest(NULL, Object(Config\Cache), false)
#13 E:\OpenServerPanel\domains\ht.drtuan.com\index.php(48): CodeIgniter\CodeIgniter->run()
#14 {main}
CRITICAL - 2022-08-18 02:22:34 --> Undefined index: bestseller
#0 E:\OpenServerPanel\domains\ht.drtuan.com\app\Views\frontend\article\article\index.php(87): CodeIgniter\Debug\Exceptions->errorHandler(8, 'Undefined index...', 'E:\\OpenServerPa...', 87, Array)
#1 E:\OpenServerPanel\domains\ht.drtuan.com\vendor\codeigniter4\framework\system\View\View.php(246): include('E:\\OpenServerPa...')
#2 E:\OpenServerPanel\domains\ht.drtuan.com\vendor\codeigniter4\framework\system\Common.php(1119): CodeIgniter\View\View->render('frontend/articl...', Array, true)
#3 E:\OpenServerPanel\domains\ht.drtuan.com\app\Views\frontend\homepage\layout\home.php(52): view('frontend/articl...')
#4 E:\OpenServerPanel\domains\ht.drtuan.com\vendor\codeigniter4\framework\system\View\View.php(246): include('E:\\OpenServerPa...')
#5 E:\OpenServerPanel\domains\ht.drtuan.com\vendor\codeigniter4\framework\system\Common.php(1119): CodeIgniter\View\View->render('frontend/homepa...', Array, true)
#6 E:\OpenServerPanel\domains\ht.drtuan.com\app\Controllers\Frontend\Article\Article.php(278): view('frontend/homepa...', Array)
#7 E:\OpenServerPanel\domains\ht.drtuan.com\vendor\codeigniter4\framework\system\View\Cell.php(180): App\Controllers\Frontend\Article\Article->index(29, '1')
#8 E:\OpenServerPanel\domains\ht.drtuan.com\vendor\codeigniter4\framework\system\Common.php(1140): CodeIgniter\View\Cell->render('\\App\\Controller...', 'id=29, page=1', 0, 'AppControllersF...')
#9 E:\OpenServerPanel\domains\ht.drtuan.com\app\Controllers\Frontend\Homepage\Router.php(59): view_cell('\\App\\Controller...', 'id=29, page=1')
#10 E:\OpenServerPanel\domains\ht.drtuan.com\vendor\codeigniter4\framework\system\CodeIgniter.php(918): App\Controllers\Frontend\Homepage\Router->index('gioi-thieu-ve-c...')
#11 E:\OpenServerPanel\domains\ht.drtuan.com\vendor\codeigniter4\framework\system\CodeIgniter.php(404): CodeIgniter\CodeIgniter->runController(Object(App\Controllers\Frontend\Homepage\Router))
#12 E:\OpenServerPanel\domains\ht.drtuan.com\vendor\codeigniter4\framework\system\CodeIgniter.php(312): CodeIgniter\CodeIgniter->handleRequest(NULL, Object(Config\Cache), false)
#13 E:\OpenServerPanel\domains\ht.drtuan.com\index.php(48): CodeIgniter\CodeIgniter->run()
#14 {main}
CRITICAL - 2022-08-18 02:24:10 --> Undefined index: bestseller
#0 E:\OpenServerPanel\domains\ht.drtuan.com\app\Views\frontend\article\article\index.php(87): CodeIgniter\Debug\Exceptions->errorHandler(8, 'Undefined index...', 'E:\\OpenServerPa...', 87, Array)
#1 E:\OpenServerPanel\domains\ht.drtuan.com\vendor\codeigniter4\framework\system\View\View.php(246): include('E:\\OpenServerPa...')
#2 E:\OpenServerPanel\domains\ht.drtuan.com\vendor\codeigniter4\framework\system\Common.php(1119): CodeIgniter\View\View->render('frontend/articl...', Array, true)
#3 E:\OpenServerPanel\domains\ht.drtuan.com\app\Views\frontend\homepage\layout\home.php(52): view('frontend/articl...')
#4 E:\OpenServerPanel\domains\ht.drtuan.com\vendor\codeigniter4\framework\system\View\View.php(246): include('E:\\OpenServerPa...')
#5 E:\OpenServerPanel\domains\ht.drtuan.com\vendor\codeigniter4\framework\system\Common.php(1119): CodeIgniter\View\View->render('frontend/homepa...', Array, true)
#6 E:\OpenServerPanel\domains\ht.drtuan.com\app\Controllers\Frontend\Article\Article.php(278): view('frontend/homepa...', Array)
#7 E:\OpenServerPanel\domains\ht.drtuan.com\vendor\codeigniter4\framework\system\View\Cell.php(180): App\Controllers\Frontend\Article\Article->index(29, '1')
#8 E:\OpenServerPanel\domains\ht.drtuan.com\vendor\codeigniter4\framework\system\Common.php(1140): CodeIgniter\View\Cell->render('\\App\\Controller...', 'id=29, page=1', 0, 'AppControllersF...')
#9 E:\OpenServerPanel\domains\ht.drtuan.com\app\Controllers\Frontend\Homepage\Router.php(59): view_cell('\\App\\Controller...', 'id=29, page=1')
#10 E:\OpenServerPanel\domains\ht.drtuan.com\vendor\codeigniter4\framework\system\CodeIgniter.php(918): App\Controllers\Frontend\Homepage\Router->index('gioi-thieu-ve-c...')
#11 E:\OpenServerPanel\domains\ht.drtuan.com\vendor\codeigniter4\framework\system\CodeIgniter.php(404): CodeIgniter\CodeIgniter->runController(Object(App\Controllers\Frontend\Homepage\Router))
#12 E:\OpenServerPanel\domains\ht.drtuan.com\vendor\codeigniter4\framework\system\CodeIgniter.php(312): CodeIgniter\CodeIgniter->handleRequest(NULL, Object(Config\Cache), false)
#13 E:\OpenServerPanel\domains\ht.drtuan.com\index.php(48): CodeIgniter\CodeIgniter->run()
#14 {main}
CRITICAL - 2022-08-18 02:24:11 --> Undefined index: bestseller
#0 E:\OpenServerPanel\domains\ht.drtuan.com\app\Views\frontend\article\article\index.php(87): CodeIgniter\Debug\Exceptions->errorHandler(8, 'Undefined index...', 'E:\\OpenServerPa...', 87, Array)
#1 E:\OpenServerPanel\domains\ht.drtuan.com\vendor\codeigniter4\framework\system\View\View.php(246): include('E:\\OpenServerPa...')
#2 E:\OpenServerPanel\domains\ht.drtuan.com\vendor\codeigniter4\framework\system\Common.php(1119): CodeIgniter\View\View->render('frontend/articl...', Array, true)
#3 E:\OpenServerPanel\domains\ht.drtuan.com\app\Views\frontend\homepage\layout\home.php(52): view('frontend/articl...')
#4 E:\OpenServerPanel\domains\ht.drtuan.com\vendor\codeigniter4\framework\system\View\View.php(246): include('E:\\OpenServerPa...')
#5 E:\OpenServerPanel\domains\ht.drtuan.com\vendor\codeigniter4\framework\system\Common.php(1119): CodeIgniter\View\View->render('frontend/homepa...', Array, true)
#6 E:\OpenServerPanel\domains\ht.drtuan.com\app\Controllers\Frontend\Article\Article.php(278): view('frontend/homepa...', Array)
#7 E:\OpenServerPanel\domains\ht.drtuan.com\vendor\codeigniter4\framework\system\View\Cell.php(180): App\Controllers\Frontend\Article\Article->index(29, '1')
#8 E:\OpenServerPanel\domains\ht.drtuan.com\vendor\codeigniter4\framework\system\Common.php(1140): CodeIgniter\View\Cell->render('\\App\\Controller...', 'id=29, page=1', 0, 'AppControllersF...')
#9 E:\OpenServerPanel\domains\ht.drtuan.com\app\Controllers\Frontend\Homepage\Router.php(59): view_cell('\\App\\Controller...', 'id=29, page=1')
#10 E:\OpenServerPanel\domains\ht.drtuan.com\vendor\codeigniter4\framework\system\CodeIgniter.php(918): App\Controllers\Frontend\Homepage\Router->index('gioi-thieu-ve-c...')
#11 E:\OpenServerPanel\domains\ht.drtuan.com\vendor\codeigniter4\framework\system\CodeIgniter.php(404): CodeIgniter\CodeIgniter->runController(Object(App\Controllers\Frontend\Homepage\Router))
#12 E:\OpenServerPanel\domains\ht.drtuan.com\vendor\codeigniter4\framework\system\CodeIgniter.php(312): CodeIgniter\CodeIgniter->handleRequest(NULL, Object(Config\Cache), false)
#13 E:\OpenServerPanel\domains\ht.drtuan.com\index.php(48): CodeIgniter\CodeIgniter->run()
#14 {main}
CRITICAL - 2022-08-18 02:27:40 --> Undefined index: homepage_brandname
#0 E:\OpenServerPanel\domains\ht.drtuan.com\app\Views\frontend\article\article\intro.php(26): CodeIgniter\Debug\Exceptions->errorHandler(8, 'Undefined index...', 'E:\\OpenServerPa...', 26, Array)
#1 E:\OpenServerPanel\domains\ht.drtuan.com\vendor\codeigniter4\framework\system\View\View.php(246): include('E:\\OpenServerPa...')
#2 E:\OpenServerPanel\domains\ht.drtuan.com\vendor\codeigniter4\framework\system\Common.php(1119): CodeIgniter\View\View->render('frontend/articl...', Array, true)
#3 E:\OpenServerPanel\domains\ht.drtuan.com\app\Views\frontend\homepage\layout\home.php(52): view('frontend/articl...')
#4 E:\OpenServerPanel\domains\ht.drtuan.com\vendor\codeigniter4\framework\system\View\View.php(246): include('E:\\OpenServerPa...')
#5 E:\OpenServerPanel\domains\ht.drtuan.com\vendor\codeigniter4\framework\system\Common.php(1119): CodeIgniter\View\View->render('frontend/homepa...', Array, true)
#6 E:\OpenServerPanel\domains\ht.drtuan.com\app\Controllers\Frontend\Article\Article.php(172): view('frontend/homepa...', Array)
#7 E:\OpenServerPanel\domains\ht.drtuan.com\vendor\codeigniter4\framework\system\View\Cell.php(180): App\Controllers\Frontend\Article\Article->index(29, '1')
#8 E:\OpenServerPanel\domains\ht.drtuan.com\vendor\codeigniter4\framework\system\Common.php(1140): CodeIgniter\View\Cell->render('\\App\\Controller...', 'id=29, page=1', 0, 'AppControllersF...')
#9 E:\OpenServerPanel\domains\ht.drtuan.com\app\Controllers\Frontend\Homepage\Router.php(59): view_cell('\\App\\Controller...', 'id=29, page=1')
#10 E:\OpenServerPanel\domains\ht.drtuan.com\vendor\codeigniter4\framework\system\CodeIgniter.php(918): App\Controllers\Frontend\Homepage\Router->index('gioi-thieu-ve-c...')
#11 E:\OpenServerPanel\domains\ht.drtuan.com\vendor\codeigniter4\framework\system\CodeIgniter.php(404): CodeIgniter\CodeIgniter->runController(Object(App\Controllers\Frontend\Homepage\Router))
#12 E:\OpenServerPanel\domains\ht.drtuan.com\vendor\codeigniter4\framework\system\CodeIgniter.php(312): CodeIgniter\CodeIgniter->handleRequest(NULL, Object(Config\Cache), false)
#13 E:\OpenServerPanel\domains\ht.drtuan.com\index.php(48): CodeIgniter\CodeIgniter->run()
#14 {main}
CRITICAL - 2022-08-18 02:28:24 --> Undefined index: homepage_brandname
#0 E:\OpenServerPanel\domains\ht.drtuan.com\app\Views\frontend\article\article\intro.php(26): CodeIgniter\Debug\Exceptions->errorHandler(8, 'Undefined index...', 'E:\\OpenServerPa...', 26, Array)
#1 E:\OpenServerPanel\domains\ht.drtuan.com\vendor\codeigniter4\framework\system\View\View.php(246): include('E:\\OpenServerPa...')
#2 E:\OpenServerPanel\domains\ht.drtuan.com\vendor\codeigniter4\framework\system\Common.php(1119): CodeIgniter\View\View->render('frontend/articl...', Array, true)
#3 E:\OpenServerPanel\domains\ht.drtuan.com\app\Views\frontend\homepage\layout\home.php(52): view('frontend/articl...')
#4 E:\OpenServerPanel\domains\ht.drtuan.com\vendor\codeigniter4\framework\system\View\View.php(246): include('E:\\OpenServerPa...')
#5 E:\OpenServerPanel\domains\ht.drtuan.com\vendor\codeigniter4\framework\system\Common.php(1119): CodeIgniter\View\View->render('frontend/homepa...', Array, true)
#6 E:\OpenServerPanel\domains\ht.drtuan.com\app\Controllers\Frontend\Article\Article.php(172): view('frontend/homepa...', Array)
#7 E:\OpenServerPanel\domains\ht.drtuan.com\vendor\codeigniter4\framework\system\View\Cell.php(180): App\Controllers\Frontend\Article\Article->index(29, '1')
#8 E:\OpenServerPanel\domains\ht.drtuan.com\vendor\codeigniter4\framework\system\Common.php(1140): CodeIgniter\View\Cell->render('\\App\\Controller...', 'id=29, page=1', 0, 'AppControllersF...')
#9 E:\OpenServerPanel\domains\ht.drtuan.com\app\Controllers\Frontend\Homepage\Router.php(59): view_cell('\\App\\Controller...', 'id=29, page=1')
#10 E:\OpenServerPanel\domains\ht.drtuan.com\vendor\codeigniter4\framework\system\CodeIgniter.php(918): App\Controllers\Frontend\Homepage\Router->index('gioi-thieu-ve-c...')
#11 E:\OpenServerPanel\domains\ht.drtuan.com\vendor\codeigniter4\framework\system\CodeIgniter.php(404): CodeIgniter\CodeIgniter->runController(Object(App\Controllers\Frontend\Homepage\Router))
#12 E:\OpenServerPanel\domains\ht.drtuan.com\vendor\codeigniter4\framework\system\CodeIgniter.php(312): CodeIgniter\CodeIgniter->handleRequest(NULL, Object(Config\Cache), false)
#13 E:\OpenServerPanel\domains\ht.drtuan.com\index.php(48): CodeIgniter\CodeIgniter->run()
#14 {main}
CRITICAL - 2022-08-18 02:28:26 --> Undefined index: homepage_brandname
#0 E:\OpenServerPanel\domains\ht.drtuan.com\app\Views\frontend\article\article\intro.php(26): CodeIgniter\Debug\Exceptions->errorHandler(8, 'Undefined index...', 'E:\\OpenServerPa...', 26, Array)
#1 E:\OpenServerPanel\domains\ht.drtuan.com\vendor\codeigniter4\framework\system\View\View.php(246): include('E:\\OpenServerPa...')
#2 E:\OpenServerPanel\domains\ht.drtuan.com\vendor\codeigniter4\framework\system\Common.php(1119): CodeIgniter\View\View->render('frontend/articl...', Array, true)
#3 E:\OpenServerPanel\domains\ht.drtuan.com\app\Views\frontend\homepage\layout\home.php(52): view('frontend/articl...')
#4 E:\OpenServerPanel\domains\ht.drtuan.com\vendor\codeigniter4\framework\system\View\View.php(246): include('E:\\OpenServerPa...')
#5 E:\OpenServerPanel\domains\ht.drtuan.com\vendor\codeigniter4\framework\system\Common.php(1119): CodeIgniter\View\View->render('frontend/homepa...', Array, true)
#6 E:\OpenServerPanel\domains\ht.drtuan.com\app\Controllers\Frontend\Article\Article.php(172): view('frontend/homepa...', Array)
#7 E:\OpenServerPanel\domains\ht.drtuan.com\vendor\codeigniter4\framework\system\View\Cell.php(180): App\Controllers\Frontend\Article\Article->index(29, '1')
#8 E:\OpenServerPanel\domains\ht.drtuan.com\vendor\codeigniter4\framework\system\Common.php(1140): CodeIgniter\View\Cell->render('\\App\\Controller...', 'id=29, page=1', 0, 'AppControllersF...')
#9 E:\OpenServerPanel\domains\ht.drtuan.com\app\Controllers\Frontend\Homepage\Router.php(59): view_cell('\\App\\Controller...', 'id=29, page=1')
#10 E:\OpenServerPanel\domains\ht.drtuan.com\vendor\codeigniter4\framework\system\CodeIgniter.php(918): App\Controllers\Frontend\Homepage\Router->index('gioi-thieu-ve-c...')
#11 E:\OpenServerPanel\domains\ht.drtuan.com\vendor\codeigniter4\framework\system\CodeIgniter.php(404): CodeIgniter\CodeIgniter->runController(Object(App\Controllers\Frontend\Homepage\Router))
#12 E:\OpenServerPanel\domains\ht.drtuan.com\vendor\codeigniter4\framework\system\CodeIgniter.php(312): CodeIgniter\CodeIgniter->handleRequest(NULL, Object(Config\Cache), false)
#13 E:\OpenServerPanel\domains\ht.drtuan.com\index.php(48): CodeIgniter\CodeIgniter->run()
#14 {main}
CRITICAL - 2022-08-18 02:33:31 --> CodeIgniter\View\View::main(): Failed opening required 'common/aside.php' (include_path='.')
#0 [internal function]: CodeIgniter\Debug\Exceptions->shutdownHandler()
#1 {main}
CRITICAL - 2022-08-18 02:33:38 --> CodeIgniter\View\View::main(): Failed opening required 'common/aside.php' (include_path='.')
#0 [internal function]: CodeIgniter\Debug\Exceptions->shutdownHandler()
#1 {main}
CRITICAL - 2022-08-18 02:34:03 --> Undefined index: bestseller
#0 E:\OpenServerPanel\domains\ht.drtuan.com\app\Views\frontend\homepage\common\aside.php(63): CodeIgniter\Debug\Exceptions->errorHandler(8, 'Undefined index...', 'E:\\OpenServerPa...', 63, Array)
#1 E:\OpenServerPanel\domains\ht.drtuan.com\vendor\codeigniter4\framework\system\View\View.php(246): include('E:\\OpenServerPa...')
#2 E:\OpenServerPanel\domains\ht.drtuan.com\vendor\codeigniter4\framework\system\Common.php(1119): CodeIgniter\View\View->render('frontend/homepa...', Array, true)
#3 E:\OpenServerPanel\domains\ht.drtuan.com\app\Views\frontend\article\catalogue\index.php(56): view('frontend/homepa...')
#4 E:\OpenServerPanel\domains\ht.drtuan.com\vendor\codeigniter4\framework\system\View\View.php(246): include('E:\\OpenServerPa...')
#5 E:\OpenServerPanel\domains\ht.drtuan.com\vendor\codeigniter4\framework\system\Common.php(1119): CodeIgniter\View\View->render('frontend/articl...', Array, true)
#6 E:\OpenServerPanel\domains\ht.drtuan.com\app\Views\frontend\homepage\layout\home.php(52): view('frontend/articl...')
#7 E:\OpenServerPanel\domains\ht.drtuan.com\vendor\codeigniter4\framework\system\View\View.php(246): include('E:\\OpenServerPa...')
#8 E:\OpenServerPanel\domains\ht.drtuan.com\vendor\codeigniter4\framework\system\Common.php(1119): CodeIgniter\View\View->render('frontend/homepa...', Array, true)
#9 E:\OpenServerPanel\domains\ht.drtuan.com\app\Controllers\Frontend\Article\Catalogue.php(196): view('frontend/homepa...', Array)
#10 E:\OpenServerPanel\domains\ht.drtuan.com\vendor\codeigniter4\framework\system\View\Cell.php(180): App\Controllers\Frontend\Article\Catalogue->index(24, 0)
#11 E:\OpenServerPanel\domains\ht.drtuan.com\vendor\codeigniter4\framework\system\Common.php(1140): CodeIgniter\View\Cell->render('\\App\\Controller...', 'id=24, page=1', 0, 'AppControllersF...')
#12 E:\OpenServerPanel\domains\ht.drtuan.com\app\Controllers\Frontend\Homepage\Router.php(59): view_cell('\\App\\Controller...', 'id=24, page=1')
#13 E:\OpenServerPanel\domains\ht.drtuan.com\vendor\codeigniter4\framework\system\CodeIgniter.php(918): App\Controllers\Frontend\Homepage\Router->index('tham-my-nguc')
#14 E:\OpenServerPanel\domains\ht.drtuan.com\vendor\codeigniter4\framework\system\CodeIgniter.php(404): CodeIgniter\CodeIgniter->runController(Object(App\Controllers\Frontend\Homepage\Router))
#15 E:\OpenServerPanel\domains\ht.drtuan.com\vendor\codeigniter4\framework\system\CodeIgniter.php(312): CodeIgniter\CodeIgniter->handleRequest(NULL, Object(Config\Cache), false)
#16 E:\OpenServerPanel\domains\ht.drtuan.com\index.php(48): CodeIgniter\CodeIgniter->run()
#17 {main}
CRITICAL - 2022-08-18 02:37:22 --> Undefined variable: artcielList
#0 E:\OpenServerPanel\domains\ht.drtuan.com\app\Views\frontend\article\catalogue\index.php(23): CodeIgniter\Debug\Exceptions->errorHandler(8, 'Undefined varia...', 'E:\\OpenServerPa...', 23, Array)
#1 E:\OpenServerPanel\domains\ht.drtuan.com\vendor\codeigniter4\framework\system\View\View.php(246): include('E:\\OpenServerPa...')
#2 E:\OpenServerPanel\domains\ht.drtuan.com\vendor\codeigniter4\framework\system\Common.php(1119): CodeIgniter\View\View->render('frontend/articl...', Array, true)
#3 E:\OpenServerPanel\domains\ht.drtuan.com\app\Views\frontend\homepage\layout\home.php(52): view('frontend/articl...')
#4 E:\OpenServerPanel\domains\ht.drtuan.com\vendor\codeigniter4\framework\system\View\View.php(246): include('E:\\OpenServerPa...')
#5 E:\OpenServerPanel\domains\ht.drtuan.com\vendor\codeigniter4\framework\system\Common.php(1119): CodeIgniter\View\View->render('frontend/homepa...', Array, true)
#6 E:\OpenServerPanel\domains\ht.drtuan.com\app\Controllers\Frontend\Article\Catalogue.php(196): view('frontend/homepa...', Array)
#7 E:\OpenServerPanel\domains\ht.drtuan.com\vendor\codeigniter4\framework\system\View\Cell.php(180): App\Controllers\Frontend\Article\Catalogue->index(24, 0)
#8 E:\OpenServerPanel\domains\ht.drtuan.com\vendor\codeigniter4\framework\system\Common.php(1140): CodeIgniter\View\Cell->render('\\App\\Controller...', 'id=24, page=1', 0, 'AppControllersF...')
#9 E:\OpenServerPanel\domains\ht.drtuan.com\app\Controllers\Frontend\Homepage\Router.php(59): view_cell('\\App\\Controller...', 'id=24, page=1')
#10 E:\OpenServerPanel\domains\ht.drtuan.com\vendor\codeigniter4\framework\system\CodeIgniter.php(918): App\Controllers\Frontend\Homepage\Router->index('tham-my-nguc')
#11 E:\OpenServerPanel\domains\ht.drtuan.com\vendor\codeigniter4\framework\system\CodeIgniter.php(404): CodeIgniter\CodeIgniter->runController(Object(App\Controllers\Frontend\Homepage\Router))
#12 E:\OpenServerPanel\domains\ht.drtuan.com\vendor\codeigniter4\framework\system\CodeIgniter.php(312): CodeIgniter\CodeIgniter->handleRequest(NULL, Object(Config\Cache), false)
#13 E:\OpenServerPanel\domains\ht.drtuan.com\index.php(48): CodeIgniter\CodeIgniter->run()
#14 {main}
CRITICAL - 2022-08-18 02:37:25 --> Undefined variable: artcielList
#0 E:\OpenServerPanel\domains\ht.drtuan.com\app\Views\frontend\article\catalogue\index.php(23): CodeIgniter\Debug\Exceptions->errorHandler(8, 'Undefined varia...', 'E:\\OpenServerPa...', 23, Array)
#1 E:\OpenServerPanel\domains\ht.drtuan.com\vendor\codeigniter4\framework\system\View\View.php(246): include('E:\\OpenServerPa...')
#2 E:\OpenServerPanel\domains\ht.drtuan.com\vendor\codeigniter4\framework\system\Common.php(1119): CodeIgniter\View\View->render('frontend/articl...', Array, true)
#3 E:\OpenServerPanel\domains\ht.drtuan.com\app\Views\frontend\homepage\layout\home.php(52): view('frontend/articl...')
#4 E:\OpenServerPanel\domains\ht.drtuan.com\vendor\codeigniter4\framework\system\View\View.php(246): include('E:\\OpenServerPa...')
#5 E:\OpenServerPanel\domains\ht.drtuan.com\vendor\codeigniter4\framework\system\Common.php(1119): CodeIgniter\View\View->render('frontend/homepa...', Array, true)
#6 E:\OpenServerPanel\domains\ht.drtuan.com\app\Controllers\Frontend\Article\Catalogue.php(196): view('frontend/homepa...', Array)
#7 E:\OpenServerPanel\domains\ht.drtuan.com\vendor\codeigniter4\framework\system\View\Cell.php(180): App\Controllers\Frontend\Article\Catalogue->index(24, 0)
#8 E:\OpenServerPanel\domains\ht.drtuan.com\vendor\codeigniter4\framework\system\Common.php(1140): CodeIgniter\View\Cell->render('\\App\\Controller...', 'id=24, page=1', 0, 'AppControllersF...')
#9 E:\OpenServerPanel\domains\ht.drtuan.com\app\Controllers\Frontend\Homepage\Router.php(59): view_cell('\\App\\Controller...', 'id=24, page=1')
#10 E:\OpenServerPanel\domains\ht.drtuan.com\vendor\codeigniter4\framework\system\CodeIgniter.php(918): App\Controllers\Frontend\Homepage\Router->index('tham-my-nguc')
#11 E:\OpenServerPanel\domains\ht.drtuan.com\vendor\codeigniter4\framework\system\CodeIgniter.php(404): CodeIgniter\CodeIgniter->runController(Object(App\Controllers\Frontend\Homepage\Router))
#12 E:\OpenServerPanel\domains\ht.drtuan.com\vendor\codeigniter4\framework\system\CodeIgniter.php(312): CodeIgniter\CodeIgniter->handleRequest(NULL, Object(Config\Cache), false)
#13 E:\OpenServerPanel\domains\ht.drtuan.com\index.php(48): CodeIgniter\CodeIgniter->run()
#14 {main}
CRITICAL - 2022-08-18 02:42:53 --> Optional parameter $verbs declared before required parameter $to is implicitly treated as a required parameter
#0 E:\OpenServerPanel\domains\ht.drtuan.com\vendor\codeigniter4\framework\system\Autoloader\Autoloader.php(365): CodeIgniter\Debug\Exceptions->errorHandler()
#1 E:\OpenServerPanel\domains\ht.drtuan.com\vendor\codeigniter4\framework\system\Autoloader\Autoloader.php(365): require_once()
#2 E:\OpenServerPanel\domains\ht.drtuan.com\vendor\codeigniter4\framework\system\Autoloader\Autoloader.php(296): CodeIgniter\Autoloader\Autoloader->requireFile()
#3 E:\OpenServerPanel\domains\ht.drtuan.com\vendor\codeigniter4\framework\system\Autoloader\Autoloader.php(258): CodeIgniter\Autoloader\Autoloader->loadInNamespace()
#4 E:\OpenServerPanel\domains\ht.drtuan.com\vendor\codeigniter4\framework\system\Config\Services.php(699): CodeIgniter\Autoloader\Autoloader->loadClass()
#5 E:\OpenServerPanel\domains\ht.drtuan.com\vendor\codeigniter4\framework\system\Config\BaseService.php(123): CodeIgniter\Config\Services::routes()
#6 E:\OpenServerPanel\domains\ht.drtuan.com\vendor\codeigniter4\framework\system\Config\Services.php(696): CodeIgniter\Config\BaseService::getSharedInstance()
#7 E:\OpenServerPanel\domains\ht.drtuan.com\app\Config\Routes.php(4): CodeIgniter\Config\Services::routes()
#8 E:\OpenServerPanel\domains\ht.drtuan.com\vendor\codeigniter4\framework\system\CodeIgniter.php(780): require('E:\\OpenServerPa...')
#9 E:\OpenServerPanel\domains\ht.drtuan.com\vendor\codeigniter4\framework\system\CodeIgniter.php(364): CodeIgniter\CodeIgniter->tryToRouteIt()
#10 E:\OpenServerPanel\domains\ht.drtuan.com\vendor\codeigniter4\framework\system\CodeIgniter.php(312): CodeIgniter\CodeIgniter->handleRequest()
#11 E:\OpenServerPanel\domains\ht.drtuan.com\index.php(48): CodeIgniter\CodeIgniter->run()
#12 {main}
CRITICAL - 2022-08-18 02:42:53 --> Uncaught ErrorException: Cannot modify header information - headers already sent by (output started at E:\OpenServerPanel\domains\ht.drtuan.com\app\Config\Events.php:27) in E:\OpenServerPanel\domains\ht.drtuan.com\vendor\codeigniter4\framework\system\Debug\Exceptions.php:164
Stack trace:
#0 [internal function]: CodeIgniter\Debug\Exceptions->errorHandler()
#1 E:\OpenServerPanel\domains\ht.drtuan.com\vendor\codeigniter4\framework\system\Debug\Exceptions.php(164): header()
#2 [internal function]: CodeIgniter\Debug\Exceptions->exceptionHandler()
#3 {main}
  thrown
#0 [internal function]: CodeIgniter\Debug\Exceptions->shutdownHandler()
#1 {main}
CRITICAL - 2022-08-18 02:42:54 --> Optional parameter $verbs declared before required parameter $to is implicitly treated as a required parameter
#0 E:\OpenServerPanel\domains\ht.drtuan.com\vendor\codeigniter4\framework\system\Autoloader\Autoloader.php(365): CodeIgniter\Debug\Exceptions->errorHandler()
#1 E:\OpenServerPanel\domains\ht.drtuan.com\vendor\codeigniter4\framework\system\Autoloader\Autoloader.php(365): require_once()
#2 E:\OpenServerPanel\domains\ht.drtuan.com\vendor\codeigniter4\framework\system\Autoloader\Autoloader.php(296): CodeIgniter\Autoloader\Autoloader->requireFile()
#3 E:\OpenServerPanel\domains\ht.drtuan.com\vendor\codeigniter4\framework\system\Autoloader\Autoloader.php(258): CodeIgniter\Autoloader\Autoloader->loadInNamespace()
#4 E:\OpenServerPanel\domains\ht.drtuan.com\vendor\codeigniter4\framework\system\Config\Services.php(699): CodeIgniter\Autoloader\Autoloader->loadClass()
#5 E:\OpenServerPanel\domains\ht.drtuan.com\vendor\codeigniter4\framework\system\Config\BaseService.php(123): CodeIgniter\Config\Services::routes()
#6 E:\OpenServerPanel\domains\ht.drtuan.com\vendor\codeigniter4\framework\system\Config\Services.php(696): CodeIgniter\Config\BaseService::getSharedInstance()
#7 E:\OpenServerPanel\domains\ht.drtuan.com\app\Config\Routes.php(4): CodeIgniter\Config\Services::routes()
#8 E:\OpenServerPanel\domains\ht.drtuan.com\vendor\codeigniter4\framework\system\CodeIgniter.php(780): require('E:\\OpenServerPa...')
#9 E:\OpenServerPanel\domains\ht.drtuan.com\vendor\codeigniter4\framework\system\CodeIgniter.php(364): CodeIgniter\CodeIgniter->tryToRouteIt()
#10 E:\OpenServerPanel\domains\ht.drtuan.com\vendor\codeigniter4\framework\system\CodeIgniter.php(312): CodeIgniter\CodeIgniter->handleRequest()
#11 E:\OpenServerPanel\domains\ht.drtuan.com\index.php(48): CodeIgniter\CodeIgniter->run()
#12 {main}
CRITICAL - 2022-08-18 02:42:54 --> Uncaught ErrorException: Cannot modify header information - headers already sent by (output started at E:\OpenServerPanel\domains\ht.drtuan.com\app\Config\Events.php:27) in E:\OpenServerPanel\domains\ht.drtuan.com\vendor\codeigniter4\framework\system\Debug\Exceptions.php:164
Stack trace:
#0 [internal function]: CodeIgniter\Debug\Exceptions->errorHandler()
#1 E:\OpenServerPanel\domains\ht.drtuan.com\vendor\codeigniter4\framework\system\Debug\Exceptions.php(164): header()
#2 [internal function]: CodeIgniter\Debug\Exceptions->exceptionHandler()
#3 {main}
  thrown
#0 [internal function]: CodeIgniter\Debug\Exceptions->shutdownHandler()
#1 {main}
CRITICAL - 2022-08-18 02:42:54 --> Optional parameter $verbs declared before required parameter $to is implicitly treated as a required parameter
#0 E:\OpenServerPanel\domains\ht.drtuan.com\vendor\codeigniter4\framework\system\Autoloader\Autoloader.php(365): CodeIgniter\Debug\Exceptions->errorHandler()
#1 E:\OpenServerPanel\domains\ht.drtuan.com\vendor\codeigniter4\framework\system\Autoloader\Autoloader.php(365): require_once()
#2 E:\OpenServerPanel\domains\ht.drtuan.com\vendor\codeigniter4\framework\system\Autoloader\Autoloader.php(296): CodeIgniter\Autoloader\Autoloader->requireFile()
#3 E:\OpenServerPanel\domains\ht.drtuan.com\vendor\codeigniter4\framework\system\Autoloader\Autoloader.php(258): CodeIgniter\Autoloader\Autoloader->loadInNamespace()
#4 E:\OpenServerPanel\domains\ht.drtuan.com\vendor\codeigniter4\framework\system\Config\Services.php(699): CodeIgniter\Autoloader\Autoloader->loadClass()
#5 E:\OpenServerPanel\domains\ht.drtuan.com\vendor\codeigniter4\framework\system\Config\BaseService.php(123): CodeIgniter\Config\Services::routes()
#6 E:\OpenServerPanel\domains\ht.drtuan.com\vendor\codeigniter4\framework\system\Config\Services.php(696): CodeIgniter\Config\BaseService::getSharedInstance()
#7 E:\OpenServerPanel\domains\ht.drtuan.com\app\Config\Routes.php(4): CodeIgniter\Config\Services::routes()
#8 E:\OpenServerPanel\domains\ht.drtuan.com\vendor\codeigniter4\framework\system\CodeIgniter.php(780): require('E:\\OpenServerPa...')
#9 E:\OpenServerPanel\domains\ht.drtuan.com\vendor\codeigniter4\framework\system\CodeIgniter.php(364): CodeIgniter\CodeIgniter->tryToRouteIt()
#10 E:\OpenServerPanel\domains\ht.drtuan.com\vendor\codeigniter4\framework\system\CodeIgniter.php(312): CodeIgniter\CodeIgniter->handleRequest()
#11 E:\OpenServerPanel\domains\ht.drtuan.com\index.php(48): CodeIgniter\CodeIgniter->run()
#12 {main}
CRITICAL - 2022-08-18 02:42:54 --> Uncaught ErrorException: Cannot modify header information - headers already sent by (output started at E:\OpenServerPanel\domains\ht.drtuan.com\app\Config\Events.php:27) in E:\OpenServerPanel\domains\ht.drtuan.com\vendor\codeigniter4\framework\system\Debug\Exceptions.php:164
Stack trace:
#0 [internal function]: CodeIgniter\Debug\Exceptions->errorHandler()
#1 E:\OpenServerPanel\domains\ht.drtuan.com\vendor\codeigniter4\framework\system\Debug\Exceptions.php(164): header()
#2 [internal function]: CodeIgniter\Debug\Exceptions->exceptionHandler()
#3 {main}
  thrown
#0 [internal function]: CodeIgniter\Debug\Exceptions->shutdownHandler()
#1 {main}
CRITICAL - 2022-08-18 21:03:05 --> Undefined index: bestseller
#0 E:\OpenServerPanel\domains\ht.drtuan.com\app\Views\frontend\article\article\index.php(87): CodeIgniter\Debug\Exceptions->errorHandler(8, 'Undefined index...', 'E:\\OpenServerPa...', 87, Array)
#1 E:\OpenServerPanel\domains\ht.drtuan.com\vendor\codeigniter4\framework\system\View\View.php(246): include('E:\\OpenServerPa...')
#2 E:\OpenServerPanel\domains\ht.drtuan.com\vendor\codeigniter4\framework\system\Common.php(1119): CodeIgniter\View\View->render('frontend/articl...', Array, true)
#3 E:\OpenServerPanel\domains\ht.drtuan.com\app\Views\frontend\homepage\layout\home.php(52): view('frontend/articl...')
#4 E:\OpenServerPanel\domains\ht.drtuan.com\vendor\codeigniter4\framework\system\View\View.php(246): include('E:\\OpenServerPa...')
#5 E:\OpenServerPanel\domains\ht.drtuan.com\vendor\codeigniter4\framework\system\Common.php(1119): CodeIgniter\View\View->render('frontend/homepa...', Array, true)
#6 E:\OpenServerPanel\domains\ht.drtuan.com\app\Controllers\Frontend\Article\Article.php(172): view('frontend/homepa...', Array)
#7 E:\OpenServerPanel\domains\ht.drtuan.com\vendor\codeigniter4\framework\system\View\Cell.php(180): App\Controllers\Frontend\Article\Article->index(30, '1')
#8 E:\OpenServerPanel\domains\ht.drtuan.com\vendor\codeigniter4\framework\system\Common.php(1140): CodeIgniter\View\Cell->render('\\App\\Controller...', 'id=30, page=1', 0, 'AppControllersF...')
#9 E:\OpenServerPanel\domains\ht.drtuan.com\app\Controllers\Frontend\Homepage\Router.php(59): view_cell('\\App\\Controller...', 'id=30, page=1')
#10 E:\OpenServerPanel\domains\ht.drtuan.com\vendor\codeigniter4\framework\system\CodeIgniter.php(918): App\Controllers\Frontend\Homepage\Router->index('sua-nguc-nang-b...')
#11 E:\OpenServerPanel\domains\ht.drtuan.com\vendor\codeigniter4\framework\system\CodeIgniter.php(404): CodeIgniter\CodeIgniter->runController(Object(App\Controllers\Frontend\Homepage\Router))
#12 E:\OpenServerPanel\domains\ht.drtuan.com\vendor\codeigniter4\framework\system\CodeIgniter.php(312): CodeIgniter\CodeIgniter->handleRequest(NULL, Object(Config\Cache), false)
#13 E:\OpenServerPanel\domains\ht.drtuan.com\index.php(48): CodeIgniter\CodeIgniter->run()
#14 {main}
CRITICAL - 2022-08-18 21:14:16 --> Undefined index: bestseller
#0 E:\OpenServerPanel\domains\ht.drtuan.com\app\Views\frontend\article\article\index.php(87): CodeIgniter\Debug\Exceptions->errorHandler(8, 'Undefined index...', 'E:\\OpenServerPa...', 87, Array)
#1 E:\OpenServerPanel\domains\ht.drtuan.com\vendor\codeigniter4\framework\system\View\View.php(246): include('E:\\OpenServerPa...')
#2 E:\OpenServerPanel\domains\ht.drtuan.com\vendor\codeigniter4\framework\system\Common.php(1119): CodeIgniter\View\View->render('frontend/articl...', Array, true)
#3 E:\OpenServerPanel\domains\ht.drtuan.com\app\Views\frontend\homepage\layout\home.php(52): view('frontend/articl...')
#4 E:\OpenServerPanel\domains\ht.drtuan.com\vendor\codeigniter4\framework\system\View\View.php(246): include('E:\\OpenServerPa...')
#5 E:\OpenServerPanel\domains\ht.drtuan.com\vendor\codeigniter4\framework\system\Common.php(1119): CodeIgniter\View\View->render('frontend/homepa...', Array, true)
#6 E:\OpenServerPanel\domains\ht.drtuan.com\app\Controllers\Frontend\Article\Article.php(172): view('frontend/homepa...', Array)
#7 E:\OpenServerPanel\domains\ht.drtuan.com\vendor\codeigniter4\framework\system\View\Cell.php(180): App\Controllers\Frontend\Article\Article->index(30, '1')
#8 E:\OpenServerPanel\domains\ht.drtuan.com\vendor\codeigniter4\framework\system\Common.php(1140): CodeIgniter\View\Cell->render('\\App\\Controller...', 'id=30, page=1', 0, 'AppControllersF...')
#9 E:\OpenServerPanel\domains\ht.drtuan.com\app\Controllers\Frontend\Homepage\Router.php(59): view_cell('\\App\\Controller...', 'id=30, page=1')
#10 E:\OpenServerPanel\domains\ht.drtuan.com\vendor\codeigniter4\framework\system\CodeIgniter.php(918): App\Controllers\Frontend\Homepage\Router->index('sua-nguc-nang-b...')
#11 E:\OpenServerPanel\domains\ht.drtuan.com\vendor\codeigniter4\framework\system\CodeIgniter.php(404): CodeIgniter\CodeIgniter->runController(Object(App\Controllers\Frontend\Homepage\Router))
#12 E:\OpenServerPanel\domains\ht.drtuan.com\vendor\codeigniter4\framework\system\CodeIgniter.php(312): CodeIgniter\CodeIgniter->handleRequest(NULL, Object(Config\Cache), false)
#13 E:\OpenServerPanel\domains\ht.drtuan.com\index.php(48): CodeIgniter\CodeIgniter->run()
#14 {main}
CRITICAL - 2022-08-18 21:15:21 --> CodeIgniter\View\View::main(): Failed opening required 'common/aside.php' (include_path='.')
#0 [internal function]: CodeIgniter\Debug\Exceptions->shutdownHandler()
#1 {main}
CRITICAL - 2022-08-18 21:15:22 --> CodeIgniter\View\View::main(): Failed opening required 'common/aside.php' (include_path='.')
#0 [internal function]: CodeIgniter\Debug\Exceptions->shutdownHandler()
#1 {main}
CRITICAL - 2022-08-18 21:56:58 --> Unable to connect to the database.
#0 E:\OpenServerPanel\domains\ht.drtuan.com\vendor\codeigniter4\framework\system\Database\BaseConnection.php(646): CodeIgniter\Database\BaseConnection->initialize()
#1 E:\OpenServerPanel\domains\ht.drtuan.com\vendor\codeigniter4\framework\system\Database\BaseBuilder.php(1860): CodeIgniter\Database\BaseConnection->query('SELECT `keyword...', Array, false)
#2 E:\OpenServerPanel\domains\ht.drtuan.com\app\Models\AutoloadModel.php(76): CodeIgniter\Database\BaseBuilder->get()
#3 E:\OpenServerPanel\domains\ht.drtuan.com\app\Helpers\mydatafrontend_helper.php(166): App\Models\AutoloadModel->_get_where(Array, true)
#4 E:\OpenServerPanel\domains\ht.drtuan.com\app\Controllers\FrontendController.php(27): get_general('vi')
#5 E:\OpenServerPanel\domains\ht.drtuan.com\vendor\codeigniter4\framework\system\CodeIgniter.php(891): App\Controllers\FrontendController->initController(Object(CodeIgniter\HTTP\IncomingRequest), Object(CodeIgniter\HTTP\Response), Object(CodeIgniter\Log\Logger))
#6 E:\OpenServerPanel\domains\ht.drtuan.com\vendor\codeigniter4\framework\system\CodeIgniter.php(399): CodeIgniter\CodeIgniter->createController()
#7 E:\OpenServerPanel\domains\ht.drtuan.com\vendor\codeigniter4\framework\system\CodeIgniter.php(312): CodeIgniter\CodeIgniter->handleRequest(NULL, Object(Config\Cache), false)
#8 E:\OpenServerPanel\domains\ht.drtuan.com\index.php(48): CodeIgniter\CodeIgniter->run()
#9 {main}
