CRITICAL - 2022-10-13 02:37:46 --> Call to a member function paginate() on null
#0 E:\OpenServerPanel\domains\cicorev2.com\vendor\codeigniter4\framework\system\CodeIgniter.php(918): App\Controllers\Backend\Attribute\Catalogue->index()
#1 E:\OpenServerPanel\domains\cicorev2.com\vendor\codeigniter4\framework\system\CodeIgniter.php(404): CodeIgniter\CodeIgniter->runController(Object(App\Controllers\Backend\Attribute\Catalogue))
#2 E:\OpenServerPanel\domains\cicorev2.com\vendor\codeigniter4\framework\system\CodeIgniter.php(312): CodeIgniter\CodeIgniter->handleRequest(NULL, Object(Config\Cache), false)
#3 E:\OpenServerPanel\domains\cicorev2.com\index.php(48): CodeIgniter\CodeIgniter->run()
#4 {main}
CRITICAL - 2022-10-13 02:37:47 --> Call to a member function paginate() on null
#0 E:\OpenServerPanel\domains\cicorev2.com\vendor\codeigniter4\framework\system\CodeIgniter.php(918): App\Controllers\Backend\Attribute\Catalogue->index()
#1 E:\OpenServerPanel\domains\cicorev2.com\vendor\codeigniter4\framework\system\CodeIgniter.php(404): CodeIgniter\CodeIgniter->runController(Object(App\Controllers\Backend\Attribute\Catalogue))
#2 E:\OpenServerPanel\domains\cicorev2.com\vendor\codeigniter4\framework\system\CodeIgniter.php(312): CodeIgniter\CodeIgniter->handleRequest(NULL, Object(Config\Cache), false)
#3 E:\OpenServerPanel\domains\cicorev2.com\index.php(48): CodeIgniter\CodeIgniter->run()
#4 {main}
CRITICAL - 2022-10-13 03:18:24 --> Undefined index: image
#0 E:\OpenServerPanel\domains\cicorev2.com\app\Views\backend\attribute\attribute\include\table.php(23): CodeIgniter\Debug\Exceptions->errorHandler(8, 'Undefined index...', 'E:\\OpenServerPa...', 23, Array)
#1 E:\OpenServerPanel\domains\cicorev2.com\vendor\codeigniter4\framework\system\View\View.php(246): include('E:\\OpenServerPa...')
#2 E:\OpenServerPanel\domains\cicorev2.com\vendor\codeigniter4\framework\system\Common.php(1119): CodeIgniter\View\View->render('backend/attribu...', Array, true)
#3 E:\OpenServerPanel\domains\cicorev2.com\app\Views\backend\attribute\attribute\index.php(22): view('backend/attribu...')
#4 E:\OpenServerPanel\domains\cicorev2.com\vendor\codeigniter4\framework\system\View\View.php(246): include('E:\\OpenServerPa...')
#5 E:\OpenServerPanel\domains\cicorev2.com\vendor\codeigniter4\framework\system\Common.php(1119): CodeIgniter\View\View->render('backend/attribu...', Array, true)
#6 E:\OpenServerPanel\domains\cicorev2.com\app\Views\backend\dashboard\layout\home.php(46): view('backend/attribu...')
#7 E:\OpenServerPanel\domains\cicorev2.com\vendor\codeigniter4\framework\system\View\View.php(246): include('E:\\OpenServerPa...')
#8 E:\OpenServerPanel\domains\cicorev2.com\vendor\codeigniter4\framework\system\Common.php(1119): CodeIgniter\View\View->render('backend/dashboa...', Array, true)
#9 E:\OpenServerPanel\domains\cicorev2.com\app\Controllers\Backend\Attribute\Attribute.php(39): view('backend/dashboa...', Array)
#10 E:\OpenServerPanel\domains\cicorev2.com\vendor\codeigniter4\framework\system\CodeIgniter.php(918): App\Controllers\Backend\Attribute\Attribute->index()
#11 E:\OpenServerPanel\domains\cicorev2.com\vendor\codeigniter4\framework\system\CodeIgniter.php(404): CodeIgniter\CodeIgniter->runController(Object(App\Controllers\Backend\Attribute\Attribute))
#12 E:\OpenServerPanel\domains\cicorev2.com\vendor\codeigniter4\framework\system\CodeIgniter.php(312): CodeIgniter\CodeIgniter->handleRequest(NULL, Object(Config\Cache), false)
#13 E:\OpenServerPanel\domains\cicorev2.com\index.php(48): CodeIgniter\CodeIgniter->run()
#14 {main}
CRITICAL - 2022-10-13 03:18:25 --> Undefined index: image
#0 E:\OpenServerPanel\domains\cicorev2.com\app\Views\backend\attribute\attribute\include\table.php(23): CodeIgniter\Debug\Exceptions->errorHandler(8, 'Undefined index...', 'E:\\OpenServerPa...', 23, Array)
#1 E:\OpenServerPanel\domains\cicorev2.com\vendor\codeigniter4\framework\system\View\View.php(246): include('E:\\OpenServerPa...')
#2 E:\OpenServerPanel\domains\cicorev2.com\vendor\codeigniter4\framework\system\Common.php(1119): CodeIgniter\View\View->render('backend/attribu...', Array, true)
#3 E:\OpenServerPanel\domains\cicorev2.com\app\Views\backend\attribute\attribute\index.php(22): view('backend/attribu...')
#4 E:\OpenServerPanel\domains\cicorev2.com\vendor\codeigniter4\framework\system\View\View.php(246): include('E:\\OpenServerPa...')
#5 E:\OpenServerPanel\domains\cicorev2.com\vendor\codeigniter4\framework\system\Common.php(1119): CodeIgniter\View\View->render('backend/attribu...', Array, true)
#6 E:\OpenServerPanel\domains\cicorev2.com\app\Views\backend\dashboard\layout\home.php(46): view('backend/attribu...')
#7 E:\OpenServerPanel\domains\cicorev2.com\vendor\codeigniter4\framework\system\View\View.php(246): include('E:\\OpenServerPa...')
#8 E:\OpenServerPanel\domains\cicorev2.com\vendor\codeigniter4\framework\system\Common.php(1119): CodeIgniter\View\View->render('backend/dashboa...', Array, true)
#9 E:\OpenServerPanel\domains\cicorev2.com\app\Controllers\Backend\Attribute\Attribute.php(39): view('backend/dashboa...', Array)
#10 E:\OpenServerPanel\domains\cicorev2.com\vendor\codeigniter4\framework\system\CodeIgniter.php(918): App\Controllers\Backend\Attribute\Attribute->index()
#11 E:\OpenServerPanel\domains\cicorev2.com\vendor\codeigniter4\framework\system\CodeIgniter.php(404): CodeIgniter\CodeIgniter->runController(Object(App\Controllers\Backend\Attribute\Attribute))
#12 E:\OpenServerPanel\domains\cicorev2.com\vendor\codeigniter4\framework\system\CodeIgniter.php(312): CodeIgniter\CodeIgniter->handleRequest(NULL, Object(Config\Cache), false)
#13 E:\OpenServerPanel\domains\cicorev2.com\index.php(48): CodeIgniter\CodeIgniter->run()
#14 {main}
CRITICAL - 2022-10-13 03:18:44 --> Undefined index: image
#0 E:\OpenServerPanel\domains\cicorev2.com\app\Views\backend\attribute\attribute\include\table.php(23): CodeIgniter\Debug\Exceptions->errorHandler(8, 'Undefined index...', 'E:\\OpenServerPa...', 23, Array)
#1 E:\OpenServerPanel\domains\cicorev2.com\vendor\codeigniter4\framework\system\View\View.php(246): include('E:\\OpenServerPa...')
#2 E:\OpenServerPanel\domains\cicorev2.com\vendor\codeigniter4\framework\system\Common.php(1119): CodeIgniter\View\View->render('backend/attribu...', Array, true)
#3 E:\OpenServerPanel\domains\cicorev2.com\app\Views\backend\attribute\attribute\index.php(22): view('backend/attribu...')
#4 E:\OpenServerPanel\domains\cicorev2.com\vendor\codeigniter4\framework\system\View\View.php(246): include('E:\\OpenServerPa...')
#5 E:\OpenServerPanel\domains\cicorev2.com\vendor\codeigniter4\framework\system\Common.php(1119): CodeIgniter\View\View->render('backend/attribu...', Array, true)
#6 E:\OpenServerPanel\domains\cicorev2.com\app\Views\backend\dashboard\layout\home.php(46): view('backend/attribu...')
#7 E:\OpenServerPanel\domains\cicorev2.com\vendor\codeigniter4\framework\system\View\View.php(246): include('E:\\OpenServerPa...')
#8 E:\OpenServerPanel\domains\cicorev2.com\vendor\codeigniter4\framework\system\Common.php(1119): CodeIgniter\View\View->render('backend/dashboa...', Array, true)
#9 E:\OpenServerPanel\domains\cicorev2.com\app\Controllers\Backend\Attribute\Attribute.php(39): view('backend/dashboa...', Array)
#10 E:\OpenServerPanel\domains\cicorev2.com\vendor\codeigniter4\framework\system\CodeIgniter.php(918): App\Controllers\Backend\Attribute\Attribute->index()
#11 E:\OpenServerPanel\domains\cicorev2.com\vendor\codeigniter4\framework\system\CodeIgniter.php(404): CodeIgniter\CodeIgniter->runController(Object(App\Controllers\Backend\Attribute\Attribute))
#12 E:\OpenServerPanel\domains\cicorev2.com\vendor\codeigniter4\framework\system\CodeIgniter.php(312): CodeIgniter\CodeIgniter->handleRequest(NULL, Object(Config\Cache), false)
#13 E:\OpenServerPanel\domains\cicorev2.com\index.php(48): CodeIgniter\CodeIgniter->run()
#14 {main}
CRITICAL - 2022-10-13 03:18:45 --> Undefined index: image
#0 E:\OpenServerPanel\domains\cicorev2.com\app\Views\backend\attribute\attribute\include\table.php(23): CodeIgniter\Debug\Exceptions->errorHandler(8, 'Undefined index...', 'E:\\OpenServerPa...', 23, Array)
#1 E:\OpenServerPanel\domains\cicorev2.com\vendor\codeigniter4\framework\system\View\View.php(246): include('E:\\OpenServerPa...')
#2 E:\OpenServerPanel\domains\cicorev2.com\vendor\codeigniter4\framework\system\Common.php(1119): CodeIgniter\View\View->render('backend/attribu...', Array, true)
#3 E:\OpenServerPanel\domains\cicorev2.com\app\Views\backend\attribute\attribute\index.php(22): view('backend/attribu...')
#4 E:\OpenServerPanel\domains\cicorev2.com\vendor\codeigniter4\framework\system\View\View.php(246): include('E:\\OpenServerPa...')
#5 E:\OpenServerPanel\domains\cicorev2.com\vendor\codeigniter4\framework\system\Common.php(1119): CodeIgniter\View\View->render('backend/attribu...', Array, true)
#6 E:\OpenServerPanel\domains\cicorev2.com\app\Views\backend\dashboard\layout\home.php(46): view('backend/attribu...')
#7 E:\OpenServerPanel\domains\cicorev2.com\vendor\codeigniter4\framework\system\View\View.php(246): include('E:\\OpenServerPa...')
#8 E:\OpenServerPanel\domains\cicorev2.com\vendor\codeigniter4\framework\system\Common.php(1119): CodeIgniter\View\View->render('backend/dashboa...', Array, true)
#9 E:\OpenServerPanel\domains\cicorev2.com\app\Controllers\Backend\Attribute\Attribute.php(39): view('backend/dashboa...', Array)
#10 E:\OpenServerPanel\domains\cicorev2.com\vendor\codeigniter4\framework\system\CodeIgniter.php(918): App\Controllers\Backend\Attribute\Attribute->index()
#11 E:\OpenServerPanel\domains\cicorev2.com\vendor\codeigniter4\framework\system\CodeIgniter.php(404): CodeIgniter\CodeIgniter->runController(Object(App\Controllers\Backend\Attribute\Attribute))
#12 E:\OpenServerPanel\domains\cicorev2.com\vendor\codeigniter4\framework\system\CodeIgniter.php(312): CodeIgniter\CodeIgniter->handleRequest(NULL, Object(Config\Cache), false)
#13 E:\OpenServerPanel\domains\cicorev2.com\index.php(48): CodeIgniter\CodeIgniter->run()
#14 {main}
CRITICAL - 2022-10-13 03:21:31 --> Undefined variable: article
#0 E:\OpenServerPanel\domains\cicorev2.com\app\Views\backend\attribute\attribute\delete.php(6): CodeIgniter\Debug\Exceptions->errorHandler(8, 'Undefined varia...', 'E:\\OpenServerPa...', 6, Array)
#1 E:\OpenServerPanel\domains\cicorev2.com\vendor\codeigniter4\framework\system\View\View.php(246): include('E:\\OpenServerPa...')
#2 E:\OpenServerPanel\domains\cicorev2.com\vendor\codeigniter4\framework\system\Common.php(1119): CodeIgniter\View\View->render('backend/attribu...', Array, true)
#3 E:\OpenServerPanel\domains\cicorev2.com\app\Views\backend\dashboard\layout\home.php(46): view('backend/attribu...')
#4 E:\OpenServerPanel\domains\cicorev2.com\vendor\codeigniter4\framework\system\View\View.php(246): include('E:\\OpenServerPa...')
#5 E:\OpenServerPanel\domains\cicorev2.com\vendor\codeigniter4\framework\system\Common.php(1119): CodeIgniter\View\View->render('backend/dashboa...', Array, true)
#6 E:\OpenServerPanel\domains\cicorev2.com\app\Controllers\Backend\Attribute\Attribute.php(136): view('backend/dashboa...', Array)
#7 E:\OpenServerPanel\domains\cicorev2.com\vendor\codeigniter4\framework\system\CodeIgniter.php(918): App\Controllers\Backend\Attribute\Attribute->delete(2)
#8 E:\OpenServerPanel\domains\cicorev2.com\vendor\codeigniter4\framework\system\CodeIgniter.php(404): CodeIgniter\CodeIgniter->runController(Object(App\Controllers\Backend\Attribute\Attribute))
#9 E:\OpenServerPanel\domains\cicorev2.com\vendor\codeigniter4\framework\system\CodeIgniter.php(312): CodeIgniter\CodeIgniter->handleRequest(NULL, Object(Config\Cache), false)
#10 E:\OpenServerPanel\domains\cicorev2.com\index.php(48): CodeIgniter\CodeIgniter->run()
#11 {main}
CRITICAL - 2022-10-13 03:21:33 --> Undefined variable: article
#0 E:\OpenServerPanel\domains\cicorev2.com\app\Views\backend\attribute\attribute\delete.php(6): CodeIgniter\Debug\Exceptions->errorHandler(8, 'Undefined varia...', 'E:\\OpenServerPa...', 6, Array)
#1 E:\OpenServerPanel\domains\cicorev2.com\vendor\codeigniter4\framework\system\View\View.php(246): include('E:\\OpenServerPa...')
#2 E:\OpenServerPanel\domains\cicorev2.com\vendor\codeigniter4\framework\system\Common.php(1119): CodeIgniter\View\View->render('backend/attribu...', Array, true)
#3 E:\OpenServerPanel\domains\cicorev2.com\app\Views\backend\dashboard\layout\home.php(46): view('backend/attribu...')
#4 E:\OpenServerPanel\domains\cicorev2.com\vendor\codeigniter4\framework\system\View\View.php(246): include('E:\\OpenServerPa...')
#5 E:\OpenServerPanel\domains\cicorev2.com\vendor\codeigniter4\framework\system\Common.php(1119): CodeIgniter\View\View->render('backend/dashboa...', Array, true)
#6 E:\OpenServerPanel\domains\cicorev2.com\app\Controllers\Backend\Attribute\Attribute.php(136): view('backend/dashboa...', Array)
#7 E:\OpenServerPanel\domains\cicorev2.com\vendor\codeigniter4\framework\system\CodeIgniter.php(918): App\Controllers\Backend\Attribute\Attribute->delete(2)
#8 E:\OpenServerPanel\domains\cicorev2.com\vendor\codeigniter4\framework\system\CodeIgniter.php(404): CodeIgniter\CodeIgniter->runController(Object(App\Controllers\Backend\Attribute\Attribute))
#9 E:\OpenServerPanel\domains\cicorev2.com\vendor\codeigniter4\framework\system\CodeIgniter.php(312): CodeIgniter\CodeIgniter->handleRequest(NULL, Object(Config\Cache), false)
#10 E:\OpenServerPanel\domains\cicorev2.com\index.php(48): CodeIgniter\CodeIgniter->run()
#11 {main}
CRITICAL - 2022-10-13 04:00:23 --> Call to undefined function App\Controllers\Ajax\currentLanguage()
#0 E:\OpenServerPanel\domains\cicorev2.com\vendor\codeigniter4\framework\system\CodeIgniter.php(890): App\Controllers\Ajax\Product->__construct()
#1 E:\OpenServerPanel\domains\cicorev2.com\vendor\codeigniter4\framework\system\CodeIgniter.php(399): CodeIgniter\CodeIgniter->createController()
#2 E:\OpenServerPanel\domains\cicorev2.com\vendor\codeigniter4\framework\system\CodeIgniter.php(312): CodeIgniter\CodeIgniter->handleRequest(NULL, Object(Config\Cache), false)
#3 E:\OpenServerPanel\domains\cicorev2.com\index.php(48): CodeIgniter\CodeIgniter->run()
#4 {main}
CRITICAL - 2022-10-13 04:00:23 --> Call to undefined function App\Controllers\Ajax\currentLanguage()
#0 E:\OpenServerPanel\domains\cicorev2.com\vendor\codeigniter4\framework\system\CodeIgniter.php(890): App\Controllers\Ajax\Product->__construct()
#1 E:\OpenServerPanel\domains\cicorev2.com\vendor\codeigniter4\framework\system\CodeIgniter.php(399): CodeIgniter\CodeIgniter->createController()
#2 E:\OpenServerPanel\domains\cicorev2.com\vendor\codeigniter4\framework\system\CodeIgniter.php(312): CodeIgniter\CodeIgniter->handleRequest(NULL, Object(Config\Cache), false)
#3 E:\OpenServerPanel\domains\cicorev2.com\index.php(48): CodeIgniter\CodeIgniter->run()
#4 {main}
CRITICAL - 2022-10-13 04:00:23 --> Call to undefined function App\Controllers\Ajax\currentLanguage()
#0 E:\OpenServerPanel\domains\cicorev2.com\vendor\codeigniter4\framework\system\CodeIgniter.php(890): App\Controllers\Ajax\Product->__construct()
#1 E:\OpenServerPanel\domains\cicorev2.com\vendor\codeigniter4\framework\system\CodeIgniter.php(399): CodeIgniter\CodeIgniter->createController()
#2 E:\OpenServerPanel\domains\cicorev2.com\vendor\codeigniter4\framework\system\CodeIgniter.php(312): CodeIgniter\CodeIgniter->handleRequest(NULL, Object(Config\Cache), false)
#3 E:\OpenServerPanel\domains\cicorev2.com\index.php(48): CodeIgniter\CodeIgniter->run()
#4 {main}
CRITICAL - 2022-10-13 04:00:23 --> Call to undefined function App\Controllers\Ajax\currentLanguage()
#0 E:\OpenServerPanel\domains\cicorev2.com\vendor\codeigniter4\framework\system\CodeIgniter.php(890): App\Controllers\Ajax\Product->__construct()
#1 E:\OpenServerPanel\domains\cicorev2.com\vendor\codeigniter4\framework\system\CodeIgniter.php(399): CodeIgniter\CodeIgniter->createController()
#2 E:\OpenServerPanel\domains\cicorev2.com\vendor\codeigniter4\framework\system\CodeIgniter.php(312): CodeIgniter\CodeIgniter->handleRequest(NULL, Object(Config\Cache), false)
#3 E:\OpenServerPanel\domains\cicorev2.com\index.php(48): CodeIgniter\CodeIgniter->run()
#4 {main}
