CRITICAL - 2023-03-09 01:12:18 --> Undefined variable: general
#0 D:\OpenServer\domains\quanlydoanvien.chat.kt.com\app\Views\frontend\homepage\common\header.php(30): CodeIgniter\Debug\Exceptions->errorHandler(8, 'Undefined varia...', 'D:\\OpenServer\\d...', 30, Array)
#1 D:\OpenServer\domains\quanlydoanvien.chat.kt.com\vendor\codeigniter4\framework\system\View\View.php(220): include('D:\\OpenServer\\d...')
#2 D:\OpenServer\domains\quanlydoanvien.chat.kt.com\vendor\codeigniter4\framework\system\View\View.php(222): CodeIgniter\View\View->CodeIgniter\View\{closure}()
#3 D:\OpenServer\domains\quanlydoanvien.chat.kt.com\vendor\codeigniter4\framework\system\Common.php(1217): CodeIgniter\View\View->render('frontend/homepa...', Array, true)
#4 D:\OpenServer\domains\quanlydoanvien.chat.kt.com\app\Views\frontend\homepage\layout\home.php(38): view('frontend/homepa...')
#5 D:\OpenServer\domains\quanlydoanvien.chat.kt.com\vendor\codeigniter4\framework\system\View\View.php(220): include('D:\\OpenServer\\d...')
#6 D:\OpenServer\domains\quanlydoanvien.chat.kt.com\vendor\codeigniter4\framework\system\View\View.php(222): CodeIgniter\View\View->CodeIgniter\View\{closure}()
#7 D:\OpenServer\domains\quanlydoanvien.chat.kt.com\vendor\codeigniter4\framework\system\Common.php(1217): CodeIgniter\View\View->render('frontend/homepa...', Array, true)
#8 D:\OpenServer\domains\quanlydoanvien.chat.kt.com\app\Controllers\Frontend\Homepage\Home.php(66): view('frontend/homepa...', Array)
#9 D:\OpenServer\domains\quanlydoanvien.chat.kt.com\vendor\codeigniter4\framework\system\CodeIgniter.php(935): App\Controllers\Frontend\Homepage\Home->grapesjs()
#10 D:\OpenServer\domains\quanlydoanvien.chat.kt.com\vendor\codeigniter4\framework\system\CodeIgniter.php(431): CodeIgniter\CodeIgniter->runController(Object(App\Controllers\Frontend\Homepage\Home))
#11 D:\OpenServer\domains\quanlydoanvien.chat.kt.com\vendor\codeigniter4\framework\system\CodeIgniter.php(332): CodeIgniter\CodeIgniter->handleRequest(NULL, Object(Config\Cache), false)
#12 D:\OpenServer\domains\quanlydoanvien.chat.kt.com\index.php(48): CodeIgniter\CodeIgniter->run()
#13 {main}
CRITICAL - 2023-03-09 01:12:37 --> Undefined variable: general
#0 D:\OpenServer\domains\quanlydoanvien.chat.kt.com\app\Views\frontend\homepage\common\header.php(30): CodeIgniter\Debug\Exceptions->errorHandler(8, 'Undefined varia...', 'D:\\OpenServer\\d...', 30, Array)
#1 D:\OpenServer\domains\quanlydoanvien.chat.kt.com\vendor\codeigniter4\framework\system\View\View.php(220): include('D:\\OpenServer\\d...')
#2 D:\OpenServer\domains\quanlydoanvien.chat.kt.com\vendor\codeigniter4\framework\system\View\View.php(222): CodeIgniter\View\View->CodeIgniter\View\{closure}()
#3 D:\OpenServer\domains\quanlydoanvien.chat.kt.com\vendor\codeigniter4\framework\system\Common.php(1217): CodeIgniter\View\View->render('frontend/homepa...', Array, true)
#4 D:\OpenServer\domains\quanlydoanvien.chat.kt.com\app\Views\frontend\homepage\layout\home.php(38): view('frontend/homepa...')
#5 D:\OpenServer\domains\quanlydoanvien.chat.kt.com\vendor\codeigniter4\framework\system\View\View.php(220): include('D:\\OpenServer\\d...')
#6 D:\OpenServer\domains\quanlydoanvien.chat.kt.com\vendor\codeigniter4\framework\system\View\View.php(222): CodeIgniter\View\View->CodeIgniter\View\{closure}()
#7 D:\OpenServer\domains\quanlydoanvien.chat.kt.com\vendor\codeigniter4\framework\system\Common.php(1217): CodeIgniter\View\View->render('frontend/homepa...', Array, true)
#8 D:\OpenServer\domains\quanlydoanvien.chat.kt.com\app\Controllers\Frontend\Homepage\Home.php(66): view('frontend/homepa...', Array)
#9 D:\OpenServer\domains\quanlydoanvien.chat.kt.com\vendor\codeigniter4\framework\system\CodeIgniter.php(935): App\Controllers\Frontend\Homepage\Home->grapesjs()
#10 D:\OpenServer\domains\quanlydoanvien.chat.kt.com\vendor\codeigniter4\framework\system\CodeIgniter.php(431): CodeIgniter\CodeIgniter->runController(Object(App\Controllers\Frontend\Homepage\Home))
#11 D:\OpenServer\domains\quanlydoanvien.chat.kt.com\vendor\codeigniter4\framework\system\CodeIgniter.php(332): CodeIgniter\CodeIgniter->handleRequest(NULL, Object(Config\Cache), false)
#12 D:\OpenServer\domains\quanlydoanvien.chat.kt.com\index.php(48): CodeIgniter\CodeIgniter->run()
#13 {main}
CRITICAL - 2023-03-09 01:12:39 --> Undefined variable: general
#0 D:\OpenServer\domains\quanlydoanvien.chat.kt.com\app\Views\frontend\homepage\common\header.php(30): CodeIgniter\Debug\Exceptions->errorHandler(8, 'Undefined varia...', 'D:\\OpenServer\\d...', 30, Array)
#1 D:\OpenServer\domains\quanlydoanvien.chat.kt.com\vendor\codeigniter4\framework\system\View\View.php(220): include('D:\\OpenServer\\d...')
#2 D:\OpenServer\domains\quanlydoanvien.chat.kt.com\vendor\codeigniter4\framework\system\View\View.php(222): CodeIgniter\View\View->CodeIgniter\View\{closure}()
#3 D:\OpenServer\domains\quanlydoanvien.chat.kt.com\vendor\codeigniter4\framework\system\Common.php(1217): CodeIgniter\View\View->render('frontend/homepa...', Array, true)
#4 D:\OpenServer\domains\quanlydoanvien.chat.kt.com\app\Views\frontend\homepage\layout\home.php(38): view('frontend/homepa...')
#5 D:\OpenServer\domains\quanlydoanvien.chat.kt.com\vendor\codeigniter4\framework\system\View\View.php(220): include('D:\\OpenServer\\d...')
#6 D:\OpenServer\domains\quanlydoanvien.chat.kt.com\vendor\codeigniter4\framework\system\View\View.php(222): CodeIgniter\View\View->CodeIgniter\View\{closure}()
#7 D:\OpenServer\domains\quanlydoanvien.chat.kt.com\vendor\codeigniter4\framework\system\Common.php(1217): CodeIgniter\View\View->render('frontend/homepa...', Array, true)
#8 D:\OpenServer\domains\quanlydoanvien.chat.kt.com\app\Controllers\Frontend\Homepage\Home.php(66): view('frontend/homepa...', Array)
#9 D:\OpenServer\domains\quanlydoanvien.chat.kt.com\vendor\codeigniter4\framework\system\CodeIgniter.php(935): App\Controllers\Frontend\Homepage\Home->grapesjs()
#10 D:\OpenServer\domains\quanlydoanvien.chat.kt.com\vendor\codeigniter4\framework\system\CodeIgniter.php(431): CodeIgniter\CodeIgniter->runController(Object(App\Controllers\Frontend\Homepage\Home))
#11 D:\OpenServer\domains\quanlydoanvien.chat.kt.com\vendor\codeigniter4\framework\system\CodeIgniter.php(332): CodeIgniter\CodeIgniter->handleRequest(NULL, Object(Config\Cache), false)
#12 D:\OpenServer\domains\quanlydoanvien.chat.kt.com\index.php(48): CodeIgniter\CodeIgniter->run()
#13 {main}
CRITICAL - 2023-03-09 01:12:40 --> Undefined variable: general
#0 D:\OpenServer\domains\quanlydoanvien.chat.kt.com\app\Views\frontend\homepage\common\header.php(30): CodeIgniter\Debug\Exceptions->errorHandler(8, 'Undefined varia...', 'D:\\OpenServer\\d...', 30, Array)
#1 D:\OpenServer\domains\quanlydoanvien.chat.kt.com\vendor\codeigniter4\framework\system\View\View.php(220): include('D:\\OpenServer\\d...')
#2 D:\OpenServer\domains\quanlydoanvien.chat.kt.com\vendor\codeigniter4\framework\system\View\View.php(222): CodeIgniter\View\View->CodeIgniter\View\{closure}()
#3 D:\OpenServer\domains\quanlydoanvien.chat.kt.com\vendor\codeigniter4\framework\system\Common.php(1217): CodeIgniter\View\View->render('frontend/homepa...', Array, true)
#4 D:\OpenServer\domains\quanlydoanvien.chat.kt.com\app\Views\frontend\homepage\layout\home.php(38): view('frontend/homepa...')
#5 D:\OpenServer\domains\quanlydoanvien.chat.kt.com\vendor\codeigniter4\framework\system\View\View.php(220): include('D:\\OpenServer\\d...')
#6 D:\OpenServer\domains\quanlydoanvien.chat.kt.com\vendor\codeigniter4\framework\system\View\View.php(222): CodeIgniter\View\View->CodeIgniter\View\{closure}()
#7 D:\OpenServer\domains\quanlydoanvien.chat.kt.com\vendor\codeigniter4\framework\system\Common.php(1217): CodeIgniter\View\View->render('frontend/homepa...', Array, true)
#8 D:\OpenServer\domains\quanlydoanvien.chat.kt.com\app\Controllers\Frontend\Homepage\Home.php(66): view('frontend/homepa...', Array)
#9 D:\OpenServer\domains\quanlydoanvien.chat.kt.com\vendor\codeigniter4\framework\system\CodeIgniter.php(935): App\Controllers\Frontend\Homepage\Home->grapesjs()
#10 D:\OpenServer\domains\quanlydoanvien.chat.kt.com\vendor\codeigniter4\framework\system\CodeIgniter.php(431): CodeIgniter\CodeIgniter->runController(Object(App\Controllers\Frontend\Homepage\Home))
#11 D:\OpenServer\domains\quanlydoanvien.chat.kt.com\vendor\codeigniter4\framework\system\CodeIgniter.php(332): CodeIgniter\CodeIgniter->handleRequest(NULL, Object(Config\Cache), false)
#12 D:\OpenServer\domains\quanlydoanvien.chat.kt.com\index.php(48): CodeIgniter\CodeIgniter->run()
#13 {main}
CRITICAL - 2023-03-09 01:12:40 --> Undefined variable: general
#0 D:\OpenServer\domains\quanlydoanvien.chat.kt.com\app\Views\frontend\homepage\common\header.php(30): CodeIgniter\Debug\Exceptions->errorHandler(8, 'Undefined varia...', 'D:\\OpenServer\\d...', 30, Array)
#1 D:\OpenServer\domains\quanlydoanvien.chat.kt.com\vendor\codeigniter4\framework\system\View\View.php(220): include('D:\\OpenServer\\d...')
#2 D:\OpenServer\domains\quanlydoanvien.chat.kt.com\vendor\codeigniter4\framework\system\View\View.php(222): CodeIgniter\View\View->CodeIgniter\View\{closure}()
#3 D:\OpenServer\domains\quanlydoanvien.chat.kt.com\vendor\codeigniter4\framework\system\Common.php(1217): CodeIgniter\View\View->render('frontend/homepa...', Array, true)
#4 D:\OpenServer\domains\quanlydoanvien.chat.kt.com\app\Views\frontend\homepage\layout\home.php(38): view('frontend/homepa...')
#5 D:\OpenServer\domains\quanlydoanvien.chat.kt.com\vendor\codeigniter4\framework\system\View\View.php(220): include('D:\\OpenServer\\d...')
#6 D:\OpenServer\domains\quanlydoanvien.chat.kt.com\vendor\codeigniter4\framework\system\View\View.php(222): CodeIgniter\View\View->CodeIgniter\View\{closure}()
#7 D:\OpenServer\domains\quanlydoanvien.chat.kt.com\vendor\codeigniter4\framework\system\Common.php(1217): CodeIgniter\View\View->render('frontend/homepa...', Array, true)
#8 D:\OpenServer\domains\quanlydoanvien.chat.kt.com\app\Controllers\Frontend\Homepage\Home.php(66): view('frontend/homepa...', Array)
#9 D:\OpenServer\domains\quanlydoanvien.chat.kt.com\vendor\codeigniter4\framework\system\CodeIgniter.php(935): App\Controllers\Frontend\Homepage\Home->grapesjs()
#10 D:\OpenServer\domains\quanlydoanvien.chat.kt.com\vendor\codeigniter4\framework\system\CodeIgniter.php(431): CodeIgniter\CodeIgniter->runController(Object(App\Controllers\Frontend\Homepage\Home))
#11 D:\OpenServer\domains\quanlydoanvien.chat.kt.com\vendor\codeigniter4\framework\system\CodeIgniter.php(332): CodeIgniter\CodeIgniter->handleRequest(NULL, Object(Config\Cache), false)
#12 D:\OpenServer\domains\quanlydoanvien.chat.kt.com\index.php(48): CodeIgniter\CodeIgniter->run()
#13 {main}
CRITICAL - 2023-03-09 01:12:40 --> Undefined variable: general
#0 D:\OpenServer\domains\quanlydoanvien.chat.kt.com\app\Views\frontend\homepage\common\header.php(30): CodeIgniter\Debug\Exceptions->errorHandler(8, 'Undefined varia...', 'D:\\OpenServer\\d...', 30, Array)
#1 D:\OpenServer\domains\quanlydoanvien.chat.kt.com\vendor\codeigniter4\framework\system\View\View.php(220): include('D:\\OpenServer\\d...')
#2 D:\OpenServer\domains\quanlydoanvien.chat.kt.com\vendor\codeigniter4\framework\system\View\View.php(222): CodeIgniter\View\View->CodeIgniter\View\{closure}()
#3 D:\OpenServer\domains\quanlydoanvien.chat.kt.com\vendor\codeigniter4\framework\system\Common.php(1217): CodeIgniter\View\View->render('frontend/homepa...', Array, true)
#4 D:\OpenServer\domains\quanlydoanvien.chat.kt.com\app\Views\frontend\homepage\layout\home.php(38): view('frontend/homepa...')
#5 D:\OpenServer\domains\quanlydoanvien.chat.kt.com\vendor\codeigniter4\framework\system\View\View.php(220): include('D:\\OpenServer\\d...')
#6 D:\OpenServer\domains\quanlydoanvien.chat.kt.com\vendor\codeigniter4\framework\system\View\View.php(222): CodeIgniter\View\View->CodeIgniter\View\{closure}()
#7 D:\OpenServer\domains\quanlydoanvien.chat.kt.com\vendor\codeigniter4\framework\system\Common.php(1217): CodeIgniter\View\View->render('frontend/homepa...', Array, true)
#8 D:\OpenServer\domains\quanlydoanvien.chat.kt.com\app\Controllers\Frontend\Homepage\Home.php(66): view('frontend/homepa...', Array)
#9 D:\OpenServer\domains\quanlydoanvien.chat.kt.com\vendor\codeigniter4\framework\system\CodeIgniter.php(935): App\Controllers\Frontend\Homepage\Home->grapesjs()
#10 D:\OpenServer\domains\quanlydoanvien.chat.kt.com\vendor\codeigniter4\framework\system\CodeIgniter.php(431): CodeIgniter\CodeIgniter->runController(Object(App\Controllers\Frontend\Homepage\Home))
#11 D:\OpenServer\domains\quanlydoanvien.chat.kt.com\vendor\codeigniter4\framework\system\CodeIgniter.php(332): CodeIgniter\CodeIgniter->handleRequest(NULL, Object(Config\Cache), false)
#12 D:\OpenServer\domains\quanlydoanvien.chat.kt.com\index.php(48): CodeIgniter\CodeIgniter->run()
#13 {main}
CRITICAL - 2023-03-09 01:12:40 --> Undefined variable: general
#0 D:\OpenServer\domains\quanlydoanvien.chat.kt.com\app\Views\frontend\homepage\common\header.php(30): CodeIgniter\Debug\Exceptions->errorHandler(8, 'Undefined varia...', 'D:\\OpenServer\\d...', 30, Array)
#1 D:\OpenServer\domains\quanlydoanvien.chat.kt.com\vendor\codeigniter4\framework\system\View\View.php(220): include('D:\\OpenServer\\d...')
#2 D:\OpenServer\domains\quanlydoanvien.chat.kt.com\vendor\codeigniter4\framework\system\View\View.php(222): CodeIgniter\View\View->CodeIgniter\View\{closure}()
#3 D:\OpenServer\domains\quanlydoanvien.chat.kt.com\vendor\codeigniter4\framework\system\Common.php(1217): CodeIgniter\View\View->render('frontend/homepa...', Array, true)
#4 D:\OpenServer\domains\quanlydoanvien.chat.kt.com\app\Views\frontend\homepage\layout\home.php(38): view('frontend/homepa...')
#5 D:\OpenServer\domains\quanlydoanvien.chat.kt.com\vendor\codeigniter4\framework\system\View\View.php(220): include('D:\\OpenServer\\d...')
#6 D:\OpenServer\domains\quanlydoanvien.chat.kt.com\vendor\codeigniter4\framework\system\View\View.php(222): CodeIgniter\View\View->CodeIgniter\View\{closure}()
#7 D:\OpenServer\domains\quanlydoanvien.chat.kt.com\vendor\codeigniter4\framework\system\Common.php(1217): CodeIgniter\View\View->render('frontend/homepa...', Array, true)
#8 D:\OpenServer\domains\quanlydoanvien.chat.kt.com\app\Controllers\Frontend\Homepage\Home.php(66): view('frontend/homepa...', Array)
#9 D:\OpenServer\domains\quanlydoanvien.chat.kt.com\vendor\codeigniter4\framework\system\CodeIgniter.php(935): App\Controllers\Frontend\Homepage\Home->grapesjs()
#10 D:\OpenServer\domains\quanlydoanvien.chat.kt.com\vendor\codeigniter4\framework\system\CodeIgniter.php(431): CodeIgniter\CodeIgniter->runController(Object(App\Controllers\Frontend\Homepage\Home))
#11 D:\OpenServer\domains\quanlydoanvien.chat.kt.com\vendor\codeigniter4\framework\system\CodeIgniter.php(332): CodeIgniter\CodeIgniter->handleRequest(NULL, Object(Config\Cache), false)
#12 D:\OpenServer\domains\quanlydoanvien.chat.kt.com\index.php(48): CodeIgniter\CodeIgniter->run()
#13 {main}
CRITICAL - 2023-03-09 01:12:47 --> Undefined variable: general
#0 D:\OpenServer\domains\quanlydoanvien.chat.kt.com\app\Views\frontend\homepage\common\header.php(30): CodeIgniter\Debug\Exceptions->errorHandler(8, 'Undefined varia...', 'D:\\OpenServer\\d...', 30, Array)
#1 D:\OpenServer\domains\quanlydoanvien.chat.kt.com\vendor\codeigniter4\framework\system\View\View.php(220): include('D:\\OpenServer\\d...')
#2 D:\OpenServer\domains\quanlydoanvien.chat.kt.com\vendor\codeigniter4\framework\system\View\View.php(222): CodeIgniter\View\View->CodeIgniter\View\{closure}()
#3 D:\OpenServer\domains\quanlydoanvien.chat.kt.com\vendor\codeigniter4\framework\system\Common.php(1217): CodeIgniter\View\View->render('frontend/homepa...', Array, true)
#4 D:\OpenServer\domains\quanlydoanvien.chat.kt.com\app\Views\frontend\homepage\layout\home.php(38): view('frontend/homepa...')
#5 D:\OpenServer\domains\quanlydoanvien.chat.kt.com\vendor\codeigniter4\framework\system\View\View.php(220): include('D:\\OpenServer\\d...')
#6 D:\OpenServer\domains\quanlydoanvien.chat.kt.com\vendor\codeigniter4\framework\system\View\View.php(222): CodeIgniter\View\View->CodeIgniter\View\{closure}()
#7 D:\OpenServer\domains\quanlydoanvien.chat.kt.com\vendor\codeigniter4\framework\system\Common.php(1217): CodeIgniter\View\View->render('frontend/homepa...', Array, true)
#8 D:\OpenServer\domains\quanlydoanvien.chat.kt.com\app\Controllers\Frontend\Homepage\Home.php(66): view('frontend/homepa...', Array)
#9 D:\OpenServer\domains\quanlydoanvien.chat.kt.com\vendor\codeigniter4\framework\system\CodeIgniter.php(935): App\Controllers\Frontend\Homepage\Home->grapesjs()
#10 D:\OpenServer\domains\quanlydoanvien.chat.kt.com\vendor\codeigniter4\framework\system\CodeIgniter.php(431): CodeIgniter\CodeIgniter->runController(Object(App\Controllers\Frontend\Homepage\Home))
#11 D:\OpenServer\domains\quanlydoanvien.chat.kt.com\vendor\codeigniter4\framework\system\CodeIgniter.php(332): CodeIgniter\CodeIgniter->handleRequest(NULL, Object(Config\Cache), false)
#12 D:\OpenServer\domains\quanlydoanvien.chat.kt.com\index.php(48): CodeIgniter\CodeIgniter->run()
#13 {main}
CRITICAL - 2023-03-09 01:12:47 --> Undefined variable: general
#0 D:\OpenServer\domains\quanlydoanvien.chat.kt.com\app\Views\frontend\homepage\common\header.php(30): CodeIgniter\Debug\Exceptions->errorHandler(8, 'Undefined varia...', 'D:\\OpenServer\\d...', 30, Array)
#1 D:\OpenServer\domains\quanlydoanvien.chat.kt.com\vendor\codeigniter4\framework\system\View\View.php(220): include('D:\\OpenServer\\d...')
#2 D:\OpenServer\domains\quanlydoanvien.chat.kt.com\vendor\codeigniter4\framework\system\View\View.php(222): CodeIgniter\View\View->CodeIgniter\View\{closure}()
#3 D:\OpenServer\domains\quanlydoanvien.chat.kt.com\vendor\codeigniter4\framework\system\Common.php(1217): CodeIgniter\View\View->render('frontend/homepa...', Array, true)
#4 D:\OpenServer\domains\quanlydoanvien.chat.kt.com\app\Views\frontend\homepage\layout\home.php(38): view('frontend/homepa...')
#5 D:\OpenServer\domains\quanlydoanvien.chat.kt.com\vendor\codeigniter4\framework\system\View\View.php(220): include('D:\\OpenServer\\d...')
#6 D:\OpenServer\domains\quanlydoanvien.chat.kt.com\vendor\codeigniter4\framework\system\View\View.php(222): CodeIgniter\View\View->CodeIgniter\View\{closure}()
#7 D:\OpenServer\domains\quanlydoanvien.chat.kt.com\vendor\codeigniter4\framework\system\Common.php(1217): CodeIgniter\View\View->render('frontend/homepa...', Array, true)
#8 D:\OpenServer\domains\quanlydoanvien.chat.kt.com\app\Controllers\Frontend\Homepage\Home.php(66): view('frontend/homepa...', Array)
#9 D:\OpenServer\domains\quanlydoanvien.chat.kt.com\vendor\codeigniter4\framework\system\CodeIgniter.php(935): App\Controllers\Frontend\Homepage\Home->grapesjs()
#10 D:\OpenServer\domains\quanlydoanvien.chat.kt.com\vendor\codeigniter4\framework\system\CodeIgniter.php(431): CodeIgniter\CodeIgniter->runController(Object(App\Controllers\Frontend\Homepage\Home))
#11 D:\OpenServer\domains\quanlydoanvien.chat.kt.com\vendor\codeigniter4\framework\system\CodeIgniter.php(332): CodeIgniter\CodeIgniter->handleRequest(NULL, Object(Config\Cache), false)
#12 D:\OpenServer\domains\quanlydoanvien.chat.kt.com\index.php(48): CodeIgniter\CodeIgniter->run()
#13 {main}
CRITICAL - 2023-03-09 01:12:47 --> Undefined variable: general
#0 D:\OpenServer\domains\quanlydoanvien.chat.kt.com\app\Views\frontend\homepage\common\header.php(30): CodeIgniter\Debug\Exceptions->errorHandler(8, 'Undefined varia...', 'D:\\OpenServer\\d...', 30, Array)
#1 D:\OpenServer\domains\quanlydoanvien.chat.kt.com\vendor\codeigniter4\framework\system\View\View.php(220): include('D:\\OpenServer\\d...')
#2 D:\OpenServer\domains\quanlydoanvien.chat.kt.com\vendor\codeigniter4\framework\system\View\View.php(222): CodeIgniter\View\View->CodeIgniter\View\{closure}()
#3 D:\OpenServer\domains\quanlydoanvien.chat.kt.com\vendor\codeigniter4\framework\system\Common.php(1217): CodeIgniter\View\View->render('frontend/homepa...', Array, true)
#4 D:\OpenServer\domains\quanlydoanvien.chat.kt.com\app\Views\frontend\homepage\layout\home.php(38): view('frontend/homepa...')
#5 D:\OpenServer\domains\quanlydoanvien.chat.kt.com\vendor\codeigniter4\framework\system\View\View.php(220): include('D:\\OpenServer\\d...')
#6 D:\OpenServer\domains\quanlydoanvien.chat.kt.com\vendor\codeigniter4\framework\system\View\View.php(222): CodeIgniter\View\View->CodeIgniter\View\{closure}()
#7 D:\OpenServer\domains\quanlydoanvien.chat.kt.com\vendor\codeigniter4\framework\system\Common.php(1217): CodeIgniter\View\View->render('frontend/homepa...', Array, true)
#8 D:\OpenServer\domains\quanlydoanvien.chat.kt.com\app\Controllers\Frontend\Homepage\Home.php(66): view('frontend/homepa...', Array)
#9 D:\OpenServer\domains\quanlydoanvien.chat.kt.com\vendor\codeigniter4\framework\system\CodeIgniter.php(935): App\Controllers\Frontend\Homepage\Home->grapesjs()
#10 D:\OpenServer\domains\quanlydoanvien.chat.kt.com\vendor\codeigniter4\framework\system\CodeIgniter.php(431): CodeIgniter\CodeIgniter->runController(Object(App\Controllers\Frontend\Homepage\Home))
#11 D:\OpenServer\domains\quanlydoanvien.chat.kt.com\vendor\codeigniter4\framework\system\CodeIgniter.php(332): CodeIgniter\CodeIgniter->handleRequest(NULL, Object(Config\Cache), false)
#12 D:\OpenServer\domains\quanlydoanvien.chat.kt.com\index.php(48): CodeIgniter\CodeIgniter->run()
#13 {main}
CRITICAL - 2023-03-09 01:12:48 --> Undefined variable: general
#0 D:\OpenServer\domains\quanlydoanvien.chat.kt.com\app\Views\frontend\homepage\common\header.php(30): CodeIgniter\Debug\Exceptions->errorHandler(8, 'Undefined varia...', 'D:\\OpenServer\\d...', 30, Array)
#1 D:\OpenServer\domains\quanlydoanvien.chat.kt.com\vendor\codeigniter4\framework\system\View\View.php(220): include('D:\\OpenServer\\d...')
#2 D:\OpenServer\domains\quanlydoanvien.chat.kt.com\vendor\codeigniter4\framework\system\View\View.php(222): CodeIgniter\View\View->CodeIgniter\View\{closure}()
#3 D:\OpenServer\domains\quanlydoanvien.chat.kt.com\vendor\codeigniter4\framework\system\Common.php(1217): CodeIgniter\View\View->render('frontend/homepa...', Array, true)
#4 D:\OpenServer\domains\quanlydoanvien.chat.kt.com\app\Views\frontend\homepage\layout\home.php(38): view('frontend/homepa...')
#5 D:\OpenServer\domains\quanlydoanvien.chat.kt.com\vendor\codeigniter4\framework\system\View\View.php(220): include('D:\\OpenServer\\d...')
#6 D:\OpenServer\domains\quanlydoanvien.chat.kt.com\vendor\codeigniter4\framework\system\View\View.php(222): CodeIgniter\View\View->CodeIgniter\View\{closure}()
#7 D:\OpenServer\domains\quanlydoanvien.chat.kt.com\vendor\codeigniter4\framework\system\Common.php(1217): CodeIgniter\View\View->render('frontend/homepa...', Array, true)
#8 D:\OpenServer\domains\quanlydoanvien.chat.kt.com\app\Controllers\Frontend\Homepage\Home.php(66): view('frontend/homepa...', Array)
#9 D:\OpenServer\domains\quanlydoanvien.chat.kt.com\vendor\codeigniter4\framework\system\CodeIgniter.php(935): App\Controllers\Frontend\Homepage\Home->grapesjs()
#10 D:\OpenServer\domains\quanlydoanvien.chat.kt.com\vendor\codeigniter4\framework\system\CodeIgniter.php(431): CodeIgniter\CodeIgniter->runController(Object(App\Controllers\Frontend\Homepage\Home))
#11 D:\OpenServer\domains\quanlydoanvien.chat.kt.com\vendor\codeigniter4\framework\system\CodeIgniter.php(332): CodeIgniter\CodeIgniter->handleRequest(NULL, Object(Config\Cache), false)
#12 D:\OpenServer\domains\quanlydoanvien.chat.kt.com\index.php(48): CodeIgniter\CodeIgniter->run()
#13 {main}
CRITICAL - 2023-03-09 01:12:48 --> Undefined variable: general
#0 D:\OpenServer\domains\quanlydoanvien.chat.kt.com\app\Views\frontend\homepage\common\header.php(30): CodeIgniter\Debug\Exceptions->errorHandler(8, 'Undefined varia...', 'D:\\OpenServer\\d...', 30, Array)
#1 D:\OpenServer\domains\quanlydoanvien.chat.kt.com\vendor\codeigniter4\framework\system\View\View.php(220): include('D:\\OpenServer\\d...')
#2 D:\OpenServer\domains\quanlydoanvien.chat.kt.com\vendor\codeigniter4\framework\system\View\View.php(222): CodeIgniter\View\View->CodeIgniter\View\{closure}()
#3 D:\OpenServer\domains\quanlydoanvien.chat.kt.com\vendor\codeigniter4\framework\system\Common.php(1217): CodeIgniter\View\View->render('frontend/homepa...', Array, true)
#4 D:\OpenServer\domains\quanlydoanvien.chat.kt.com\app\Views\frontend\homepage\layout\home.php(38): view('frontend/homepa...')
#5 D:\OpenServer\domains\quanlydoanvien.chat.kt.com\vendor\codeigniter4\framework\system\View\View.php(220): include('D:\\OpenServer\\d...')
#6 D:\OpenServer\domains\quanlydoanvien.chat.kt.com\vendor\codeigniter4\framework\system\View\View.php(222): CodeIgniter\View\View->CodeIgniter\View\{closure}()
#7 D:\OpenServer\domains\quanlydoanvien.chat.kt.com\vendor\codeigniter4\framework\system\Common.php(1217): CodeIgniter\View\View->render('frontend/homepa...', Array, true)
#8 D:\OpenServer\domains\quanlydoanvien.chat.kt.com\app\Controllers\Frontend\Homepage\Home.php(66): view('frontend/homepa...', Array)
#9 D:\OpenServer\domains\quanlydoanvien.chat.kt.com\vendor\codeigniter4\framework\system\CodeIgniter.php(935): App\Controllers\Frontend\Homepage\Home->grapesjs()
#10 D:\OpenServer\domains\quanlydoanvien.chat.kt.com\vendor\codeigniter4\framework\system\CodeIgniter.php(431): CodeIgniter\CodeIgniter->runController(Object(App\Controllers\Frontend\Homepage\Home))
#11 D:\OpenServer\domains\quanlydoanvien.chat.kt.com\vendor\codeigniter4\framework\system\CodeIgniter.php(332): CodeIgniter\CodeIgniter->handleRequest(NULL, Object(Config\Cache), false)
#12 D:\OpenServer\domains\quanlydoanvien.chat.kt.com\index.php(48): CodeIgniter\CodeIgniter->run()
#13 {main}
CRITICAL - 2023-03-09 01:13:54 --> Undefined variable: general
#0 D:\OpenServer\domains\quanlydoanvien.chat.kt.com\app\Views\frontend\homepage\common\header.php(30): CodeIgniter\Debug\Exceptions->errorHandler(8, 'Undefined varia...', 'D:\\OpenServer\\d...', 30, Array)
#1 D:\OpenServer\domains\quanlydoanvien.chat.kt.com\vendor\codeigniter4\framework\system\View\View.php(220): include('D:\\OpenServer\\d...')
#2 D:\OpenServer\domains\quanlydoanvien.chat.kt.com\vendor\codeigniter4\framework\system\View\View.php(222): CodeIgniter\View\View->CodeIgniter\View\{closure}()
#3 D:\OpenServer\domains\quanlydoanvien.chat.kt.com\vendor\codeigniter4\framework\system\Common.php(1217): CodeIgniter\View\View->render('frontend/homepa...', Array, true)
#4 D:\OpenServer\domains\quanlydoanvien.chat.kt.com\app\Views\frontend\homepage\layout\home.php(38): view('frontend/homepa...')
#5 D:\OpenServer\domains\quanlydoanvien.chat.kt.com\vendor\codeigniter4\framework\system\View\View.php(220): include('D:\\OpenServer\\d...')
#6 D:\OpenServer\domains\quanlydoanvien.chat.kt.com\vendor\codeigniter4\framework\system\View\View.php(222): CodeIgniter\View\View->CodeIgniter\View\{closure}()
#7 D:\OpenServer\domains\quanlydoanvien.chat.kt.com\vendor\codeigniter4\framework\system\Common.php(1217): CodeIgniter\View\View->render('frontend/homepa...', Array, true)
#8 D:\OpenServer\domains\quanlydoanvien.chat.kt.com\app\Controllers\Frontend\Homepage\Home.php(65): view('frontend/homepa...', Array)
#9 D:\OpenServer\domains\quanlydoanvien.chat.kt.com\vendor\codeigniter4\framework\system\CodeIgniter.php(935): App\Controllers\Frontend\Homepage\Home->grapesjs()
#10 D:\OpenServer\domains\quanlydoanvien.chat.kt.com\vendor\codeigniter4\framework\system\CodeIgniter.php(431): CodeIgniter\CodeIgniter->runController(Object(App\Controllers\Frontend\Homepage\Home))
#11 D:\OpenServer\domains\quanlydoanvien.chat.kt.com\vendor\codeigniter4\framework\system\CodeIgniter.php(332): CodeIgniter\CodeIgniter->handleRequest(NULL, Object(Config\Cache), false)
#12 D:\OpenServer\domains\quanlydoanvien.chat.kt.com\index.php(48): CodeIgniter\CodeIgniter->run()
#13 {main}
CRITICAL - 2023-03-09 01:13:55 --> Undefined variable: general
#0 D:\OpenServer\domains\quanlydoanvien.chat.kt.com\app\Views\frontend\homepage\common\header.php(30): CodeIgniter\Debug\Exceptions->errorHandler(8, 'Undefined varia...', 'D:\\OpenServer\\d...', 30, Array)
#1 D:\OpenServer\domains\quanlydoanvien.chat.kt.com\vendor\codeigniter4\framework\system\View\View.php(220): include('D:\\OpenServer\\d...')
#2 D:\OpenServer\domains\quanlydoanvien.chat.kt.com\vendor\codeigniter4\framework\system\View\View.php(222): CodeIgniter\View\View->CodeIgniter\View\{closure}()
#3 D:\OpenServer\domains\quanlydoanvien.chat.kt.com\vendor\codeigniter4\framework\system\Common.php(1217): CodeIgniter\View\View->render('frontend/homepa...', Array, true)
#4 D:\OpenServer\domains\quanlydoanvien.chat.kt.com\app\Views\frontend\homepage\layout\home.php(38): view('frontend/homepa...')
#5 D:\OpenServer\domains\quanlydoanvien.chat.kt.com\vendor\codeigniter4\framework\system\View\View.php(220): include('D:\\OpenServer\\d...')
#6 D:\OpenServer\domains\quanlydoanvien.chat.kt.com\vendor\codeigniter4\framework\system\View\View.php(222): CodeIgniter\View\View->CodeIgniter\View\{closure}()
#7 D:\OpenServer\domains\quanlydoanvien.chat.kt.com\vendor\codeigniter4\framework\system\Common.php(1217): CodeIgniter\View\View->render('frontend/homepa...', Array, true)
#8 D:\OpenServer\domains\quanlydoanvien.chat.kt.com\app\Controllers\Frontend\Homepage\Home.php(65): view('frontend/homepa...', Array)
#9 D:\OpenServer\domains\quanlydoanvien.chat.kt.com\vendor\codeigniter4\framework\system\CodeIgniter.php(935): App\Controllers\Frontend\Homepage\Home->grapesjs()
#10 D:\OpenServer\domains\quanlydoanvien.chat.kt.com\vendor\codeigniter4\framework\system\CodeIgniter.php(431): CodeIgniter\CodeIgniter->runController(Object(App\Controllers\Frontend\Homepage\Home))
#11 D:\OpenServer\domains\quanlydoanvien.chat.kt.com\vendor\codeigniter4\framework\system\CodeIgniter.php(332): CodeIgniter\CodeIgniter->handleRequest(NULL, Object(Config\Cache), false)
#12 D:\OpenServer\domains\quanlydoanvien.chat.kt.com\index.php(48): CodeIgniter\CodeIgniter->run()
#13 {main}
CRITICAL - 2023-03-09 01:13:55 --> Undefined variable: general
#0 D:\OpenServer\domains\quanlydoanvien.chat.kt.com\app\Views\frontend\homepage\common\header.php(30): CodeIgniter\Debug\Exceptions->errorHandler(8, 'Undefined varia...', 'D:\\OpenServer\\d...', 30, Array)
#1 D:\OpenServer\domains\quanlydoanvien.chat.kt.com\vendor\codeigniter4\framework\system\View\View.php(220): include('D:\\OpenServer\\d...')
#2 D:\OpenServer\domains\quanlydoanvien.chat.kt.com\vendor\codeigniter4\framework\system\View\View.php(222): CodeIgniter\View\View->CodeIgniter\View\{closure}()
#3 D:\OpenServer\domains\quanlydoanvien.chat.kt.com\vendor\codeigniter4\framework\system\Common.php(1217): CodeIgniter\View\View->render('frontend/homepa...', Array, true)
#4 D:\OpenServer\domains\quanlydoanvien.chat.kt.com\app\Views\frontend\homepage\layout\home.php(38): view('frontend/homepa...')
#5 D:\OpenServer\domains\quanlydoanvien.chat.kt.com\vendor\codeigniter4\framework\system\View\View.php(220): include('D:\\OpenServer\\d...')
#6 D:\OpenServer\domains\quanlydoanvien.chat.kt.com\vendor\codeigniter4\framework\system\View\View.php(222): CodeIgniter\View\View->CodeIgniter\View\{closure}()
#7 D:\OpenServer\domains\quanlydoanvien.chat.kt.com\vendor\codeigniter4\framework\system\Common.php(1217): CodeIgniter\View\View->render('frontend/homepa...', Array, true)
#8 D:\OpenServer\domains\quanlydoanvien.chat.kt.com\app\Controllers\Frontend\Homepage\Home.php(65): view('frontend/homepa...', Array)
#9 D:\OpenServer\domains\quanlydoanvien.chat.kt.com\vendor\codeigniter4\framework\system\CodeIgniter.php(935): App\Controllers\Frontend\Homepage\Home->grapesjs()
#10 D:\OpenServer\domains\quanlydoanvien.chat.kt.com\vendor\codeigniter4\framework\system\CodeIgniter.php(431): CodeIgniter\CodeIgniter->runController(Object(App\Controllers\Frontend\Homepage\Home))
#11 D:\OpenServer\domains\quanlydoanvien.chat.kt.com\vendor\codeigniter4\framework\system\CodeIgniter.php(332): CodeIgniter\CodeIgniter->handleRequest(NULL, Object(Config\Cache), false)
#12 D:\OpenServer\domains\quanlydoanvien.chat.kt.com\index.php(48): CodeIgniter\CodeIgniter->run()
#13 {main}
CRITICAL - 2023-03-09 01:13:55 --> Undefined variable: general
#0 D:\OpenServer\domains\quanlydoanvien.chat.kt.com\app\Views\frontend\homepage\common\header.php(30): CodeIgniter\Debug\Exceptions->errorHandler(8, 'Undefined varia...', 'D:\\OpenServer\\d...', 30, Array)
#1 D:\OpenServer\domains\quanlydoanvien.chat.kt.com\vendor\codeigniter4\framework\system\View\View.php(220): include('D:\\OpenServer\\d...')
#2 D:\OpenServer\domains\quanlydoanvien.chat.kt.com\vendor\codeigniter4\framework\system\View\View.php(222): CodeIgniter\View\View->CodeIgniter\View\{closure}()
#3 D:\OpenServer\domains\quanlydoanvien.chat.kt.com\vendor\codeigniter4\framework\system\Common.php(1217): CodeIgniter\View\View->render('frontend/homepa...', Array, true)
#4 D:\OpenServer\domains\quanlydoanvien.chat.kt.com\app\Views\frontend\homepage\layout\home.php(38): view('frontend/homepa...')
#5 D:\OpenServer\domains\quanlydoanvien.chat.kt.com\vendor\codeigniter4\framework\system\View\View.php(220): include('D:\\OpenServer\\d...')
#6 D:\OpenServer\domains\quanlydoanvien.chat.kt.com\vendor\codeigniter4\framework\system\View\View.php(222): CodeIgniter\View\View->CodeIgniter\View\{closure}()
#7 D:\OpenServer\domains\quanlydoanvien.chat.kt.com\vendor\codeigniter4\framework\system\Common.php(1217): CodeIgniter\View\View->render('frontend/homepa...', Array, true)
#8 D:\OpenServer\domains\quanlydoanvien.chat.kt.com\app\Controllers\Frontend\Homepage\Home.php(65): view('frontend/homepa...', Array)
#9 D:\OpenServer\domains\quanlydoanvien.chat.kt.com\vendor\codeigniter4\framework\system\CodeIgniter.php(935): App\Controllers\Frontend\Homepage\Home->grapesjs()
#10 D:\OpenServer\domains\quanlydoanvien.chat.kt.com\vendor\codeigniter4\framework\system\CodeIgniter.php(431): CodeIgniter\CodeIgniter->runController(Object(App\Controllers\Frontend\Homepage\Home))
#11 D:\OpenServer\domains\quanlydoanvien.chat.kt.com\vendor\codeigniter4\framework\system\CodeIgniter.php(332): CodeIgniter\CodeIgniter->handleRequest(NULL, Object(Config\Cache), false)
#12 D:\OpenServer\domains\quanlydoanvien.chat.kt.com\index.php(48): CodeIgniter\CodeIgniter->run()
#13 {main}
