CRITICAL - 2022-10-07 03:33:57 --> Undefined variable: sku
#0 E:\OpenServerPanel\domains\cicore.com\app\Controllers\Ajax\Cart.php(29): CodeIgniter\Debug\Exceptions->errorHandler(8, 'Undefined varia...', 'E:\\OpenServerPa...', 29, Array)
#1 E:\OpenServerPanel\domains\cicore.com\vendor\codeigniter4\framework\system\CodeIgniter.php(918): App\Controllers\Ajax\Cart->addCart()
#2 E:\OpenServerPanel\domains\cicore.com\vendor\codeigniter4\framework\system\CodeIgniter.php(404): CodeIgniter\CodeIgniter->runController(Object(App\Controllers\Ajax\Cart))
#3 E:\OpenServerPanel\domains\cicore.com\vendor\codeigniter4\framework\system\CodeIgniter.php(312): CodeIgniter\CodeIgniter->handleRequest(NULL, Object(Config\Cache), false)
#4 E:\OpenServerPanel\domains\cicore.com\index.php(48): CodeIgniter\CodeIgniter->run()
#5 {main}
CRITICAL - 2022-10-07 03:34:37 --> Undefined variable: qty
#0 E:\OpenServerPanel\domains\cicore.com\app\Controllers\Ajax\Cart.php(32): CodeIgniter\Debug\Exceptions->errorHandler(8, 'Undefined varia...', 'E:\\OpenServerPa...', 32, Array)
#1 E:\OpenServerPanel\domains\cicore.com\vendor\codeigniter4\framework\system\CodeIgniter.php(918): App\Controllers\Ajax\Cart->addCart()
#2 E:\OpenServerPanel\domains\cicore.com\vendor\codeigniter4\framework\system\CodeIgniter.php(404): CodeIgniter\CodeIgniter->runController(Object(App\Controllers\Ajax\Cart))
#3 E:\OpenServerPanel\domains\cicore.com\vendor\codeigniter4\framework\system\CodeIgniter.php(312): CodeIgniter\CodeIgniter->handleRequest(NULL, Object(Config\Cache), false)
#4 E:\OpenServerPanel\domains\cicore.com\index.php(48): CodeIgniter\CodeIgniter->run()
#5 {main}
CRITICAL - 2022-10-07 03:34:42 --> Undefined index: finalPrice
#0 E:\OpenServerPanel\domains\cicore.com\app\Controllers\Ajax\Cart.php(33): CodeIgniter\Debug\Exceptions->errorHandler(8, 'Undefined index...', 'E:\\OpenServerPa...', 33, Array)
#1 E:\OpenServerPanel\domains\cicore.com\vendor\codeigniter4\framework\system\CodeIgniter.php(918): App\Controllers\Ajax\Cart->addCart()
#2 E:\OpenServerPanel\domains\cicore.com\vendor\codeigniter4\framework\system\CodeIgniter.php(404): CodeIgniter\CodeIgniter->runController(Object(App\Controllers\Ajax\Cart))
#3 E:\OpenServerPanel\domains\cicore.com\vendor\codeigniter4\framework\system\CodeIgniter.php(312): CodeIgniter\CodeIgniter->handleRequest(NULL, Object(Config\Cache), false)
#4 E:\OpenServerPanel\domains\cicore.com\index.php(48): CodeIgniter\CodeIgniter->run()
#5 {main}
CRITICAL - 2022-10-07 03:40:10 --> Undefined variable: object
#0 E:\OpenServerPanel\domains\cicore.com\app\Controllers\Ajax\Cart.php(35): CodeIgniter\Debug\Exceptions->errorHandler(8, 'Undefined varia...', 'E:\\OpenServerPa...', 35, Array)
#1 E:\OpenServerPanel\domains\cicore.com\vendor\codeigniter4\framework\system\CodeIgniter.php(918): App\Controllers\Ajax\Cart->addCart()
#2 E:\OpenServerPanel\domains\cicore.com\vendor\codeigniter4\framework\system\CodeIgniter.php(404): CodeIgniter\CodeIgniter->runController(Object(App\Controllers\Ajax\Cart))
#3 E:\OpenServerPanel\domains\cicore.com\vendor\codeigniter4\framework\system\CodeIgniter.php(312): CodeIgniter\CodeIgniter->handleRequest(NULL, Object(Config\Cache), false)
#4 E:\OpenServerPanel\domains\cicore.com\index.php(48): CodeIgniter\CodeIgniter->run()
#5 {main}
CRITICAL - 2022-10-07 03:43:29 --> syntax error, unexpected '}', expecting ';'
#0 E:\OpenServerPanel\domains\cicore.com\vendor\codeigniter4\framework\system\Router\Router.php(195): CodeIgniter\Router\Router->autoRoute('ajax/cart/addCa...')
#1 E:\OpenServerPanel\domains\cicore.com\vendor\codeigniter4\framework\system\CodeIgniter.php(793): CodeIgniter\Router\Router->handle('ajax/cart/addCa...')
#2 E:\OpenServerPanel\domains\cicore.com\vendor\codeigniter4\framework\system\CodeIgniter.php(364): CodeIgniter\CodeIgniter->tryToRouteIt(Object(CodeIgniter\Router\RouteCollection))
#3 E:\OpenServerPanel\domains\cicore.com\vendor\codeigniter4\framework\system\CodeIgniter.php(312): CodeIgniter\CodeIgniter->handleRequest(NULL, Object(Config\Cache), false)
#4 E:\OpenServerPanel\domains\cicore.com\index.php(48): CodeIgniter\CodeIgniter->run()
#5 {main}
CRITICAL - 2022-10-07 03:54:36 --> syntax error, unexpected ';', expecting ']'
#0 E:\OpenServerPanel\domains\cicore.com\vendor\codeigniter4\framework\system\Router\Router.php(195): CodeIgniter\Router\Router->autoRoute('ajax/cart/addCa...')
#1 E:\OpenServerPanel\domains\cicore.com\vendor\codeigniter4\framework\system\CodeIgniter.php(793): CodeIgniter\Router\Router->handle('ajax/cart/addCa...')
#2 E:\OpenServerPanel\domains\cicore.com\vendor\codeigniter4\framework\system\CodeIgniter.php(364): CodeIgniter\CodeIgniter->tryToRouteIt(Object(CodeIgniter\Router\RouteCollection))
#3 E:\OpenServerPanel\domains\cicore.com\vendor\codeigniter4\framework\system\CodeIgniter.php(312): CodeIgniter\CodeIgniter->handleRequest(NULL, Object(Config\Cache), false)
#4 E:\OpenServerPanel\domains\cicore.com\index.php(48): CodeIgniter\CodeIgniter->run()
#5 {main}
CRITICAL - 2022-10-07 03:54:45 --> syntax error, unexpected '}'
#0 E:\OpenServerPanel\domains\cicore.com\vendor\codeigniter4\framework\system\Router\Router.php(195): CodeIgniter\Router\Router->autoRoute('ajax/cart/addCa...')
#1 E:\OpenServerPanel\domains\cicore.com\vendor\codeigniter4\framework\system\CodeIgniter.php(793): CodeIgniter\Router\Router->handle('ajax/cart/addCa...')
#2 E:\OpenServerPanel\domains\cicore.com\vendor\codeigniter4\framework\system\CodeIgniter.php(364): CodeIgniter\CodeIgniter->tryToRouteIt(Object(CodeIgniter\Router\RouteCollection))
#3 E:\OpenServerPanel\domains\cicore.com\vendor\codeigniter4\framework\system\CodeIgniter.php(312): CodeIgniter\CodeIgniter->handleRequest(NULL, Object(Config\Cache), false)
#4 E:\OpenServerPanel\domains\cicore.com\index.php(48): CodeIgniter\CodeIgniter->run()
#5 {main}
CRITICAL - 2022-10-07 03:54:52 --> Undefined variable: cartData
#0 E:\OpenServerPanel\domains\cicore.com\app\Controllers\Ajax\Cart.php(39): CodeIgniter\Debug\Exceptions->errorHandler(8, 'Undefined varia...', 'E:\\OpenServerPa...', 39, Array)
#1 E:\OpenServerPanel\domains\cicore.com\vendor\codeigniter4\framework\system\CodeIgniter.php(918): App\Controllers\Ajax\Cart->addCart()
#2 E:\OpenServerPanel\domains\cicore.com\vendor\codeigniter4\framework\system\CodeIgniter.php(404): CodeIgniter\CodeIgniter->runController(Object(App\Controllers\Ajax\Cart))
#3 E:\OpenServerPanel\domains\cicore.com\vendor\codeigniter4\framework\system\CodeIgniter.php(312): CodeIgniter\CodeIgniter->handleRequest(NULL, Object(Config\Cache), false)
#4 E:\OpenServerPanel\domains\cicore.com\index.php(48): CodeIgniter\CodeIgniter->run()
#5 {main}
CRITICAL - 2022-10-07 04:51:35 --> Undefined variable: cart
#0 E:\OpenServerPanel\domains\cicore.com\app\Views\frontend\homepage\common\header.php(127): CodeIgniter\Debug\Exceptions->errorHandler(8, 'Undefined varia...', 'E:\\OpenServerPa...', 127, Array)
#1 E:\OpenServerPanel\domains\cicore.com\vendor\codeigniter4\framework\system\View\View.php(246): include('E:\\OpenServerPa...')
#2 E:\OpenServerPanel\domains\cicore.com\vendor\codeigniter4\framework\system\Common.php(1119): CodeIgniter\View\View->render('frontend/homepa...', Array, true)
#3 E:\OpenServerPanel\domains\cicore.com\app\Views\frontend\homepage\layout\home.php(41): view('frontend/homepa...')
#4 E:\OpenServerPanel\domains\cicore.com\vendor\codeigniter4\framework\system\View\View.php(246): include('E:\\OpenServerPa...')
#5 E:\OpenServerPanel\domains\cicore.com\vendor\codeigniter4\framework\system\Common.php(1119): CodeIgniter\View\View->render('frontend/homepa...', Array, true)
#6 E:\OpenServerPanel\domains\cicore.com\app\Controllers\Frontend\Homepage\Home.php(58): view('frontend/homepa...', Array)
#7 E:\OpenServerPanel\domains\cicore.com\vendor\codeigniter4\framework\system\CodeIgniter.php(918): App\Controllers\Frontend\Homepage\Home->index()
#8 E:\OpenServerPanel\domains\cicore.com\vendor\codeigniter4\framework\system\CodeIgniter.php(404): CodeIgniter\CodeIgniter->runController(Object(App\Controllers\Frontend\Homepage\Home))
#9 E:\OpenServerPanel\domains\cicore.com\vendor\codeigniter4\framework\system\CodeIgniter.php(312): CodeIgniter\CodeIgniter->handleRequest(NULL, Object(Config\Cache), false)
#10 E:\OpenServerPanel\domains\cicore.com\index.php(48): CodeIgniter\CodeIgniter->run()
#11 {main}
CRITICAL - 2022-10-07 08:35:10 --> Undefined property: CodeIgniter\View\View::$cart
#0 E:\OpenServerPanel\domains\cicore.com\app\Views\frontend\homepage\common\header.php(137): CodeIgniter\Debug\Exceptions->errorHandler(8, 'Undefined prope...', 'E:\\OpenServerPa...', 137, Array)
#1 E:\OpenServerPanel\domains\cicore.com\vendor\codeigniter4\framework\system\View\View.php(246): include('E:\\OpenServerPa...')
#2 E:\OpenServerPanel\domains\cicore.com\vendor\codeigniter4\framework\system\Common.php(1119): CodeIgniter\View\View->render('frontend/homepa...', Array, true)
#3 E:\OpenServerPanel\domains\cicore.com\app\Views\frontend\homepage\layout\home.php(41): view('frontend/homepa...')
#4 E:\OpenServerPanel\domains\cicore.com\vendor\codeigniter4\framework\system\View\View.php(246): include('E:\\OpenServerPa...')
#5 E:\OpenServerPanel\domains\cicore.com\vendor\codeigniter4\framework\system\Common.php(1119): CodeIgniter\View\View->render('frontend/homepa...', Array, true)
#6 E:\OpenServerPanel\domains\cicore.com\app\Controllers\Frontend\Homepage\Home.php(58): view('frontend/homepa...', Array)
#7 E:\OpenServerPanel\domains\cicore.com\vendor\codeigniter4\framework\system\CodeIgniter.php(918): App\Controllers\Frontend\Homepage\Home->index()
#8 E:\OpenServerPanel\domains\cicore.com\vendor\codeigniter4\framework\system\CodeIgniter.php(404): CodeIgniter\CodeIgniter->runController(Object(App\Controllers\Frontend\Homepage\Home))
#9 E:\OpenServerPanel\domains\cicore.com\vendor\codeigniter4\framework\system\CodeIgniter.php(312): CodeIgniter\CodeIgniter->handleRequest(NULL, Object(Config\Cache), false)
#10 E:\OpenServerPanel\domains\cicore.com\index.php(48): CodeIgniter\CodeIgniter->run()
#11 {main}
CRITICAL - 2022-10-07 08:35:12 --> Undefined property: CodeIgniter\View\View::$cart
#0 E:\OpenServerPanel\domains\cicore.com\app\Views\frontend\homepage\common\header.php(137): CodeIgniter\Debug\Exceptions->errorHandler(8, 'Undefined prope...', 'E:\\OpenServerPa...', 137, Array)
#1 E:\OpenServerPanel\domains\cicore.com\vendor\codeigniter4\framework\system\View\View.php(246): include('E:\\OpenServerPa...')
#2 E:\OpenServerPanel\domains\cicore.com\vendor\codeigniter4\framework\system\Common.php(1119): CodeIgniter\View\View->render('frontend/homepa...', Array, true)
#3 E:\OpenServerPanel\domains\cicore.com\app\Views\frontend\homepage\layout\home.php(41): view('frontend/homepa...')
#4 E:\OpenServerPanel\domains\cicore.com\vendor\codeigniter4\framework\system\View\View.php(246): include('E:\\OpenServerPa...')
#5 E:\OpenServerPanel\domains\cicore.com\vendor\codeigniter4\framework\system\Common.php(1119): CodeIgniter\View\View->render('frontend/homepa...', Array, true)
#6 E:\OpenServerPanel\domains\cicore.com\app\Controllers\Frontend\Homepage\Home.php(58): view('frontend/homepa...', Array)
#7 E:\OpenServerPanel\domains\cicore.com\vendor\codeigniter4\framework\system\CodeIgniter.php(918): App\Controllers\Frontend\Homepage\Home->index()
#8 E:\OpenServerPanel\domains\cicore.com\vendor\codeigniter4\framework\system\CodeIgniter.php(404): CodeIgniter\CodeIgniter->runController(Object(App\Controllers\Frontend\Homepage\Home))
#9 E:\OpenServerPanel\domains\cicore.com\vendor\codeigniter4\framework\system\CodeIgniter.php(312): CodeIgniter\CodeIgniter->handleRequest(NULL, Object(Config\Cache), false)
#10 E:\OpenServerPanel\domains\cicore.com\index.php(48): CodeIgniter\CodeIgniter->run()
#11 {main}
CRITICAL - 2022-10-07 08:48:28 --> Call to undefined method App\Controllers\Frontend\Homepage\Home::cartBie()
#0 E:\OpenServerPanel\domains\cicore.com\vendor\codeigniter4\framework\system\CodeIgniter.php(918): App\Controllers\Frontend\Homepage\Home->index()
#1 E:\OpenServerPanel\domains\cicore.com\vendor\codeigniter4\framework\system\CodeIgniter.php(404): CodeIgniter\CodeIgniter->runController(Object(App\Controllers\Frontend\Homepage\Home))
#2 E:\OpenServerPanel\domains\cicore.com\vendor\codeigniter4\framework\system\CodeIgniter.php(312): CodeIgniter\CodeIgniter->handleRequest(NULL, Object(Config\Cache), false)
#3 E:\OpenServerPanel\domains\cicore.com\index.php(48): CodeIgniter\CodeIgniter->run()
#4 {main}
CRITICAL - 2022-10-07 08:48:38 --> Argument 1 passed to App\Libraries\Cartbie::formatCart() must be of the type array, object given, called in E:\OpenServerPanel\domains\cicore.com\app\Controllers\Frontend\Homepage\Home.php on line 48
#0 E:\OpenServerPanel\domains\cicore.com\app\Controllers\Frontend\Homepage\Home.php(48): App\Libraries\Cartbie->formatCart(Object(CodeIgniterCart\Cart))
#1 E:\OpenServerPanel\domains\cicore.com\vendor\codeigniter4\framework\system\CodeIgniter.php(918): App\Controllers\Frontend\Homepage\Home->index()
#2 E:\OpenServerPanel\domains\cicore.com\vendor\codeigniter4\framework\system\CodeIgniter.php(404): CodeIgniter\CodeIgniter->runController(Object(App\Controllers\Frontend\Homepage\Home))
#3 E:\OpenServerPanel\domains\cicore.com\vendor\codeigniter4\framework\system\CodeIgniter.php(312): CodeIgniter\CodeIgniter->handleRequest(NULL, Object(Config\Cache), false)
#4 E:\OpenServerPanel\domains\cicore.com\index.php(48): CodeIgniter\CodeIgniter->run()
#5 {main}
CRITICAL - 2022-10-07 08:48:49 --> Argument 1 passed to App\Libraries\Cartbie::formatCart() must be of the type array, object given, called in E:\OpenServerPanel\domains\cicore.com\app\Controllers\Frontend\Homepage\Home.php on line 48
#0 E:\OpenServerPanel\domains\cicore.com\app\Controllers\Frontend\Homepage\Home.php(48): App\Libraries\Cartbie->formatCart(Object(CodeIgniterCart\Cart))
#1 E:\OpenServerPanel\domains\cicore.com\vendor\codeigniter4\framework\system\CodeIgniter.php(918): App\Controllers\Frontend\Homepage\Home->index()
#2 E:\OpenServerPanel\domains\cicore.com\vendor\codeigniter4\framework\system\CodeIgniter.php(404): CodeIgniter\CodeIgniter->runController(Object(App\Controllers\Frontend\Homepage\Home))
#3 E:\OpenServerPanel\domains\cicore.com\vendor\codeigniter4\framework\system\CodeIgniter.php(312): CodeIgniter\CodeIgniter->handleRequest(NULL, Object(Config\Cache), false)
#4 E:\OpenServerPanel\domains\cicore.com\index.php(48): CodeIgniter\CodeIgniter->run()
#5 {main}
CRITICAL - 2022-10-07 08:48:50 --> Argument 1 passed to App\Libraries\Cartbie::formatCart() must be of the type array, object given, called in E:\OpenServerPanel\domains\cicore.com\app\Controllers\Frontend\Homepage\Home.php on line 48
#0 E:\OpenServerPanel\domains\cicore.com\app\Controllers\Frontend\Homepage\Home.php(48): App\Libraries\Cartbie->formatCart(Object(CodeIgniterCart\Cart))
#1 E:\OpenServerPanel\domains\cicore.com\vendor\codeigniter4\framework\system\CodeIgniter.php(918): App\Controllers\Frontend\Homepage\Home->index()
#2 E:\OpenServerPanel\domains\cicore.com\vendor\codeigniter4\framework\system\CodeIgniter.php(404): CodeIgniter\CodeIgniter->runController(Object(App\Controllers\Frontend\Homepage\Home))
#3 E:\OpenServerPanel\domains\cicore.com\vendor\codeigniter4\framework\system\CodeIgniter.php(312): CodeIgniter\CodeIgniter->handleRequest(NULL, Object(Config\Cache), false)
#4 E:\OpenServerPanel\domains\cicore.com\index.php(48): CodeIgniter\CodeIgniter->run()
#5 {main}
CRITICAL - 2022-10-07 08:49:36 --> Cannot use isset() on the result of an expression (you can use "null !== expression" instead)
#0 [internal function]: CodeIgniter\Debug\Exceptions->shutdownHandler()
#1 {main}
CRITICAL - 2022-10-07 08:54:00 --> syntax error, unexpected '}', expecting ';'
#0 E:\OpenServerPanel\domains\cicore.com\vendor\codeigniter4\framework\system\Autoloader\Autoloader.php(296): CodeIgniter\Autoloader\Autoloader->requireFile('E:\\OpenServerPa...')
#1 E:\OpenServerPanel\domains\cicore.com\vendor\codeigniter4\framework\system\Autoloader\Autoloader.php(258): CodeIgniter\Autoloader\Autoloader->loadInNamespace('App\\Libraries\\C...')
#2 [internal function]: CodeIgniter\Autoloader\Autoloader->loadClass('App\\Libraries\\C...')
#3 E:\OpenServerPanel\domains\cicore.com\app\Config\Services.php(358): spl_autoload_call('App\\Libraries\\C...')
#4 E:\OpenServerPanel\domains\cicore.com\vendor\codeigniter4\framework\system\Config\BaseService.php(123): Config\Services::Cartbie(false)
#5 E:\OpenServerPanel\domains\cicore.com\app\Config\Services.php(355): CodeIgniter\Config\BaseService::getSharedInstance('cartbie')
#6 E:\OpenServerPanel\domains\cicore.com\vendor\codeigniter4\framework\system\Common.php(957): Config\Services::Cartbie()
#7 E:\OpenServerPanel\domains\cicore.com\app\Controllers\Frontend\Homepage\Home.php(22): service('cartbie')
#8 E:\OpenServerPanel\domains\cicore.com\vendor\codeigniter4\framework\system\CodeIgniter.php(890): App\Controllers\Frontend\Homepage\Home->__construct()
#9 E:\OpenServerPanel\domains\cicore.com\vendor\codeigniter4\framework\system\CodeIgniter.php(399): CodeIgniter\CodeIgniter->createController()
#10 E:\OpenServerPanel\domains\cicore.com\vendor\codeigniter4\framework\system\CodeIgniter.php(312): CodeIgniter\CodeIgniter->handleRequest(NULL, Object(Config\Cache), false)
#11 E:\OpenServerPanel\domains\cicore.com\index.php(48): CodeIgniter\CodeIgniter->run()
#12 {main}
CRITICAL - 2022-10-07 09:00:15 --> Call to a member function total() on array
#0 E:\OpenServerPanel\domains\cicore.com\vendor\codeigniter4\framework\system\View\View.php(246): include()
#1 E:\OpenServerPanel\domains\cicore.com\vendor\codeigniter4\framework\system\Common.php(1119): CodeIgniter\View\View->render('frontend/homepa...', Array, true)
#2 E:\OpenServerPanel\domains\cicore.com\app\Views\frontend\homepage\layout\home.php(41): view('frontend/homepa...')
#3 E:\OpenServerPanel\domains\cicore.com\vendor\codeigniter4\framework\system\View\View.php(246): include('E:\\OpenServerPa...')
#4 E:\OpenServerPanel\domains\cicore.com\vendor\codeigniter4\framework\system\Common.php(1119): CodeIgniter\View\View->render('frontend/homepa...', Array, true)
#5 E:\OpenServerPanel\domains\cicore.com\app\Controllers\Frontend\Homepage\Home.php(60): view('frontend/homepa...', Array)
#6 E:\OpenServerPanel\domains\cicore.com\vendor\codeigniter4\framework\system\CodeIgniter.php(918): App\Controllers\Frontend\Homepage\Home->index()
#7 E:\OpenServerPanel\domains\cicore.com\vendor\codeigniter4\framework\system\CodeIgniter.php(404): CodeIgniter\CodeIgniter->runController(Object(App\Controllers\Frontend\Homepage\Home))
#8 E:\OpenServerPanel\domains\cicore.com\vendor\codeigniter4\framework\system\CodeIgniter.php(312): CodeIgniter\CodeIgniter->handleRequest(NULL, Object(Config\Cache), false)
#9 E:\OpenServerPanel\domains\cicore.com\index.php(48): CodeIgniter\CodeIgniter->run()
#10 {main}
CRITICAL - 2022-10-07 09:06:05 --> Undefined index: canonical
#0 E:\OpenServerPanel\domains\cicore.com\app\Views\frontend\homepage\common\header.php(145): CodeIgniter\Debug\Exceptions->errorHandler(8, 'Undefined index...', 'E:\\OpenServerPa...', 145, Array)
#1 E:\OpenServerPanel\domains\cicore.com\vendor\codeigniter4\framework\system\View\View.php(246): include('E:\\OpenServerPa...')
#2 E:\OpenServerPanel\domains\cicore.com\vendor\codeigniter4\framework\system\Common.php(1119): CodeIgniter\View\View->render('frontend/homepa...', Array, true)
#3 E:\OpenServerPanel\domains\cicore.com\app\Views\frontend\homepage\layout\home.php(41): view('frontend/homepa...')
#4 E:\OpenServerPanel\domains\cicore.com\vendor\codeigniter4\framework\system\View\View.php(246): include('E:\\OpenServerPa...')
#5 E:\OpenServerPanel\domains\cicore.com\vendor\codeigniter4\framework\system\Common.php(1119): CodeIgniter\View\View->render('frontend/homepa...', Array, true)
#6 E:\OpenServerPanel\domains\cicore.com\app\Controllers\Frontend\Homepage\Home.php(60): view('frontend/homepa...', Array)
#7 E:\OpenServerPanel\domains\cicore.com\vendor\codeigniter4\framework\system\CodeIgniter.php(918): App\Controllers\Frontend\Homepage\Home->index()
#8 E:\OpenServerPanel\domains\cicore.com\vendor\codeigniter4\framework\system\CodeIgniter.php(404): CodeIgniter\CodeIgniter->runController(Object(App\Controllers\Frontend\Homepage\Home))
#9 E:\OpenServerPanel\domains\cicore.com\vendor\codeigniter4\framework\system\CodeIgniter.php(312): CodeIgniter\CodeIgniter->handleRequest(NULL, Object(Config\Cache), false)
#10 E:\OpenServerPanel\domains\cicore.com\index.php(48): CodeIgniter\CodeIgniter->run()
#11 {main}
CRITICAL - 2022-10-07 09:06:55 --> Undefined index: canonical
#0 E:\OpenServerPanel\domains\cicore.com\app\Views\frontend\homepage\common\header.php(145): CodeIgniter\Debug\Exceptions->errorHandler(8, 'Undefined index...', 'E:\\OpenServerPa...', 145, Array)
#1 E:\OpenServerPanel\domains\cicore.com\vendor\codeigniter4\framework\system\View\View.php(246): include('E:\\OpenServerPa...')
#2 E:\OpenServerPanel\domains\cicore.com\vendor\codeigniter4\framework\system\Common.php(1119): CodeIgniter\View\View->render('frontend/homepa...', Array, true)
#3 E:\OpenServerPanel\domains\cicore.com\app\Views\frontend\homepage\layout\home.php(41): view('frontend/homepa...')
#4 E:\OpenServerPanel\domains\cicore.com\vendor\codeigniter4\framework\system\View\View.php(246): include('E:\\OpenServerPa...')
#5 E:\OpenServerPanel\domains\cicore.com\vendor\codeigniter4\framework\system\Common.php(1119): CodeIgniter\View\View->render('frontend/homepa...', Array, true)
#6 E:\OpenServerPanel\domains\cicore.com\app\Controllers\Frontend\Homepage\Home.php(60): view('frontend/homepa...', Array)
#7 E:\OpenServerPanel\domains\cicore.com\vendor\codeigniter4\framework\system\CodeIgniter.php(918): App\Controllers\Frontend\Homepage\Home->index()
#8 E:\OpenServerPanel\domains\cicore.com\vendor\codeigniter4\framework\system\CodeIgniter.php(404): CodeIgniter\CodeIgniter->runController(Object(App\Controllers\Frontend\Homepage\Home))
#9 E:\OpenServerPanel\domains\cicore.com\vendor\codeigniter4\framework\system\CodeIgniter.php(312): CodeIgniter\CodeIgniter->handleRequest(NULL, Object(Config\Cache), false)
#10 E:\OpenServerPanel\domains\cicore.com\index.php(48): CodeIgniter\CodeIgniter->run()
#11 {main}
CRITICAL - 2022-10-07 09:07:07 --> Undefined index: quantity
#0 E:\OpenServerPanel\domains\cicore.com\app\Views\frontend\homepage\common\header.php(146): CodeIgniter\Debug\Exceptions->errorHandler(8, 'Undefined index...', 'E:\\OpenServerPa...', 146, Array)
#1 E:\OpenServerPanel\domains\cicore.com\vendor\codeigniter4\framework\system\View\View.php(246): include('E:\\OpenServerPa...')
#2 E:\OpenServerPanel\domains\cicore.com\vendor\codeigniter4\framework\system\Common.php(1119): CodeIgniter\View\View->render('frontend/homepa...', Array, true)
#3 E:\OpenServerPanel\domains\cicore.com\app\Views\frontend\homepage\layout\home.php(41): view('frontend/homepa...')
#4 E:\OpenServerPanel\domains\cicore.com\vendor\codeigniter4\framework\system\View\View.php(246): include('E:\\OpenServerPa...')
#5 E:\OpenServerPanel\domains\cicore.com\vendor\codeigniter4\framework\system\Common.php(1119): CodeIgniter\View\View->render('frontend/homepa...', Array, true)
#6 E:\OpenServerPanel\domains\cicore.com\app\Controllers\Frontend\Homepage\Home.php(60): view('frontend/homepa...', Array)
#7 E:\OpenServerPanel\domains\cicore.com\vendor\codeigniter4\framework\system\CodeIgniter.php(918): App\Controllers\Frontend\Homepage\Home->index()
#8 E:\OpenServerPanel\domains\cicore.com\vendor\codeigniter4\framework\system\CodeIgniter.php(404): CodeIgniter\CodeIgniter->runController(Object(App\Controllers\Frontend\Homepage\Home))
#9 E:\OpenServerPanel\domains\cicore.com\vendor\codeigniter4\framework\system\CodeIgniter.php(312): CodeIgniter\CodeIgniter->handleRequest(NULL, Object(Config\Cache), false)
#10 E:\OpenServerPanel\domains\cicore.com\index.php(48): CodeIgniter\CodeIgniter->run()
#11 {main}
CRITICAL - 2022-10-07 09:07:08 --> Undefined index: quantity
#0 E:\OpenServerPanel\domains\cicore.com\app\Views\frontend\homepage\common\header.php(146): CodeIgniter\Debug\Exceptions->errorHandler(8, 'Undefined index...', 'E:\\OpenServerPa...', 146, Array)
#1 E:\OpenServerPanel\domains\cicore.com\vendor\codeigniter4\framework\system\View\View.php(246): include('E:\\OpenServerPa...')
#2 E:\OpenServerPanel\domains\cicore.com\vendor\codeigniter4\framework\system\Common.php(1119): CodeIgniter\View\View->render('frontend/homepa...', Array, true)
#3 E:\OpenServerPanel\domains\cicore.com\app\Views\frontend\homepage\layout\home.php(41): view('frontend/homepa...')
#4 E:\OpenServerPanel\domains\cicore.com\vendor\codeigniter4\framework\system\View\View.php(246): include('E:\\OpenServerPa...')
#5 E:\OpenServerPanel\domains\cicore.com\vendor\codeigniter4\framework\system\Common.php(1119): CodeIgniter\View\View->render('frontend/homepa...', Array, true)
#6 E:\OpenServerPanel\domains\cicore.com\app\Controllers\Frontend\Homepage\Home.php(60): view('frontend/homepa...', Array)
#7 E:\OpenServerPanel\domains\cicore.com\vendor\codeigniter4\framework\system\CodeIgniter.php(918): App\Controllers\Frontend\Homepage\Home->index()
#8 E:\OpenServerPanel\domains\cicore.com\vendor\codeigniter4\framework\system\CodeIgniter.php(404): CodeIgniter\CodeIgniter->runController(Object(App\Controllers\Frontend\Homepage\Home))
#9 E:\OpenServerPanel\domains\cicore.com\vendor\codeigniter4\framework\system\CodeIgniter.php(312): CodeIgniter\CodeIgniter->handleRequest(NULL, Object(Config\Cache), false)
#10 E:\OpenServerPanel\domains\cicore.com\index.php(48): CodeIgniter\CodeIgniter->run()
#11 {main}
CRITICAL - 2022-10-07 09:07:28 --> Undefined index: title
#0 E:\OpenServerPanel\domains\cicore.com\app\Views\frontend\homepage\common\header.php(154): CodeIgniter\Debug\Exceptions->errorHandler(8, 'Undefined index...', 'E:\\OpenServerPa...', 154, Array)
#1 E:\OpenServerPanel\domains\cicore.com\vendor\codeigniter4\framework\system\View\View.php(246): include('E:\\OpenServerPa...')
#2 E:\OpenServerPanel\domains\cicore.com\vendor\codeigniter4\framework\system\Common.php(1119): CodeIgniter\View\View->render('frontend/homepa...', Array, true)
#3 E:\OpenServerPanel\domains\cicore.com\app\Views\frontend\homepage\layout\home.php(41): view('frontend/homepa...')
#4 E:\OpenServerPanel\domains\cicore.com\vendor\codeigniter4\framework\system\View\View.php(246): include('E:\\OpenServerPa...')
#5 E:\OpenServerPanel\domains\cicore.com\vendor\codeigniter4\framework\system\Common.php(1119): CodeIgniter\View\View->render('frontend/homepa...', Array, true)
#6 E:\OpenServerPanel\domains\cicore.com\app\Controllers\Frontend\Homepage\Home.php(60): view('frontend/homepa...', Array)
#7 E:\OpenServerPanel\domains\cicore.com\vendor\codeigniter4\framework\system\CodeIgniter.php(918): App\Controllers\Frontend\Homepage\Home->index()
#8 E:\OpenServerPanel\domains\cicore.com\vendor\codeigniter4\framework\system\CodeIgniter.php(404): CodeIgniter\CodeIgniter->runController(Object(App\Controllers\Frontend\Homepage\Home))
#9 E:\OpenServerPanel\domains\cicore.com\vendor\codeigniter4\framework\system\CodeIgniter.php(312): CodeIgniter\CodeIgniter->handleRequest(NULL, Object(Config\Cache), false)
#10 E:\OpenServerPanel\domains\cicore.com\index.php(48): CodeIgniter\CodeIgniter->run()
#11 {main}
CRITICAL - 2022-10-07 09:07:30 --> Undefined index: title
#0 E:\OpenServerPanel\domains\cicore.com\app\Views\frontend\homepage\common\header.php(154): CodeIgniter\Debug\Exceptions->errorHandler(8, 'Undefined index...', 'E:\\OpenServerPa...', 154, Array)
#1 E:\OpenServerPanel\domains\cicore.com\vendor\codeigniter4\framework\system\View\View.php(246): include('E:\\OpenServerPa...')
#2 E:\OpenServerPanel\domains\cicore.com\vendor\codeigniter4\framework\system\Common.php(1119): CodeIgniter\View\View->render('frontend/homepa...', Array, true)
#3 E:\OpenServerPanel\domains\cicore.com\app\Views\frontend\homepage\layout\home.php(41): view('frontend/homepa...')
#4 E:\OpenServerPanel\domains\cicore.com\vendor\codeigniter4\framework\system\View\View.php(246): include('E:\\OpenServerPa...')
#5 E:\OpenServerPanel\domains\cicore.com\vendor\codeigniter4\framework\system\Common.php(1119): CodeIgniter\View\View->render('frontend/homepa...', Array, true)
#6 E:\OpenServerPanel\domains\cicore.com\app\Controllers\Frontend\Homepage\Home.php(60): view('frontend/homepa...', Array)
#7 E:\OpenServerPanel\domains\cicore.com\vendor\codeigniter4\framework\system\CodeIgniter.php(918): App\Controllers\Frontend\Homepage\Home->index()
#8 E:\OpenServerPanel\domains\cicore.com\vendor\codeigniter4\framework\system\CodeIgniter.php(404): CodeIgniter\CodeIgniter->runController(Object(App\Controllers\Frontend\Homepage\Home))
#9 E:\OpenServerPanel\domains\cicore.com\vendor\codeigniter4\framework\system\CodeIgniter.php(312): CodeIgniter\CodeIgniter->handleRequest(NULL, Object(Config\Cache), false)
#10 E:\OpenServerPanel\domains\cicore.com\index.php(48): CodeIgniter\CodeIgniter->run()
#11 {main}
CRITICAL - 2022-10-07 09:07:34 --> Undefined index: title
#0 E:\OpenServerPanel\domains\cicore.com\app\Views\frontend\homepage\common\header.php(154): CodeIgniter\Debug\Exceptions->errorHandler(8, 'Undefined index...', 'E:\\OpenServerPa...', 154, Array)
#1 E:\OpenServerPanel\domains\cicore.com\vendor\codeigniter4\framework\system\View\View.php(246): include('E:\\OpenServerPa...')
#2 E:\OpenServerPanel\domains\cicore.com\vendor\codeigniter4\framework\system\Common.php(1119): CodeIgniter\View\View->render('frontend/homepa...', Array, true)
#3 E:\OpenServerPanel\domains\cicore.com\app\Views\frontend\homepage\layout\home.php(41): view('frontend/homepa...')
#4 E:\OpenServerPanel\domains\cicore.com\vendor\codeigniter4\framework\system\View\View.php(246): include('E:\\OpenServerPa...')
#5 E:\OpenServerPanel\domains\cicore.com\vendor\codeigniter4\framework\system\Common.php(1119): CodeIgniter\View\View->render('frontend/homepa...', Array, true)
#6 E:\OpenServerPanel\domains\cicore.com\app\Controllers\Frontend\Homepage\Home.php(60): view('frontend/homepa...', Array)
#7 E:\OpenServerPanel\domains\cicore.com\vendor\codeigniter4\framework\system\CodeIgniter.php(918): App\Controllers\Frontend\Homepage\Home->index()
#8 E:\OpenServerPanel\domains\cicore.com\vendor\codeigniter4\framework\system\CodeIgniter.php(404): CodeIgniter\CodeIgniter->runController(Object(App\Controllers\Frontend\Homepage\Home))
#9 E:\OpenServerPanel\domains\cicore.com\vendor\codeigniter4\framework\system\CodeIgniter.php(312): CodeIgniter\CodeIgniter->handleRequest(NULL, Object(Config\Cache), false)
#10 E:\OpenServerPanel\domains\cicore.com\index.php(48): CodeIgniter\CodeIgniter->run()
#11 {main}
CRITICAL - 2022-10-07 09:23:23 --> Cannot use object of type CodeIgniterCart\Cart as array
#0 E:\OpenServerPanel\domains\cicore.com\vendor\codeigniter4\framework\system\View\View.php(246): include()
#1 E:\OpenServerPanel\domains\cicore.com\vendor\codeigniter4\framework\system\Common.php(1119): CodeIgniter\View\View->render('frontend/homepa...', Array, true)
#2 E:\OpenServerPanel\domains\cicore.com\app\Views\frontend\homepage\layout\home.php(41): view('frontend/homepa...')
#3 E:\OpenServerPanel\domains\cicore.com\vendor\codeigniter4\framework\system\View\View.php(246): include('E:\\OpenServerPa...')
#4 E:\OpenServerPanel\domains\cicore.com\vendor\codeigniter4\framework\system\Common.php(1119): CodeIgniter\View\View->render('frontend/homepa...', Array, true)
#5 E:\OpenServerPanel\domains\cicore.com\app\Controllers\Frontend\Product\Catalogue.php(42): view('frontend/homepa...', Array)
#6 E:\OpenServerPanel\domains\cicore.com\vendor\codeigniter4\framework\system\View\Cell.php(180): App\Controllers\Frontend\Product\Catalogue->index('9', '1')
#7 E:\OpenServerPanel\domains\cicore.com\vendor\codeigniter4\framework\system\Common.php(1140): CodeIgniter\View\Cell->render('\\App\\Controller...', 'id=9, page=1', 0, 'AppControllersF...')
#8 E:\OpenServerPanel\domains\cicore.com\app\Controllers\Frontend\Homepage\Router.php(18): view_cell('\\App\\Controller...', 'id=9, page=1')
#9 E:\OpenServerPanel\domains\cicore.com\vendor\codeigniter4\framework\system\CodeIgniter.php(918): App\Controllers\Frontend\Homepage\Router->index('hop-dung-thuc-a...')
#10 E:\OpenServerPanel\domains\cicore.com\vendor\codeigniter4\framework\system\CodeIgniter.php(404): CodeIgniter\CodeIgniter->runController(Object(App\Controllers\Frontend\Homepage\Router))
#11 E:\OpenServerPanel\domains\cicore.com\vendor\codeigniter4\framework\system\CodeIgniter.php(312): CodeIgniter\CodeIgniter->handleRequest(NULL, Object(Config\Cache), false)
#12 E:\OpenServerPanel\domains\cicore.com\index.php(48): CodeIgniter\CodeIgniter->run()
#13 {main}
CRITICAL - 2022-10-07 09:51:01 --> syntax error, unexpected '$html' (T_VARIABLE)
#0 E:\OpenServerPanel\domains\cicore.com\vendor\codeigniter4\framework\system\Router\Router.php(195): CodeIgniter\Router\Router->autoRoute('ajax/cart/addCa...')
#1 E:\OpenServerPanel\domains\cicore.com\vendor\codeigniter4\framework\system\CodeIgniter.php(793): CodeIgniter\Router\Router->handle('ajax/cart/addCa...')
#2 E:\OpenServerPanel\domains\cicore.com\vendor\codeigniter4\framework\system\CodeIgniter.php(364): CodeIgniter\CodeIgniter->tryToRouteIt(Object(CodeIgniter\Router\RouteCollection))
#3 E:\OpenServerPanel\domains\cicore.com\vendor\codeigniter4\framework\system\CodeIgniter.php(312): CodeIgniter\CodeIgniter->handleRequest(NULL, Object(Config\Cache), false)
#4 E:\OpenServerPanel\domains\cicore.com\index.php(48): CodeIgniter\CodeIgniter->run()
#5 {main}
CRITICAL - 2022-10-07 09:51:13 --> Undefined variable: val
#0 E:\OpenServerPanel\domains\cicore.com\app\Controllers\Ajax\Cart.php(87): CodeIgniter\Debug\Exceptions->errorHandler(8, 'Undefined varia...', 'E:\\OpenServerPa...', 87, Array)
#1 E:\OpenServerPanel\domains\cicore.com\app\Controllers\Ajax\Cart.php(47): App\Controllers\Ajax\Cart->renderMiniCart()
#2 E:\OpenServerPanel\domains\cicore.com\vendor\codeigniter4\framework\system\CodeIgniter.php(918): App\Controllers\Ajax\Cart->addCart()
#3 E:\OpenServerPanel\domains\cicore.com\vendor\codeigniter4\framework\system\CodeIgniter.php(404): CodeIgniter\CodeIgniter->runController(Object(App\Controllers\Ajax\Cart))
#4 E:\OpenServerPanel\domains\cicore.com\vendor\codeigniter4\framework\system\CodeIgniter.php(312): CodeIgniter\CodeIgniter->handleRequest(NULL, Object(Config\Cache), false)
#5 E:\OpenServerPanel\domains\cicore.com\index.php(48): CodeIgniter\CodeIgniter->run()
#6 {main}
CRITICAL - 2022-10-07 21:02:54 --> Undefined property: App\Controllers\Frontend\Cart\Cart::$productCatalogueRepository
#0 E:\OpenServerPanel\domains\cicore.com\app\Controllers\Frontend\Cart\Cart.php(35): CodeIgniter\Debug\Exceptions->errorHandler(8, 'Undefined prope...', 'E:\\OpenServerPa...', 35, Array)
#1 E:\OpenServerPanel\domains\cicore.com\vendor\codeigniter4\framework\system\CodeIgniter.php(918): App\Controllers\Frontend\Cart\Cart->index()
#2 E:\OpenServerPanel\domains\cicore.com\vendor\codeigniter4\framework\system\CodeIgniter.php(404): CodeIgniter\CodeIgniter->runController(Object(App\Controllers\Frontend\Cart\Cart))
#3 E:\OpenServerPanel\domains\cicore.com\vendor\codeigniter4\framework\system\CodeIgniter.php(312): CodeIgniter\CodeIgniter->handleRequest(NULL, Object(Config\Cache), false)
#4 E:\OpenServerPanel\domains\cicore.com\index.php(48): CodeIgniter\CodeIgniter->run()
#5 {main}
CRITICAL - 2022-10-07 21:03:28 --> Invalid file: frontend/cart/cart/index.php
#0 E:\OpenServerPanel\domains\cicore.com\vendor\codeigniter4\framework\system\View\View.php(228): CodeIgniter\Exceptions\FrameworkException::forInvalidFile('frontend/cart/c...')
#1 E:\OpenServerPanel\domains\cicore.com\vendor\codeigniter4\framework\system\Common.php(1119): CodeIgniter\View\View->render('frontend/cart/c...', Array, true)
#2 E:\OpenServerPanel\domains\cicore.com\app\Views\frontend\homepage\layout\home.php(44): view('frontend/cart/c...')
#3 E:\OpenServerPanel\domains\cicore.com\vendor\codeigniter4\framework\system\View\View.php(246): include('E:\\OpenServerPa...')
#4 E:\OpenServerPanel\domains\cicore.com\vendor\codeigniter4\framework\system\Common.php(1119): CodeIgniter\View\View->render('frontend/homepa...', Array, true)
#5 E:\OpenServerPanel\domains\cicore.com\app\Controllers\Frontend\Cart\Cart.php(50): view('frontend/homepa...', Array)
#6 E:\OpenServerPanel\domains\cicore.com\vendor\codeigniter4\framework\system\CodeIgniter.php(918): App\Controllers\Frontend\Cart\Cart->index()
#7 E:\OpenServerPanel\domains\cicore.com\vendor\codeigniter4\framework\system\CodeIgniter.php(404): CodeIgniter\CodeIgniter->runController(Object(App\Controllers\Frontend\Cart\Cart))
#8 E:\OpenServerPanel\domains\cicore.com\vendor\codeigniter4\framework\system\CodeIgniter.php(312): CodeIgniter\CodeIgniter->handleRequest(NULL, Object(Config\Cache), false)
#9 E:\OpenServerPanel\domains\cicore.com\index.php(48): CodeIgniter\CodeIgniter->run()
#10 {main}
CRITICAL - 2022-10-07 21:03:29 --> Invalid file: frontend/cart/cart/index.php
#0 E:\OpenServerPanel\domains\cicore.com\vendor\codeigniter4\framework\system\View\View.php(228): CodeIgniter\Exceptions\FrameworkException::forInvalidFile('frontend/cart/c...')
#1 E:\OpenServerPanel\domains\cicore.com\vendor\codeigniter4\framework\system\Common.php(1119): CodeIgniter\View\View->render('frontend/cart/c...', Array, true)
#2 E:\OpenServerPanel\domains\cicore.com\app\Views\frontend\homepage\layout\home.php(44): view('frontend/cart/c...')
#3 E:\OpenServerPanel\domains\cicore.com\vendor\codeigniter4\framework\system\View\View.php(246): include('E:\\OpenServerPa...')
#4 E:\OpenServerPanel\domains\cicore.com\vendor\codeigniter4\framework\system\Common.php(1119): CodeIgniter\View\View->render('frontend/homepa...', Array, true)
#5 E:\OpenServerPanel\domains\cicore.com\app\Controllers\Frontend\Cart\Cart.php(50): view('frontend/homepa...', Array)
#6 E:\OpenServerPanel\domains\cicore.com\vendor\codeigniter4\framework\system\CodeIgniter.php(918): App\Controllers\Frontend\Cart\Cart->index()
#7 E:\OpenServerPanel\domains\cicore.com\vendor\codeigniter4\framework\system\CodeIgniter.php(404): CodeIgniter\CodeIgniter->runController(Object(App\Controllers\Frontend\Cart\Cart))
#8 E:\OpenServerPanel\domains\cicore.com\vendor\codeigniter4\framework\system\CodeIgniter.php(312): CodeIgniter\CodeIgniter->handleRequest(NULL, Object(Config\Cache), false)
#9 E:\OpenServerPanel\domains\cicore.com\index.php(48): CodeIgniter\CodeIgniter->run()
#10 {main}
CRITICAL - 2022-10-07 21:04:02 --> Invalid file: frontend/cart/cart/index.php
#0 E:\OpenServerPanel\domains\cicore.com\vendor\codeigniter4\framework\system\View\View.php(228): CodeIgniter\Exceptions\FrameworkException::forInvalidFile('frontend/cart/c...')
#1 E:\OpenServerPanel\domains\cicore.com\vendor\codeigniter4\framework\system\Common.php(1119): CodeIgniter\View\View->render('frontend/cart/c...', Array, true)
#2 E:\OpenServerPanel\domains\cicore.com\app\Views\frontend\homepage\layout\home.php(44): view('frontend/cart/c...')
#3 E:\OpenServerPanel\domains\cicore.com\vendor\codeigniter4\framework\system\View\View.php(246): include('E:\\OpenServerPa...')
#4 E:\OpenServerPanel\domains\cicore.com\vendor\codeigniter4\framework\system\Common.php(1119): CodeIgniter\View\View->render('frontend/homepa...', Array, true)
#5 E:\OpenServerPanel\domains\cicore.com\app\Controllers\Frontend\Cart\Cart.php(50): view('frontend/homepa...', Array)
#6 E:\OpenServerPanel\domains\cicore.com\vendor\codeigniter4\framework\system\CodeIgniter.php(918): App\Controllers\Frontend\Cart\Cart->index()
#7 E:\OpenServerPanel\domains\cicore.com\vendor\codeigniter4\framework\system\CodeIgniter.php(404): CodeIgniter\CodeIgniter->runController(Object(App\Controllers\Frontend\Cart\Cart))
#8 E:\OpenServerPanel\domains\cicore.com\vendor\codeigniter4\framework\system\CodeIgniter.php(312): CodeIgniter\CodeIgniter->handleRequest(NULL, Object(Config\Cache), false)
#9 E:\OpenServerPanel\domains\cicore.com\index.php(48): CodeIgniter\CodeIgniter->run()
#10 {main}
CRITICAL - 2022-10-07 21:04:03 --> Invalid file: frontend/cart/cart/index.php
#0 E:\OpenServerPanel\domains\cicore.com\vendor\codeigniter4\framework\system\View\View.php(228): CodeIgniter\Exceptions\FrameworkException::forInvalidFile('frontend/cart/c...')
#1 E:\OpenServerPanel\domains\cicore.com\vendor\codeigniter4\framework\system\Common.php(1119): CodeIgniter\View\View->render('frontend/cart/c...', Array, true)
#2 E:\OpenServerPanel\domains\cicore.com\app\Views\frontend\homepage\layout\home.php(44): view('frontend/cart/c...')
#3 E:\OpenServerPanel\domains\cicore.com\vendor\codeigniter4\framework\system\View\View.php(246): include('E:\\OpenServerPa...')
#4 E:\OpenServerPanel\domains\cicore.com\vendor\codeigniter4\framework\system\Common.php(1119): CodeIgniter\View\View->render('frontend/homepa...', Array, true)
#5 E:\OpenServerPanel\domains\cicore.com\app\Controllers\Frontend\Cart\Cart.php(50): view('frontend/homepa...', Array)
#6 E:\OpenServerPanel\domains\cicore.com\vendor\codeigniter4\framework\system\CodeIgniter.php(918): App\Controllers\Frontend\Cart\Cart->index()
#7 E:\OpenServerPanel\domains\cicore.com\vendor\codeigniter4\framework\system\CodeIgniter.php(404): CodeIgniter\CodeIgniter->runController(Object(App\Controllers\Frontend\Cart\Cart))
#8 E:\OpenServerPanel\domains\cicore.com\vendor\codeigniter4\framework\system\CodeIgniter.php(312): CodeIgniter\CodeIgniter->handleRequest(NULL, Object(Config\Cache), false)
#9 E:\OpenServerPanel\domains\cicore.com\index.php(48): CodeIgniter\CodeIgniter->run()
#10 {main}
CRITICAL - 2022-10-07 21:06:30 --> Undefined variable: product
#0 E:\OpenServerPanel\domains\cicore.com\app\Views\frontend\homepage\common\canvas.php(30): CodeIgniter\Debug\Exceptions->errorHandler(8, 'Undefined varia...', 'E:\\OpenServerPa...', 30, Array)
#1 E:\OpenServerPanel\domains\cicore.com\vendor\codeigniter4\framework\system\View\View.php(246): include('E:\\OpenServerPa...')
#2 E:\OpenServerPanel\domains\cicore.com\vendor\codeigniter4\framework\system\Common.php(1119): CodeIgniter\View\View->render('frontend/homepa...', Array, true)
#3 E:\OpenServerPanel\domains\cicore.com\app\Views\frontend\homepage\common\header.php(1): view('frontend/homepa...')
#4 E:\OpenServerPanel\domains\cicore.com\vendor\codeigniter4\framework\system\View\View.php(246): include('E:\\OpenServerPa...')
#5 E:\OpenServerPanel\domains\cicore.com\vendor\codeigniter4\framework\system\Common.php(1119): CodeIgniter\View\View->render('frontend/homepa...', Array, true)
#6 E:\OpenServerPanel\domains\cicore.com\app\Views\frontend\homepage\layout\home.php(48): view('frontend/homepa...')
#7 E:\OpenServerPanel\domains\cicore.com\vendor\codeigniter4\framework\system\View\View.php(246): include('E:\\OpenServerPa...')
#8 E:\OpenServerPanel\domains\cicore.com\vendor\codeigniter4\framework\system\Common.php(1119): CodeIgniter\View\View->render('frontend/homepa...', Array, true)
#9 E:\OpenServerPanel\domains\cicore.com\app\Controllers\Frontend\Cart\Cart.php(51): view('frontend/homepa...', Array)
#10 E:\OpenServerPanel\domains\cicore.com\vendor\codeigniter4\framework\system\CodeIgniter.php(918): App\Controllers\Frontend\Cart\Cart->index()
#11 E:\OpenServerPanel\domains\cicore.com\vendor\codeigniter4\framework\system\CodeIgniter.php(404): CodeIgniter\CodeIgniter->runController(Object(App\Controllers\Frontend\Cart\Cart))
#12 E:\OpenServerPanel\domains\cicore.com\vendor\codeigniter4\framework\system\CodeIgniter.php(312): CodeIgniter\CodeIgniter->handleRequest(NULL, Object(Config\Cache), false)
#13 E:\OpenServerPanel\domains\cicore.com\index.php(48): CodeIgniter\CodeIgniter->run()
#14 {main}
