CRITICAL - 2022-12-19 09:02:43 --> Undefined variable: productCatalogue
#0 D:\OpenServer\domains\quanlydoanvien.kt.com\app\Views\backend\product\catalogue\delete.php(7): CodeIgniter\Debug\Exceptions->errorHandler(8, 'Undefined varia...', 'D:\\OpenServer\\d...', 7, Array)
#1 D:\OpenServer\domains\quanlydoanvien.kt.com\vendor\codeigniter4\framework\system\View\View.php(246): include('D:\\OpenServer\\d...')
#2 D:\OpenServer\domains\quanlydoanvien.kt.com\vendor\codeigniter4\framework\system\Common.php(1119): CodeIgniter\View\View->render('backend/product...', Array, true)
#3 D:\OpenServer\domains\quanlydoanvien.kt.com\app\Views\backend\dashboard\layout\home.php(47): view('backend/product...')
#4 D:\OpenServer\domains\quanlydoanvien.kt.com\vendor\codeigniter4\framework\system\View\View.php(246): include('D:\\OpenServer\\d...')
#5 D:\OpenServer\domains\quanlydoanvien.kt.com\vendor\codeigniter4\framework\system\Common.php(1119): CodeIgniter\View\View->render('backend/dashboa...', Array, true)
#6 D:\OpenServer\domains\quanlydoanvien.kt.com\app\Controllers\Backend\Organization\Faculty.php(135): view('backend/dashboa...', Array)
#7 D:\OpenServer\domains\quanlydoanvien.kt.com\vendor\codeigniter4\framework\system\CodeIgniter.php(918): App\Controllers\Backend\Organization\Faculty->delete(1)
#8 D:\OpenServer\domains\quanlydoanvien.kt.com\vendor\codeigniter4\framework\system\CodeIgniter.php(404): CodeIgniter\CodeIgniter->runController(Object(App\Controllers\Backend\Organization\Faculty))
#9 D:\OpenServer\domains\quanlydoanvien.kt.com\vendor\codeigniter4\framework\system\CodeIgniter.php(312): CodeIgniter\CodeIgniter->handleRequest(NULL, Object(Config\Cache), false)
#10 D:\OpenServer\domains\quanlydoanvien.kt.com\index.php(48): CodeIgniter\CodeIgniter->run()
#11 {main}
CRITICAL - 2022-12-19 09:03:15 --> Undefined variable: productCatalogue
#0 D:\OpenServer\domains\quanlydoanvien.kt.com\app\Views\backend\product\catalogue\delete.php(7): CodeIgniter\Debug\Exceptions->errorHandler(8, 'Undefined varia...', 'D:\\OpenServer\\d...', 7, Array)
#1 D:\OpenServer\domains\quanlydoanvien.kt.com\vendor\codeigniter4\framework\system\View\View.php(246): include('D:\\OpenServer\\d...')
#2 D:\OpenServer\domains\quanlydoanvien.kt.com\vendor\codeigniter4\framework\system\Common.php(1119): CodeIgniter\View\View->render('backend/product...', Array, true)
#3 D:\OpenServer\domains\quanlydoanvien.kt.com\app\Views\backend\dashboard\layout\home.php(47): view('backend/product...')
#4 D:\OpenServer\domains\quanlydoanvien.kt.com\vendor\codeigniter4\framework\system\View\View.php(246): include('D:\\OpenServer\\d...')
#5 D:\OpenServer\domains\quanlydoanvien.kt.com\vendor\codeigniter4\framework\system\Common.php(1119): CodeIgniter\View\View->render('backend/dashboa...', Array, true)
#6 D:\OpenServer\domains\quanlydoanvien.kt.com\app\Controllers\Backend\Organization\Faculty.php(135): view('backend/dashboa...', Array)
#7 D:\OpenServer\domains\quanlydoanvien.kt.com\vendor\codeigniter4\framework\system\CodeIgniter.php(918): App\Controllers\Backend\Organization\Faculty->delete(1)
#8 D:\OpenServer\domains\quanlydoanvien.kt.com\vendor\codeigniter4\framework\system\CodeIgniter.php(404): CodeIgniter\CodeIgniter->runController(Object(App\Controllers\Backend\Organization\Faculty))
#9 D:\OpenServer\domains\quanlydoanvien.kt.com\vendor\codeigniter4\framework\system\CodeIgniter.php(312): CodeIgniter\CodeIgniter->handleRequest(NULL, Object(Config\Cache), false)
#10 D:\OpenServer\domains\quanlydoanvien.kt.com\index.php(48): CodeIgniter\CodeIgniter->run()
#11 {main}
CRITICAL - 2022-12-19 09:03:16 --> Undefined variable: productCatalogue
#0 D:\OpenServer\domains\quanlydoanvien.kt.com\app\Views\backend\product\catalogue\delete.php(7): CodeIgniter\Debug\Exceptions->errorHandler(8, 'Undefined varia...', 'D:\\OpenServer\\d...', 7, Array)
#1 D:\OpenServer\domains\quanlydoanvien.kt.com\vendor\codeigniter4\framework\system\View\View.php(246): include('D:\\OpenServer\\d...')
#2 D:\OpenServer\domains\quanlydoanvien.kt.com\vendor\codeigniter4\framework\system\Common.php(1119): CodeIgniter\View\View->render('backend/product...', Array, true)
#3 D:\OpenServer\domains\quanlydoanvien.kt.com\app\Views\backend\dashboard\layout\home.php(47): view('backend/product...')
#4 D:\OpenServer\domains\quanlydoanvien.kt.com\vendor\codeigniter4\framework\system\View\View.php(246): include('D:\\OpenServer\\d...')
#5 D:\OpenServer\domains\quanlydoanvien.kt.com\vendor\codeigniter4\framework\system\Common.php(1119): CodeIgniter\View\View->render('backend/dashboa...', Array, true)
#6 D:\OpenServer\domains\quanlydoanvien.kt.com\app\Controllers\Backend\Organization\Faculty.php(135): view('backend/dashboa...', Array)
#7 D:\OpenServer\domains\quanlydoanvien.kt.com\vendor\codeigniter4\framework\system\CodeIgniter.php(918): App\Controllers\Backend\Organization\Faculty->delete(1)
#8 D:\OpenServer\domains\quanlydoanvien.kt.com\vendor\codeigniter4\framework\system\CodeIgniter.php(404): CodeIgniter\CodeIgniter->runController(Object(App\Controllers\Backend\Organization\Faculty))
#9 D:\OpenServer\domains\quanlydoanvien.kt.com\vendor\codeigniter4\framework\system\CodeIgniter.php(312): CodeIgniter\CodeIgniter->handleRequest(NULL, Object(Config\Cache), false)
#10 D:\OpenServer\domains\quanlydoanvien.kt.com\index.php(48): CodeIgniter\CodeIgniter->run()
#11 {main}
CRITICAL - 2022-12-19 09:03:26 --> Undefined variable: productCatalogue
#0 D:\OpenServer\domains\quanlydoanvien.kt.com\app\Views\backend\product\catalogue\delete.php(7): CodeIgniter\Debug\Exceptions->errorHandler(8, 'Undefined varia...', 'D:\\OpenServer\\d...', 7, Array)
#1 D:\OpenServer\domains\quanlydoanvien.kt.com\vendor\codeigniter4\framework\system\View\View.php(246): include('D:\\OpenServer\\d...')
#2 D:\OpenServer\domains\quanlydoanvien.kt.com\vendor\codeigniter4\framework\system\Common.php(1119): CodeIgniter\View\View->render('backend/product...', Array, true)
#3 D:\OpenServer\domains\quanlydoanvien.kt.com\app\Views\backend\dashboard\layout\home.php(47): view('backend/product...')
#4 D:\OpenServer\domains\quanlydoanvien.kt.com\vendor\codeigniter4\framework\system\View\View.php(246): include('D:\\OpenServer\\d...')
#5 D:\OpenServer\domains\quanlydoanvien.kt.com\vendor\codeigniter4\framework\system\Common.php(1119): CodeIgniter\View\View->render('backend/dashboa...', Array, true)
#6 D:\OpenServer\domains\quanlydoanvien.kt.com\app\Controllers\Backend\Organization\Faculty.php(135): view('backend/dashboa...', Array)
#7 D:\OpenServer\domains\quanlydoanvien.kt.com\vendor\codeigniter4\framework\system\CodeIgniter.php(918): App\Controllers\Backend\Organization\Faculty->delete(1)
#8 D:\OpenServer\domains\quanlydoanvien.kt.com\vendor\codeigniter4\framework\system\CodeIgniter.php(404): CodeIgniter\CodeIgniter->runController(Object(App\Controllers\Backend\Organization\Faculty))
#9 D:\OpenServer\domains\quanlydoanvien.kt.com\vendor\codeigniter4\framework\system\CodeIgniter.php(312): CodeIgniter\CodeIgniter->handleRequest(NULL, Object(Config\Cache), false)
#10 D:\OpenServer\domains\quanlydoanvien.kt.com\index.php(48): CodeIgniter\CodeIgniter->run()
#11 {main}
CRITICAL - 2022-12-19 09:03:43 --> Undefined variable: productCatalogue
#0 D:\OpenServer\domains\quanlydoanvien.kt.com\app\Views\backend\product\catalogue\delete.php(7): CodeIgniter\Debug\Exceptions->errorHandler(8, 'Undefined varia...', 'D:\\OpenServer\\d...', 7, Array)
#1 D:\OpenServer\domains\quanlydoanvien.kt.com\vendor\codeigniter4\framework\system\View\View.php(246): include('D:\\OpenServer\\d...')
#2 D:\OpenServer\domains\quanlydoanvien.kt.com\vendor\codeigniter4\framework\system\Common.php(1119): CodeIgniter\View\View->render('backend/product...', Array, true)
#3 D:\OpenServer\domains\quanlydoanvien.kt.com\app\Views\backend\dashboard\layout\home.php(47): view('backend/product...')
#4 D:\OpenServer\domains\quanlydoanvien.kt.com\vendor\codeigniter4\framework\system\View\View.php(246): include('D:\\OpenServer\\d...')
#5 D:\OpenServer\domains\quanlydoanvien.kt.com\vendor\codeigniter4\framework\system\Common.php(1119): CodeIgniter\View\View->render('backend/dashboa...', Array, true)
#6 D:\OpenServer\domains\quanlydoanvien.kt.com\app\Controllers\Backend\Organization\Faculty.php(135): view('backend/dashboa...', Array)
#7 D:\OpenServer\domains\quanlydoanvien.kt.com\vendor\codeigniter4\framework\system\CodeIgniter.php(918): App\Controllers\Backend\Organization\Faculty->delete(1)
#8 D:\OpenServer\domains\quanlydoanvien.kt.com\vendor\codeigniter4\framework\system\CodeIgniter.php(404): CodeIgniter\CodeIgniter->runController(Object(App\Controllers\Backend\Organization\Faculty))
#9 D:\OpenServer\domains\quanlydoanvien.kt.com\vendor\codeigniter4\framework\system\CodeIgniter.php(312): CodeIgniter\CodeIgniter->handleRequest(NULL, Object(Config\Cache), false)
#10 D:\OpenServer\domains\quanlydoanvien.kt.com\index.php(48): CodeIgniter\CodeIgniter->run()
#11 {main}
CRITICAL - 2022-12-19 09:04:12 --> Undefined variable: title
#0 D:\OpenServer\domains\quanlydoanvien.kt.com\app\Views\backend\organization\faculty\store.php(3): CodeIgniter\Debug\Exceptions->errorHandler(8, 'Undefined varia...', 'D:\\OpenServer\\d...', 3, Array)
#1 D:\OpenServer\domains\quanlydoanvien.kt.com\vendor\codeigniter4\framework\system\View\View.php(246): include('D:\\OpenServer\\d...')
#2 D:\OpenServer\domains\quanlydoanvien.kt.com\vendor\codeigniter4\framework\system\Common.php(1119): CodeIgniter\View\View->render('backend/organiz...', Array, true)
#3 D:\OpenServer\domains\quanlydoanvien.kt.com\app\Views\backend\dashboard\layout\home.php(47): view('backend/organiz...')
#4 D:\OpenServer\domains\quanlydoanvien.kt.com\vendor\codeigniter4\framework\system\View\View.php(246): include('D:\\OpenServer\\d...')
#5 D:\OpenServer\domains\quanlydoanvien.kt.com\vendor\codeigniter4\framework\system\Common.php(1119): CodeIgniter\View\View->render('backend/dashboa...', Array, true)
#6 D:\OpenServer\domains\quanlydoanvien.kt.com\app\Controllers\Backend\Organization\Faculty.php(135): view('backend/dashboa...', Array)
#7 D:\OpenServer\domains\quanlydoanvien.kt.com\vendor\codeigniter4\framework\system\CodeIgniter.php(918): App\Controllers\Backend\Organization\Faculty->delete(1)
#8 D:\OpenServer\domains\quanlydoanvien.kt.com\vendor\codeigniter4\framework\system\CodeIgniter.php(404): CodeIgniter\CodeIgniter->runController(Object(App\Controllers\Backend\Organization\Faculty))
#9 D:\OpenServer\domains\quanlydoanvien.kt.com\vendor\codeigniter4\framework\system\CodeIgniter.php(312): CodeIgniter\CodeIgniter->handleRequest(NULL, Object(Config\Cache), false)
#10 D:\OpenServer\domains\quanlydoanvien.kt.com\index.php(48): CodeIgniter\CodeIgniter->run()
#11 {main}
CRITICAL - 2022-12-19 09:04:14 --> Undefined variable: title
#0 D:\OpenServer\domains\quanlydoanvien.kt.com\app\Views\backend\organization\faculty\store.php(3): CodeIgniter\Debug\Exceptions->errorHandler(8, 'Undefined varia...', 'D:\\OpenServer\\d...', 3, Array)
#1 D:\OpenServer\domains\quanlydoanvien.kt.com\vendor\codeigniter4\framework\system\View\View.php(246): include('D:\\OpenServer\\d...')
#2 D:\OpenServer\domains\quanlydoanvien.kt.com\vendor\codeigniter4\framework\system\Common.php(1119): CodeIgniter\View\View->render('backend/organiz...', Array, true)
#3 D:\OpenServer\domains\quanlydoanvien.kt.com\app\Views\backend\dashboard\layout\home.php(47): view('backend/organiz...')
#4 D:\OpenServer\domains\quanlydoanvien.kt.com\vendor\codeigniter4\framework\system\View\View.php(246): include('D:\\OpenServer\\d...')
#5 D:\OpenServer\domains\quanlydoanvien.kt.com\vendor\codeigniter4\framework\system\Common.php(1119): CodeIgniter\View\View->render('backend/dashboa...', Array, true)
#6 D:\OpenServer\domains\quanlydoanvien.kt.com\app\Controllers\Backend\Organization\Faculty.php(135): view('backend/dashboa...', Array)
#7 D:\OpenServer\domains\quanlydoanvien.kt.com\vendor\codeigniter4\framework\system\CodeIgniter.php(918): App\Controllers\Backend\Organization\Faculty->delete(1)
#8 D:\OpenServer\domains\quanlydoanvien.kt.com\vendor\codeigniter4\framework\system\CodeIgniter.php(404): CodeIgniter\CodeIgniter->runController(Object(App\Controllers\Backend\Organization\Faculty))
#9 D:\OpenServer\domains\quanlydoanvien.kt.com\vendor\codeigniter4\framework\system\CodeIgniter.php(312): CodeIgniter\CodeIgniter->handleRequest(NULL, Object(Config\Cache), false)
#10 D:\OpenServer\domains\quanlydoanvien.kt.com\index.php(48): CodeIgniter\CodeIgniter->run()
#11 {main}
CRITICAL - 2022-12-19 09:04:32 --> Undefined variable: title
#0 D:\OpenServer\domains\quanlydoanvien.kt.com\app\Views\backend\organization\faculty\store.php(3): CodeIgniter\Debug\Exceptions->errorHandler(8, 'Undefined varia...', 'D:\\OpenServer\\d...', 3, Array)
#1 D:\OpenServer\domains\quanlydoanvien.kt.com\vendor\codeigniter4\framework\system\View\View.php(246): include('D:\\OpenServer\\d...')
#2 D:\OpenServer\domains\quanlydoanvien.kt.com\vendor\codeigniter4\framework\system\Common.php(1119): CodeIgniter\View\View->render('backend/organiz...', Array, true)
#3 D:\OpenServer\domains\quanlydoanvien.kt.com\app\Views\backend\dashboard\layout\home.php(47): view('backend/organiz...')
#4 D:\OpenServer\domains\quanlydoanvien.kt.com\vendor\codeigniter4\framework\system\View\View.php(246): include('D:\\OpenServer\\d...')
#5 D:\OpenServer\domains\quanlydoanvien.kt.com\vendor\codeigniter4\framework\system\Common.php(1119): CodeIgniter\View\View->render('backend/dashboa...', Array, true)
#6 D:\OpenServer\domains\quanlydoanvien.kt.com\app\Controllers\Backend\Organization\Faculty.php(136): view('backend/dashboa...', Array)
#7 D:\OpenServer\domains\quanlydoanvien.kt.com\vendor\codeigniter4\framework\system\CodeIgniter.php(918): App\Controllers\Backend\Organization\Faculty->delete(1)
#8 D:\OpenServer\domains\quanlydoanvien.kt.com\vendor\codeigniter4\framework\system\CodeIgniter.php(404): CodeIgniter\CodeIgniter->runController(Object(App\Controllers\Backend\Organization\Faculty))
#9 D:\OpenServer\domains\quanlydoanvien.kt.com\vendor\codeigniter4\framework\system\CodeIgniter.php(312): CodeIgniter\CodeIgniter->handleRequest(NULL, Object(Config\Cache), false)
#10 D:\OpenServer\domains\quanlydoanvien.kt.com\index.php(48): CodeIgniter\CodeIgniter->run()
#11 {main}
CRITICAL - 2022-12-19 09:04:33 --> Undefined variable: title
#0 D:\OpenServer\domains\quanlydoanvien.kt.com\app\Views\backend\organization\faculty\store.php(3): CodeIgniter\Debug\Exceptions->errorHandler(8, 'Undefined varia...', 'D:\\OpenServer\\d...', 3, Array)
#1 D:\OpenServer\domains\quanlydoanvien.kt.com\vendor\codeigniter4\framework\system\View\View.php(246): include('D:\\OpenServer\\d...')
#2 D:\OpenServer\domains\quanlydoanvien.kt.com\vendor\codeigniter4\framework\system\Common.php(1119): CodeIgniter\View\View->render('backend/organiz...', Array, true)
#3 D:\OpenServer\domains\quanlydoanvien.kt.com\app\Views\backend\dashboard\layout\home.php(47): view('backend/organiz...')
#4 D:\OpenServer\domains\quanlydoanvien.kt.com\vendor\codeigniter4\framework\system\View\View.php(246): include('D:\\OpenServer\\d...')
#5 D:\OpenServer\domains\quanlydoanvien.kt.com\vendor\codeigniter4\framework\system\Common.php(1119): CodeIgniter\View\View->render('backend/dashboa...', Array, true)
#6 D:\OpenServer\domains\quanlydoanvien.kt.com\app\Controllers\Backend\Organization\Faculty.php(136): view('backend/dashboa...', Array)
#7 D:\OpenServer\domains\quanlydoanvien.kt.com\vendor\codeigniter4\framework\system\CodeIgniter.php(918): App\Controllers\Backend\Organization\Faculty->delete(1)
#8 D:\OpenServer\domains\quanlydoanvien.kt.com\vendor\codeigniter4\framework\system\CodeIgniter.php(404): CodeIgniter\CodeIgniter->runController(Object(App\Controllers\Backend\Organization\Faculty))
#9 D:\OpenServer\domains\quanlydoanvien.kt.com\vendor\codeigniter4\framework\system\CodeIgniter.php(312): CodeIgniter\CodeIgniter->handleRequest(NULL, Object(Config\Cache), false)
#10 D:\OpenServer\domains\quanlydoanvien.kt.com\index.php(48): CodeIgniter\CodeIgniter->run()
#11 {main}
CRITICAL - 2022-12-19 09:04:41 --> Undefined variable: title
#0 D:\OpenServer\domains\quanlydoanvien.kt.com\app\Views\backend\organization\faculty\store.php(3): CodeIgniter\Debug\Exceptions->errorHandler(8, 'Undefined varia...', 'D:\\OpenServer\\d...', 3, Array)
#1 D:\OpenServer\domains\quanlydoanvien.kt.com\vendor\codeigniter4\framework\system\View\View.php(246): include('D:\\OpenServer\\d...')
#2 D:\OpenServer\domains\quanlydoanvien.kt.com\vendor\codeigniter4\framework\system\Common.php(1119): CodeIgniter\View\View->render('backend/organiz...', Array, true)
#3 D:\OpenServer\domains\quanlydoanvien.kt.com\app\Views\backend\dashboard\layout\home.php(47): view('backend/organiz...')
#4 D:\OpenServer\domains\quanlydoanvien.kt.com\vendor\codeigniter4\framework\system\View\View.php(246): include('D:\\OpenServer\\d...')
#5 D:\OpenServer\domains\quanlydoanvien.kt.com\vendor\codeigniter4\framework\system\Common.php(1119): CodeIgniter\View\View->render('backend/dashboa...', Array, true)
#6 D:\OpenServer\domains\quanlydoanvien.kt.com\app\Controllers\Backend\Organization\Faculty.php(136): view('backend/dashboa...', Array)
#7 D:\OpenServer\domains\quanlydoanvien.kt.com\vendor\codeigniter4\framework\system\CodeIgniter.php(918): App\Controllers\Backend\Organization\Faculty->delete(1)
#8 D:\OpenServer\domains\quanlydoanvien.kt.com\vendor\codeigniter4\framework\system\CodeIgniter.php(404): CodeIgniter\CodeIgniter->runController(Object(App\Controllers\Backend\Organization\Faculty))
#9 D:\OpenServer\domains\quanlydoanvien.kt.com\vendor\codeigniter4\framework\system\CodeIgniter.php(312): CodeIgniter\CodeIgniter->handleRequest(NULL, Object(Config\Cache), false)
#10 D:\OpenServer\domains\quanlydoanvien.kt.com\index.php(48): CodeIgniter\CodeIgniter->run()
#11 {main}
CRITICAL - 2022-12-19 09:04:44 --> Undefined variable: title
#0 D:\OpenServer\domains\quanlydoanvien.kt.com\app\Views\backend\organization\faculty\store.php(3): CodeIgniter\Debug\Exceptions->errorHandler(8, 'Undefined varia...', 'D:\\OpenServer\\d...', 3, Array)
#1 D:\OpenServer\domains\quanlydoanvien.kt.com\vendor\codeigniter4\framework\system\View\View.php(246): include('D:\\OpenServer\\d...')
#2 D:\OpenServer\domains\quanlydoanvien.kt.com\vendor\codeigniter4\framework\system\Common.php(1119): CodeIgniter\View\View->render('backend/organiz...', Array, true)
#3 D:\OpenServer\domains\quanlydoanvien.kt.com\app\Views\backend\dashboard\layout\home.php(47): view('backend/organiz...')
#4 D:\OpenServer\domains\quanlydoanvien.kt.com\vendor\codeigniter4\framework\system\View\View.php(246): include('D:\\OpenServer\\d...')
#5 D:\OpenServer\domains\quanlydoanvien.kt.com\vendor\codeigniter4\framework\system\Common.php(1119): CodeIgniter\View\View->render('backend/dashboa...', Array, true)
#6 D:\OpenServer\domains\quanlydoanvien.kt.com\app\Controllers\Backend\Organization\Faculty.php(136): view('backend/dashboa...', Array)
#7 D:\OpenServer\domains\quanlydoanvien.kt.com\vendor\codeigniter4\framework\system\CodeIgniter.php(918): App\Controllers\Backend\Organization\Faculty->delete(1)
#8 D:\OpenServer\domains\quanlydoanvien.kt.com\vendor\codeigniter4\framework\system\CodeIgniter.php(404): CodeIgniter\CodeIgniter->runController(Object(App\Controllers\Backend\Organization\Faculty))
#9 D:\OpenServer\domains\quanlydoanvien.kt.com\vendor\codeigniter4\framework\system\CodeIgniter.php(312): CodeIgniter\CodeIgniter->handleRequest(NULL, Object(Config\Cache), false)
#10 D:\OpenServer\domains\quanlydoanvien.kt.com\index.php(48): CodeIgniter\CodeIgniter->run()
#11 {main}
CRITICAL - 2022-12-19 09:04:56 --> Undefined variable: method
#0 D:\OpenServer\domains\quanlydoanvien.kt.com\app\Views\backend\organization\faculty\include\general.php(17): CodeIgniter\Debug\Exceptions->errorHandler(8, 'Undefined varia...', 'D:\\OpenServer\\d...', 17, Array)
#1 D:\OpenServer\domains\quanlydoanvien.kt.com\vendor\codeigniter4\framework\system\View\View.php(246): include('D:\\OpenServer\\d...')
#2 D:\OpenServer\domains\quanlydoanvien.kt.com\vendor\codeigniter4\framework\system\Common.php(1119): CodeIgniter\View\View->render('backend/organiz...', Array, true)
#3 D:\OpenServer\domains\quanlydoanvien.kt.com\app\Views\backend\organization\faculty\store.php(21): view('backend/organiz...')
#4 D:\OpenServer\domains\quanlydoanvien.kt.com\vendor\codeigniter4\framework\system\View\View.php(246): include('D:\\OpenServer\\d...')
#5 D:\OpenServer\domains\quanlydoanvien.kt.com\vendor\codeigniter4\framework\system\Common.php(1119): CodeIgniter\View\View->render('backend/organiz...', Array, true)
#6 D:\OpenServer\domains\quanlydoanvien.kt.com\app\Views\backend\dashboard\layout\home.php(47): view('backend/organiz...')
#7 D:\OpenServer\domains\quanlydoanvien.kt.com\vendor\codeigniter4\framework\system\View\View.php(246): include('D:\\OpenServer\\d...')
#8 D:\OpenServer\domains\quanlydoanvien.kt.com\vendor\codeigniter4\framework\system\Common.php(1119): CodeIgniter\View\View->render('backend/dashboa...', Array, true)
#9 D:\OpenServer\domains\quanlydoanvien.kt.com\app\Controllers\Backend\Organization\Faculty.php(136): view('backend/dashboa...', Array)
#10 D:\OpenServer\domains\quanlydoanvien.kt.com\vendor\codeigniter4\framework\system\CodeIgniter.php(918): App\Controllers\Backend\Organization\Faculty->delete(1)
#11 D:\OpenServer\domains\quanlydoanvien.kt.com\vendor\codeigniter4\framework\system\CodeIgniter.php(404): CodeIgniter\CodeIgniter->runController(Object(App\Controllers\Backend\Organization\Faculty))
#12 D:\OpenServer\domains\quanlydoanvien.kt.com\vendor\codeigniter4\framework\system\CodeIgniter.php(312): CodeIgniter\CodeIgniter->handleRequest(NULL, Object(Config\Cache), false)
#13 D:\OpenServer\domains\quanlydoanvien.kt.com\index.php(48): CodeIgniter\CodeIgniter->run()
#14 {main}
CRITICAL - 2022-12-19 09:11:52 --> Call to a member function Get() on null
#0 D:\OpenServer\domains\quanlydoanvien.kt.com\app\Services\FacultyService.php(106): App\Services\FacultyService->nestedsetbie()
#1 D:\OpenServer\domains\quanlydoanvien.kt.com\app\Controllers\Backend\Organization\Faculty.php(125): App\Services\FacultyService->delete(2, Array)
#2 D:\OpenServer\domains\quanlydoanvien.kt.com\vendor\codeigniter4\framework\system\CodeIgniter.php(918): App\Controllers\Backend\Organization\Faculty->delete(2)
#3 D:\OpenServer\domains\quanlydoanvien.kt.com\vendor\codeigniter4\framework\system\CodeIgniter.php(404): CodeIgniter\CodeIgniter->runController(Object(App\Controllers\Backend\Organization\Faculty))
#4 D:\OpenServer\domains\quanlydoanvien.kt.com\vendor\codeigniter4\framework\system\CodeIgniter.php(312): CodeIgniter\CodeIgniter->handleRequest(NULL, Object(Config\Cache), false)
#5 D:\OpenServer\domains\quanlydoanvien.kt.com\index.php(48): CodeIgniter\CodeIgniter->run()
#6 {main}
CRITICAL - 2022-12-19 09:50:16 --> Call to a member function paginate() on null
#0 D:\OpenServer\domains\quanlydoanvien.kt.com\vendor\codeigniter4\framework\system\CodeIgniter.php(918): App\Controllers\Backend\Organization\Branch->index()
#1 D:\OpenServer\domains\quanlydoanvien.kt.com\vendor\codeigniter4\framework\system\CodeIgniter.php(404): CodeIgniter\CodeIgniter->runController(Object(App\Controllers\Backend\Organization\Branch))
#2 D:\OpenServer\domains\quanlydoanvien.kt.com\vendor\codeigniter4\framework\system\CodeIgniter.php(312): CodeIgniter\CodeIgniter->handleRequest(NULL, Object(Config\Cache), false)
#3 D:\OpenServer\domains\quanlydoanvien.kt.com\index.php(48): CodeIgniter\CodeIgniter->run()
#4 {main}
CRITICAL - 2022-12-19 10:20:59 --> Declaration of App\Repositories\BranchRepository::paginate(array $condition, string $keyword, string $query, array $config, int $page) must be compatible with App\Repositories\Interfaces\BranchRepositoryInterface::paginate(array $condition, string $keyword, array $config, int $page)
#0 [internal function]: CodeIgniter\Debug\Exceptions->shutdownHandler()
#1 {main}
CRITICAL - 2022-12-19 10:21:38 --> Undefined variable: branch
#0 D:\OpenServer\domains\quanlydoanvien.kt.com\app\Services\BranchService.php(63): CodeIgniter\Debug\Exceptions->errorHandler(8, 'Undefined varia...', 'D:\\OpenServer\\d...', 63, Array)
#1 D:\OpenServer\domains\quanlydoanvien.kt.com\app\Controllers\Backend\Organization\Branch.php(33): App\Services\BranchService->paginate(1)
#2 D:\OpenServer\domains\quanlydoanvien.kt.com\vendor\codeigniter4\framework\system\CodeIgniter.php(918): App\Controllers\Backend\Organization\Branch->index()
#3 D:\OpenServer\domains\quanlydoanvien.kt.com\vendor\codeigniter4\framework\system\CodeIgniter.php(404): CodeIgniter\CodeIgniter->runController(Object(App\Controllers\Backend\Organization\Branch))
#4 D:\OpenServer\domains\quanlydoanvien.kt.com\vendor\codeigniter4\framework\system\CodeIgniter.php(312): CodeIgniter\CodeIgniter->handleRequest(NULL, Object(Config\Cache), false)
#5 D:\OpenServer\domains\quanlydoanvien.kt.com\index.php(48): CodeIgniter\CodeIgniter->run()
#6 {main}
CRITICAL - 2022-12-19 10:24:38 --> Call to a member function dropdown() on null
#0 D:\OpenServer\domains\quanlydoanvien.kt.com\vendor\codeigniter4\framework\system\CodeIgniter.php(918): App\Controllers\Backend\Organization\Branch->create()
#1 D:\OpenServer\domains\quanlydoanvien.kt.com\vendor\codeigniter4\framework\system\CodeIgniter.php(404): CodeIgniter\CodeIgniter->runController(Object(App\Controllers\Backend\Organization\Branch))
#2 D:\OpenServer\domains\quanlydoanvien.kt.com\vendor\codeigniter4\framework\system\CodeIgniter.php(312): CodeIgniter\CodeIgniter->handleRequest(NULL, Object(Config\Cache), false)
#3 D:\OpenServer\domains\quanlydoanvien.kt.com\index.php(48): CodeIgniter\CodeIgniter->run()
#4 {main}
CRITICAL - 2022-12-19 10:25:34 --> Undefined variable: dropdown
#0 D:\OpenServer\domains\quanlydoanvien.kt.com\app\Views\backend\organization\branch\include\aside.php(12): CodeIgniter\Debug\Exceptions->errorHandler(8, 'Undefined varia...', 'D:\\OpenServer\\d...', 12, Array)
#1 D:\OpenServer\domains\quanlydoanvien.kt.com\vendor\codeigniter4\framework\system\View\View.php(246): include('D:\\OpenServer\\d...')
#2 D:\OpenServer\domains\quanlydoanvien.kt.com\vendor\codeigniter4\framework\system\Common.php(1119): CodeIgniter\View\View->render('backend/organiz...', Array, true)
#3 D:\OpenServer\domains\quanlydoanvien.kt.com\app\Views\backend\organization\branch\store.php(44): view('backend/organiz...')
#4 D:\OpenServer\domains\quanlydoanvien.kt.com\vendor\codeigniter4\framework\system\View\View.php(246): include('D:\\OpenServer\\d...')
#5 D:\OpenServer\domains\quanlydoanvien.kt.com\vendor\codeigniter4\framework\system\Common.php(1119): CodeIgniter\View\View->render('backend/organiz...', Array, true)
#6 D:\OpenServer\domains\quanlydoanvien.kt.com\app\Views\backend\dashboard\layout\home.php(47): view('backend/organiz...')
#7 D:\OpenServer\domains\quanlydoanvien.kt.com\vendor\codeigniter4\framework\system\View\View.php(246): include('D:\\OpenServer\\d...')
#8 D:\OpenServer\domains\quanlydoanvien.kt.com\vendor\codeigniter4\framework\system\Common.php(1119): CodeIgniter\View\View->render('backend/dashboa...', Array, true)
#9 D:\OpenServer\domains\quanlydoanvien.kt.com\app\Controllers\Backend\Organization\Branch.php(70): view('backend/dashboa...', Array)
#10 D:\OpenServer\domains\quanlydoanvien.kt.com\vendor\codeigniter4\framework\system\CodeIgniter.php(918): App\Controllers\Backend\Organization\Branch->create()
#11 D:\OpenServer\domains\quanlydoanvien.kt.com\vendor\codeigniter4\framework\system\CodeIgniter.php(404): CodeIgniter\CodeIgniter->runController(Object(App\Controllers\Backend\Organization\Branch))
#12 D:\OpenServer\domains\quanlydoanvien.kt.com\vendor\codeigniter4\framework\system\CodeIgniter.php(312): CodeIgniter\CodeIgniter->handleRequest(NULL, Object(Config\Cache), false)
#13 D:\OpenServer\domains\quanlydoanvien.kt.com\index.php(48): CodeIgniter\CodeIgniter->run()
#14 {main}
CRITICAL - 2022-12-19 10:31:37 --> Too few arguments to function App\Repositories\BaseRepository::getAllCatalogue(), 0 passed in D:\OpenServer\domains\quanlydoanvien.kt.com\app\Controllers\Backend\Organization\Branch.php on line 69 and exactly 1 expected
#0 D:\OpenServer\domains\quanlydoanvien.kt.com\app\Controllers\Backend\Organization\Branch.php(69): App\Repositories\BaseRepository->getAllCatalogue()
#1 D:\OpenServer\domains\quanlydoanvien.kt.com\vendor\codeigniter4\framework\system\CodeIgniter.php(918): App\Controllers\Backend\Organization\Branch->create()
#2 D:\OpenServer\domains\quanlydoanvien.kt.com\vendor\codeigniter4\framework\system\CodeIgniter.php(404): CodeIgniter\CodeIgniter->runController(Object(App\Controllers\Backend\Organization\Branch))
#3 D:\OpenServer\domains\quanlydoanvien.kt.com\vendor\codeigniter4\framework\system\CodeIgniter.php(312): CodeIgniter\CodeIgniter->handleRequest(NULL, Object(Config\Cache), false)
#4 D:\OpenServer\domains\quanlydoanvien.kt.com\index.php(48): CodeIgniter\CodeIgniter->run()
#5 {main}
CRITICAL - 2022-12-19 10:32:05 --> Too few arguments to function App\Repositories\BaseRepository::getAllCatalogue(), 0 passed in D:\OpenServer\domains\quanlydoanvien.kt.com\app\Controllers\Backend\Organization\Branch.php on line 69 and exactly 1 expected
#0 D:\OpenServer\domains\quanlydoanvien.kt.com\app\Controllers\Backend\Organization\Branch.php(69): App\Repositories\BaseRepository->getAllCatalogue()
#1 D:\OpenServer\domains\quanlydoanvien.kt.com\vendor\codeigniter4\framework\system\CodeIgniter.php(918): App\Controllers\Backend\Organization\Branch->create()
#2 D:\OpenServer\domains\quanlydoanvien.kt.com\vendor\codeigniter4\framework\system\CodeIgniter.php(404): CodeIgniter\CodeIgniter->runController(Object(App\Controllers\Backend\Organization\Branch))
#3 D:\OpenServer\domains\quanlydoanvien.kt.com\vendor\codeigniter4\framework\system\CodeIgniter.php(312): CodeIgniter\CodeIgniter->handleRequest(NULL, Object(Config\Cache), false)
#4 D:\OpenServer\domains\quanlydoanvien.kt.com\index.php(48): CodeIgniter\CodeIgniter->run()
#5 {main}
CRITICAL - 2022-12-19 10:32:06 --> Too few arguments to function App\Repositories\BaseRepository::getAllCatalogue(), 0 passed in D:\OpenServer\domains\quanlydoanvien.kt.com\app\Controllers\Backend\Organization\Branch.php on line 69 and exactly 1 expected
#0 D:\OpenServer\domains\quanlydoanvien.kt.com\app\Controllers\Backend\Organization\Branch.php(69): App\Repositories\BaseRepository->getAllCatalogue()
#1 D:\OpenServer\domains\quanlydoanvien.kt.com\vendor\codeigniter4\framework\system\CodeIgniter.php(918): App\Controllers\Backend\Organization\Branch->create()
#2 D:\OpenServer\domains\quanlydoanvien.kt.com\vendor\codeigniter4\framework\system\CodeIgniter.php(404): CodeIgniter\CodeIgniter->runController(Object(App\Controllers\Backend\Organization\Branch))
#3 D:\OpenServer\domains\quanlydoanvien.kt.com\vendor\codeigniter4\framework\system\CodeIgniter.php(312): CodeIgniter\CodeIgniter->handleRequest(NULL, Object(Config\Cache), false)
#4 D:\OpenServer\domains\quanlydoanvien.kt.com\index.php(48): CodeIgniter\CodeIgniter->run()
#5 {main}
CRITICAL - 2022-12-19 10:32:06 --> Too few arguments to function App\Repositories\BaseRepository::getAllCatalogue(), 0 passed in D:\OpenServer\domains\quanlydoanvien.kt.com\app\Controllers\Backend\Organization\Branch.php on line 69 and exactly 1 expected
#0 D:\OpenServer\domains\quanlydoanvien.kt.com\app\Controllers\Backend\Organization\Branch.php(69): App\Repositories\BaseRepository->getAllCatalogue()
#1 D:\OpenServer\domains\quanlydoanvien.kt.com\vendor\codeigniter4\framework\system\CodeIgniter.php(918): App\Controllers\Backend\Organization\Branch->create()
#2 D:\OpenServer\domains\quanlydoanvien.kt.com\vendor\codeigniter4\framework\system\CodeIgniter.php(404): CodeIgniter\CodeIgniter->runController(Object(App\Controllers\Backend\Organization\Branch))
#3 D:\OpenServer\domains\quanlydoanvien.kt.com\vendor\codeigniter4\framework\system\CodeIgniter.php(312): CodeIgniter\CodeIgniter->handleRequest(NULL, Object(Config\Cache), false)
#4 D:\OpenServer\domains\quanlydoanvien.kt.com\index.php(48): CodeIgniter\CodeIgniter->run()
#5 {main}
CRITICAL - 2022-12-19 10:32:07 --> Too few arguments to function App\Repositories\BaseRepository::getAllCatalogue(), 0 passed in D:\OpenServer\domains\quanlydoanvien.kt.com\app\Controllers\Backend\Organization\Branch.php on line 69 and exactly 1 expected
#0 D:\OpenServer\domains\quanlydoanvien.kt.com\app\Controllers\Backend\Organization\Branch.php(69): App\Repositories\BaseRepository->getAllCatalogue()
#1 D:\OpenServer\domains\quanlydoanvien.kt.com\vendor\codeigniter4\framework\system\CodeIgniter.php(918): App\Controllers\Backend\Organization\Branch->create()
#2 D:\OpenServer\domains\quanlydoanvien.kt.com\vendor\codeigniter4\framework\system\CodeIgniter.php(404): CodeIgniter\CodeIgniter->runController(Object(App\Controllers\Backend\Organization\Branch))
#3 D:\OpenServer\domains\quanlydoanvien.kt.com\vendor\codeigniter4\framework\system\CodeIgniter.php(312): CodeIgniter\CodeIgniter->handleRequest(NULL, Object(Config\Cache), false)
#4 D:\OpenServer\domains\quanlydoanvien.kt.com\index.php(48): CodeIgniter\CodeIgniter->run()
#5 {main}
CRITICAL - 2022-12-19 10:32:35 --> Too few arguments to function App\Repositories\BaseRepository::getAllCatalogue(), 0 passed in D:\OpenServer\domains\quanlydoanvien.kt.com\app\Controllers\Backend\Organization\Branch.php on line 69 and exactly 1 expected
#0 D:\OpenServer\domains\quanlydoanvien.kt.com\app\Controllers\Backend\Organization\Branch.php(69): App\Repositories\BaseRepository->getAllCatalogue()
#1 D:\OpenServer\domains\quanlydoanvien.kt.com\vendor\codeigniter4\framework\system\CodeIgniter.php(918): App\Controllers\Backend\Organization\Branch->create()
#2 D:\OpenServer\domains\quanlydoanvien.kt.com\vendor\codeigniter4\framework\system\CodeIgniter.php(404): CodeIgniter\CodeIgniter->runController(Object(App\Controllers\Backend\Organization\Branch))
#3 D:\OpenServer\domains\quanlydoanvien.kt.com\vendor\codeigniter4\framework\system\CodeIgniter.php(312): CodeIgniter\CodeIgniter->handleRequest(NULL, Object(Config\Cache), false)
#4 D:\OpenServer\domains\quanlydoanvien.kt.com\index.php(48): CodeIgniter\CodeIgniter->run()
#5 {main}
CRITICAL - 2022-12-19 10:32:36 --> Too few arguments to function App\Repositories\BaseRepository::getAllCatalogue(), 0 passed in D:\OpenServer\domains\quanlydoanvien.kt.com\app\Controllers\Backend\Organization\Branch.php on line 69 and exactly 1 expected
#0 D:\OpenServer\domains\quanlydoanvien.kt.com\app\Controllers\Backend\Organization\Branch.php(69): App\Repositories\BaseRepository->getAllCatalogue()
#1 D:\OpenServer\domains\quanlydoanvien.kt.com\vendor\codeigniter4\framework\system\CodeIgniter.php(918): App\Controllers\Backend\Organization\Branch->create()
#2 D:\OpenServer\domains\quanlydoanvien.kt.com\vendor\codeigniter4\framework\system\CodeIgniter.php(404): CodeIgniter\CodeIgniter->runController(Object(App\Controllers\Backend\Organization\Branch))
#3 D:\OpenServer\domains\quanlydoanvien.kt.com\vendor\codeigniter4\framework\system\CodeIgniter.php(312): CodeIgniter\CodeIgniter->handleRequest(NULL, Object(Config\Cache), false)
#4 D:\OpenServer\domains\quanlydoanvien.kt.com\index.php(48): CodeIgniter\CodeIgniter->run()
#5 {main}
CRITICAL - 2022-12-19 10:32:36 --> Too few arguments to function App\Repositories\BaseRepository::getAllCatalogue(), 0 passed in D:\OpenServer\domains\quanlydoanvien.kt.com\app\Controllers\Backend\Organization\Branch.php on line 69 and exactly 1 expected
#0 D:\OpenServer\domains\quanlydoanvien.kt.com\app\Controllers\Backend\Organization\Branch.php(69): App\Repositories\BaseRepository->getAllCatalogue()
#1 D:\OpenServer\domains\quanlydoanvien.kt.com\vendor\codeigniter4\framework\system\CodeIgniter.php(918): App\Controllers\Backend\Organization\Branch->create()
#2 D:\OpenServer\domains\quanlydoanvien.kt.com\vendor\codeigniter4\framework\system\CodeIgniter.php(404): CodeIgniter\CodeIgniter->runController(Object(App\Controllers\Backend\Organization\Branch))
#3 D:\OpenServer\domains\quanlydoanvien.kt.com\vendor\codeigniter4\framework\system\CodeIgniter.php(312): CodeIgniter\CodeIgniter->handleRequest(NULL, Object(Config\Cache), false)
#4 D:\OpenServer\domains\quanlydoanvien.kt.com\index.php(48): CodeIgniter\CodeIgniter->run()
#5 {main}
CRITICAL - 2022-12-19 10:33:47 --> Too few arguments to function App\Repositories\BaseRepository::getAllCatalogue(), 0 passed in D:\OpenServer\domains\quanlydoanvien.kt.com\app\Controllers\Backend\Organization\Branch.php on line 69 and exactly 1 expected
#0 D:\OpenServer\domains\quanlydoanvien.kt.com\app\Controllers\Backend\Organization\Branch.php(69): App\Repositories\BaseRepository->getAllCatalogue()
#1 D:\OpenServer\domains\quanlydoanvien.kt.com\vendor\codeigniter4\framework\system\CodeIgniter.php(918): App\Controllers\Backend\Organization\Branch->create()
#2 D:\OpenServer\domains\quanlydoanvien.kt.com\vendor\codeigniter4\framework\system\CodeIgniter.php(404): CodeIgniter\CodeIgniter->runController(Object(App\Controllers\Backend\Organization\Branch))
#3 D:\OpenServer\domains\quanlydoanvien.kt.com\vendor\codeigniter4\framework\system\CodeIgniter.php(312): CodeIgniter\CodeIgniter->handleRequest(NULL, Object(Config\Cache), false)
#4 D:\OpenServer\domains\quanlydoanvien.kt.com\index.php(48): CodeIgniter\CodeIgniter->run()
#5 {main}
CRITICAL - 2022-12-19 10:33:48 --> Too few arguments to function App\Repositories\BaseRepository::getAllCatalogue(), 0 passed in D:\OpenServer\domains\quanlydoanvien.kt.com\app\Controllers\Backend\Organization\Branch.php on line 69 and exactly 1 expected
#0 D:\OpenServer\domains\quanlydoanvien.kt.com\app\Controllers\Backend\Organization\Branch.php(69): App\Repositories\BaseRepository->getAllCatalogue()
#1 D:\OpenServer\domains\quanlydoanvien.kt.com\vendor\codeigniter4\framework\system\CodeIgniter.php(918): App\Controllers\Backend\Organization\Branch->create()
#2 D:\OpenServer\domains\quanlydoanvien.kt.com\vendor\codeigniter4\framework\system\CodeIgniter.php(404): CodeIgniter\CodeIgniter->runController(Object(App\Controllers\Backend\Organization\Branch))
#3 D:\OpenServer\domains\quanlydoanvien.kt.com\vendor\codeigniter4\framework\system\CodeIgniter.php(312): CodeIgniter\CodeIgniter->handleRequest(NULL, Object(Config\Cache), false)
#4 D:\OpenServer\domains\quanlydoanvien.kt.com\index.php(48): CodeIgniter\CodeIgniter->run()
#5 {main}
CRITICAL - 2022-12-19 10:33:48 --> Too few arguments to function App\Repositories\BaseRepository::getAllCatalogue(), 0 passed in D:\OpenServer\domains\quanlydoanvien.kt.com\app\Controllers\Backend\Organization\Branch.php on line 69 and exactly 1 expected
#0 D:\OpenServer\domains\quanlydoanvien.kt.com\app\Controllers\Backend\Organization\Branch.php(69): App\Repositories\BaseRepository->getAllCatalogue()
#1 D:\OpenServer\domains\quanlydoanvien.kt.com\vendor\codeigniter4\framework\system\CodeIgniter.php(918): App\Controllers\Backend\Organization\Branch->create()
#2 D:\OpenServer\domains\quanlydoanvien.kt.com\vendor\codeigniter4\framework\system\CodeIgniter.php(404): CodeIgniter\CodeIgniter->runController(Object(App\Controllers\Backend\Organization\Branch))
#3 D:\OpenServer\domains\quanlydoanvien.kt.com\vendor\codeigniter4\framework\system\CodeIgniter.php(312): CodeIgniter\CodeIgniter->handleRequest(NULL, Object(Config\Cache), false)
#4 D:\OpenServer\domains\quanlydoanvien.kt.com\index.php(48): CodeIgniter\CodeIgniter->run()
#5 {main}
CRITICAL - 2022-12-19 10:33:49 --> Too few arguments to function App\Repositories\BaseRepository::getAllCatalogue(), 0 passed in D:\OpenServer\domains\quanlydoanvien.kt.com\app\Controllers\Backend\Organization\Branch.php on line 69 and exactly 1 expected
#0 D:\OpenServer\domains\quanlydoanvien.kt.com\app\Controllers\Backend\Organization\Branch.php(69): App\Repositories\BaseRepository->getAllCatalogue()
#1 D:\OpenServer\domains\quanlydoanvien.kt.com\vendor\codeigniter4\framework\system\CodeIgniter.php(918): App\Controllers\Backend\Organization\Branch->create()
#2 D:\OpenServer\domains\quanlydoanvien.kt.com\vendor\codeigniter4\framework\system\CodeIgniter.php(404): CodeIgniter\CodeIgniter->runController(Object(App\Controllers\Backend\Organization\Branch))
#3 D:\OpenServer\domains\quanlydoanvien.kt.com\vendor\codeigniter4\framework\system\CodeIgniter.php(312): CodeIgniter\CodeIgniter->handleRequest(NULL, Object(Config\Cache), false)
#4 D:\OpenServer\domains\quanlydoanvien.kt.com\index.php(48): CodeIgniter\CodeIgniter->run()
#5 {main}
CRITICAL - 2022-12-19 10:33:49 --> Too few arguments to function App\Repositories\BaseRepository::getAllCatalogue(), 0 passed in D:\OpenServer\domains\quanlydoanvien.kt.com\app\Controllers\Backend\Organization\Branch.php on line 69 and exactly 1 expected
#0 D:\OpenServer\domains\quanlydoanvien.kt.com\app\Controllers\Backend\Organization\Branch.php(69): App\Repositories\BaseRepository->getAllCatalogue()
#1 D:\OpenServer\domains\quanlydoanvien.kt.com\vendor\codeigniter4\framework\system\CodeIgniter.php(918): App\Controllers\Backend\Organization\Branch->create()
#2 D:\OpenServer\domains\quanlydoanvien.kt.com\vendor\codeigniter4\framework\system\CodeIgniter.php(404): CodeIgniter\CodeIgniter->runController(Object(App\Controllers\Backend\Organization\Branch))
#3 D:\OpenServer\domains\quanlydoanvien.kt.com\vendor\codeigniter4\framework\system\CodeIgniter.php(312): CodeIgniter\CodeIgniter->handleRequest(NULL, Object(Config\Cache), false)
#4 D:\OpenServer\domains\quanlydoanvien.kt.com\index.php(48): CodeIgniter\CodeIgniter->run()
#5 {main}
CRITICAL - 2022-12-19 10:33:49 --> Too few arguments to function App\Repositories\BaseRepository::getAllCatalogue(), 0 passed in D:\OpenServer\domains\quanlydoanvien.kt.com\app\Controllers\Backend\Organization\Branch.php on line 69 and exactly 1 expected
#0 D:\OpenServer\domains\quanlydoanvien.kt.com\app\Controllers\Backend\Organization\Branch.php(69): App\Repositories\BaseRepository->getAllCatalogue()
#1 D:\OpenServer\domains\quanlydoanvien.kt.com\vendor\codeigniter4\framework\system\CodeIgniter.php(918): App\Controllers\Backend\Organization\Branch->create()
#2 D:\OpenServer\domains\quanlydoanvien.kt.com\vendor\codeigniter4\framework\system\CodeIgniter.php(404): CodeIgniter\CodeIgniter->runController(Object(App\Controllers\Backend\Organization\Branch))
#3 D:\OpenServer\domains\quanlydoanvien.kt.com\vendor\codeigniter4\framework\system\CodeIgniter.php(312): CodeIgniter\CodeIgniter->handleRequest(NULL, Object(Config\Cache), false)
#4 D:\OpenServer\domains\quanlydoanvien.kt.com\index.php(48): CodeIgniter\CodeIgniter->run()
#5 {main}
CRITICAL - 2022-12-19 10:33:50 --> Too few arguments to function App\Repositories\BaseRepository::getAllCatalogue(), 0 passed in D:\OpenServer\domains\quanlydoanvien.kt.com\app\Controllers\Backend\Organization\Branch.php on line 69 and exactly 1 expected
#0 D:\OpenServer\domains\quanlydoanvien.kt.com\app\Controllers\Backend\Organization\Branch.php(69): App\Repositories\BaseRepository->getAllCatalogue()
#1 D:\OpenServer\domains\quanlydoanvien.kt.com\vendor\codeigniter4\framework\system\CodeIgniter.php(918): App\Controllers\Backend\Organization\Branch->create()
#2 D:\OpenServer\domains\quanlydoanvien.kt.com\vendor\codeigniter4\framework\system\CodeIgniter.php(404): CodeIgniter\CodeIgniter->runController(Object(App\Controllers\Backend\Organization\Branch))
#3 D:\OpenServer\domains\quanlydoanvien.kt.com\vendor\codeigniter4\framework\system\CodeIgniter.php(312): CodeIgniter\CodeIgniter->handleRequest(NULL, Object(Config\Cache), false)
#4 D:\OpenServer\domains\quanlydoanvien.kt.com\index.php(48): CodeIgniter\CodeIgniter->run()
#5 {main}
CRITICAL - 2022-12-19 10:33:50 --> Too few arguments to function App\Repositories\BaseRepository::getAllCatalogue(), 0 passed in D:\OpenServer\domains\quanlydoanvien.kt.com\app\Controllers\Backend\Organization\Branch.php on line 69 and exactly 1 expected
#0 D:\OpenServer\domains\quanlydoanvien.kt.com\app\Controllers\Backend\Organization\Branch.php(69): App\Repositories\BaseRepository->getAllCatalogue()
#1 D:\OpenServer\domains\quanlydoanvien.kt.com\vendor\codeigniter4\framework\system\CodeIgniter.php(918): App\Controllers\Backend\Organization\Branch->create()
#2 D:\OpenServer\domains\quanlydoanvien.kt.com\vendor\codeigniter4\framework\system\CodeIgniter.php(404): CodeIgniter\CodeIgniter->runController(Object(App\Controllers\Backend\Organization\Branch))
#3 D:\OpenServer\domains\quanlydoanvien.kt.com\vendor\codeigniter4\framework\system\CodeIgniter.php(312): CodeIgniter\CodeIgniter->handleRequest(NULL, Object(Config\Cache), false)
#4 D:\OpenServer\domains\quanlydoanvien.kt.com\index.php(48): CodeIgniter\CodeIgniter->run()
#5 {main}
CRITICAL - 2022-12-19 10:33:51 --> Too few arguments to function App\Repositories\BaseRepository::getAllCatalogue(), 0 passed in D:\OpenServer\domains\quanlydoanvien.kt.com\app\Controllers\Backend\Organization\Branch.php on line 69 and exactly 1 expected
#0 D:\OpenServer\domains\quanlydoanvien.kt.com\app\Controllers\Backend\Organization\Branch.php(69): App\Repositories\BaseRepository->getAllCatalogue()
#1 D:\OpenServer\domains\quanlydoanvien.kt.com\vendor\codeigniter4\framework\system\CodeIgniter.php(918): App\Controllers\Backend\Organization\Branch->create()
#2 D:\OpenServer\domains\quanlydoanvien.kt.com\vendor\codeigniter4\framework\system\CodeIgniter.php(404): CodeIgniter\CodeIgniter->runController(Object(App\Controllers\Backend\Organization\Branch))
#3 D:\OpenServer\domains\quanlydoanvien.kt.com\vendor\codeigniter4\framework\system\CodeIgniter.php(312): CodeIgniter\CodeIgniter->handleRequest(NULL, Object(Config\Cache), false)
#4 D:\OpenServer\domains\quanlydoanvien.kt.com\index.php(48): CodeIgniter\CodeIgniter->run()
#5 {main}
CRITICAL - 2022-12-19 10:34:55 --> Declaration of App\Repositories\BaseRepository::getAllCatalogue() must be compatible with App\Repositories\Interfaces\BaseRepositoryInterface::getAllCatalogue(string $table)
#0 [internal function]: CodeIgniter\Debug\Exceptions->shutdownHandler()
#1 {main}
CRITICAL - 2022-12-19 10:35:07 --> Undefined variable: table
#0 D:\OpenServer\domains\quanlydoanvien.kt.com\app\Repositories\BaseRepository.php(139): CodeIgniter\Debug\Exceptions->errorHandler(8, 'Undefined varia...', 'D:\\OpenServer\\d...', 139, Array)
#1 D:\OpenServer\domains\quanlydoanvien.kt.com\app\Controllers\Backend\Organization\Branch.php(69): App\Repositories\BaseRepository->getAllCatalogue('faculties')
#2 D:\OpenServer\domains\quanlydoanvien.kt.com\vendor\codeigniter4\framework\system\CodeIgniter.php(918): App\Controllers\Backend\Organization\Branch->create()
#3 D:\OpenServer\domains\quanlydoanvien.kt.com\vendor\codeigniter4\framework\system\CodeIgniter.php(404): CodeIgniter\CodeIgniter->runController(Object(App\Controllers\Backend\Organization\Branch))
#4 D:\OpenServer\domains\quanlydoanvien.kt.com\vendor\codeigniter4\framework\system\CodeIgniter.php(312): CodeIgniter\CodeIgniter->handleRequest(NULL, Object(Config\Cache), false)
#5 D:\OpenServer\domains\quanlydoanvien.kt.com\index.php(48): CodeIgniter\CodeIgniter->run()
#6 {main}
CRITICAL - 2022-12-19 10:39:28 --> Use of undefined constant id - assumed 'id' (this will throw an Error in a future version of PHP)
#0 D:\OpenServer\domains\quanlydoanvien.kt.com\app\Controllers\Backend\Organization\Branch.php(74): CodeIgniter\Debug\Exceptions->errorHandler(2, 'Use of undefine...', 'D:\\OpenServer\\d...', 74, Array)
#1 D:\OpenServer\domains\quanlydoanvien.kt.com\vendor\codeigniter4\framework\system\CodeIgniter.php(918): App\Controllers\Backend\Organization\Branch->create()
#2 D:\OpenServer\domains\quanlydoanvien.kt.com\vendor\codeigniter4\framework\system\CodeIgniter.php(404): CodeIgniter\CodeIgniter->runController(Object(App\Controllers\Backend\Organization\Branch))
#3 D:\OpenServer\domains\quanlydoanvien.kt.com\vendor\codeigniter4\framework\system\CodeIgniter.php(312): CodeIgniter\CodeIgniter->handleRequest(NULL, Object(Config\Cache), false)
#4 D:\OpenServer\domains\quanlydoanvien.kt.com\index.php(48): CodeIgniter\CodeIgniter->run()
#5 {main}
CRITICAL - 2022-12-19 10:42:27 --> Use of undefined constant id - assumed 'id' (this will throw an Error in a future version of PHP)
#0 D:\OpenServer\domains\quanlydoanvien.kt.com\app\Controllers\Backend\Organization\Branch.php(74): CodeIgniter\Debug\Exceptions->errorHandler(2, 'Use of undefine...', 'D:\\OpenServer\\d...', 74, Array)
#1 D:\OpenServer\domains\quanlydoanvien.kt.com\vendor\codeigniter4\framework\system\CodeIgniter.php(918): App\Controllers\Backend\Organization\Branch->create()
#2 D:\OpenServer\domains\quanlydoanvien.kt.com\vendor\codeigniter4\framework\system\CodeIgniter.php(404): CodeIgniter\CodeIgniter->runController(Object(App\Controllers\Backend\Organization\Branch))
#3 D:\OpenServer\domains\quanlydoanvien.kt.com\vendor\codeigniter4\framework\system\CodeIgniter.php(312): CodeIgniter\CodeIgniter->handleRequest(NULL, Object(Config\Cache), false)
#4 D:\OpenServer\domains\quanlydoanvien.kt.com\index.php(48): CodeIgniter\CodeIgniter->run()
#5 {main}
CRITICAL - 2022-12-19 10:42:28 --> Use of undefined constant id - assumed 'id' (this will throw an Error in a future version of PHP)
#0 D:\OpenServer\domains\quanlydoanvien.kt.com\app\Controllers\Backend\Organization\Branch.php(74): CodeIgniter\Debug\Exceptions->errorHandler(2, 'Use of undefine...', 'D:\\OpenServer\\d...', 74, Array)
#1 D:\OpenServer\domains\quanlydoanvien.kt.com\vendor\codeigniter4\framework\system\CodeIgniter.php(918): App\Controllers\Backend\Organization\Branch->create()
#2 D:\OpenServer\domains\quanlydoanvien.kt.com\vendor\codeigniter4\framework\system\CodeIgniter.php(404): CodeIgniter\CodeIgniter->runController(Object(App\Controllers\Backend\Organization\Branch))
#3 D:\OpenServer\domains\quanlydoanvien.kt.com\vendor\codeigniter4\framework\system\CodeIgniter.php(312): CodeIgniter\CodeIgniter->handleRequest(NULL, Object(Config\Cache), false)
#4 D:\OpenServer\domains\quanlydoanvien.kt.com\index.php(48): CodeIgniter\CodeIgniter->run()
#5 {main}
CRITICAL - 2022-12-19 10:42:43 --> Illegal string offset 'id'
#0 D:\OpenServer\domains\quanlydoanvien.kt.com\app\Controllers\Backend\Organization\Branch.php(74): CodeIgniter\Debug\Exceptions->errorHandler(2, 'Illegal string ...', 'D:\\OpenServer\\d...', 74, Array)
#1 D:\OpenServer\domains\quanlydoanvien.kt.com\vendor\codeigniter4\framework\system\CodeIgniter.php(918): App\Controllers\Backend\Organization\Branch->create()
#2 D:\OpenServer\domains\quanlydoanvien.kt.com\vendor\codeigniter4\framework\system\CodeIgniter.php(404): CodeIgniter\CodeIgniter->runController(Object(App\Controllers\Backend\Organization\Branch))
#3 D:\OpenServer\domains\quanlydoanvien.kt.com\vendor\codeigniter4\framework\system\CodeIgniter.php(312): CodeIgniter\CodeIgniter->handleRequest(NULL, Object(Config\Cache), false)
#4 D:\OpenServer\domains\quanlydoanvien.kt.com\index.php(48): CodeIgniter\CodeIgniter->run()
#5 {main}
CRITICAL - 2022-12-19 10:42:44 --> Illegal string offset 'id'
#0 D:\OpenServer\domains\quanlydoanvien.kt.com\app\Controllers\Backend\Organization\Branch.php(74): CodeIgniter\Debug\Exceptions->errorHandler(2, 'Illegal string ...', 'D:\\OpenServer\\d...', 74, Array)
#1 D:\OpenServer\domains\quanlydoanvien.kt.com\vendor\codeigniter4\framework\system\CodeIgniter.php(918): App\Controllers\Backend\Organization\Branch->create()
#2 D:\OpenServer\domains\quanlydoanvien.kt.com\vendor\codeigniter4\framework\system\CodeIgniter.php(404): CodeIgniter\CodeIgniter->runController(Object(App\Controllers\Backend\Organization\Branch))
#3 D:\OpenServer\domains\quanlydoanvien.kt.com\vendor\codeigniter4\framework\system\CodeIgniter.php(312): CodeIgniter\CodeIgniter->handleRequest(NULL, Object(Config\Cache), false)
#4 D:\OpenServer\domains\quanlydoanvien.kt.com\index.php(48): CodeIgniter\CodeIgniter->run()
#5 {main}
CRITICAL - 2022-12-19 10:43:22 --> Undefined index: Lin chi on Khoa Cng ngh thng tin
#0 D:\OpenServer\domains\quanlydoanvien.kt.com\app\Controllers\Backend\Organization\Branch.php(74): CodeIgniter\Debug\Exceptions->errorHandler(8, 'Undefined index...', 'D:\\OpenServer\\d...', 74, Array)
#1 D:\OpenServer\domains\quanlydoanvien.kt.com\vendor\codeigniter4\framework\system\CodeIgniter.php(918): App\Controllers\Backend\Organization\Branch->create()
#2 D:\OpenServer\domains\quanlydoanvien.kt.com\vendor\codeigniter4\framework\system\CodeIgniter.php(404): CodeIgniter\CodeIgniter->runController(Object(App\Controllers\Backend\Organization\Branch))
#3 D:\OpenServer\domains\quanlydoanvien.kt.com\vendor\codeigniter4\framework\system\CodeIgniter.php(312): CodeIgniter\CodeIgniter->handleRequest(NULL, Object(Config\Cache), false)
#4 D:\OpenServer\domains\quanlydoanvien.kt.com\index.php(48): CodeIgniter\CodeIgniter->run()
#5 {main}
CRITICAL - 2022-12-19 10:43:23 --> Undefined index: Lin chi on Khoa Cng ngh thng tin
#0 D:\OpenServer\domains\quanlydoanvien.kt.com\app\Controllers\Backend\Organization\Branch.php(74): CodeIgniter\Debug\Exceptions->errorHandler(8, 'Undefined index...', 'D:\\OpenServer\\d...', 74, Array)
#1 D:\OpenServer\domains\quanlydoanvien.kt.com\vendor\codeigniter4\framework\system\CodeIgniter.php(918): App\Controllers\Backend\Organization\Branch->create()
#2 D:\OpenServer\domains\quanlydoanvien.kt.com\vendor\codeigniter4\framework\system\CodeIgniter.php(404): CodeIgniter\CodeIgniter->runController(Object(App\Controllers\Backend\Organization\Branch))
#3 D:\OpenServer\domains\quanlydoanvien.kt.com\vendor\codeigniter4\framework\system\CodeIgniter.php(312): CodeIgniter\CodeIgniter->handleRequest(NULL, Object(Config\Cache), false)
#4 D:\OpenServer\domains\quanlydoanvien.kt.com\index.php(48): CodeIgniter\CodeIgniter->run()
#5 {main}
CRITICAL - 2022-12-19 10:43:34 --> Undefined index: Lin chi on Khoa Cng ngh thng tin
#0 D:\OpenServer\domains\quanlydoanvien.kt.com\app\Controllers\Backend\Organization\Branch.php(74): CodeIgniter\Debug\Exceptions->errorHandler(8, 'Undefined index...', 'D:\\OpenServer\\d...', 74, Array)
#1 D:\OpenServer\domains\quanlydoanvien.kt.com\vendor\codeigniter4\framework\system\CodeIgniter.php(918): App\Controllers\Backend\Organization\Branch->create()
#2 D:\OpenServer\domains\quanlydoanvien.kt.com\vendor\codeigniter4\framework\system\CodeIgniter.php(404): CodeIgniter\CodeIgniter->runController(Object(App\Controllers\Backend\Organization\Branch))
#3 D:\OpenServer\domains\quanlydoanvien.kt.com\vendor\codeigniter4\framework\system\CodeIgniter.php(312): CodeIgniter\CodeIgniter->handleRequest(NULL, Object(Config\Cache), false)
#4 D:\OpenServer\domains\quanlydoanvien.kt.com\index.php(48): CodeIgniter\CodeIgniter->run()
#5 {main}
CRITICAL - 2022-12-19 10:50:52 --> Undefined property: App\Controllers\Backend\Organization\Branch::$facultyR
#0 D:\OpenServer\domains\quanlydoanvien.kt.com\app\Controllers\Backend\Organization\Branch.php(36): CodeIgniter\Debug\Exceptions->errorHandler(8, 'Undefined prope...', 'D:\\OpenServer\\d...', 36, Array)
#1 D:\OpenServer\domains\quanlydoanvien.kt.com\vendor\codeigniter4\framework\system\CodeIgniter.php(918): App\Controllers\Backend\Organization\Branch->index()
#2 D:\OpenServer\domains\quanlydoanvien.kt.com\vendor\codeigniter4\framework\system\CodeIgniter.php(404): CodeIgniter\CodeIgniter->runController(Object(App\Controllers\Backend\Organization\Branch))
#3 D:\OpenServer\domains\quanlydoanvien.kt.com\vendor\codeigniter4\framework\system\CodeIgniter.php(312): CodeIgniter\CodeIgniter->handleRequest(NULL, Object(Config\Cache), false)
#4 D:\OpenServer\domains\quanlydoanvien.kt.com\index.php(48): CodeIgniter\CodeIgniter->run()
#5 {main}
CRITICAL - 2022-12-19 10:56:47 --> Undefined property: App\Controllers\Backend\Organization\Branch::$facultyR
#0 D:\OpenServer\domains\quanlydoanvien.kt.com\app\Controllers\Backend\Organization\Branch.php(36): CodeIgniter\Debug\Exceptions->errorHandler(8, 'Undefined prope...', 'D:\\OpenServer\\d...', 36, Array)
#1 D:\OpenServer\domains\quanlydoanvien.kt.com\vendor\codeigniter4\framework\system\CodeIgniter.php(918): App\Controllers\Backend\Organization\Branch->index()
#2 D:\OpenServer\domains\quanlydoanvien.kt.com\vendor\codeigniter4\framework\system\CodeIgniter.php(404): CodeIgniter\CodeIgniter->runController(Object(App\Controllers\Backend\Organization\Branch))
#3 D:\OpenServer\domains\quanlydoanvien.kt.com\vendor\codeigniter4\framework\system\CodeIgniter.php(312): CodeIgniter\CodeIgniter->handleRequest(NULL, Object(Config\Cache), false)
#4 D:\OpenServer\domains\quanlydoanvien.kt.com\index.php(48): CodeIgniter\CodeIgniter->run()
#5 {main}
CRITICAL - 2022-12-19 11:05:31 --> Undefined variable: branch
#0 D:\OpenServer\domains\quanlydoanvien.kt.com\app\Services\BranchService.php(63): CodeIgniter\Debug\Exceptions->errorHandler(8, 'Undefined varia...', 'D:\\OpenServer\\d...', 63, Array)
#1 D:\OpenServer\domains\quanlydoanvien.kt.com\app\Controllers\Backend\Organization\Branch.php(35): App\Services\BranchService->paginate(1)
#2 D:\OpenServer\domains\quanlydoanvien.kt.com\vendor\codeigniter4\framework\system\CodeIgniter.php(918): App\Controllers\Backend\Organization\Branch->index()
#3 D:\OpenServer\domains\quanlydoanvien.kt.com\vendor\codeigniter4\framework\system\CodeIgniter.php(404): CodeIgniter\CodeIgniter->runController(Object(App\Controllers\Backend\Organization\Branch))
#4 D:\OpenServer\domains\quanlydoanvien.kt.com\vendor\codeigniter4\framework\system\CodeIgniter.php(312): CodeIgniter\CodeIgniter->handleRequest(NULL, Object(Config\Cache), false)
#5 D:\OpenServer\domains\quanlydoanvien.kt.com\index.php(48): CodeIgniter\CodeIgniter->run()
#6 {main}
CRITICAL - 2022-12-19 11:24:55 --> Call to undefined method App\Repositories\FacultyRepository::getCatalogue()
#0 D:\OpenServer\domains\quanlydoanvien.kt.com\vendor\codeigniter4\framework\system\CodeIgniter.php(918): App\Controllers\Backend\Organization\Branch->index()
#1 D:\OpenServer\domains\quanlydoanvien.kt.com\vendor\codeigniter4\framework\system\CodeIgniter.php(404): CodeIgniter\CodeIgniter->runController(Object(App\Controllers\Backend\Organization\Branch))
#2 D:\OpenServer\domains\quanlydoanvien.kt.com\vendor\codeigniter4\framework\system\CodeIgniter.php(312): CodeIgniter\CodeIgniter->handleRequest(NULL, Object(Config\Cache), false)
#3 D:\OpenServer\domains\quanlydoanvien.kt.com\index.php(48): CodeIgniter\CodeIgniter->run()
#4 {main}
CRITICAL - 2022-12-19 11:25:07 --> Undefined variable: dropdown
#0 D:\OpenServer\domains\quanlydoanvien.kt.com\app\Views\backend\article\article\include\filter.php(15): CodeIgniter\Debug\Exceptions->errorHandler(8, 'Undefined varia...', 'D:\\OpenServer\\d...', 15, Array)
#1 D:\OpenServer\domains\quanlydoanvien.kt.com\vendor\codeigniter4\framework\system\View\View.php(246): include('D:\\OpenServer\\d...')
#2 D:\OpenServer\domains\quanlydoanvien.kt.com\vendor\codeigniter4\framework\system\Common.php(1119): CodeIgniter\View\View->render('backend/article...', Array, true)
#3 D:\OpenServer\domains\quanlydoanvien.kt.com\app\Views\backend\organization\branch\index.php(21): view('backend/article...')
#4 D:\OpenServer\domains\quanlydoanvien.kt.com\vendor\codeigniter4\framework\system\View\View.php(246): include('D:\\OpenServer\\d...')
#5 D:\OpenServer\domains\quanlydoanvien.kt.com\vendor\codeigniter4\framework\system\Common.php(1119): CodeIgniter\View\View->render('backend/organiz...', Array, true)
#6 D:\OpenServer\domains\quanlydoanvien.kt.com\app\Views\backend\dashboard\layout\home.php(47): view('backend/organiz...')
#7 D:\OpenServer\domains\quanlydoanvien.kt.com\vendor\codeigniter4\framework\system\View\View.php(246): include('D:\\OpenServer\\d...')
#8 D:\OpenServer\domains\quanlydoanvien.kt.com\vendor\codeigniter4\framework\system\Common.php(1119): CodeIgniter\View\View->render('backend/dashboa...', Array, true)
#9 D:\OpenServer\domains\quanlydoanvien.kt.com\app\Controllers\Backend\Organization\Branch.php(41): view('backend/dashboa...', Array)
#10 D:\OpenServer\domains\quanlydoanvien.kt.com\vendor\codeigniter4\framework\system\CodeIgniter.php(918): App\Controllers\Backend\Organization\Branch->index()
#11 D:\OpenServer\domains\quanlydoanvien.kt.com\vendor\codeigniter4\framework\system\CodeIgniter.php(404): CodeIgniter\CodeIgniter->runController(Object(App\Controllers\Backend\Organization\Branch))
#12 D:\OpenServer\domains\quanlydoanvien.kt.com\vendor\codeigniter4\framework\system\CodeIgniter.php(312): CodeIgniter\CodeIgniter->handleRequest(NULL, Object(Config\Cache), false)
#13 D:\OpenServer\domains\quanlydoanvien.kt.com\index.php(48): CodeIgniter\CodeIgniter->run()
#14 {main}
CRITICAL - 2022-12-19 11:26:25 --> Undefined variable: dropdown
#0 D:\OpenServer\domains\quanlydoanvien.kt.com\app\Views\backend\article\article\include\filter.php(15): CodeIgniter\Debug\Exceptions->errorHandler(8, 'Undefined varia...', 'D:\\OpenServer\\d...', 15, Array)
#1 D:\OpenServer\domains\quanlydoanvien.kt.com\vendor\codeigniter4\framework\system\View\View.php(246): include('D:\\OpenServer\\d...')
#2 D:\OpenServer\domains\quanlydoanvien.kt.com\vendor\codeigniter4\framework\system\Common.php(1119): CodeIgniter\View\View->render('backend/article...', Array, true)
#3 D:\OpenServer\domains\quanlydoanvien.kt.com\app\Views\backend\organization\branch\index.php(21): view('backend/article...')
#4 D:\OpenServer\domains\quanlydoanvien.kt.com\vendor\codeigniter4\framework\system\View\View.php(246): include('D:\\OpenServer\\d...')
#5 D:\OpenServer\domains\quanlydoanvien.kt.com\vendor\codeigniter4\framework\system\Common.php(1119): CodeIgniter\View\View->render('backend/organiz...', Array, true)
#6 D:\OpenServer\domains\quanlydoanvien.kt.com\app\Views\backend\dashboard\layout\home.php(47): view('backend/organiz...')
#7 D:\OpenServer\domains\quanlydoanvien.kt.com\vendor\codeigniter4\framework\system\View\View.php(246): include('D:\\OpenServer\\d...')
#8 D:\OpenServer\domains\quanlydoanvien.kt.com\vendor\codeigniter4\framework\system\Common.php(1119): CodeIgniter\View\View->render('backend/dashboa...', Array, true)
#9 D:\OpenServer\domains\quanlydoanvien.kt.com\app\Controllers\Backend\Organization\Branch.php(41): view('backend/dashboa...', Array)
#10 D:\OpenServer\domains\quanlydoanvien.kt.com\vendor\codeigniter4\framework\system\CodeIgniter.php(918): App\Controllers\Backend\Organization\Branch->index()
#11 D:\OpenServer\domains\quanlydoanvien.kt.com\vendor\codeigniter4\framework\system\CodeIgniter.php(404): CodeIgniter\CodeIgniter->runController(Object(App\Controllers\Backend\Organization\Branch))
#12 D:\OpenServer\domains\quanlydoanvien.kt.com\vendor\codeigniter4\framework\system\CodeIgniter.php(312): CodeIgniter\CodeIgniter->handleRequest(NULL, Object(Config\Cache), false)
#13 D:\OpenServer\domains\quanlydoanvien.kt.com\index.php(48): CodeIgniter\CodeIgniter->run()
#14 {main}
CRITICAL - 2022-12-19 11:26:57 --> Undefined variable: dropdown
#0 D:\OpenServer\domains\quanlydoanvien.kt.com\app\Views\backend\article\article\include\filter.php(15): CodeIgniter\Debug\Exceptions->errorHandler(8, 'Undefined varia...', 'D:\\OpenServer\\d...', 15, Array)
#1 D:\OpenServer\domains\quanlydoanvien.kt.com\vendor\codeigniter4\framework\system\View\View.php(246): include('D:\\OpenServer\\d...')
#2 D:\OpenServer\domains\quanlydoanvien.kt.com\vendor\codeigniter4\framework\system\Common.php(1119): CodeIgniter\View\View->render('backend/article...', Array, true)
#3 D:\OpenServer\domains\quanlydoanvien.kt.com\app\Views\backend\organization\branch\index.php(21): view('backend/article...')
#4 D:\OpenServer\domains\quanlydoanvien.kt.com\vendor\codeigniter4\framework\system\View\View.php(246): include('D:\\OpenServer\\d...')
#5 D:\OpenServer\domains\quanlydoanvien.kt.com\vendor\codeigniter4\framework\system\Common.php(1119): CodeIgniter\View\View->render('backend/organiz...', Array, true)
#6 D:\OpenServer\domains\quanlydoanvien.kt.com\app\Views\backend\dashboard\layout\home.php(47): view('backend/organiz...')
#7 D:\OpenServer\domains\quanlydoanvien.kt.com\vendor\codeigniter4\framework\system\View\View.php(246): include('D:\\OpenServer\\d...')
#8 D:\OpenServer\domains\quanlydoanvien.kt.com\vendor\codeigniter4\framework\system\Common.php(1119): CodeIgniter\View\View->render('backend/dashboa...', Array, true)
#9 D:\OpenServer\domains\quanlydoanvien.kt.com\app\Controllers\Backend\Organization\Branch.php(41): view('backend/dashboa...', Array)
#10 D:\OpenServer\domains\quanlydoanvien.kt.com\vendor\codeigniter4\framework\system\CodeIgniter.php(918): App\Controllers\Backend\Organization\Branch->index()
#11 D:\OpenServer\domains\quanlydoanvien.kt.com\vendor\codeigniter4\framework\system\CodeIgniter.php(404): CodeIgniter\CodeIgniter->runController(Object(App\Controllers\Backend\Organization\Branch))
#12 D:\OpenServer\domains\quanlydoanvien.kt.com\vendor\codeigniter4\framework\system\CodeIgniter.php(312): CodeIgniter\CodeIgniter->handleRequest(NULL, Object(Config\Cache), false)
#13 D:\OpenServer\domains\quanlydoanvien.kt.com\index.php(48): CodeIgniter\CodeIgniter->run()
#14 {main}
CRITICAL - 2022-12-19 11:26:58 --> Undefined variable: dropdown
#0 D:\OpenServer\domains\quanlydoanvien.kt.com\app\Views\backend\article\article\include\filter.php(15): CodeIgniter\Debug\Exceptions->errorHandler(8, 'Undefined varia...', 'D:\\OpenServer\\d...', 15, Array)
#1 D:\OpenServer\domains\quanlydoanvien.kt.com\vendor\codeigniter4\framework\system\View\View.php(246): include('D:\\OpenServer\\d...')
#2 D:\OpenServer\domains\quanlydoanvien.kt.com\vendor\codeigniter4\framework\system\Common.php(1119): CodeIgniter\View\View->render('backend/article...', Array, true)
#3 D:\OpenServer\domains\quanlydoanvien.kt.com\app\Views\backend\organization\branch\index.php(21): view('backend/article...')
#4 D:\OpenServer\domains\quanlydoanvien.kt.com\vendor\codeigniter4\framework\system\View\View.php(246): include('D:\\OpenServer\\d...')
#5 D:\OpenServer\domains\quanlydoanvien.kt.com\vendor\codeigniter4\framework\system\Common.php(1119): CodeIgniter\View\View->render('backend/organiz...', Array, true)
#6 D:\OpenServer\domains\quanlydoanvien.kt.com\app\Views\backend\dashboard\layout\home.php(47): view('backend/organiz...')
#7 D:\OpenServer\domains\quanlydoanvien.kt.com\vendor\codeigniter4\framework\system\View\View.php(246): include('D:\\OpenServer\\d...')
#8 D:\OpenServer\domains\quanlydoanvien.kt.com\vendor\codeigniter4\framework\system\Common.php(1119): CodeIgniter\View\View->render('backend/dashboa...', Array, true)
#9 D:\OpenServer\domains\quanlydoanvien.kt.com\app\Controllers\Backend\Organization\Branch.php(41): view('backend/dashboa...', Array)
#10 D:\OpenServer\domains\quanlydoanvien.kt.com\vendor\codeigniter4\framework\system\CodeIgniter.php(918): App\Controllers\Backend\Organization\Branch->index()
#11 D:\OpenServer\domains\quanlydoanvien.kt.com\vendor\codeigniter4\framework\system\CodeIgniter.php(404): CodeIgniter\CodeIgniter->runController(Object(App\Controllers\Backend\Organization\Branch))
#12 D:\OpenServer\domains\quanlydoanvien.kt.com\vendor\codeigniter4\framework\system\CodeIgniter.php(312): CodeIgniter\CodeIgniter->handleRequest(NULL, Object(Config\Cache), false)
#13 D:\OpenServer\domains\quanlydoanvien.kt.com\index.php(48): CodeIgniter\CodeIgniter->run()
#14 {main}
CRITICAL - 2022-12-19 11:27:13 --> Undefined variable: dropdown
#0 D:\OpenServer\domains\quanlydoanvien.kt.com\app\Views\backend\article\article\include\filter.php(15): CodeIgniter\Debug\Exceptions->errorHandler(8, 'Undefined varia...', 'D:\\OpenServer\\d...', 15, Array)
#1 D:\OpenServer\domains\quanlydoanvien.kt.com\vendor\codeigniter4\framework\system\View\View.php(246): include('D:\\OpenServer\\d...')
#2 D:\OpenServer\domains\quanlydoanvien.kt.com\vendor\codeigniter4\framework\system\Common.php(1119): CodeIgniter\View\View->render('backend/article...', Array, true)
#3 D:\OpenServer\domains\quanlydoanvien.kt.com\app\Views\backend\organization\branch\index.php(21): view('backend/article...')
#4 D:\OpenServer\domains\quanlydoanvien.kt.com\vendor\codeigniter4\framework\system\View\View.php(246): include('D:\\OpenServer\\d...')
#5 D:\OpenServer\domains\quanlydoanvien.kt.com\vendor\codeigniter4\framework\system\Common.php(1119): CodeIgniter\View\View->render('backend/organiz...', Array, true)
#6 D:\OpenServer\domains\quanlydoanvien.kt.com\app\Views\backend\dashboard\layout\home.php(47): view('backend/organiz...')
#7 D:\OpenServer\domains\quanlydoanvien.kt.com\vendor\codeigniter4\framework\system\View\View.php(246): include('D:\\OpenServer\\d...')
#8 D:\OpenServer\domains\quanlydoanvien.kt.com\vendor\codeigniter4\framework\system\Common.php(1119): CodeIgniter\View\View->render('backend/dashboa...', Array, true)
#9 D:\OpenServer\domains\quanlydoanvien.kt.com\app\Controllers\Backend\Organization\Branch.php(41): view('backend/dashboa...', Array)
#10 D:\OpenServer\domains\quanlydoanvien.kt.com\vendor\codeigniter4\framework\system\CodeIgniter.php(918): App\Controllers\Backend\Organization\Branch->index()
#11 D:\OpenServer\domains\quanlydoanvien.kt.com\vendor\codeigniter4\framework\system\CodeIgniter.php(404): CodeIgniter\CodeIgniter->runController(Object(App\Controllers\Backend\Organization\Branch))
#12 D:\OpenServer\domains\quanlydoanvien.kt.com\vendor\codeigniter4\framework\system\CodeIgniter.php(312): CodeIgniter\CodeIgniter->handleRequest(NULL, Object(Config\Cache), false)
#13 D:\OpenServer\domains\quanlydoanvien.kt.com\index.php(48): CodeIgniter\CodeIgniter->run()
#14 {main}
CRITICAL - 2022-12-19 11:27:15 --> Undefined variable: dropdown
#0 D:\OpenServer\domains\quanlydoanvien.kt.com\app\Views\backend\article\article\include\filter.php(15): CodeIgniter\Debug\Exceptions->errorHandler(8, 'Undefined varia...', 'D:\\OpenServer\\d...', 15, Array)
#1 D:\OpenServer\domains\quanlydoanvien.kt.com\vendor\codeigniter4\framework\system\View\View.php(246): include('D:\\OpenServer\\d...')
#2 D:\OpenServer\domains\quanlydoanvien.kt.com\vendor\codeigniter4\framework\system\Common.php(1119): CodeIgniter\View\View->render('backend/article...', Array, true)
#3 D:\OpenServer\domains\quanlydoanvien.kt.com\app\Views\backend\organization\branch\index.php(21): view('backend/article...')
#4 D:\OpenServer\domains\quanlydoanvien.kt.com\vendor\codeigniter4\framework\system\View\View.php(246): include('D:\\OpenServer\\d...')
#5 D:\OpenServer\domains\quanlydoanvien.kt.com\vendor\codeigniter4\framework\system\Common.php(1119): CodeIgniter\View\View->render('backend/organiz...', Array, true)
#6 D:\OpenServer\domains\quanlydoanvien.kt.com\app\Views\backend\dashboard\layout\home.php(47): view('backend/organiz...')
#7 D:\OpenServer\domains\quanlydoanvien.kt.com\vendor\codeigniter4\framework\system\View\View.php(246): include('D:\\OpenServer\\d...')
#8 D:\OpenServer\domains\quanlydoanvien.kt.com\vendor\codeigniter4\framework\system\Common.php(1119): CodeIgniter\View\View->render('backend/dashboa...', Array, true)
#9 D:\OpenServer\domains\quanlydoanvien.kt.com\app\Controllers\Backend\Organization\Branch.php(41): view('backend/dashboa...', Array)
#10 D:\OpenServer\domains\quanlydoanvien.kt.com\vendor\codeigniter4\framework\system\CodeIgniter.php(918): App\Controllers\Backend\Organization\Branch->index()
#11 D:\OpenServer\domains\quanlydoanvien.kt.com\vendor\codeigniter4\framework\system\CodeIgniter.php(404): CodeIgniter\CodeIgniter->runController(Object(App\Controllers\Backend\Organization\Branch))
#12 D:\OpenServer\domains\quanlydoanvien.kt.com\vendor\codeigniter4\framework\system\CodeIgniter.php(312): CodeIgniter\CodeIgniter->handleRequest(NULL, Object(Config\Cache), false)
#13 D:\OpenServer\domains\quanlydoanvien.kt.com\index.php(48): CodeIgniter\CodeIgniter->run()
#14 {main}
CRITICAL - 2022-12-19 11:28:19 --> Undefined index: viewed
#0 D:\OpenServer\domains\quanlydoanvien.kt.com\app\Views\backend\organization\branch\include\table.php(37): CodeIgniter\Debug\Exceptions->errorHandler(8, 'Undefined index...', 'D:\\OpenServer\\d...', 37, Array)
#1 D:\OpenServer\domains\quanlydoanvien.kt.com\vendor\codeigniter4\framework\system\View\View.php(246): include('D:\\OpenServer\\d...')
#2 D:\OpenServer\domains\quanlydoanvien.kt.com\vendor\codeigniter4\framework\system\Common.php(1119): CodeIgniter\View\View->render('backend/organiz...', Array, true)
#3 D:\OpenServer\domains\quanlydoanvien.kt.com\app\Views\backend\organization\branch\index.php(22): view('backend/organiz...')
#4 D:\OpenServer\domains\quanlydoanvien.kt.com\vendor\codeigniter4\framework\system\View\View.php(246): include('D:\\OpenServer\\d...')
#5 D:\OpenServer\domains\quanlydoanvien.kt.com\vendor\codeigniter4\framework\system\Common.php(1119): CodeIgniter\View\View->render('backend/organiz...', Array, true)
#6 D:\OpenServer\domains\quanlydoanvien.kt.com\app\Views\backend\dashboard\layout\home.php(47): view('backend/organiz...')
#7 D:\OpenServer\domains\quanlydoanvien.kt.com\vendor\codeigniter4\framework\system\View\View.php(246): include('D:\\OpenServer\\d...')
#8 D:\OpenServer\domains\quanlydoanvien.kt.com\vendor\codeigniter4\framework\system\Common.php(1119): CodeIgniter\View\View->render('backend/dashboa...', Array, true)
#9 D:\OpenServer\domains\quanlydoanvien.kt.com\app\Controllers\Backend\Organization\Branch.php(41): view('backend/dashboa...', Array)
#10 D:\OpenServer\domains\quanlydoanvien.kt.com\vendor\codeigniter4\framework\system\CodeIgniter.php(918): App\Controllers\Backend\Organization\Branch->index()
#11 D:\OpenServer\domains\quanlydoanvien.kt.com\vendor\codeigniter4\framework\system\CodeIgniter.php(404): CodeIgniter\CodeIgniter->runController(Object(App\Controllers\Backend\Organization\Branch))
#12 D:\OpenServer\domains\quanlydoanvien.kt.com\vendor\codeigniter4\framework\system\CodeIgniter.php(312): CodeIgniter\CodeIgniter->handleRequest(NULL, Object(Config\Cache), false)
#13 D:\OpenServer\domains\quanlydoanvien.kt.com\index.php(48): CodeIgniter\CodeIgniter->run()
#14 {main}
CRITICAL - 2022-12-19 11:29:07 --> Undefined index: article_catalogue_id
#0 D:\OpenServer\domains\quanlydoanvien.kt.com\app\Views\backend\organization\branch\include\table.php(40): CodeIgniter\Debug\Exceptions->errorHandler(8, 'Undefined index...', 'D:\\OpenServer\\d...', 40, Array)
#1 D:\OpenServer\domains\quanlydoanvien.kt.com\vendor\codeigniter4\framework\system\View\View.php(246): include('D:\\OpenServer\\d...')
#2 D:\OpenServer\domains\quanlydoanvien.kt.com\vendor\codeigniter4\framework\system\Common.php(1119): CodeIgniter\View\View->render('backend/organiz...', Array, true)
#3 D:\OpenServer\domains\quanlydoanvien.kt.com\app\Views\backend\organization\branch\index.php(22): view('backend/organiz...')
#4 D:\OpenServer\domains\quanlydoanvien.kt.com\vendor\codeigniter4\framework\system\View\View.php(246): include('D:\\OpenServer\\d...')
#5 D:\OpenServer\domains\quanlydoanvien.kt.com\vendor\codeigniter4\framework\system\Common.php(1119): CodeIgniter\View\View->render('backend/organiz...', Array, true)
#6 D:\OpenServer\domains\quanlydoanvien.kt.com\app\Views\backend\dashboard\layout\home.php(47): view('backend/organiz...')
#7 D:\OpenServer\domains\quanlydoanvien.kt.com\vendor\codeigniter4\framework\system\View\View.php(246): include('D:\\OpenServer\\d...')
#8 D:\OpenServer\domains\quanlydoanvien.kt.com\vendor\codeigniter4\framework\system\Common.php(1119): CodeIgniter\View\View->render('backend/dashboa...', Array, true)
#9 D:\OpenServer\domains\quanlydoanvien.kt.com\app\Controllers\Backend\Organization\Branch.php(41): view('backend/dashboa...', Array)
#10 D:\OpenServer\domains\quanlydoanvien.kt.com\vendor\codeigniter4\framework\system\CodeIgniter.php(918): App\Controllers\Backend\Organization\Branch->index()
#11 D:\OpenServer\domains\quanlydoanvien.kt.com\vendor\codeigniter4\framework\system\CodeIgniter.php(404): CodeIgniter\CodeIgniter->runController(Object(App\Controllers\Backend\Organization\Branch))
#12 D:\OpenServer\domains\quanlydoanvien.kt.com\vendor\codeigniter4\framework\system\CodeIgniter.php(312): CodeIgniter\CodeIgniter->handleRequest(NULL, Object(Config\Cache), false)
#13 D:\OpenServer\domains\quanlydoanvien.kt.com\index.php(48): CodeIgniter\CodeIgniter->run()
#14 {main}
CRITICAL - 2022-12-19 11:30:17 --> Undefined index: order
#0 D:\OpenServer\domains\quanlydoanvien.kt.com\app\Views\backend\organization\branch\include\table.php(49): CodeIgniter\Debug\Exceptions->errorHandler(8, 'Undefined index...', 'D:\\OpenServer\\d...', 49, Array)
#1 D:\OpenServer\domains\quanlydoanvien.kt.com\vendor\codeigniter4\framework\system\View\View.php(246): include('D:\\OpenServer\\d...')
#2 D:\OpenServer\domains\quanlydoanvien.kt.com\vendor\codeigniter4\framework\system\Common.php(1119): CodeIgniter\View\View->render('backend/organiz...', Array, true)
#3 D:\OpenServer\domains\quanlydoanvien.kt.com\app\Views\backend\organization\branch\index.php(22): view('backend/organiz...')
#4 D:\OpenServer\domains\quanlydoanvien.kt.com\vendor\codeigniter4\framework\system\View\View.php(246): include('D:\\OpenServer\\d...')
#5 D:\OpenServer\domains\quanlydoanvien.kt.com\vendor\codeigniter4\framework\system\Common.php(1119): CodeIgniter\View\View->render('backend/organiz...', Array, true)
#6 D:\OpenServer\domains\quanlydoanvien.kt.com\app\Views\backend\dashboard\layout\home.php(47): view('backend/organiz...')
#7 D:\OpenServer\domains\quanlydoanvien.kt.com\vendor\codeigniter4\framework\system\View\View.php(246): include('D:\\OpenServer\\d...')
#8 D:\OpenServer\domains\quanlydoanvien.kt.com\vendor\codeigniter4\framework\system\Common.php(1119): CodeIgniter\View\View->render('backend/dashboa...', Array, true)
#9 D:\OpenServer\domains\quanlydoanvien.kt.com\app\Controllers\Backend\Organization\Branch.php(41): view('backend/dashboa...', Array)
#10 D:\OpenServer\domains\quanlydoanvien.kt.com\vendor\codeigniter4\framework\system\CodeIgniter.php(918): App\Controllers\Backend\Organization\Branch->index()
#11 D:\OpenServer\domains\quanlydoanvien.kt.com\vendor\codeigniter4\framework\system\CodeIgniter.php(404): CodeIgniter\CodeIgniter->runController(Object(App\Controllers\Backend\Organization\Branch))
#12 D:\OpenServer\domains\quanlydoanvien.kt.com\vendor\codeigniter4\framework\system\CodeIgniter.php(312): CodeIgniter\CodeIgniter->handleRequest(NULL, Object(Config\Cache), false)
#13 D:\OpenServer\domains\quanlydoanvien.kt.com\index.php(48): CodeIgniter\CodeIgniter->run()
#14 {main}
CRITICAL - 2022-12-19 11:39:25 --> Undefined variable: catalogue
#0 D:\OpenServer\domains\quanlydoanvien.kt.com\app\Controllers\Backend\Organization\Branch.php(38): CodeIgniter\Debug\Exceptions->errorHandler(8, 'Undefined varia...', 'D:\\OpenServer\\d...', 38, Array)
#1 D:\OpenServer\domains\quanlydoanvien.kt.com\vendor\codeigniter4\framework\system\CodeIgniter.php(918): App\Controllers\Backend\Organization\Branch->index()
#2 D:\OpenServer\domains\quanlydoanvien.kt.com\vendor\codeigniter4\framework\system\CodeIgniter.php(404): CodeIgniter\CodeIgniter->runController(Object(App\Controllers\Backend\Organization\Branch))
#3 D:\OpenServer\domains\quanlydoanvien.kt.com\vendor\codeigniter4\framework\system\CodeIgniter.php(312): CodeIgniter\CodeIgniter->handleRequest(NULL, Object(Config\Cache), false)
#4 D:\OpenServer\domains\quanlydoanvien.kt.com\index.php(48): CodeIgniter\CodeIgniter->run()
#5 {main}
CRITICAL - 2022-12-19 11:39:48 --> Undefined index: lft
#0 D:\OpenServer\domains\quanlydoanvien.kt.com\app\Services\BranchService.php(151): CodeIgniter\Debug\Exceptions->errorHandler(8, 'Undefined index...', 'D:\\OpenServer\\d...', 151, Array)
#1 D:\OpenServer\domains\quanlydoanvien.kt.com\app\Services\BranchService.php(50): App\Services\BranchService->query(Array)
#2 D:\OpenServer\domains\quanlydoanvien.kt.com\app\Controllers\Backend\Organization\Branch.php(35): App\Services\BranchService->paginate(1)
#3 D:\OpenServer\domains\quanlydoanvien.kt.com\vendor\codeigniter4\framework\system\CodeIgniter.php(918): App\Controllers\Backend\Organization\Branch->index()
#4 D:\OpenServer\domains\quanlydoanvien.kt.com\vendor\codeigniter4\framework\system\CodeIgniter.php(404): CodeIgniter\CodeIgniter->runController(Object(App\Controllers\Backend\Organization\Branch))
#5 D:\OpenServer\domains\quanlydoanvien.kt.com\vendor\codeigniter4\framework\system\CodeIgniter.php(312): CodeIgniter\CodeIgniter->handleRequest(NULL, Object(Config\Cache), false)
#6 D:\OpenServer\domains\quanlydoanvien.kt.com\index.php(48): CodeIgniter\CodeIgniter->run()
#7 {main}
CRITICAL - 2022-12-19 11:41:32 --> Undefined index: lft
#0 D:\OpenServer\domains\quanlydoanvien.kt.com\app\Services\BranchService.php(151): CodeIgniter\Debug\Exceptions->errorHandler(8, 'Undefined index...', 'D:\\OpenServer\\d...', 151, Array)
#1 D:\OpenServer\domains\quanlydoanvien.kt.com\app\Services\BranchService.php(50): App\Services\BranchService->query(Array)
#2 D:\OpenServer\domains\quanlydoanvien.kt.com\app\Controllers\Backend\Organization\Branch.php(35): App\Services\BranchService->paginate(1)
#3 D:\OpenServer\domains\quanlydoanvien.kt.com\vendor\codeigniter4\framework\system\CodeIgniter.php(918): App\Controllers\Backend\Organization\Branch->index()
#4 D:\OpenServer\domains\quanlydoanvien.kt.com\vendor\codeigniter4\framework\system\CodeIgniter.php(404): CodeIgniter\CodeIgniter->runController(Object(App\Controllers\Backend\Organization\Branch))
#5 D:\OpenServer\domains\quanlydoanvien.kt.com\vendor\codeigniter4\framework\system\CodeIgniter.php(312): CodeIgniter\CodeIgniter->handleRequest(NULL, Object(Config\Cache), false)
#6 D:\OpenServer\domains\quanlydoanvien.kt.com\index.php(48): CodeIgniter\CodeIgniter->run()
#7 {main}
CRITICAL - 2022-12-19 12:20:39 --> Call to undefined function App\Controllers\Backend\Organization\dropdown_no_language()
#0 D:\OpenServer\domains\quanlydoanvien.kt.com\vendor\codeigniter4\framework\system\CodeIgniter.php(918): App\Controllers\Backend\Organization\Branch->index()
#1 D:\OpenServer\domains\quanlydoanvien.kt.com\vendor\codeigniter4\framework\system\CodeIgniter.php(404): CodeIgniter\CodeIgniter->runController(Object(App\Controllers\Backend\Organization\Branch))
#2 D:\OpenServer\domains\quanlydoanvien.kt.com\vendor\codeigniter4\framework\system\CodeIgniter.php(312): CodeIgniter\CodeIgniter->handleRequest(NULL, Object(Config\Cache), false)
#3 D:\OpenServer\domains\quanlydoanvien.kt.com\index.php(48): CodeIgniter\CodeIgniter->run()
#4 {main}
CRITICAL - 2022-12-19 12:22:57 --> Call to undefined function App\Controllers\Backend\Organization\dropdown_no_language()
#0 D:\OpenServer\domains\quanlydoanvien.kt.com\vendor\codeigniter4\framework\system\CodeIgniter.php(918): App\Controllers\Backend\Organization\Branch->index()
#1 D:\OpenServer\domains\quanlydoanvien.kt.com\vendor\codeigniter4\framework\system\CodeIgniter.php(404): CodeIgniter\CodeIgniter->runController(Object(App\Controllers\Backend\Organization\Branch))
#2 D:\OpenServer\domains\quanlydoanvien.kt.com\vendor\codeigniter4\framework\system\CodeIgniter.php(312): CodeIgniter\CodeIgniter->handleRequest(NULL, Object(Config\Cache), false)
#3 D:\OpenServer\domains\quanlydoanvien.kt.com\index.php(48): CodeIgniter\CodeIgniter->run()
#4 {main}
CRITICAL - 2022-12-19 12:22:57 --> Call to undefined function App\Controllers\Backend\Organization\dropdown_no_language()
#0 D:\OpenServer\domains\quanlydoanvien.kt.com\vendor\codeigniter4\framework\system\CodeIgniter.php(918): App\Controllers\Backend\Organization\Branch->index()
#1 D:\OpenServer\domains\quanlydoanvien.kt.com\vendor\codeigniter4\framework\system\CodeIgniter.php(404): CodeIgniter\CodeIgniter->runController(Object(App\Controllers\Backend\Organization\Branch))
#2 D:\OpenServer\domains\quanlydoanvien.kt.com\vendor\codeigniter4\framework\system\CodeIgniter.php(312): CodeIgniter\CodeIgniter->handleRequest(NULL, Object(Config\Cache), false)
#3 D:\OpenServer\domains\quanlydoanvien.kt.com\index.php(48): CodeIgniter\CodeIgniter->run()
#4 {main}
CRITICAL - 2022-12-19 12:22:57 --> Call to undefined function App\Controllers\Backend\Organization\dropdown_no_language()
#0 D:\OpenServer\domains\quanlydoanvien.kt.com\vendor\codeigniter4\framework\system\CodeIgniter.php(918): App\Controllers\Backend\Organization\Branch->index()
#1 D:\OpenServer\domains\quanlydoanvien.kt.com\vendor\codeigniter4\framework\system\CodeIgniter.php(404): CodeIgniter\CodeIgniter->runController(Object(App\Controllers\Backend\Organization\Branch))
#2 D:\OpenServer\domains\quanlydoanvien.kt.com\vendor\codeigniter4\framework\system\CodeIgniter.php(312): CodeIgniter\CodeIgniter->handleRequest(NULL, Object(Config\Cache), false)
#3 D:\OpenServer\domains\quanlydoanvien.kt.com\index.php(48): CodeIgniter\CodeIgniter->run()
#4 {main}
CRITICAL - 2022-12-19 12:25:15 --> Call to undefined function App\Controllers\Backend\Organization\dropdown_no_language()
#0 D:\OpenServer\domains\quanlydoanvien.kt.com\vendor\codeigniter4\framework\system\CodeIgniter.php(918): App\Controllers\Backend\Organization\Branch->index()
#1 D:\OpenServer\domains\quanlydoanvien.kt.com\vendor\codeigniter4\framework\system\CodeIgniter.php(404): CodeIgniter\CodeIgniter->runController(Object(App\Controllers\Backend\Organization\Branch))
#2 D:\OpenServer\domains\quanlydoanvien.kt.com\vendor\codeigniter4\framework\system\CodeIgniter.php(312): CodeIgniter\CodeIgniter->handleRequest(NULL, Object(Config\Cache), false)
#3 D:\OpenServer\domains\quanlydoanvien.kt.com\index.php(48): CodeIgniter\CodeIgniter->run()
#4 {main}
CRITICAL - 2022-12-19 12:34:15 --> Call to a member function dropdown() on null
#0 D:\OpenServer\domains\quanlydoanvien.kt.com\vendor\codeigniter4\framework\system\CodeIgniter.php(918): App\Controllers\Backend\Organization\Branch->update(1)
#1 D:\OpenServer\domains\quanlydoanvien.kt.com\vendor\codeigniter4\framework\system\CodeIgniter.php(404): CodeIgniter\CodeIgniter->runController(Object(App\Controllers\Backend\Organization\Branch))
#2 D:\OpenServer\domains\quanlydoanvien.kt.com\vendor\codeigniter4\framework\system\CodeIgniter.php(312): CodeIgniter\CodeIgniter->handleRequest(NULL, Object(Config\Cache), false)
#3 D:\OpenServer\domains\quanlydoanvien.kt.com\index.php(48): CodeIgniter\CodeIgniter->run()
#4 {main}
CRITICAL - 2022-12-19 12:36:56 --> Undefined variable: article
#0 D:\OpenServer\domains\quanlydoanvien.kt.com\app\Views\backend\organization\branch\delete.php(6): CodeIgniter\Debug\Exceptions->errorHandler(8, 'Undefined varia...', 'D:\\OpenServer\\d...', 6, Array)
#1 D:\OpenServer\domains\quanlydoanvien.kt.com\vendor\codeigniter4\framework\system\View\View.php(246): include('D:\\OpenServer\\d...')
#2 D:\OpenServer\domains\quanlydoanvien.kt.com\vendor\codeigniter4\framework\system\Common.php(1119): CodeIgniter\View\View->render('backend/organiz...', Array, true)
#3 D:\OpenServer\domains\quanlydoanvien.kt.com\app\Views\backend\dashboard\layout\home.php(47): view('backend/organiz...')
#4 D:\OpenServer\domains\quanlydoanvien.kt.com\vendor\codeigniter4\framework\system\View\View.php(246): include('D:\\OpenServer\\d...')
#5 D:\OpenServer\domains\quanlydoanvien.kt.com\vendor\codeigniter4\framework\system\Common.php(1119): CodeIgniter\View\View->render('backend/dashboa...', Array, true)
#6 D:\OpenServer\domains\quanlydoanvien.kt.com\app\Controllers\Backend\Organization\Branch.php(143): view('backend/dashboa...', Array)
#7 D:\OpenServer\domains\quanlydoanvien.kt.com\vendor\codeigniter4\framework\system\CodeIgniter.php(918): App\Controllers\Backend\Organization\Branch->delete(1)
#8 D:\OpenServer\domains\quanlydoanvien.kt.com\vendor\codeigniter4\framework\system\CodeIgniter.php(404): CodeIgniter\CodeIgniter->runController(Object(App\Controllers\Backend\Organization\Branch))
#9 D:\OpenServer\domains\quanlydoanvien.kt.com\vendor\codeigniter4\framework\system\CodeIgniter.php(312): CodeIgniter\CodeIgniter->handleRequest(NULL, Object(Config\Cache), false)
#10 D:\OpenServer\domains\quanlydoanvien.kt.com\index.php(48): CodeIgniter\CodeIgniter->run()
#11 {main}
