CRITICAL - 2023-02-09 09:13:09 --> fopen(upload/users.xlsx): failed to open stream: Resource temporarily unavailable
#0 [internal function]: CodeIgniter\Debug\Exceptions->errorHandler(2, 'fopen(upload/us...', 'D:\\OpenServer\\d...', 123, Array)
#1 D:\OpenServer\domains\quanlydoanvien.kt.com\vendor\phpoffice\phpspreadsheet\src\PhpSpreadsheet\Writer\BaseWriter.php(123): fopen('upload/users.xl...', 'wb+')
#2 D:\OpenServer\domains\quanlydoanvien.kt.com\vendor\phpoffice\phpspreadsheet\src\PhpSpreadsheet\Writer\Xlsx.php(506): PhpOffice\PhpSpreadsheet\Writer\BaseWriter->openFileHandle('upload/users.xl...')
#3 D:\OpenServer\domains\quanlydoanvien.kt.com\app\Controllers\Ajax\User.php(150): PhpOffice\PhpSpreadsheet\Writer\Xlsx->save('upload/users.xl...')
#4 D:\OpenServer\domains\quanlydoanvien.kt.com\vendor\codeigniter4\framework\system\CodeIgniter.php(935): App\Controllers\Ajax\User->export_all()
#5 D:\OpenServer\domains\quanlydoanvien.kt.com\vendor\codeigniter4\framework\system\CodeIgniter.php(431): CodeIgniter\CodeIgniter->runController(Object(App\Controllers\Ajax\User))
#6 D:\OpenServer\domains\quanlydoanvien.kt.com\vendor\codeigniter4\framework\system\CodeIgniter.php(332): CodeIgniter\CodeIgniter->handleRequest(NULL, Object(Config\Cache), false)
#7 D:\OpenServer\domains\quanlydoanvien.kt.com\index.php(48): CodeIgniter\CodeIgniter->run()
#8 {main}
CRITICAL - 2023-02-09 10:41:22 --> fopen(upload/export-excel/users.xlsx): failed to open stream: No such file or directory
#0 [internal function]: CodeIgniter\Debug\Exceptions->errorHandler(2, 'fopen(upload/ex...', 'D:\\OpenServer\\d...', 123, Array)
#1 D:\OpenServer\domains\quanlydoanvien.kt.com\vendor\phpoffice\phpspreadsheet\src\PhpSpreadsheet\Writer\BaseWriter.php(123): fopen('upload/export-e...', 'wb+')
#2 D:\OpenServer\domains\quanlydoanvien.kt.com\vendor\phpoffice\phpspreadsheet\src\PhpSpreadsheet\Writer\Xlsx.php(506): PhpOffice\PhpSpreadsheet\Writer\BaseWriter->openFileHandle('upload/export-e...')
#3 D:\OpenServer\domains\quanlydoanvien.kt.com\app\Controllers\Ajax\User.php(150): PhpOffice\PhpSpreadsheet\Writer\Xlsx->save('upload/export-e...')
#4 D:\OpenServer\domains\quanlydoanvien.kt.com\vendor\codeigniter4\framework\system\CodeIgniter.php(935): App\Controllers\Ajax\User->export_all()
#5 D:\OpenServer\domains\quanlydoanvien.kt.com\vendor\codeigniter4\framework\system\CodeIgniter.php(431): CodeIgniter\CodeIgniter->runController(Object(App\Controllers\Ajax\User))
#6 D:\OpenServer\domains\quanlydoanvien.kt.com\vendor\codeigniter4\framework\system\CodeIgniter.php(332): CodeIgniter\CodeIgniter->handleRequest(NULL, Object(Config\Cache), false)
#7 D:\OpenServer\domains\quanlydoanvien.kt.com\index.php(48): CodeIgniter\CodeIgniter->run()
#8 {main}
CRITICAL - 2023-02-09 10:55:27 --> fopen(upload/export-excel/users.xlsx): failed to open stream: Resource temporarily unavailable
#0 [internal function]: CodeIgniter\Debug\Exceptions->errorHandler(2, 'fopen(upload/ex...', 'D:\\OpenServer\\d...', 123, Array)
#1 D:\OpenServer\domains\quanlydoanvien.kt.com\vendor\phpoffice\phpspreadsheet\src\PhpSpreadsheet\Writer\BaseWriter.php(123): fopen('upload/export-e...', 'wb+')
#2 D:\OpenServer\domains\quanlydoanvien.kt.com\vendor\phpoffice\phpspreadsheet\src\PhpSpreadsheet\Writer\Xlsx.php(506): PhpOffice\PhpSpreadsheet\Writer\BaseWriter->openFileHandle('upload/export-e...')
#3 D:\OpenServer\domains\quanlydoanvien.kt.com\app\Controllers\Ajax\User.php(150): PhpOffice\PhpSpreadsheet\Writer\Xlsx->save('upload/export-e...')
#4 D:\OpenServer\domains\quanlydoanvien.kt.com\vendor\codeigniter4\framework\system\CodeIgniter.php(935): App\Controllers\Ajax\User->export_all()
#5 D:\OpenServer\domains\quanlydoanvien.kt.com\vendor\codeigniter4\framework\system\CodeIgniter.php(431): CodeIgniter\CodeIgniter->runController(Object(App\Controllers\Ajax\User))
#6 D:\OpenServer\domains\quanlydoanvien.kt.com\vendor\codeigniter4\framework\system\CodeIgniter.php(332): CodeIgniter\CodeIgniter->handleRequest(NULL, Object(Config\Cache), false)
#7 D:\OpenServer\domains\quanlydoanvien.kt.com\index.php(48): CodeIgniter\CodeIgniter->run()
#8 {main}
CRITICAL - 2023-02-09 10:55:30 --> fopen(upload/export-excel/users.xlsx): failed to open stream: Resource temporarily unavailable
#0 [internal function]: CodeIgniter\Debug\Exceptions->errorHandler(2, 'fopen(upload/ex...', 'D:\\OpenServer\\d...', 123, Array)
#1 D:\OpenServer\domains\quanlydoanvien.kt.com\vendor\phpoffice\phpspreadsheet\src\PhpSpreadsheet\Writer\BaseWriter.php(123): fopen('upload/export-e...', 'wb+')
#2 D:\OpenServer\domains\quanlydoanvien.kt.com\vendor\phpoffice\phpspreadsheet\src\PhpSpreadsheet\Writer\Xlsx.php(506): PhpOffice\PhpSpreadsheet\Writer\BaseWriter->openFileHandle('upload/export-e...')
#3 D:\OpenServer\domains\quanlydoanvien.kt.com\app\Controllers\Ajax\User.php(150): PhpOffice\PhpSpreadsheet\Writer\Xlsx->save('upload/export-e...')
#4 D:\OpenServer\domains\quanlydoanvien.kt.com\vendor\codeigniter4\framework\system\CodeIgniter.php(935): App\Controllers\Ajax\User->export_all()
#5 D:\OpenServer\domains\quanlydoanvien.kt.com\vendor\codeigniter4\framework\system\CodeIgniter.php(431): CodeIgniter\CodeIgniter->runController(Object(App\Controllers\Ajax\User))
#6 D:\OpenServer\domains\quanlydoanvien.kt.com\vendor\codeigniter4\framework\system\CodeIgniter.php(332): CodeIgniter\CodeIgniter->handleRequest(NULL, Object(Config\Cache), false)
#7 D:\OpenServer\domains\quanlydoanvien.kt.com\index.php(48): CodeIgniter\CodeIgniter->run()
#8 {main}
CRITICAL - 2023-02-09 10:55:31 --> fopen(upload/export-excel/users.xlsx): failed to open stream: Resource temporarily unavailable
#0 [internal function]: CodeIgniter\Debug\Exceptions->errorHandler(2, 'fopen(upload/ex...', 'D:\\OpenServer\\d...', 123, Array)
#1 D:\OpenServer\domains\quanlydoanvien.kt.com\vendor\phpoffice\phpspreadsheet\src\PhpSpreadsheet\Writer\BaseWriter.php(123): fopen('upload/export-e...', 'wb+')
#2 D:\OpenServer\domains\quanlydoanvien.kt.com\vendor\phpoffice\phpspreadsheet\src\PhpSpreadsheet\Writer\Xlsx.php(506): PhpOffice\PhpSpreadsheet\Writer\BaseWriter->openFileHandle('upload/export-e...')
#3 D:\OpenServer\domains\quanlydoanvien.kt.com\app\Controllers\Ajax\User.php(150): PhpOffice\PhpSpreadsheet\Writer\Xlsx->save('upload/export-e...')
#4 D:\OpenServer\domains\quanlydoanvien.kt.com\vendor\codeigniter4\framework\system\CodeIgniter.php(935): App\Controllers\Ajax\User->export_all()
#5 D:\OpenServer\domains\quanlydoanvien.kt.com\vendor\codeigniter4\framework\system\CodeIgniter.php(431): CodeIgniter\CodeIgniter->runController(Object(App\Controllers\Ajax\User))
#6 D:\OpenServer\domains\quanlydoanvien.kt.com\vendor\codeigniter4\framework\system\CodeIgniter.php(332): CodeIgniter\CodeIgniter->handleRequest(NULL, Object(Config\Cache), false)
#7 D:\OpenServer\domains\quanlydoanvien.kt.com\index.php(48): CodeIgniter\CodeIgniter->run()
#8 {main}
CRITICAL - 2023-02-09 10:55:36 --> fopen(upload/export-excel/users.xlsx): failed to open stream: Resource temporarily unavailable
#0 [internal function]: CodeIgniter\Debug\Exceptions->errorHandler(2, 'fopen(upload/ex...', 'D:\\OpenServer\\d...', 123, Array)
#1 D:\OpenServer\domains\quanlydoanvien.kt.com\vendor\phpoffice\phpspreadsheet\src\PhpSpreadsheet\Writer\BaseWriter.php(123): fopen('upload/export-e...', 'wb+')
#2 D:\OpenServer\domains\quanlydoanvien.kt.com\vendor\phpoffice\phpspreadsheet\src\PhpSpreadsheet\Writer\Xlsx.php(506): PhpOffice\PhpSpreadsheet\Writer\BaseWriter->openFileHandle('upload/export-e...')
#3 D:\OpenServer\domains\quanlydoanvien.kt.com\app\Controllers\Ajax\User.php(150): PhpOffice\PhpSpreadsheet\Writer\Xlsx->save('upload/export-e...')
#4 D:\OpenServer\domains\quanlydoanvien.kt.com\vendor\codeigniter4\framework\system\CodeIgniter.php(935): App\Controllers\Ajax\User->export_all()
#5 D:\OpenServer\domains\quanlydoanvien.kt.com\vendor\codeigniter4\framework\system\CodeIgniter.php(431): CodeIgniter\CodeIgniter->runController(Object(App\Controllers\Ajax\User))
#6 D:\OpenServer\domains\quanlydoanvien.kt.com\vendor\codeigniter4\framework\system\CodeIgniter.php(332): CodeIgniter\CodeIgniter->handleRequest(NULL, Object(Config\Cache), false)
#7 D:\OpenServer\domains\quanlydoanvien.kt.com\index.php(48): CodeIgniter\CodeIgniter->run()
#8 {main}
CRITICAL - 2023-02-09 10:55:40 --> fopen(upload/export-excel/users.xlsx): failed to open stream: Resource temporarily unavailable
#0 [internal function]: CodeIgniter\Debug\Exceptions->errorHandler(2, 'fopen(upload/ex...', 'D:\\OpenServer\\d...', 123, Array)
#1 D:\OpenServer\domains\quanlydoanvien.kt.com\vendor\phpoffice\phpspreadsheet\src\PhpSpreadsheet\Writer\BaseWriter.php(123): fopen('upload/export-e...', 'wb+')
#2 D:\OpenServer\domains\quanlydoanvien.kt.com\vendor\phpoffice\phpspreadsheet\src\PhpSpreadsheet\Writer\Xlsx.php(506): PhpOffice\PhpSpreadsheet\Writer\BaseWriter->openFileHandle('upload/export-e...')
#3 D:\OpenServer\domains\quanlydoanvien.kt.com\app\Controllers\Ajax\User.php(150): PhpOffice\PhpSpreadsheet\Writer\Xlsx->save('upload/export-e...')
#4 D:\OpenServer\domains\quanlydoanvien.kt.com\vendor\codeigniter4\framework\system\CodeIgniter.php(935): App\Controllers\Ajax\User->export_all()
#5 D:\OpenServer\domains\quanlydoanvien.kt.com\vendor\codeigniter4\framework\system\CodeIgniter.php(431): CodeIgniter\CodeIgniter->runController(Object(App\Controllers\Ajax\User))
#6 D:\OpenServer\domains\quanlydoanvien.kt.com\vendor\codeigniter4\framework\system\CodeIgniter.php(332): CodeIgniter\CodeIgniter->handleRequest(NULL, Object(Config\Cache), false)
#7 D:\OpenServer\domains\quanlydoanvien.kt.com\index.php(48): CodeIgniter\CodeIgniter->run()
#8 {main}
CRITICAL - 2023-02-09 10:55:51 --> fopen(upload/export-excel/users.xlsx): failed to open stream: Resource temporarily unavailable
#0 [internal function]: CodeIgniter\Debug\Exceptions->errorHandler(2, 'fopen(upload/ex...', 'D:\\OpenServer\\d...', 123, Array)
#1 D:\OpenServer\domains\quanlydoanvien.kt.com\vendor\phpoffice\phpspreadsheet\src\PhpSpreadsheet\Writer\BaseWriter.php(123): fopen('upload/export-e...', 'wb+')
#2 D:\OpenServer\domains\quanlydoanvien.kt.com\vendor\phpoffice\phpspreadsheet\src\PhpSpreadsheet\Writer\Xlsx.php(506): PhpOffice\PhpSpreadsheet\Writer\BaseWriter->openFileHandle('upload/export-e...')
#3 D:\OpenServer\domains\quanlydoanvien.kt.com\app\Controllers\Ajax\User.php(150): PhpOffice\PhpSpreadsheet\Writer\Xlsx->save('upload/export-e...')
#4 D:\OpenServer\domains\quanlydoanvien.kt.com\vendor\codeigniter4\framework\system\CodeIgniter.php(935): App\Controllers\Ajax\User->export_all()
#5 D:\OpenServer\domains\quanlydoanvien.kt.com\vendor\codeigniter4\framework\system\CodeIgniter.php(431): CodeIgniter\CodeIgniter->runController(Object(App\Controllers\Ajax\User))
#6 D:\OpenServer\domains\quanlydoanvien.kt.com\vendor\codeigniter4\framework\system\CodeIgniter.php(332): CodeIgniter\CodeIgniter->handleRequest(NULL, Object(Config\Cache), false)
#7 D:\OpenServer\domains\quanlydoanvien.kt.com\index.php(48): CodeIgniter\CodeIgniter->run()
#8 {main}
CRITICAL - 2023-02-09 11:06:06 --> Array to string conversion
#0 D:\OpenServer\domains\quanlydoanvien.kt.com\app\Controllers\Ajax\User.php(108): CodeIgniter\Debug\Exceptions->errorHandler(8, 'Array to string...', 'D:\\OpenServer\\d...', 108, Array)
#1 D:\OpenServer\domains\quanlydoanvien.kt.com\vendor\codeigniter4\framework\system\CodeIgniter.php(935): App\Controllers\Ajax\User->export_all()
#2 D:\OpenServer\domains\quanlydoanvien.kt.com\vendor\codeigniter4\framework\system\CodeIgniter.php(431): CodeIgniter\CodeIgniter->runController(Object(App\Controllers\Ajax\User))
#3 D:\OpenServer\domains\quanlydoanvien.kt.com\vendor\codeigniter4\framework\system\CodeIgniter.php(332): CodeIgniter\CodeIgniter->handleRequest(NULL, Object(Config\Cache), false)
#4 D:\OpenServer\domains\quanlydoanvien.kt.com\index.php(48): CodeIgniter\CodeIgniter->run()
#5 {main}
CRITICAL - 2023-02-09 11:08:52 --> fopen(upload/export-excel/DanhSachDoanVien2023-02-10 00:08:52.xlsx): failed to open stream: No such file or directory
#0 [internal function]: CodeIgniter\Debug\Exceptions->errorHandler(2, 'fopen(upload/ex...', 'D:\\OpenServer\\d...', 123, Array)
#1 D:\OpenServer\domains\quanlydoanvien.kt.com\vendor\phpoffice\phpspreadsheet\src\PhpSpreadsheet\Writer\BaseWriter.php(123): fopen('upload/export-e...', 'wb+')
#2 D:\OpenServer\domains\quanlydoanvien.kt.com\vendor\phpoffice\phpspreadsheet\src\PhpSpreadsheet\Writer\Xlsx.php(506): PhpOffice\PhpSpreadsheet\Writer\BaseWriter->openFileHandle('upload/export-e...')
#3 D:\OpenServer\domains\quanlydoanvien.kt.com\app\Controllers\Ajax\User.php(149): PhpOffice\PhpSpreadsheet\Writer\Xlsx->save('upload/export-e...')
#4 D:\OpenServer\domains\quanlydoanvien.kt.com\vendor\codeigniter4\framework\system\CodeIgniter.php(935): App\Controllers\Ajax\User->export_all()
#5 D:\OpenServer\domains\quanlydoanvien.kt.com\vendor\codeigniter4\framework\system\CodeIgniter.php(431): CodeIgniter\CodeIgniter->runController(Object(App\Controllers\Ajax\User))
#6 D:\OpenServer\domains\quanlydoanvien.kt.com\vendor\codeigniter4\framework\system\CodeIgniter.php(332): CodeIgniter\CodeIgniter->handleRequest(NULL, Object(Config\Cache), false)
#7 D:\OpenServer\domains\quanlydoanvien.kt.com\index.php(48): CodeIgniter\CodeIgniter->run()
#8 {main}
CRITICAL - 2023-02-09 11:09:08 --> date() expects at least 1 parameter, 0 given
#0 [internal function]: CodeIgniter\Debug\Exceptions->errorHandler(2, 'date() expects ...', 'D:\\OpenServer\\d...', 107, Array)
#1 D:\OpenServer\domains\quanlydoanvien.kt.com\app\Controllers\Ajax\User.php(107): date()
#2 D:\OpenServer\domains\quanlydoanvien.kt.com\vendor\codeigniter4\framework\system\CodeIgniter.php(935): App\Controllers\Ajax\User->export_all()
#3 D:\OpenServer\domains\quanlydoanvien.kt.com\vendor\codeigniter4\framework\system\CodeIgniter.php(431): CodeIgniter\CodeIgniter->runController(Object(App\Controllers\Ajax\User))
#4 D:\OpenServer\domains\quanlydoanvien.kt.com\vendor\codeigniter4\framework\system\CodeIgniter.php(332): CodeIgniter\CodeIgniter->handleRequest(NULL, Object(Config\Cache), false)
#5 D:\OpenServer\domains\quanlydoanvien.kt.com\index.php(48): CodeIgniter\CodeIgniter->run()
#6 {main}
CRITICAL - 2023-02-09 11:10:57 --> Use of undefined constant his - assumed 'his' (this will throw an Error in a future version of PHP)
#0 D:\OpenServer\domains\quanlydoanvien.kt.com\app\Controllers\Ajax\User.php(107): CodeIgniter\Debug\Exceptions->errorHandler(2, 'Use of undefine...', 'D:\\OpenServer\\d...', 107, Array)
#1 D:\OpenServer\domains\quanlydoanvien.kt.com\vendor\codeigniter4\framework\system\CodeIgniter.php(935): App\Controllers\Ajax\User->export_all()
#2 D:\OpenServer\domains\quanlydoanvien.kt.com\vendor\codeigniter4\framework\system\CodeIgniter.php(431): CodeIgniter\CodeIgniter->runController(Object(App\Controllers\Ajax\User))
#3 D:\OpenServer\domains\quanlydoanvien.kt.com\vendor\codeigniter4\framework\system\CodeIgniter.php(332): CodeIgniter\CodeIgniter->handleRequest(NULL, Object(Config\Cache), false)
#4 D:\OpenServer\domains\quanlydoanvien.kt.com\index.php(48): CodeIgniter\CodeIgniter->run()
#5 {main}
CRITICAL - 2023-02-09 11:11:05 --> Use of undefined constant d - assumed 'd' (this will throw an Error in a future version of PHP)
#0 D:\OpenServer\domains\quanlydoanvien.kt.com\app\Controllers\Ajax\User.php(107): CodeIgniter\Debug\Exceptions->errorHandler(2, 'Use of undefine...', 'D:\\OpenServer\\d...', 107, Array)
#1 D:\OpenServer\domains\quanlydoanvien.kt.com\vendor\codeigniter4\framework\system\CodeIgniter.php(935): App\Controllers\Ajax\User->export_all()
#2 D:\OpenServer\domains\quanlydoanvien.kt.com\vendor\codeigniter4\framework\system\CodeIgniter.php(431): CodeIgniter\CodeIgniter->runController(Object(App\Controllers\Ajax\User))
#3 D:\OpenServer\domains\quanlydoanvien.kt.com\vendor\codeigniter4\framework\system\CodeIgniter.php(332): CodeIgniter\CodeIgniter->handleRequest(NULL, Object(Config\Cache), false)
#4 D:\OpenServer\domains\quanlydoanvien.kt.com\index.php(48): CodeIgniter\CodeIgniter->run()
#5 {main}
