CRITICAL - 2022-09-14 02:26:43 --> Interface 'App\Repositories\Interfaces\ArticleCatalogueRepositoryInterface' not found
#0 [internal function]: CodeIgniter\Debug\Exceptions->shutdownHandler()
#1 {main}
CRITICAL - 2022-09-14 02:44:39 --> Declaration of App\Repositories\BaseRepository::count(array $where, array $relation) must be compatible with App\Repositories\Interfaces\BaseRepositoryInterface::count()
#0 [internal function]: CodeIgniter\Debug\Exceptions->shutdownHandler()
#1 {main}
CRITICAL - 2022-09-14 02:57:03 --> syntax error, unexpected 'return' (T_RETURN), expecting ';'
#0 E:\OpenServerPanel\domains\cicore.com\vendor\codeigniter4\framework\system\Autoloader\Autoloader.php(296): CodeIgniter\Autoloader\Autoloader->requireFile('E:\\OpenServerPa...')
#1 E:\OpenServerPanel\domains\cicore.com\vendor\codeigniter4\framework\system\Autoloader\Autoloader.php(258): CodeIgniter\Autoloader\Autoloader->loadInNamespace('App\\Repositorie...')
#2 [internal function]: CodeIgniter\Autoloader\Autoloader->loadClass('App\\Repositorie...')
#3 E:\OpenServerPanel\domains\cicore.com\app\Repositories\ArticleCatalogueRepository.php(6): spl_autoload_call('App\\Repositorie...')
#4 E:\OpenServerPanel\domains\cicore.com\vendor\codeigniter4\framework\system\Autoloader\Autoloader.php(365): require_once('E:\\OpenServerPa...')
#5 E:\OpenServerPanel\domains\cicore.com\vendor\codeigniter4\framework\system\Autoloader\Autoloader.php(296): CodeIgniter\Autoloader\Autoloader->requireFile('E:\\OpenServerPa...')
#6 E:\OpenServerPanel\domains\cicore.com\vendor\codeigniter4\framework\system\Autoloader\Autoloader.php(258): CodeIgniter\Autoloader\Autoloader->loadInNamespace('App\\Repositorie...')
#7 [internal function]: CodeIgniter\Autoloader\Autoloader->loadClass('App\\Repositorie...')
#8 E:\OpenServerPanel\domains\cicore.com\app\Config\Services.php(40): spl_autoload_call('App\\Repositorie...')
#9 E:\OpenServerPanel\domains\cicore.com\vendor\codeigniter4\framework\system\Config\BaseService.php(123): Config\Services::ArticleCatalogueRepository('article_catalog...', false)
#10 E:\OpenServerPanel\domains\cicore.com\app\Config\Services.php(37): CodeIgniter\Config\BaseService::getSharedInstance('articlecatalogu...', 'article_catalog...')
#11 E:\OpenServerPanel\domains\cicore.com\vendor\codeigniter4\framework\system\Common.php(957): Config\Services::ArticleCatalogueRepository('article_catalog...')
#12 E:\OpenServerPanel\domains\cicore.com\app\Services\ArticleCatalogueService.php(28): service('ArticleCatalogu...', 'article_catalog...')
#13 E:\OpenServerPanel\domains\cicore.com\app\Config\Services.php(30): App\Services\ArticleCatalogueService->__construct(Array)
#14 E:\OpenServerPanel\domains\cicore.com\vendor\codeigniter4\framework\system\Config\BaseService.php(123): Config\Services::ArticleCatalogueService(Array, false)
#15 E:\OpenServerPanel\domains\cicore.com\app\Config\Services.php(27): CodeIgniter\Config\BaseService::getSharedInstance('articlecatalogu...', Array)
#16 E:\OpenServerPanel\domains\cicore.com\vendor\codeigniter4\framework\system\Common.php(957): Config\Services::ArticleCatalogueService(Array)
#17 E:\OpenServerPanel\domains\cicore.com\app\Controllers\Backend\Article\Catalogue.php(21): service('ArticleCatalogu...', Array)
#18 E:\OpenServerPanel\domains\cicore.com\vendor\codeigniter4\framework\system\CodeIgniter.php(890): App\Controllers\Backend\Article\Catalogue->__construct()
#19 E:\OpenServerPanel\domains\cicore.com\vendor\codeigniter4\framework\system\CodeIgniter.php(399): CodeIgniter\CodeIgniter->createController()
#20 E:\OpenServerPanel\domains\cicore.com\vendor\codeigniter4\framework\system\CodeIgniter.php(312): CodeIgniter\CodeIgniter->handleRequest(NULL, Object(Config\Cache), false)
#21 E:\OpenServerPanel\domains\cicore.com\index.php(48): CodeIgniter\CodeIgniter->run()
#22 {main}
CRITICAL - 2022-09-14 02:57:10 --> syntax error, unexpected ','
#0 E:\OpenServerPanel\domains\cicore.com\vendor\codeigniter4\framework\system\Autoloader\Autoloader.php(296): CodeIgniter\Autoloader\Autoloader->requireFile('E:\\OpenServerPa...')
#1 E:\OpenServerPanel\domains\cicore.com\vendor\codeigniter4\framework\system\Autoloader\Autoloader.php(258): CodeIgniter\Autoloader\Autoloader->loadInNamespace('App\\Repositorie...')
#2 [internal function]: CodeIgniter\Autoloader\Autoloader->loadClass('App\\Repositorie...')
#3 E:\OpenServerPanel\domains\cicore.com\app\Repositories\ArticleCatalogueRepository.php(6): spl_autoload_call('App\\Repositorie...')
#4 E:\OpenServerPanel\domains\cicore.com\vendor\codeigniter4\framework\system\Autoloader\Autoloader.php(365): require_once('E:\\OpenServerPa...')
#5 E:\OpenServerPanel\domains\cicore.com\vendor\codeigniter4\framework\system\Autoloader\Autoloader.php(296): CodeIgniter\Autoloader\Autoloader->requireFile('E:\\OpenServerPa...')
#6 E:\OpenServerPanel\domains\cicore.com\vendor\codeigniter4\framework\system\Autoloader\Autoloader.php(258): CodeIgniter\Autoloader\Autoloader->loadInNamespace('App\\Repositorie...')
#7 [internal function]: CodeIgniter\Autoloader\Autoloader->loadClass('App\\Repositorie...')
#8 E:\OpenServerPanel\domains\cicore.com\app\Config\Services.php(40): spl_autoload_call('App\\Repositorie...')
#9 E:\OpenServerPanel\domains\cicore.com\vendor\codeigniter4\framework\system\Config\BaseService.php(123): Config\Services::ArticleCatalogueRepository('article_catalog...', false)
#10 E:\OpenServerPanel\domains\cicore.com\app\Config\Services.php(37): CodeIgniter\Config\BaseService::getSharedInstance('articlecatalogu...', 'article_catalog...')
#11 E:\OpenServerPanel\domains\cicore.com\vendor\codeigniter4\framework\system\Common.php(957): Config\Services::ArticleCatalogueRepository('article_catalog...')
#12 E:\OpenServerPanel\domains\cicore.com\app\Services\ArticleCatalogueService.php(28): service('ArticleCatalogu...', 'article_catalog...')
#13 E:\OpenServerPanel\domains\cicore.com\app\Config\Services.php(30): App\Services\ArticleCatalogueService->__construct(Array)
#14 E:\OpenServerPanel\domains\cicore.com\vendor\codeigniter4\framework\system\Config\BaseService.php(123): Config\Services::ArticleCatalogueService(Array, false)
#15 E:\OpenServerPanel\domains\cicore.com\app\Config\Services.php(27): CodeIgniter\Config\BaseService::getSharedInstance('articlecatalogu...', Array)
#16 E:\OpenServerPanel\domains\cicore.com\vendor\codeigniter4\framework\system\Common.php(957): Config\Services::ArticleCatalogueService(Array)
#17 E:\OpenServerPanel\domains\cicore.com\app\Controllers\Backend\Article\Catalogue.php(21): service('ArticleCatalogu...', Array)
#18 E:\OpenServerPanel\domains\cicore.com\vendor\codeigniter4\framework\system\CodeIgniter.php(890): App\Controllers\Backend\Article\Catalogue->__construct()
#19 E:\OpenServerPanel\domains\cicore.com\vendor\codeigniter4\framework\system\CodeIgniter.php(399): CodeIgniter\CodeIgniter->createController()
#20 E:\OpenServerPanel\domains\cicore.com\vendor\codeigniter4\framework\system\CodeIgniter.php(312): CodeIgniter\CodeIgniter->handleRequest(NULL, Object(Config\Cache), false)
#21 E:\OpenServerPanel\domains\cicore.com\index.php(48): CodeIgniter\CodeIgniter->run()
#22 {main}
CRITICAL - 2022-09-14 02:57:18 --> Declaration of App\Repositories\BaseRepository::count(array $where, array $relation, string $keyword) must be compatible with App\Repositories\Interfaces\BaseRepositoryInterface::count(array $where, array $relation)
#0 [internal function]: CodeIgniter\Debug\Exceptions->shutdownHandler()
#1 {main}
CRITICAL - 2022-09-14 02:57:32 --> Declaration of App\Repositories\BaseRepository::pagination(array $where, array $relation, string $select, array $config, int $page, string $keyword) must be compatible with App\Repositories\Interfaces\BaseRepositoryInterface::pagination(array $where, array $relation, string $select, array $config, int $page)
#0 [internal function]: CodeIgniter\Debug\Exceptions->shutdownHandler()
#1 {main}
CRITICAL - 2022-09-14 02:57:33 --> Declaration of App\Repositories\BaseRepository::pagination(array $where, array $relation, string $select, array $config, int $page, string $keyword) must be compatible with App\Repositories\Interfaces\BaseRepositoryInterface::pagination(array $where, array $relation, string $select, array $config, int $page)
#0 [internal function]: CodeIgniter\Debug\Exceptions->shutdownHandler()
#1 {main}
CRITICAL - 2022-09-14 02:58:13 --> Undefined variable: where
#0 E:\OpenServerPanel\domains\cicore.com\app\Services\ArticleCatalogueService.php(60): CodeIgniter\Debug\Exceptions->errorHandler(8, 'Undefined varia...', 'E:\\OpenServerPa...', 60, Array)
#1 E:\OpenServerPanel\domains\cicore.com\app\Controllers\Backend\Article\Catalogue.php(36): App\Services\ArticleCatalogueService->pagination(1)
#2 E:\OpenServerPanel\domains\cicore.com\vendor\codeigniter4\framework\system\CodeIgniter.php(918): App\Controllers\Backend\Article\Catalogue->index()
#3 E:\OpenServerPanel\domains\cicore.com\vendor\codeigniter4\framework\system\CodeIgniter.php(404): CodeIgniter\CodeIgniter->runController(Object(App\Controllers\Backend\Article\Catalogue))
#4 E:\OpenServerPanel\domains\cicore.com\vendor\codeigniter4\framework\system\CodeIgniter.php(312): CodeIgniter\CodeIgniter->handleRequest(NULL, Object(Config\Cache), false)
#5 E:\OpenServerPanel\domains\cicore.com\index.php(48): CodeIgniter\CodeIgniter->run()
#6 {main}
CRITICAL - 2022-09-14 02:58:36 --> Too few arguments to function App\Repositories\BaseRepository::count(), 2 passed in E:\OpenServerPanel\domains\cicore.com\app\Services\ArticleCatalogueService.php on line 61 and exactly 3 expected
#0 E:\OpenServerPanel\domains\cicore.com\app\Services\ArticleCatalogueService.php(61): App\Repositories\BaseRepository->count(Array, Array)
#1 E:\OpenServerPanel\domains\cicore.com\app\Controllers\Backend\Article\Catalogue.php(36): App\Services\ArticleCatalogueService->pagination(1)
#2 E:\OpenServerPanel\domains\cicore.com\vendor\codeigniter4\framework\system\CodeIgniter.php(918): App\Controllers\Backend\Article\Catalogue->index()
#3 E:\OpenServerPanel\domains\cicore.com\vendor\codeigniter4\framework\system\CodeIgniter.php(404): CodeIgniter\CodeIgniter->runController(Object(App\Controllers\Backend\Article\Catalogue))
#4 E:\OpenServerPanel\domains\cicore.com\vendor\codeigniter4\framework\system\CodeIgniter.php(312): CodeIgniter\CodeIgniter->handleRequest(NULL, Object(Config\Cache), false)
#5 E:\OpenServerPanel\domains\cicore.com\index.php(48): CodeIgniter\CodeIgniter->run()
#6 {main}
CRITICAL - 2022-09-14 02:58:37 --> Too few arguments to function App\Repositories\BaseRepository::count(), 2 passed in E:\OpenServerPanel\domains\cicore.com\app\Services\ArticleCatalogueService.php on line 61 and exactly 3 expected
#0 E:\OpenServerPanel\domains\cicore.com\app\Services\ArticleCatalogueService.php(61): App\Repositories\BaseRepository->count(Array, Array)
#1 E:\OpenServerPanel\domains\cicore.com\app\Controllers\Backend\Article\Catalogue.php(36): App\Services\ArticleCatalogueService->pagination(1)
#2 E:\OpenServerPanel\domains\cicore.com\vendor\codeigniter4\framework\system\CodeIgniter.php(918): App\Controllers\Backend\Article\Catalogue->index()
#3 E:\OpenServerPanel\domains\cicore.com\vendor\codeigniter4\framework\system\CodeIgniter.php(404): CodeIgniter\CodeIgniter->runController(Object(App\Controllers\Backend\Article\Catalogue))
#4 E:\OpenServerPanel\domains\cicore.com\vendor\codeigniter4\framework\system\CodeIgniter.php(312): CodeIgniter\CodeIgniter->handleRequest(NULL, Object(Config\Cache), false)
#5 E:\OpenServerPanel\domains\cicore.com\index.php(48): CodeIgniter\CodeIgniter->run()
#6 {main}
CRITICAL - 2022-09-14 02:59:16 --> Undefined property: App\Repositories\ArticleCatalogueRepository::$module
#0 E:\OpenServerPanel\domains\cicore.com\app\Repositories\BaseRepository.php(76): CodeIgniter\Debug\Exceptions->errorHandler(8, 'Undefined prope...', 'E:\\OpenServerPa...', 76, Array)
#1 E:\OpenServerPanel\domains\cicore.com\app\Services\ArticleCatalogueService.php(80): App\Repositories\BaseRepository->pagination(Array, Array, '\r\n         tb1....', Array, 0, '')
#2 E:\OpenServerPanel\domains\cicore.com\app\Controllers\Backend\Article\Catalogue.php(36): App\Services\ArticleCatalogueService->pagination(0)
#3 E:\OpenServerPanel\domains\cicore.com\vendor\codeigniter4\framework\system\CodeIgniter.php(918): App\Controllers\Backend\Article\Catalogue->index()
#4 E:\OpenServerPanel\domains\cicore.com\vendor\codeigniter4\framework\system\CodeIgniter.php(404): CodeIgniter\CodeIgniter->runController(Object(App\Controllers\Backend\Article\Catalogue))
#5 E:\OpenServerPanel\domains\cicore.com\vendor\codeigniter4\framework\system\CodeIgniter.php(312): CodeIgniter\CodeIgniter->handleRequest(NULL, Object(Config\Cache), false)
#6 E:\OpenServerPanel\domains\cicore.com\index.php(48): CodeIgniter\CodeIgniter->run()
#7 {main}
CRITICAL - 2022-09-14 02:59:17 --> Undefined property: App\Repositories\ArticleCatalogueRepository::$module
#0 E:\OpenServerPanel\domains\cicore.com\app\Repositories\BaseRepository.php(76): CodeIgniter\Debug\Exceptions->errorHandler(8, 'Undefined prope...', 'E:\\OpenServerPa...', 76, Array)
#1 E:\OpenServerPanel\domains\cicore.com\app\Services\ArticleCatalogueService.php(80): App\Repositories\BaseRepository->pagination(Array, Array, '\r\n         tb1....', Array, 0, '')
#2 E:\OpenServerPanel\domains\cicore.com\app\Controllers\Backend\Article\Catalogue.php(36): App\Services\ArticleCatalogueService->pagination(0)
#3 E:\OpenServerPanel\domains\cicore.com\vendor\codeigniter4\framework\system\CodeIgniter.php(918): App\Controllers\Backend\Article\Catalogue->index()
#4 E:\OpenServerPanel\domains\cicore.com\vendor\codeigniter4\framework\system\CodeIgniter.php(404): CodeIgniter\CodeIgniter->runController(Object(App\Controllers\Backend\Article\Catalogue))
#5 E:\OpenServerPanel\domains\cicore.com\vendor\codeigniter4\framework\system\CodeIgniter.php(312): CodeIgniter\CodeIgniter->handleRequest(NULL, Object(Config\Cache), false)
#6 E:\OpenServerPanel\domains\cicore.com\index.php(48): CodeIgniter\CodeIgniter->run()
#7 {main}
CRITICAL - 2022-09-14 03:00:42 --> syntax error, unexpected ')'
#0 E:\OpenServerPanel\domains\cicore.com\vendor\codeigniter4\framework\system\Autoloader\Autoloader.php(296): CodeIgniter\Autoloader\Autoloader->requireFile('E:\\OpenServerPa...')
#1 E:\OpenServerPanel\domains\cicore.com\vendor\codeigniter4\framework\system\Autoloader\Autoloader.php(258): CodeIgniter\Autoloader\Autoloader->loadInNamespace('App\\Services\\Ar...')
#2 [internal function]: CodeIgniter\Autoloader\Autoloader->loadClass('App\\Services\\Ar...')
#3 E:\OpenServerPanel\domains\cicore.com\app\Config\Services.php(30): spl_autoload_call('App\\Services\\Ar...')
#4 E:\OpenServerPanel\domains\cicore.com\vendor\codeigniter4\framework\system\Config\BaseService.php(123): Config\Services::ArticleCatalogueService(Array, false)
#5 E:\OpenServerPanel\domains\cicore.com\app\Config\Services.php(27): CodeIgniter\Config\BaseService::getSharedInstance('articlecatalogu...', Array)
#6 E:\OpenServerPanel\domains\cicore.com\vendor\codeigniter4\framework\system\Common.php(957): Config\Services::ArticleCatalogueService(Array)
#7 E:\OpenServerPanel\domains\cicore.com\app\Controllers\Backend\Article\Catalogue.php(21): service('ArticleCatalogu...', Array)
#8 E:\OpenServerPanel\domains\cicore.com\vendor\codeigniter4\framework\system\CodeIgniter.php(890): App\Controllers\Backend\Article\Catalogue->__construct()
#9 E:\OpenServerPanel\domains\cicore.com\vendor\codeigniter4\framework\system\CodeIgniter.php(399): CodeIgniter\CodeIgniter->createController()
#10 E:\OpenServerPanel\domains\cicore.com\vendor\codeigniter4\framework\system\CodeIgniter.php(312): CodeIgniter\CodeIgniter->handleRequest(NULL, Object(Config\Cache), false)
#11 E:\OpenServerPanel\domains\cicore.com\index.php(48): CodeIgniter\CodeIgniter->run()
#12 {main}
CRITICAL - 2022-09-14 03:00:43 --> syntax error, unexpected ')'
#0 E:\OpenServerPanel\domains\cicore.com\vendor\codeigniter4\framework\system\Autoloader\Autoloader.php(296): CodeIgniter\Autoloader\Autoloader->requireFile('E:\\OpenServerPa...')
#1 E:\OpenServerPanel\domains\cicore.com\vendor\codeigniter4\framework\system\Autoloader\Autoloader.php(258): CodeIgniter\Autoloader\Autoloader->loadInNamespace('App\\Services\\Ar...')
#2 [internal function]: CodeIgniter\Autoloader\Autoloader->loadClass('App\\Services\\Ar...')
#3 E:\OpenServerPanel\domains\cicore.com\app\Config\Services.php(30): spl_autoload_call('App\\Services\\Ar...')
#4 E:\OpenServerPanel\domains\cicore.com\vendor\codeigniter4\framework\system\Config\BaseService.php(123): Config\Services::ArticleCatalogueService(Array, false)
#5 E:\OpenServerPanel\domains\cicore.com\app\Config\Services.php(27): CodeIgniter\Config\BaseService::getSharedInstance('articlecatalogu...', Array)
#6 E:\OpenServerPanel\domains\cicore.com\vendor\codeigniter4\framework\system\Common.php(957): Config\Services::ArticleCatalogueService(Array)
#7 E:\OpenServerPanel\domains\cicore.com\app\Controllers\Backend\Article\Catalogue.php(21): service('ArticleCatalogu...', Array)
#8 E:\OpenServerPanel\domains\cicore.com\vendor\codeigniter4\framework\system\CodeIgniter.php(890): App\Controllers\Backend\Article\Catalogue->__construct()
#9 E:\OpenServerPanel\domains\cicore.com\vendor\codeigniter4\framework\system\CodeIgniter.php(399): CodeIgniter\CodeIgniter->createController()
#10 E:\OpenServerPanel\domains\cicore.com\vendor\codeigniter4\framework\system\CodeIgniter.php(312): CodeIgniter\CodeIgniter->handleRequest(NULL, Object(Config\Cache), false)
#11 E:\OpenServerPanel\domains\cicore.com\index.php(48): CodeIgniter\CodeIgniter->run()
#12 {main}
CRITICAL - 2022-09-14 03:07:48 --> syntax error, unexpected ')'
#0 E:\OpenServerPanel\domains\cicore.com\vendor\codeigniter4\framework\system\Autoloader\Autoloader.php(296): CodeIgniter\Autoloader\Autoloader->requireFile('E:\\OpenServerPa...')
#1 E:\OpenServerPanel\domains\cicore.com\vendor\codeigniter4\framework\system\Autoloader\Autoloader.php(258): CodeIgniter\Autoloader\Autoloader->loadInNamespace('App\\Services\\Ar...')
#2 [internal function]: CodeIgniter\Autoloader\Autoloader->loadClass('App\\Services\\Ar...')
#3 E:\OpenServerPanel\domains\cicore.com\app\Config\Services.php(30): spl_autoload_call('App\\Services\\Ar...')
#4 E:\OpenServerPanel\domains\cicore.com\vendor\codeigniter4\framework\system\Config\BaseService.php(123): Config\Services::ArticleCatalogueService(Array, false)
#5 E:\OpenServerPanel\domains\cicore.com\app\Config\Services.php(27): CodeIgniter\Config\BaseService::getSharedInstance('articlecatalogu...', Array)
#6 E:\OpenServerPanel\domains\cicore.com\vendor\codeigniter4\framework\system\Common.php(957): Config\Services::ArticleCatalogueService(Array)
#7 E:\OpenServerPanel\domains\cicore.com\app\Controllers\Backend\Article\Catalogue.php(21): service('ArticleCatalogu...', Array)
#8 E:\OpenServerPanel\domains\cicore.com\vendor\codeigniter4\framework\system\CodeIgniter.php(890): App\Controllers\Backend\Article\Catalogue->__construct()
#9 E:\OpenServerPanel\domains\cicore.com\vendor\codeigniter4\framework\system\CodeIgniter.php(399): CodeIgniter\CodeIgniter->createController()
#10 E:\OpenServerPanel\domains\cicore.com\vendor\codeigniter4\framework\system\CodeIgniter.php(312): CodeIgniter\CodeIgniter->handleRequest(NULL, Object(Config\Cache), false)
#11 E:\OpenServerPanel\domains\cicore.com\index.php(48): CodeIgniter\CodeIgniter->run()
#12 {main}
CRITICAL - 2022-09-14 03:07:53 --> syntax error, unexpected 'return' (T_RETURN)
#0 E:\OpenServerPanel\domains\cicore.com\vendor\codeigniter4\framework\system\Autoloader\Autoloader.php(296): CodeIgniter\Autoloader\Autoloader->requireFile('E:\\OpenServerPa...')
#1 E:\OpenServerPanel\domains\cicore.com\vendor\codeigniter4\framework\system\Autoloader\Autoloader.php(258): CodeIgniter\Autoloader\Autoloader->loadInNamespace('App\\Repositorie...')
#2 [internal function]: CodeIgniter\Autoloader\Autoloader->loadClass('App\\Repositorie...')
#3 E:\OpenServerPanel\domains\cicore.com\app\Repositories\ArticleCatalogueRepository.php(6): spl_autoload_call('App\\Repositorie...')
#4 E:\OpenServerPanel\domains\cicore.com\vendor\codeigniter4\framework\system\Autoloader\Autoloader.php(365): require_once('E:\\OpenServerPa...')
#5 E:\OpenServerPanel\domains\cicore.com\vendor\codeigniter4\framework\system\Autoloader\Autoloader.php(296): CodeIgniter\Autoloader\Autoloader->requireFile('E:\\OpenServerPa...')
#6 E:\OpenServerPanel\domains\cicore.com\vendor\codeigniter4\framework\system\Autoloader\Autoloader.php(258): CodeIgniter\Autoloader\Autoloader->loadInNamespace('App\\Repositorie...')
#7 [internal function]: CodeIgniter\Autoloader\Autoloader->loadClass('App\\Repositorie...')
#8 E:\OpenServerPanel\domains\cicore.com\app\Config\Services.php(40): spl_autoload_call('App\\Repositorie...')
#9 E:\OpenServerPanel\domains\cicore.com\vendor\codeigniter4\framework\system\Config\BaseService.php(123): Config\Services::ArticleCatalogueRepository('article_catalog...', false)
#10 E:\OpenServerPanel\domains\cicore.com\app\Config\Services.php(37): CodeIgniter\Config\BaseService::getSharedInstance('articlecatalogu...', 'article_catalog...')
#11 E:\OpenServerPanel\domains\cicore.com\vendor\codeigniter4\framework\system\Common.php(957): Config\Services::ArticleCatalogueRepository('article_catalog...')
#12 E:\OpenServerPanel\domains\cicore.com\app\Services\ArticleCatalogueService.php(28): service('ArticleCatalogu...', 'article_catalog...')
#13 E:\OpenServerPanel\domains\cicore.com\app\Config\Services.php(30): App\Services\ArticleCatalogueService->__construct(Array)
#14 E:\OpenServerPanel\domains\cicore.com\vendor\codeigniter4\framework\system\Config\BaseService.php(123): Config\Services::ArticleCatalogueService(Array, false)
#15 E:\OpenServerPanel\domains\cicore.com\app\Config\Services.php(27): CodeIgniter\Config\BaseService::getSharedInstance('articlecatalogu...', Array)
#16 E:\OpenServerPanel\domains\cicore.com\vendor\codeigniter4\framework\system\Common.php(957): Config\Services::ArticleCatalogueService(Array)
#17 E:\OpenServerPanel\domains\cicore.com\app\Controllers\Backend\Article\Catalogue.php(21): service('ArticleCatalogu...', Array)
#18 E:\OpenServerPanel\domains\cicore.com\vendor\codeigniter4\framework\system\CodeIgniter.php(890): App\Controllers\Backend\Article\Catalogue->__construct()
#19 E:\OpenServerPanel\domains\cicore.com\vendor\codeigniter4\framework\system\CodeIgniter.php(399): CodeIgniter\CodeIgniter->createController()
#20 E:\OpenServerPanel\domains\cicore.com\vendor\codeigniter4\framework\system\CodeIgniter.php(312): CodeIgniter\CodeIgniter->handleRequest(NULL, Object(Config\Cache), false)
#21 E:\OpenServerPanel\domains\cicore.com\index.php(48): CodeIgniter\CodeIgniter->run()
#22 {main}
CRITICAL - 2022-09-14 03:09:09 --> syntax error, unexpected '$relation' (T_VARIABLE), expecting ',' or ')'
#0 E:\OpenServerPanel\domains\cicore.com\vendor\codeigniter4\framework\system\Autoloader\Autoloader.php(296): CodeIgniter\Autoloader\Autoloader->requireFile('E:\\OpenServerPa...')
#1 E:\OpenServerPanel\domains\cicore.com\vendor\codeigniter4\framework\system\Autoloader\Autoloader.php(258): CodeIgniter\Autoloader\Autoloader->loadInNamespace('App\\Services\\Ar...')
#2 [internal function]: CodeIgniter\Autoloader\Autoloader->loadClass('App\\Services\\Ar...')
#3 E:\OpenServerPanel\domains\cicore.com\app\Config\Services.php(30): spl_autoload_call('App\\Services\\Ar...')
#4 E:\OpenServerPanel\domains\cicore.com\vendor\codeigniter4\framework\system\Config\BaseService.php(123): Config\Services::ArticleCatalogueService(Array, false)
#5 E:\OpenServerPanel\domains\cicore.com\app\Config\Services.php(27): CodeIgniter\Config\BaseService::getSharedInstance('articlecatalogu...', Array)
#6 E:\OpenServerPanel\domains\cicore.com\vendor\codeigniter4\framework\system\Common.php(957): Config\Services::ArticleCatalogueService(Array)
#7 E:\OpenServerPanel\domains\cicore.com\app\Controllers\Backend\Article\Catalogue.php(21): service('ArticleCatalogu...', Array)
#8 E:\OpenServerPanel\domains\cicore.com\vendor\codeigniter4\framework\system\CodeIgniter.php(890): App\Controllers\Backend\Article\Catalogue->__construct()
#9 E:\OpenServerPanel\domains\cicore.com\vendor\codeigniter4\framework\system\CodeIgniter.php(399): CodeIgniter\CodeIgniter->createController()
#10 E:\OpenServerPanel\domains\cicore.com\vendor\codeigniter4\framework\system\CodeIgniter.php(312): CodeIgniter\CodeIgniter->handleRequest(NULL, Object(Config\Cache), false)
#11 E:\OpenServerPanel\domains\cicore.com\index.php(48): CodeIgniter\CodeIgniter->run()
#12 {main}
CRITICAL - 2022-09-14 03:09:10 --> syntax error, unexpected '$relation' (T_VARIABLE), expecting ',' or ')'
#0 E:\OpenServerPanel\domains\cicore.com\vendor\codeigniter4\framework\system\Autoloader\Autoloader.php(296): CodeIgniter\Autoloader\Autoloader->requireFile('E:\\OpenServerPa...')
#1 E:\OpenServerPanel\domains\cicore.com\vendor\codeigniter4\framework\system\Autoloader\Autoloader.php(258): CodeIgniter\Autoloader\Autoloader->loadInNamespace('App\\Services\\Ar...')
#2 [internal function]: CodeIgniter\Autoloader\Autoloader->loadClass('App\\Services\\Ar...')
#3 E:\OpenServerPanel\domains\cicore.com\app\Config\Services.php(30): spl_autoload_call('App\\Services\\Ar...')
#4 E:\OpenServerPanel\domains\cicore.com\vendor\codeigniter4\framework\system\Config\BaseService.php(123): Config\Services::ArticleCatalogueService(Array, false)
#5 E:\OpenServerPanel\domains\cicore.com\app\Config\Services.php(27): CodeIgniter\Config\BaseService::getSharedInstance('articlecatalogu...', Array)
#6 E:\OpenServerPanel\domains\cicore.com\vendor\codeigniter4\framework\system\Common.php(957): Config\Services::ArticleCatalogueService(Array)
#7 E:\OpenServerPanel\domains\cicore.com\app\Controllers\Backend\Article\Catalogue.php(21): service('ArticleCatalogu...', Array)
#8 E:\OpenServerPanel\domains\cicore.com\vendor\codeigniter4\framework\system\CodeIgniter.php(890): App\Controllers\Backend\Article\Catalogue->__construct()
#9 E:\OpenServerPanel\domains\cicore.com\vendor\codeigniter4\framework\system\CodeIgniter.php(399): CodeIgniter\CodeIgniter->createController()
#10 E:\OpenServerPanel\domains\cicore.com\vendor\codeigniter4\framework\system\CodeIgniter.php(312): CodeIgniter\CodeIgniter->handleRequest(NULL, Object(Config\Cache), false)
#11 E:\OpenServerPanel\domains\cicore.com\index.php(48): CodeIgniter\CodeIgniter->run()
#12 {main}
