CRITICAL - 2023-01-11 11:41:06 --> Call to undefined method App\Repositories\UserRepository::paginateEventUser()
#0 D:\OpenServer\domains\quanlydoanvien.kt.com\app\Controllers\Backend\CheckEvent\CheckEvent.php(58): App\Services\EventService->paginateEventUser(6, 0)
#1 D:\OpenServer\domains\quanlydoanvien.kt.com\vendor\codeigniter4\framework\system\CodeIgniter.php(935): App\Controllers\Backend\CheckEvent\CheckEvent->checkUser(6)
#2 D:\OpenServer\domains\quanlydoanvien.kt.com\vendor\codeigniter4\framework\system\CodeIgniter.php(431): CodeIgniter\CodeIgniter->runController(Object(App\Controllers\Backend\CheckEvent\CheckEvent))
#3 D:\OpenServer\domains\quanlydoanvien.kt.com\vendor\codeigniter4\framework\system\CodeIgniter.php(332): CodeIgniter\CodeIgniter->handleRequest(NULL, Object(Config\Cache), false)
#4 D:\OpenServer\domains\quanlydoanvien.kt.com\index.php(48): CodeIgniter\CodeIgniter->run()
#5 {main}
CRITICAL - 2023-01-11 11:41:12 --> Call to undefined method App\Repositories\UserRepository::paginateEventUser()
#0 D:\OpenServer\domains\quanlydoanvien.kt.com\app\Controllers\Backend\CheckEvent\CheckEvent.php(58): App\Services\EventService->paginateEventUser(6, 0)
#1 D:\OpenServer\domains\quanlydoanvien.kt.com\vendor\codeigniter4\framework\system\CodeIgniter.php(935): App\Controllers\Backend\CheckEvent\CheckEvent->checkUser(6)
#2 D:\OpenServer\domains\quanlydoanvien.kt.com\vendor\codeigniter4\framework\system\CodeIgniter.php(431): CodeIgniter\CodeIgniter->runController(Object(App\Controllers\Backend\CheckEvent\CheckEvent))
#3 D:\OpenServer\domains\quanlydoanvien.kt.com\vendor\codeigniter4\framework\system\CodeIgniter.php(332): CodeIgniter\CodeIgniter->handleRequest(NULL, Object(Config\Cache), false)
#4 D:\OpenServer\domains\quanlydoanvien.kt.com\index.php(48): CodeIgniter\CodeIgniter->run()
#5 {main}
CRITICAL - 2023-01-11 11:41:44 --> Call to undefined method App\Repositories\UserRepository::paginateEventUser()
#0 D:\OpenServer\domains\quanlydoanvien.kt.com\app\Controllers\Backend\CheckEvent\CheckEvent.php(58): App\Services\EventService->paginateEventUser(6, 0)
#1 D:\OpenServer\domains\quanlydoanvien.kt.com\vendor\codeigniter4\framework\system\CodeIgniter.php(935): App\Controllers\Backend\CheckEvent\CheckEvent->checkUser(6)
#2 D:\OpenServer\domains\quanlydoanvien.kt.com\vendor\codeigniter4\framework\system\CodeIgniter.php(431): CodeIgniter\CodeIgniter->runController(Object(App\Controllers\Backend\CheckEvent\CheckEvent))
#3 D:\OpenServer\domains\quanlydoanvien.kt.com\vendor\codeigniter4\framework\system\CodeIgniter.php(332): CodeIgniter\CodeIgniter->handleRequest(NULL, Object(Config\Cache), false)
#4 D:\OpenServer\domains\quanlydoanvien.kt.com\index.php(48): CodeIgniter\CodeIgniter->run()
#5 {main}
CRITICAL - 2023-01-11 11:56:14 --> syntax error, unexpected '$config' (T_VARIABLE)
#0 D:\OpenServer\domains\quanlydoanvien.kt.com\vendor\codeigniter4\framework\system\Autoloader\Autoloader.php(274): CodeIgniter\Autoloader\Autoloader->includeFile('D:\\OpenServer\\d...')
#1 D:\OpenServer\domains\quanlydoanvien.kt.com\vendor\codeigniter4\framework\system\Autoloader\Autoloader.php(228): CodeIgniter\Autoloader\Autoloader->loadInNamespace('App\\Services\\Us...')
#2 [internal function]: CodeIgniter\Autoloader\Autoloader->loadClass('App\\Services\\Us...')
#3 D:\OpenServer\domains\quanlydoanvien.kt.com\app\Config\Services.php(93): spl_autoload_call('App\\Services\\Us...')
#4 D:\OpenServer\domains\quanlydoanvien.kt.com\vendor\codeigniter4\framework\system\Config\BaseService.php(100): Config\Services::UserService(Array, false)
#5 D:\OpenServer\domains\quanlydoanvien.kt.com\app\Config\Services.php(90): CodeIgniter\Config\BaseService::getSharedInstance('userservice', Array)
#6 D:\OpenServer\domains\quanlydoanvien.kt.com\vendor\codeigniter4\framework\system\Common.php(1030): Config\Services::UserService(Array)
#7 D:\OpenServer\domains\quanlydoanvien.kt.com\app\Controllers\Backend\CheckEvent\CheckEvent.php(23): service('UserService', Array)
#8 D:\OpenServer\domains\quanlydoanvien.kt.com\vendor\codeigniter4\framework\system\CodeIgniter.php(907): App\Controllers\Backend\CheckEvent\CheckEvent->__construct()
#9 D:\OpenServer\domains\quanlydoanvien.kt.com\vendor\codeigniter4\framework\system\CodeIgniter.php(421): CodeIgniter\CodeIgniter->createController()
#10 D:\OpenServer\domains\quanlydoanvien.kt.com\vendor\codeigniter4\framework\system\CodeIgniter.php(332): CodeIgniter\CodeIgniter->handleRequest(NULL, Object(Config\Cache), false)
#11 D:\OpenServer\domains\quanlydoanvien.kt.com\index.php(48): CodeIgniter\CodeIgniter->run()
#12 {main}
CRITICAL - 2023-01-11 11:56:15 --> syntax error, unexpected '$config' (T_VARIABLE)
#0 D:\OpenServer\domains\quanlydoanvien.kt.com\vendor\codeigniter4\framework\system\Autoloader\Autoloader.php(274): CodeIgniter\Autoloader\Autoloader->includeFile('D:\\OpenServer\\d...')
#1 D:\OpenServer\domains\quanlydoanvien.kt.com\vendor\codeigniter4\framework\system\Autoloader\Autoloader.php(228): CodeIgniter\Autoloader\Autoloader->loadInNamespace('App\\Services\\Us...')
#2 [internal function]: CodeIgniter\Autoloader\Autoloader->loadClass('App\\Services\\Us...')
#3 D:\OpenServer\domains\quanlydoanvien.kt.com\app\Config\Services.php(93): spl_autoload_call('App\\Services\\Us...')
#4 D:\OpenServer\domains\quanlydoanvien.kt.com\vendor\codeigniter4\framework\system\Config\BaseService.php(100): Config\Services::UserService(Array, false)
#5 D:\OpenServer\domains\quanlydoanvien.kt.com\app\Config\Services.php(90): CodeIgniter\Config\BaseService::getSharedInstance('userservice', Array)
#6 D:\OpenServer\domains\quanlydoanvien.kt.com\vendor\codeigniter4\framework\system\Common.php(1030): Config\Services::UserService(Array)
#7 D:\OpenServer\domains\quanlydoanvien.kt.com\app\Controllers\Backend\CheckEvent\CheckEvent.php(23): service('UserService', Array)
#8 D:\OpenServer\domains\quanlydoanvien.kt.com\vendor\codeigniter4\framework\system\CodeIgniter.php(907): App\Controllers\Backend\CheckEvent\CheckEvent->__construct()
#9 D:\OpenServer\domains\quanlydoanvien.kt.com\vendor\codeigniter4\framework\system\CodeIgniter.php(421): CodeIgniter\CodeIgniter->createController()
#10 D:\OpenServer\domains\quanlydoanvien.kt.com\vendor\codeigniter4\framework\system\CodeIgniter.php(332): CodeIgniter\CodeIgniter->handleRequest(NULL, Object(Config\Cache), false)
#11 D:\OpenServer\domains\quanlydoanvien.kt.com\index.php(48): CodeIgniter\CodeIgniter->run()
#12 {main}
CRITICAL - 2023-01-11 11:56:21 --> Undefined variable: config
#0 D:\OpenServer\domains\quanlydoanvien.kt.com\app\Services\UserService.php(319): CodeIgniter\Debug\Exceptions->errorHandler(8, 'Undefined varia...', 'D:\\OpenServer\\d...', 319, Array)
#1 D:\OpenServer\domains\quanlydoanvien.kt.com\app\Controllers\Backend\CheckEvent\CheckEvent.php(84): App\Services\UserService->paginateUserSemester(1, 1)
#2 D:\OpenServer\domains\quanlydoanvien.kt.com\vendor\codeigniter4\framework\system\CodeIgniter.php(935): App\Controllers\Backend\CheckEvent\CheckEvent->pointTraining()
#3 D:\OpenServer\domains\quanlydoanvien.kt.com\vendor\codeigniter4\framework\system\CodeIgniter.php(431): CodeIgniter\CodeIgniter->runController(Object(App\Controllers\Backend\CheckEvent\CheckEvent))
#4 D:\OpenServer\domains\quanlydoanvien.kt.com\vendor\codeigniter4\framework\system\CodeIgniter.php(332): CodeIgniter\CodeIgniter->handleRequest(NULL, Object(Config\Cache), false)
#5 D:\OpenServer\domains\quanlydoanvien.kt.com\index.php(48): CodeIgniter\CodeIgniter->run()
#6 {main}
CRITICAL - 2023-01-11 11:57:36 --> Array to string conversion
#0 D:\OpenServer\domains\quanlydoanvien.kt.com\app\Services\UserService.php(321): CodeIgniter\Debug\Exceptions->errorHandler(8, 'Array to string...', 'D:\\OpenServer\\d...', 321, Array)
#1 D:\OpenServer\domains\quanlydoanvien.kt.com\app\Controllers\Backend\CheckEvent\CheckEvent.php(84): App\Services\UserService->paginateUserSemester(1, 1)
#2 D:\OpenServer\domains\quanlydoanvien.kt.com\vendor\codeigniter4\framework\system\CodeIgniter.php(935): App\Controllers\Backend\CheckEvent\CheckEvent->pointTraining()
#3 D:\OpenServer\domains\quanlydoanvien.kt.com\vendor\codeigniter4\framework\system\CodeIgniter.php(431): CodeIgniter\CodeIgniter->runController(Object(App\Controllers\Backend\CheckEvent\CheckEvent))
#4 D:\OpenServer\domains\quanlydoanvien.kt.com\vendor\codeigniter4\framework\system\CodeIgniter.php(332): CodeIgniter\CodeIgniter->handleRequest(NULL, Object(Config\Cache), false)
#5 D:\OpenServer\domains\quanlydoanvien.kt.com\index.php(48): CodeIgniter\CodeIgniter->run()
#6 {main}
CRITICAL - 2023-01-11 11:57:44 --> Undefined property: App\Services\UserService::$eventRepository
#0 D:\OpenServer\domains\quanlydoanvien.kt.com\app\Services\UserService.php(322): CodeIgniter\Debug\Exceptions->errorHandler(8, 'Undefined prope...', 'D:\\OpenServer\\d...', 322, Array)
#1 D:\OpenServer\domains\quanlydoanvien.kt.com\app\Controllers\Backend\CheckEvent\CheckEvent.php(84): App\Services\UserService->paginateUserSemester(1, 1)
#2 D:\OpenServer\domains\quanlydoanvien.kt.com\vendor\codeigniter4\framework\system\CodeIgniter.php(935): App\Controllers\Backend\CheckEvent\CheckEvent->pointTraining()
#3 D:\OpenServer\domains\quanlydoanvien.kt.com\vendor\codeigniter4\framework\system\CodeIgniter.php(431): CodeIgniter\CodeIgniter->runController(Object(App\Controllers\Backend\CheckEvent\CheckEvent))
#4 D:\OpenServer\domains\quanlydoanvien.kt.com\vendor\codeigniter4\framework\system\CodeIgniter.php(332): CodeIgniter\CodeIgniter->handleRequest(NULL, Object(Config\Cache), false)
#5 D:\OpenServer\domains\quanlydoanvien.kt.com\index.php(48): CodeIgniter\CodeIgniter->run()
#6 {main}
CRITICAL - 2023-01-11 12:45:14 --> Undefined property: App\Services\UserService::$eventRepository
#0 D:\OpenServer\domains\quanlydoanvien.kt.com\app\Services\UserService.php(323): CodeIgniter\Debug\Exceptions->errorHandler(8, 'Undefined prope...', 'D:\\OpenServer\\d...', 323, Array)
#1 D:\OpenServer\domains\quanlydoanvien.kt.com\app\Controllers\Backend\CheckEvent\CheckEvent.php(84): App\Services\UserService->paginateUserSemester(2, 1)
#2 D:\OpenServer\domains\quanlydoanvien.kt.com\vendor\codeigniter4\framework\system\CodeIgniter.php(935): App\Controllers\Backend\CheckEvent\CheckEvent->pointTraining()
#3 D:\OpenServer\domains\quanlydoanvien.kt.com\vendor\codeigniter4\framework\system\CodeIgniter.php(431): CodeIgniter\CodeIgniter->runController(Object(App\Controllers\Backend\CheckEvent\CheckEvent))
#4 D:\OpenServer\domains\quanlydoanvien.kt.com\vendor\codeigniter4\framework\system\CodeIgniter.php(332): CodeIgniter\CodeIgniter->handleRequest(NULL, Object(Config\Cache), false)
#5 D:\OpenServer\domains\quanlydoanvien.kt.com\index.php(48): CodeIgniter\CodeIgniter->run()
#6 {main}
CRITICAL - 2023-01-11 12:50:16 --> syntax error, unexpected '}'
#0 D:\OpenServer\domains\quanlydoanvien.kt.com\vendor\codeigniter4\framework\system\Router\Router.php(170): CodeIgniter\Router\Router->autoRoute('backend/checkev...')
#1 D:\OpenServer\domains\quanlydoanvien.kt.com\vendor\codeigniter4\framework\system\CodeIgniter.php(815): CodeIgniter\Router\Router->handle('backend/checkev...')
#2 D:\OpenServer\domains\quanlydoanvien.kt.com\vendor\codeigniter4\framework\system\CodeIgniter.php(384): CodeIgniter\CodeIgniter->tryToRouteIt(Object(CodeIgniter\Router\RouteCollection))
#3 D:\OpenServer\domains\quanlydoanvien.kt.com\vendor\codeigniter4\framework\system\CodeIgniter.php(332): CodeIgniter\CodeIgniter->handleRequest(NULL, Object(Config\Cache), false)
#4 D:\OpenServer\domains\quanlydoanvien.kt.com\index.php(48): CodeIgniter\CodeIgniter->run()
#5 {main}
