CRITICAL - 2023-02-18 01:09:23 --> Undefined variable: eventUser
#0 D:\OpenServer\domains\quanlydoanvien.kt.com\app\Views\frontend\event\event\index.php(49): CodeIgniter\Debug\Exceptions->errorHandler(8, 'Undefined varia...', 'D:\\OpenServer\\d...', 49, Array)
#1 D:\OpenServer\domains\quanlydoanvien.kt.com\vendor\codeigniter4\framework\system\View\View.php(220): include('D:\\OpenServer\\d...')
#2 D:\OpenServer\domains\quanlydoanvien.kt.com\vendor\codeigniter4\framework\system\View\View.php(222): CodeIgniter\View\View->CodeIgniter\View\{closure}()
#3 D:\OpenServer\domains\quanlydoanvien.kt.com\vendor\codeigniter4\framework\system\Common.php(1217): CodeIgniter\View\View->render('frontend/event/...', Array, true)
#4 D:\OpenServer\domains\quanlydoanvien.kt.com\app\Views\frontend\homepage\layout\home.php(13): view('frontend/event/...')
#5 D:\OpenServer\domains\quanlydoanvien.kt.com\vendor\codeigniter4\framework\system\View\View.php(220): include('D:\\OpenServer\\d...')
#6 D:\OpenServer\domains\quanlydoanvien.kt.com\vendor\codeigniter4\framework\system\View\View.php(222): CodeIgniter\View\View->CodeIgniter\View\{closure}()
#7 D:\OpenServer\domains\quanlydoanvien.kt.com\vendor\codeigniter4\framework\system\Common.php(1217): CodeIgniter\View\View->render('frontend/homepa...', Array, true)
#8 D:\OpenServer\domains\quanlydoanvien.kt.com\app\Controllers\Frontend\Event\Event.php(76): view('frontend/homepa...', Array)
#9 D:\OpenServer\domains\quanlydoanvien.kt.com\vendor\codeigniter4\framework\system\View\Cell.php(152): App\Controllers\Frontend\Event\Event->index('6', '1')
#10 D:\OpenServer\domains\quanlydoanvien.kt.com\vendor\codeigniter4\framework\system\Common.php(1238): CodeIgniter\View\Cell->render('\\App\\Controller...', 'id=6, page=1', 0, 'AppControllersF...')
#11 D:\OpenServer\domains\quanlydoanvien.kt.com\app\Controllers\Frontend\Homepage\Router.php(20): view_cell('\\App\\Controller...', 'id=6, page=1')
#12 D:\OpenServer\domains\quanlydoanvien.kt.com\vendor\codeigniter4\framework\system\CodeIgniter.php(935): App\Controllers\Frontend\Homepage\Router->index('festival-tet-ki...')
#13 D:\OpenServer\domains\quanlydoanvien.kt.com\vendor\codeigniter4\framework\system\CodeIgniter.php(431): CodeIgniter\CodeIgniter->runController(Object(App\Controllers\Frontend\Homepage\Router))
#14 D:\OpenServer\domains\quanlydoanvien.kt.com\vendor\codeigniter4\framework\system\CodeIgniter.php(332): CodeIgniter\CodeIgniter->handleRequest(NULL, Object(Config\Cache), false)
#15 D:\OpenServer\domains\quanlydoanvien.kt.com\index.php(48): CodeIgniter\CodeIgniter->run()
#16 {main}
CRITICAL - 2023-02-18 01:09:34 --> Undefined variable: eventUser
#0 D:\OpenServer\domains\quanlydoanvien.kt.com\app\Views\frontend\event\event\index.php(49): CodeIgniter\Debug\Exceptions->errorHandler(8, 'Undefined varia...', 'D:\\OpenServer\\d...', 49, Array)
#1 D:\OpenServer\domains\quanlydoanvien.kt.com\vendor\codeigniter4\framework\system\View\View.php(220): include('D:\\OpenServer\\d...')
#2 D:\OpenServer\domains\quanlydoanvien.kt.com\vendor\codeigniter4\framework\system\View\View.php(222): CodeIgniter\View\View->CodeIgniter\View\{closure}()
#3 D:\OpenServer\domains\quanlydoanvien.kt.com\vendor\codeigniter4\framework\system\Common.php(1217): CodeIgniter\View\View->render('frontend/event/...', Array, true)
#4 D:\OpenServer\domains\quanlydoanvien.kt.com\app\Views\frontend\homepage\layout\home.php(13): view('frontend/event/...')
#5 D:\OpenServer\domains\quanlydoanvien.kt.com\vendor\codeigniter4\framework\system\View\View.php(220): include('D:\\OpenServer\\d...')
#6 D:\OpenServer\domains\quanlydoanvien.kt.com\vendor\codeigniter4\framework\system\View\View.php(222): CodeIgniter\View\View->CodeIgniter\View\{closure}()
#7 D:\OpenServer\domains\quanlydoanvien.kt.com\vendor\codeigniter4\framework\system\Common.php(1217): CodeIgniter\View\View->render('frontend/homepa...', Array, true)
#8 D:\OpenServer\domains\quanlydoanvien.kt.com\app\Controllers\Frontend\Event\Event.php(76): view('frontend/homepa...', Array)
#9 D:\OpenServer\domains\quanlydoanvien.kt.com\vendor\codeigniter4\framework\system\View\Cell.php(152): App\Controllers\Frontend\Event\Event->index('2', '1')
#10 D:\OpenServer\domains\quanlydoanvien.kt.com\vendor\codeigniter4\framework\system\Common.php(1238): CodeIgniter\View\Cell->render('\\App\\Controller...', 'id=2, page=1', 0, 'AppControllersF...')
#11 D:\OpenServer\domains\quanlydoanvien.kt.com\app\Controllers\Frontend\Homepage\Router.php(20): view_cell('\\App\\Controller...', 'id=2, page=1')
#12 D:\OpenServer\domains\quanlydoanvien.kt.com\vendor\codeigniter4\framework\system\CodeIgniter.php(935): App\Controllers\Frontend\Homepage\Router->index('atc-algorithmic...')
#13 D:\OpenServer\domains\quanlydoanvien.kt.com\vendor\codeigniter4\framework\system\CodeIgniter.php(431): CodeIgniter\CodeIgniter->runController(Object(App\Controllers\Frontend\Homepage\Router))
#14 D:\OpenServer\domains\quanlydoanvien.kt.com\vendor\codeigniter4\framework\system\CodeIgniter.php(332): CodeIgniter\CodeIgniter->handleRequest(NULL, Object(Config\Cache), false)
#15 D:\OpenServer\domains\quanlydoanvien.kt.com\index.php(48): CodeIgniter\CodeIgniter->run()
#16 {main}
CRITICAL - 2023-02-18 01:16:03 --> syntax error, unexpected '?>'
#0 D:\OpenServer\domains\quanlydoanvien.kt.com\vendor\codeigniter4\framework\system\View\View.php(222): CodeIgniter\View\View->CodeIgniter\View\{closure}()
#1 D:\OpenServer\domains\quanlydoanvien.kt.com\vendor\codeigniter4\framework\system\Common.php(1217): CodeIgniter\View\View->render('backend/event/e...', Array, true)
#2 D:\OpenServer\domains\quanlydoanvien.kt.com\app\Views\backend\event\event\store.php(42): view('backend/event/e...')
#3 D:\OpenServer\domains\quanlydoanvien.kt.com\vendor\codeigniter4\framework\system\View\View.php(220): include('D:\\OpenServer\\d...')
#4 D:\OpenServer\domains\quanlydoanvien.kt.com\vendor\codeigniter4\framework\system\View\View.php(222): CodeIgniter\View\View->CodeIgniter\View\{closure}()
#5 D:\OpenServer\domains\quanlydoanvien.kt.com\vendor\codeigniter4\framework\system\Common.php(1217): CodeIgniter\View\View->render('backend/event/e...', Array, true)
#6 D:\OpenServer\domains\quanlydoanvien.kt.com\app\Views\backend\dashboard\layout\home.php(65): view('backend/event/e...')
#7 D:\OpenServer\domains\quanlydoanvien.kt.com\vendor\codeigniter4\framework\system\View\View.php(220): include('D:\\OpenServer\\d...')
#8 D:\OpenServer\domains\quanlydoanvien.kt.com\vendor\codeigniter4\framework\system\View\View.php(222): CodeIgniter\View\View->CodeIgniter\View\{closure}()
#9 D:\OpenServer\domains\quanlydoanvien.kt.com\vendor\codeigniter4\framework\system\Common.php(1217): CodeIgniter\View\View->render('backend/dashboa...', Array, true)
#10 D:\OpenServer\domains\quanlydoanvien.kt.com\app\Controllers\Backend\Event\Event.php(117): view('backend/dashboa...', Array)
#11 D:\OpenServer\domains\quanlydoanvien.kt.com\vendor\codeigniter4\framework\system\CodeIgniter.php(935): App\Controllers\Backend\Event\Event->update(6)
#12 D:\OpenServer\domains\quanlydoanvien.kt.com\vendor\codeigniter4\framework\system\CodeIgniter.php(431): CodeIgniter\CodeIgniter->runController(Object(App\Controllers\Backend\Event\Event))
#13 D:\OpenServer\domains\quanlydoanvien.kt.com\vendor\codeigniter4\framework\system\CodeIgniter.php(332): CodeIgniter\CodeIgniter->handleRequest(NULL, Object(Config\Cache), false)
#14 D:\OpenServer\domains\quanlydoanvien.kt.com\index.php(48): CodeIgniter\CodeIgniter->run()
#15 {main}
CRITICAL - 2023-02-18 01:16:19 --> Use of undefined constant php - assumed 'php' (this will throw an Error in a future version of PHP)
#0 D:\OpenServer\domains\quanlydoanvien.kt.com\app\Views\backend\event\event\include\aside.php(29): CodeIgniter\Debug\Exceptions->errorHandler(2, 'Use of undefine...', 'D:\\OpenServer\\d...', 29, Array)
#1 D:\OpenServer\domains\quanlydoanvien.kt.com\vendor\codeigniter4\framework\system\View\View.php(220): include('D:\\OpenServer\\d...')
#2 D:\OpenServer\domains\quanlydoanvien.kt.com\vendor\codeigniter4\framework\system\View\View.php(222): CodeIgniter\View\View->CodeIgniter\View\{closure}()
#3 D:\OpenServer\domains\quanlydoanvien.kt.com\vendor\codeigniter4\framework\system\Common.php(1217): CodeIgniter\View\View->render('backend/event/e...', Array, true)
#4 D:\OpenServer\domains\quanlydoanvien.kt.com\app\Views\backend\event\event\store.php(42): view('backend/event/e...')
#5 D:\OpenServer\domains\quanlydoanvien.kt.com\vendor\codeigniter4\framework\system\View\View.php(220): include('D:\\OpenServer\\d...')
#6 D:\OpenServer\domains\quanlydoanvien.kt.com\vendor\codeigniter4\framework\system\View\View.php(222): CodeIgniter\View\View->CodeIgniter\View\{closure}()
#7 D:\OpenServer\domains\quanlydoanvien.kt.com\vendor\codeigniter4\framework\system\Common.php(1217): CodeIgniter\View\View->render('backend/event/e...', Array, true)
#8 D:\OpenServer\domains\quanlydoanvien.kt.com\app\Views\backend\dashboard\layout\home.php(65): view('backend/event/e...')
#9 D:\OpenServer\domains\quanlydoanvien.kt.com\vendor\codeigniter4\framework\system\View\View.php(220): include('D:\\OpenServer\\d...')
#10 D:\OpenServer\domains\quanlydoanvien.kt.com\vendor\codeigniter4\framework\system\View\View.php(222): CodeIgniter\View\View->CodeIgniter\View\{closure}()
#11 D:\OpenServer\domains\quanlydoanvien.kt.com\vendor\codeigniter4\framework\system\Common.php(1217): CodeIgniter\View\View->render('backend/dashboa...', Array, true)
#12 D:\OpenServer\domains\quanlydoanvien.kt.com\app\Controllers\Backend\Event\Event.php(117): view('backend/dashboa...', Array)
#13 D:\OpenServer\domains\quanlydoanvien.kt.com\vendor\codeigniter4\framework\system\CodeIgniter.php(935): App\Controllers\Backend\Event\Event->update(6)
#14 D:\OpenServer\domains\quanlydoanvien.kt.com\vendor\codeigniter4\framework\system\CodeIgniter.php(431): CodeIgniter\CodeIgniter->runController(Object(App\Controllers\Backend\Event\Event))
#15 D:\OpenServer\domains\quanlydoanvien.kt.com\vendor\codeigniter4\framework\system\CodeIgniter.php(332): CodeIgniter\CodeIgniter->handleRequest(NULL, Object(Config\Cache), false)
#16 D:\OpenServer\domains\quanlydoanvien.kt.com\index.php(48): CodeIgniter\CodeIgniter->run()
#17 {main}
CRITICAL - 2023-02-18 01:20:38 --> Undefined index: scales
#0 D:\OpenServer\domains\quanlydoanvien.kt.com\app\Views\backend\event\event\include\table.php(27): CodeIgniter\Debug\Exceptions->errorHandler(8, 'Undefined index...', 'D:\\OpenServer\\d...', 27, Array)
#1 D:\OpenServer\domains\quanlydoanvien.kt.com\vendor\codeigniter4\framework\system\View\View.php(220): include('D:\\OpenServer\\d...')
#2 D:\OpenServer\domains\quanlydoanvien.kt.com\vendor\codeigniter4\framework\system\View\View.php(222): CodeIgniter\View\View->CodeIgniter\View\{closure}()
#3 D:\OpenServer\domains\quanlydoanvien.kt.com\vendor\codeigniter4\framework\system\Common.php(1217): CodeIgniter\View\View->render('backend/event/e...', Array, true)
#4 D:\OpenServer\domains\quanlydoanvien.kt.com\app\Views\backend\event\event\index.php(22): view('backend/event/e...')
#5 D:\OpenServer\domains\quanlydoanvien.kt.com\vendor\codeigniter4\framework\system\View\View.php(220): include('D:\\OpenServer\\d...')
#6 D:\OpenServer\domains\quanlydoanvien.kt.com\vendor\codeigniter4\framework\system\View\View.php(222): CodeIgniter\View\View->CodeIgniter\View\{closure}()
#7 D:\OpenServer\domains\quanlydoanvien.kt.com\vendor\codeigniter4\framework\system\Common.php(1217): CodeIgniter\View\View->render('backend/event/e...', Array, true)
#8 D:\OpenServer\domains\quanlydoanvien.kt.com\app\Views\backend\dashboard\layout\home.php(65): view('backend/event/e...')
#9 D:\OpenServer\domains\quanlydoanvien.kt.com\vendor\codeigniter4\framework\system\View\View.php(220): include('D:\\OpenServer\\d...')
#10 D:\OpenServer\domains\quanlydoanvien.kt.com\vendor\codeigniter4\framework\system\View\View.php(222): CodeIgniter\View\View->CodeIgniter\View\{closure}()
#11 D:\OpenServer\domains\quanlydoanvien.kt.com\vendor\codeigniter4\framework\system\Common.php(1217): CodeIgniter\View\View->render('backend/dashboa...', Array, true)
#12 D:\OpenServer\domains\quanlydoanvien.kt.com\app\Controllers\Backend\Event\Event.php(43): view('backend/dashboa...', Array)
#13 D:\OpenServer\domains\quanlydoanvien.kt.com\vendor\codeigniter4\framework\system\CodeIgniter.php(935): App\Controllers\Backend\Event\Event->index()
#14 D:\OpenServer\domains\quanlydoanvien.kt.com\vendor\codeigniter4\framework\system\CodeIgniter.php(431): CodeIgniter\CodeIgniter->runController(Object(App\Controllers\Backend\Event\Event))
#15 D:\OpenServer\domains\quanlydoanvien.kt.com\vendor\codeigniter4\framework\system\CodeIgniter.php(332): CodeIgniter\CodeIgniter->handleRequest(NULL, Object(Config\Cache), false)
#16 D:\OpenServer\domains\quanlydoanvien.kt.com\index.php(48): CodeIgniter\CodeIgniter->run()
#17 {main}
CRITICAL - 2023-02-18 01:27:45 --> Cannot use isset() on the result of an expression (you can use "null !== expression" instead)
#0 [internal function]: CodeIgniter\Debug\Exceptions->shutdownHandler()
#1 {main}
CRITICAL - 2023-02-18 14:39:37 --> date_default_timezone_set(): Timezone ID 'Vietnam/Hanoi' is invalid
#0 [internal function]: CodeIgniter\Debug\Exceptions->errorHandler(8, 'date_default_ti...', 'D:\\OpenServer\\d...', 179, Array)
#1 D:\OpenServer\domains\quanlydoanvien.kt.com\vendor\codeigniter4\framework\system\CodeIgniter.php(179): date_default_timezone_set('Vietnam/Hanoi')
#2 D:\OpenServer\domains\quanlydoanvien.kt.com\vendor\codeigniter4\framework\system\bootstrap.php(158): CodeIgniter\CodeIgniter->initialize()
#3 D:\OpenServer\domains\quanlydoanvien.kt.com\index.php(39): require('D:\\OpenServer\\d...')
#4 {main}
CRITICAL - 2023-02-18 14:39:37 --> date_default_timezone_set(): Timezone ID 'Vietnam/Hanoi' is invalid
#0 [internal function]: CodeIgniter\Debug\Exceptions->errorHandler(8, 'date_default_ti...', 'D:\\OpenServer\\d...', 179, Array)
#1 D:\OpenServer\domains\quanlydoanvien.kt.com\vendor\codeigniter4\framework\system\CodeIgniter.php(179): date_default_timezone_set('Vietnam/Hanoi')
#2 D:\OpenServer\domains\quanlydoanvien.kt.com\vendor\codeigniter4\framework\system\bootstrap.php(158): CodeIgniter\CodeIgniter->initialize()
#3 D:\OpenServer\domains\quanlydoanvien.kt.com\index.php(39): require('D:\\OpenServer\\d...')
#4 {main}
CRITICAL - 2023-02-18 20:23:56 --> Undefined variable: id
#0 D:\OpenServer\domains\quanlydoanvien.kt.com\app\Services\EventService.php(48): CodeIgniter\Debug\Exceptions->errorHandler(8, 'Undefined varia...', 'D:\\OpenServer\\d...', 48, Array)
#1 D:\OpenServer\domains\quanlydoanvien.kt.com\app\Controllers\Backend\CheckEvent\CheckEvent.php(39): App\Services\EventService->paginate(1)
#2 D:\OpenServer\domains\quanlydoanvien.kt.com\vendor\codeigniter4\framework\system\CodeIgniter.php(935): App\Controllers\Backend\CheckEvent\CheckEvent->index()
#3 D:\OpenServer\domains\quanlydoanvien.kt.com\vendor\codeigniter4\framework\system\CodeIgniter.php(431): CodeIgniter\CodeIgniter->runController(Object(App\Controllers\Backend\CheckEvent\CheckEvent))
#4 D:\OpenServer\domains\quanlydoanvien.kt.com\vendor\codeigniter4\framework\system\CodeIgniter.php(332): CodeIgniter\CodeIgniter->handleRequest(NULL, Object(Config\Cache), false)
#5 D:\OpenServer\domains\quanlydoanvien.kt.com\index.php(48): CodeIgniter\CodeIgniter->run()
#6 {main}
CRITICAL - 2023-02-18 20:24:04 --> Argument 3 passed to App\Repositories\EventRepository::count() must be of the type string, array given, called in D:\OpenServer\domains\quanlydoanvien.kt.com\app\Services\EventService.php on line 55
#0 D:\OpenServer\domains\quanlydoanvien.kt.com\app\Services\EventService.php(55): App\Repositories\EventRepository->count(Array, '', Array)
#1 D:\OpenServer\domains\quanlydoanvien.kt.com\app\Controllers\Backend\CheckEvent\CheckEvent.php(39): App\Services\EventService->paginate(1)
#2 D:\OpenServer\domains\quanlydoanvien.kt.com\vendor\codeigniter4\framework\system\CodeIgniter.php(935): App\Controllers\Backend\CheckEvent\CheckEvent->index()
#3 D:\OpenServer\domains\quanlydoanvien.kt.com\vendor\codeigniter4\framework\system\CodeIgniter.php(431): CodeIgniter\CodeIgniter->runController(Object(App\Controllers\Backend\CheckEvent\CheckEvent))
#4 D:\OpenServer\domains\quanlydoanvien.kt.com\vendor\codeigniter4\framework\system\CodeIgniter.php(332): CodeIgniter\CodeIgniter->handleRequest(NULL, Object(Config\Cache), false)
#5 D:\OpenServer\domains\quanlydoanvien.kt.com\index.php(48): CodeIgniter\CodeIgniter->run()
#6 {main}
CRITICAL - 2023-02-18 20:24:05 --> Argument 3 passed to App\Repositories\EventRepository::count() must be of the type string, array given, called in D:\OpenServer\domains\quanlydoanvien.kt.com\app\Services\EventService.php on line 55
#0 D:\OpenServer\domains\quanlydoanvien.kt.com\app\Services\EventService.php(55): App\Repositories\EventRepository->count(Array, '', Array)
#1 D:\OpenServer\domains\quanlydoanvien.kt.com\app\Controllers\Backend\CheckEvent\CheckEvent.php(39): App\Services\EventService->paginate(1)
#2 D:\OpenServer\domains\quanlydoanvien.kt.com\vendor\codeigniter4\framework\system\CodeIgniter.php(935): App\Controllers\Backend\CheckEvent\CheckEvent->index()
#3 D:\OpenServer\domains\quanlydoanvien.kt.com\vendor\codeigniter4\framework\system\CodeIgniter.php(431): CodeIgniter\CodeIgniter->runController(Object(App\Controllers\Backend\CheckEvent\CheckEvent))
#4 D:\OpenServer\domains\quanlydoanvien.kt.com\vendor\codeigniter4\framework\system\CodeIgniter.php(332): CodeIgniter\CodeIgniter->handleRequest(NULL, Object(Config\Cache), false)
#5 D:\OpenServer\domains\quanlydoanvien.kt.com\index.php(48): CodeIgniter\CodeIgniter->run()
#6 {main}
