CRITICAL - 2022-12-29 02:34:43 --> Undefined variable: general
#0 D:\OpenServer\domains\quanlydoanvien.kt.com\app\Views\frontend\infomation\index.php(14): CodeIgniter\Debug\Exceptions->errorHandler(8, 'Undefined varia...', 'D:\\OpenServer\\d...', 14, Array)
#1 D:\OpenServer\domains\quanlydoanvien.kt.com\vendor\codeigniter4\framework\system\View\View.php(246): include('D:\\OpenServer\\d...')
#2 D:\OpenServer\domains\quanlydoanvien.kt.com\vendor\codeigniter4\framework\system\Common.php(1119): CodeIgniter\View\View->render('frontend/infoma...', Array, true)
#3 D:\OpenServer\domains\quanlydoanvien.kt.com\app\Views\frontend\homepage\layout\home.php(11): view('frontend/infoma...')
#4 D:\OpenServer\domains\quanlydoanvien.kt.com\vendor\codeigniter4\framework\system\View\View.php(246): include('D:\\OpenServer\\d...')
#5 D:\OpenServer\domains\quanlydoanvien.kt.com\vendor\codeigniter4\framework\system\Common.php(1119): CodeIgniter\View\View->render('frontend/homepa...', Array, true)
#6 D:\OpenServer\domains\quanlydoanvien.kt.com\app\Controllers\Frontend\Infomation\Infomation.php(42): view('frontend/homepa...', Array)
#7 D:\OpenServer\domains\quanlydoanvien.kt.com\vendor\codeigniter4\framework\system\CodeIgniter.php(918): App\Controllers\Frontend\Infomation\Infomation->index()
#8 D:\OpenServer\domains\quanlydoanvien.kt.com\vendor\codeigniter4\framework\system\CodeIgniter.php(404): CodeIgniter\CodeIgniter->runController(Object(App\Controllers\Frontend\Infomation\Infomation))
#9 D:\OpenServer\domains\quanlydoanvien.kt.com\vendor\codeigniter4\framework\system\CodeIgniter.php(312): CodeIgniter\CodeIgniter->handleRequest(NULL, Object(Config\Cache), false)
#10 D:\OpenServer\domains\quanlydoanvien.kt.com\index.php(48): CodeIgniter\CodeIgniter->run()
#11 {main}
CRITICAL - 2022-12-29 02:35:58 --> Undefined variable: general
#0 D:\OpenServer\domains\quanlydoanvien.kt.com\app\Views\frontend\infomation\index.php(14): CodeIgniter\Debug\Exceptions->errorHandler(8, 'Undefined varia...', 'D:\\OpenServer\\d...', 14, Array)
#1 D:\OpenServer\domains\quanlydoanvien.kt.com\vendor\codeigniter4\framework\system\View\View.php(246): include('D:\\OpenServer\\d...')
#2 D:\OpenServer\domains\quanlydoanvien.kt.com\vendor\codeigniter4\framework\system\Common.php(1119): CodeIgniter\View\View->render('frontend/infoma...', Array, true)
#3 D:\OpenServer\domains\quanlydoanvien.kt.com\app\Views\frontend\homepage\layout\home.php(11): view('frontend/infoma...')
#4 D:\OpenServer\domains\quanlydoanvien.kt.com\vendor\codeigniter4\framework\system\View\View.php(246): include('D:\\OpenServer\\d...')
#5 D:\OpenServer\domains\quanlydoanvien.kt.com\vendor\codeigniter4\framework\system\Common.php(1119): CodeIgniter\View\View->render('frontend/homepa...', Array, true)
#6 D:\OpenServer\domains\quanlydoanvien.kt.com\app\Controllers\Frontend\Infomation\Infomation.php(42): view('frontend/homepa...', Array)
#7 D:\OpenServer\domains\quanlydoanvien.kt.com\vendor\codeigniter4\framework\system\CodeIgniter.php(918): App\Controllers\Frontend\Infomation\Infomation->index()
#8 D:\OpenServer\domains\quanlydoanvien.kt.com\vendor\codeigniter4\framework\system\CodeIgniter.php(404): CodeIgniter\CodeIgniter->runController(Object(App\Controllers\Frontend\Infomation\Infomation))
#9 D:\OpenServer\domains\quanlydoanvien.kt.com\vendor\codeigniter4\framework\system\CodeIgniter.php(312): CodeIgniter\CodeIgniter->handleRequest(NULL, Object(Config\Cache), false)
#10 D:\OpenServer\domains\quanlydoanvien.kt.com\index.php(48): CodeIgniter\CodeIgniter->run()
#11 {main}
CRITICAL - 2022-12-29 02:36:00 --> Undefined variable: general
#0 D:\OpenServer\domains\quanlydoanvien.kt.com\app\Views\frontend\infomation\index.php(14): CodeIgniter\Debug\Exceptions->errorHandler(8, 'Undefined varia...', 'D:\\OpenServer\\d...', 14, Array)
#1 D:\OpenServer\domains\quanlydoanvien.kt.com\vendor\codeigniter4\framework\system\View\View.php(246): include('D:\\OpenServer\\d...')
#2 D:\OpenServer\domains\quanlydoanvien.kt.com\vendor\codeigniter4\framework\system\Common.php(1119): CodeIgniter\View\View->render('frontend/infoma...', Array, true)
#3 D:\OpenServer\domains\quanlydoanvien.kt.com\app\Views\frontend\homepage\layout\home.php(11): view('frontend/infoma...')
#4 D:\OpenServer\domains\quanlydoanvien.kt.com\vendor\codeigniter4\framework\system\View\View.php(246): include('D:\\OpenServer\\d...')
#5 D:\OpenServer\domains\quanlydoanvien.kt.com\vendor\codeigniter4\framework\system\Common.php(1119): CodeIgniter\View\View->render('frontend/homepa...', Array, true)
#6 D:\OpenServer\domains\quanlydoanvien.kt.com\app\Controllers\Frontend\Infomation\Infomation.php(42): view('frontend/homepa...', Array)
#7 D:\OpenServer\domains\quanlydoanvien.kt.com\vendor\codeigniter4\framework\system\CodeIgniter.php(918): App\Controllers\Frontend\Infomation\Infomation->index()
#8 D:\OpenServer\domains\quanlydoanvien.kt.com\vendor\codeigniter4\framework\system\CodeIgniter.php(404): CodeIgniter\CodeIgniter->runController(Object(App\Controllers\Frontend\Infomation\Infomation))
#9 D:\OpenServer\domains\quanlydoanvien.kt.com\vendor\codeigniter4\framework\system\CodeIgniter.php(312): CodeIgniter\CodeIgniter->handleRequest(NULL, Object(Config\Cache), false)
#10 D:\OpenServer\domains\quanlydoanvien.kt.com\index.php(48): CodeIgniter\CodeIgniter->run()
#11 {main}
CRITICAL - 2022-12-29 02:36:02 --> Undefined variable: general
#0 D:\OpenServer\domains\quanlydoanvien.kt.com\app\Views\frontend\infomation\index.php(14): CodeIgniter\Debug\Exceptions->errorHandler(8, 'Undefined varia...', 'D:\\OpenServer\\d...', 14, Array)
#1 D:\OpenServer\domains\quanlydoanvien.kt.com\vendor\codeigniter4\framework\system\View\View.php(246): include('D:\\OpenServer\\d...')
#2 D:\OpenServer\domains\quanlydoanvien.kt.com\vendor\codeigniter4\framework\system\Common.php(1119): CodeIgniter\View\View->render('frontend/infoma...', Array, true)
#3 D:\OpenServer\domains\quanlydoanvien.kt.com\app\Views\frontend\homepage\layout\home.php(11): view('frontend/infoma...')
#4 D:\OpenServer\domains\quanlydoanvien.kt.com\vendor\codeigniter4\framework\system\View\View.php(246): include('D:\\OpenServer\\d...')
#5 D:\OpenServer\domains\quanlydoanvien.kt.com\vendor\codeigniter4\framework\system\Common.php(1119): CodeIgniter\View\View->render('frontend/homepa...', Array, true)
#6 D:\OpenServer\domains\quanlydoanvien.kt.com\app\Controllers\Frontend\Infomation\Infomation.php(42): view('frontend/homepa...', Array)
#7 D:\OpenServer\domains\quanlydoanvien.kt.com\vendor\codeigniter4\framework\system\CodeIgniter.php(918): App\Controllers\Frontend\Infomation\Infomation->index()
#8 D:\OpenServer\domains\quanlydoanvien.kt.com\vendor\codeigniter4\framework\system\CodeIgniter.php(404): CodeIgniter\CodeIgniter->runController(Object(App\Controllers\Frontend\Infomation\Infomation))
#9 D:\OpenServer\domains\quanlydoanvien.kt.com\vendor\codeigniter4\framework\system\CodeIgniter.php(312): CodeIgniter\CodeIgniter->handleRequest(NULL, Object(Config\Cache), false)
#10 D:\OpenServer\domains\quanlydoanvien.kt.com\index.php(48): CodeIgniter\CodeIgniter->run()
#11 {main}
CRITICAL - 2022-12-29 02:43:49 --> Undefined variable: faculty
#0 D:\OpenServer\domains\quanlydoanvien.kt.com\app\Views\frontend\infomation\index.php(89): CodeIgniter\Debug\Exceptions->errorHandler(8, 'Undefined varia...', 'D:\\OpenServer\\d...', 89, Array)
#1 D:\OpenServer\domains\quanlydoanvien.kt.com\vendor\codeigniter4\framework\system\View\View.php(246): include('D:\\OpenServer\\d...')
#2 D:\OpenServer\domains\quanlydoanvien.kt.com\vendor\codeigniter4\framework\system\Common.php(1119): CodeIgniter\View\View->render('frontend/infoma...', Array, true)
#3 D:\OpenServer\domains\quanlydoanvien.kt.com\app\Views\frontend\homepage\layout\home.php(11): view('frontend/infoma...')
#4 D:\OpenServer\domains\quanlydoanvien.kt.com\vendor\codeigniter4\framework\system\View\View.php(246): include('D:\\OpenServer\\d...')
#5 D:\OpenServer\domains\quanlydoanvien.kt.com\vendor\codeigniter4\framework\system\Common.php(1119): CodeIgniter\View\View->render('frontend/homepa...', Array, true)
#6 D:\OpenServer\domains\quanlydoanvien.kt.com\app\Controllers\Frontend\Infomation\Infomation.php(42): view('frontend/homepa...', Array)
#7 D:\OpenServer\domains\quanlydoanvien.kt.com\vendor\codeigniter4\framework\system\CodeIgniter.php(918): App\Controllers\Frontend\Infomation\Infomation->index()
#8 D:\OpenServer\domains\quanlydoanvien.kt.com\vendor\codeigniter4\framework\system\CodeIgniter.php(404): CodeIgniter\CodeIgniter->runController(Object(App\Controllers\Frontend\Infomation\Infomation))
#9 D:\OpenServer\domains\quanlydoanvien.kt.com\vendor\codeigniter4\framework\system\CodeIgniter.php(312): CodeIgniter\CodeIgniter->handleRequest(NULL, Object(Config\Cache), false)
#10 D:\OpenServer\domains\quanlydoanvien.kt.com\index.php(48): CodeIgniter\CodeIgniter->run()
#11 {main}
CRITICAL - 2022-12-29 02:52:08 --> Undefined variable: faculty
#0 D:\OpenServer\domains\quanlydoanvien.kt.com\app\Views\frontend\infomation\index.php(89): CodeIgniter\Debug\Exceptions->errorHandler(8, 'Undefined varia...', 'D:\\OpenServer\\d...', 89, Array)
#1 D:\OpenServer\domains\quanlydoanvien.kt.com\vendor\codeigniter4\framework\system\View\View.php(246): include('D:\\OpenServer\\d...')
#2 D:\OpenServer\domains\quanlydoanvien.kt.com\vendor\codeigniter4\framework\system\Common.php(1119): CodeIgniter\View\View->render('frontend/infoma...', Array, true)
#3 D:\OpenServer\domains\quanlydoanvien.kt.com\app\Views\frontend\homepage\layout\home.php(11): view('frontend/infoma...')
#4 D:\OpenServer\domains\quanlydoanvien.kt.com\vendor\codeigniter4\framework\system\View\View.php(246): include('D:\\OpenServer\\d...')
#5 D:\OpenServer\domains\quanlydoanvien.kt.com\vendor\codeigniter4\framework\system\Common.php(1119): CodeIgniter\View\View->render('frontend/homepa...', Array, true)
#6 D:\OpenServer\domains\quanlydoanvien.kt.com\app\Controllers\Frontend\Infomation\Infomation.php(42): view('frontend/homepa...', Array)
#7 D:\OpenServer\domains\quanlydoanvien.kt.com\vendor\codeigniter4\framework\system\CodeIgniter.php(918): App\Controllers\Frontend\Infomation\Infomation->index()
#8 D:\OpenServer\domains\quanlydoanvien.kt.com\vendor\codeigniter4\framework\system\CodeIgniter.php(404): CodeIgniter\CodeIgniter->runController(Object(App\Controllers\Frontend\Infomation\Infomation))
#9 D:\OpenServer\domains\quanlydoanvien.kt.com\vendor\codeigniter4\framework\system\CodeIgniter.php(312): CodeIgniter\CodeIgniter->handleRequest(NULL, Object(Config\Cache), false)
#10 D:\OpenServer\domains\quanlydoanvien.kt.com\index.php(48): CodeIgniter\CodeIgniter->run()
#11 {main}
CRITICAL - 2022-12-29 02:52:42 --> syntax error, unexpected '='
#0 D:\OpenServer\domains\quanlydoanvien.kt.com\vendor\codeigniter4\framework\system\Common.php(1119): CodeIgniter\View\View->render('frontend/infoma...', Array, true)
#1 D:\OpenServer\domains\quanlydoanvien.kt.com\app\Views\frontend\homepage\layout\home.php(11): view('frontend/infoma...')
#2 D:\OpenServer\domains\quanlydoanvien.kt.com\vendor\codeigniter4\framework\system\View\View.php(246): include('D:\\OpenServer\\d...')
#3 D:\OpenServer\domains\quanlydoanvien.kt.com\vendor\codeigniter4\framework\system\Common.php(1119): CodeIgniter\View\View->render('frontend/homepa...', Array, true)
#4 D:\OpenServer\domains\quanlydoanvien.kt.com\app\Controllers\Frontend\Infomation\Infomation.php(42): view('frontend/homepa...', Array)
#5 D:\OpenServer\domains\quanlydoanvien.kt.com\vendor\codeigniter4\framework\system\CodeIgniter.php(918): App\Controllers\Frontend\Infomation\Infomation->index()
#6 D:\OpenServer\domains\quanlydoanvien.kt.com\vendor\codeigniter4\framework\system\CodeIgniter.php(404): CodeIgniter\CodeIgniter->runController(Object(App\Controllers\Frontend\Infomation\Infomation))
#7 D:\OpenServer\domains\quanlydoanvien.kt.com\vendor\codeigniter4\framework\system\CodeIgniter.php(312): CodeIgniter\CodeIgniter->handleRequest(NULL, Object(Config\Cache), false)
#8 D:\OpenServer\domains\quanlydoanvien.kt.com\index.php(48): CodeIgniter\CodeIgniter->run()
#9 {main}
CRITICAL - 2022-12-29 02:54:37 --> Undefined variable: faculty
#0 D:\OpenServer\domains\quanlydoanvien.kt.com\app\Views\frontend\infomation\index.php(89): CodeIgniter\Debug\Exceptions->errorHandler(8, 'Undefined varia...', 'D:\\OpenServer\\d...', 89, Array)
#1 D:\OpenServer\domains\quanlydoanvien.kt.com\vendor\codeigniter4\framework\system\View\View.php(246): include('D:\\OpenServer\\d...')
#2 D:\OpenServer\domains\quanlydoanvien.kt.com\vendor\codeigniter4\framework\system\Common.php(1119): CodeIgniter\View\View->render('frontend/infoma...', Array, true)
#3 D:\OpenServer\domains\quanlydoanvien.kt.com\app\Views\frontend\homepage\layout\home.php(11): view('frontend/infoma...')
#4 D:\OpenServer\domains\quanlydoanvien.kt.com\vendor\codeigniter4\framework\system\View\View.php(246): include('D:\\OpenServer\\d...')
#5 D:\OpenServer\domains\quanlydoanvien.kt.com\vendor\codeigniter4\framework\system\Common.php(1119): CodeIgniter\View\View->render('frontend/homepa...', Array, true)
#6 D:\OpenServer\domains\quanlydoanvien.kt.com\app\Controllers\Frontend\Infomation\Infomation.php(53): view('frontend/homepa...', Array)
#7 D:\OpenServer\domains\quanlydoanvien.kt.com\vendor\codeigniter4\framework\system\CodeIgniter.php(918): App\Controllers\Frontend\Infomation\Infomation->index()
#8 D:\OpenServer\domains\quanlydoanvien.kt.com\vendor\codeigniter4\framework\system\CodeIgniter.php(404): CodeIgniter\CodeIgniter->runController(Object(App\Controllers\Frontend\Infomation\Infomation))
#9 D:\OpenServer\domains\quanlydoanvien.kt.com\vendor\codeigniter4\framework\system\CodeIgniter.php(312): CodeIgniter\CodeIgniter->handleRequest(NULL, Object(Config\Cache), false)
#10 D:\OpenServer\domains\quanlydoanvien.kt.com\index.php(48): CodeIgniter\CodeIgniter->run()
#11 {main}
CRITICAL - 2022-12-29 02:54:38 --> Undefined variable: faculty
#0 D:\OpenServer\domains\quanlydoanvien.kt.com\app\Views\frontend\infomation\index.php(89): CodeIgniter\Debug\Exceptions->errorHandler(8, 'Undefined varia...', 'D:\\OpenServer\\d...', 89, Array)
#1 D:\OpenServer\domains\quanlydoanvien.kt.com\vendor\codeigniter4\framework\system\View\View.php(246): include('D:\\OpenServer\\d...')
#2 D:\OpenServer\domains\quanlydoanvien.kt.com\vendor\codeigniter4\framework\system\Common.php(1119): CodeIgniter\View\View->render('frontend/infoma...', Array, true)
#3 D:\OpenServer\domains\quanlydoanvien.kt.com\app\Views\frontend\homepage\layout\home.php(11): view('frontend/infoma...')
#4 D:\OpenServer\domains\quanlydoanvien.kt.com\vendor\codeigniter4\framework\system\View\View.php(246): include('D:\\OpenServer\\d...')
#5 D:\OpenServer\domains\quanlydoanvien.kt.com\vendor\codeigniter4\framework\system\Common.php(1119): CodeIgniter\View\View->render('frontend/homepa...', Array, true)
#6 D:\OpenServer\domains\quanlydoanvien.kt.com\app\Controllers\Frontend\Infomation\Infomation.php(53): view('frontend/homepa...', Array)
#7 D:\OpenServer\domains\quanlydoanvien.kt.com\vendor\codeigniter4\framework\system\CodeIgniter.php(918): App\Controllers\Frontend\Infomation\Infomation->index()
#8 D:\OpenServer\domains\quanlydoanvien.kt.com\vendor\codeigniter4\framework\system\CodeIgniter.php(404): CodeIgniter\CodeIgniter->runController(Object(App\Controllers\Frontend\Infomation\Infomation))
#9 D:\OpenServer\domains\quanlydoanvien.kt.com\vendor\codeigniter4\framework\system\CodeIgniter.php(312): CodeIgniter\CodeIgniter->handleRequest(NULL, Object(Config\Cache), false)
#10 D:\OpenServer\domains\quanlydoanvien.kt.com\index.php(48): CodeIgniter\CodeIgniter->run()
#11 {main}
CRITICAL - 2022-12-29 10:13:51 --> Unable to locate view cell class: {0}.
#0 D:\OpenServer\domains\quanlydoanvien.kt.com\vendor\codeigniter4\framework\system\View\Cell.php(268): CodeIgniter\View\Exceptions\ViewException::forInvalidCellClass('\\App\\Controller...')
#1 D:\OpenServer\domains\quanlydoanvien.kt.com\vendor\codeigniter4\framework\system\View\Cell.php(110): CodeIgniter\View\Cell->determineClass('\\App\\Controller...')
#2 D:\OpenServer\domains\quanlydoanvien.kt.com\vendor\codeigniter4\framework\system\Common.php(1140): CodeIgniter\View\Cell->render('\\App\\Controller...', 'id=2, page=1', 0, NULL)
#3 D:\OpenServer\domains\quanlydoanvien.kt.com\app\Controllers\Frontend\Homepage\Router.php(18): view_cell('\\App\\Controller...', 'id=2, page=1')
#4 D:\OpenServer\domains\quanlydoanvien.kt.com\vendor\codeigniter4\framework\system\CodeIgniter.php(918): App\Controllers\Frontend\Homepage\Router->index('lien-chi-doan-k...')
#5 D:\OpenServer\domains\quanlydoanvien.kt.com\vendor\codeigniter4\framework\system\CodeIgniter.php(404): CodeIgniter\CodeIgniter->runController(Object(App\Controllers\Frontend\Homepage\Router))
#6 D:\OpenServer\domains\quanlydoanvien.kt.com\vendor\codeigniter4\framework\system\CodeIgniter.php(312): CodeIgniter\CodeIgniter->handleRequest(NULL, Object(Config\Cache), false)
#7 D:\OpenServer\domains\quanlydoanvien.kt.com\index.php(48): CodeIgniter\CodeIgniter->run()
#8 {main}
CRITICAL - 2022-12-29 10:14:38 --> Unable to locate view cell class: {0}.
#0 D:\OpenServer\domains\quanlydoanvien.kt.com\vendor\codeigniter4\framework\system\View\Cell.php(268): CodeIgniter\View\Exceptions\ViewException::forInvalidCellClass('\\App\\Controller...')
#1 D:\OpenServer\domains\quanlydoanvien.kt.com\vendor\codeigniter4\framework\system\View\Cell.php(110): CodeIgniter\View\Cell->determineClass('\\App\\Controller...')
#2 D:\OpenServer\domains\quanlydoanvien.kt.com\vendor\codeigniter4\framework\system\Common.php(1140): CodeIgniter\View\Cell->render('\\App\\Controller...', 'id=2, page=1', 0, NULL)
#3 D:\OpenServer\domains\quanlydoanvien.kt.com\app\Controllers\Frontend\Homepage\Router.php(18): view_cell('\\App\\Controller...', 'id=2, page=1')
#4 D:\OpenServer\domains\quanlydoanvien.kt.com\vendor\codeigniter4\framework\system\CodeIgniter.php(918): App\Controllers\Frontend\Homepage\Router->index('lien-chi-doan-k...')
#5 D:\OpenServer\domains\quanlydoanvien.kt.com\vendor\codeigniter4\framework\system\CodeIgniter.php(404): CodeIgniter\CodeIgniter->runController(Object(App\Controllers\Frontend\Homepage\Router))
#6 D:\OpenServer\domains\quanlydoanvien.kt.com\vendor\codeigniter4\framework\system\CodeIgniter.php(312): CodeIgniter\CodeIgniter->handleRequest(NULL, Object(Config\Cache), false)
#7 D:\OpenServer\domains\quanlydoanvien.kt.com\index.php(48): CodeIgniter\CodeIgniter->run()
#8 {main}
CRITICAL - 2022-12-29 10:14:39 --> Unable to locate view cell class: {0}.
#0 D:\OpenServer\domains\quanlydoanvien.kt.com\vendor\codeigniter4\framework\system\View\Cell.php(268): CodeIgniter\View\Exceptions\ViewException::forInvalidCellClass('\\App\\Controller...')
#1 D:\OpenServer\domains\quanlydoanvien.kt.com\vendor\codeigniter4\framework\system\View\Cell.php(110): CodeIgniter\View\Cell->determineClass('\\App\\Controller...')
#2 D:\OpenServer\domains\quanlydoanvien.kt.com\vendor\codeigniter4\framework\system\Common.php(1140): CodeIgniter\View\Cell->render('\\App\\Controller...', 'id=2, page=1', 0, NULL)
#3 D:\OpenServer\domains\quanlydoanvien.kt.com\app\Controllers\Frontend\Homepage\Router.php(18): view_cell('\\App\\Controller...', 'id=2, page=1')
#4 D:\OpenServer\domains\quanlydoanvien.kt.com\vendor\codeigniter4\framework\system\CodeIgniter.php(918): App\Controllers\Frontend\Homepage\Router->index('lien-chi-doan-k...')
#5 D:\OpenServer\domains\quanlydoanvien.kt.com\vendor\codeigniter4\framework\system\CodeIgniter.php(404): CodeIgniter\CodeIgniter->runController(Object(App\Controllers\Frontend\Homepage\Router))
#6 D:\OpenServer\domains\quanlydoanvien.kt.com\vendor\codeigniter4\framework\system\CodeIgniter.php(312): CodeIgniter\CodeIgniter->handleRequest(NULL, Object(Config\Cache), false)
#7 D:\OpenServer\domains\quanlydoanvien.kt.com\index.php(48): CodeIgniter\CodeIgniter->run()
#8 {main}
CRITICAL - 2022-12-29 10:14:54 --> Unable to locate view cell class: {0}.
#0 D:\OpenServer\domains\quanlydoanvien.kt.com\vendor\codeigniter4\framework\system\View\Cell.php(268): CodeIgniter\View\Exceptions\ViewException::forInvalidCellClass('\\App\\Controller...')
#1 D:\OpenServer\domains\quanlydoanvien.kt.com\vendor\codeigniter4\framework\system\View\Cell.php(110): CodeIgniter\View\Cell->determineClass('\\App\\Controller...')
#2 D:\OpenServer\domains\quanlydoanvien.kt.com\vendor\codeigniter4\framework\system\Common.php(1140): CodeIgniter\View\Cell->render('\\App\\Controller...', 'id=2, page=1', 0, NULL)
#3 D:\OpenServer\domains\quanlydoanvien.kt.com\app\Controllers\Frontend\Homepage\Router.php(18): view_cell('\\App\\Controller...', 'id=2, page=1')
#4 D:\OpenServer\domains\quanlydoanvien.kt.com\vendor\codeigniter4\framework\system\CodeIgniter.php(918): App\Controllers\Frontend\Homepage\Router->index('lien-chi-doan-k...')
#5 D:\OpenServer\domains\quanlydoanvien.kt.com\vendor\codeigniter4\framework\system\CodeIgniter.php(404): CodeIgniter\CodeIgniter->runController(Object(App\Controllers\Frontend\Homepage\Router))
#6 D:\OpenServer\domains\quanlydoanvien.kt.com\vendor\codeigniter4\framework\system\CodeIgniter.php(312): CodeIgniter\CodeIgniter->handleRequest(NULL, Object(Config\Cache), false)
#7 D:\OpenServer\domains\quanlydoanvien.kt.com\index.php(48): CodeIgniter\CodeIgniter->run()
#8 {main}
CRITICAL - 2022-12-29 10:26:50 --> Unable to locate view cell class: {0}.
#0 D:\OpenServer\domains\quanlydoanvien.kt.com\vendor\codeigniter4\framework\system\View\Cell.php(268): CodeIgniter\View\Exceptions\ViewException::forInvalidCellClass('\\App\\Controller...')
#1 D:\OpenServer\domains\quanlydoanvien.kt.com\vendor\codeigniter4\framework\system\View\Cell.php(110): CodeIgniter\View\Cell->determineClass('\\App\\Controller...')
#2 D:\OpenServer\domains\quanlydoanvien.kt.com\vendor\codeigniter4\framework\system\Common.php(1140): CodeIgniter\View\Cell->render('\\App\\Controller...', 'id=2, page=1', 0, NULL)
#3 D:\OpenServer\domains\quanlydoanvien.kt.com\app\Controllers\Frontend\Homepage\Router.php(18): view_cell('\\App\\Controller...', 'id=2, page=1')
#4 D:\OpenServer\domains\quanlydoanvien.kt.com\vendor\codeigniter4\framework\system\CodeIgniter.php(918): App\Controllers\Frontend\Homepage\Router->index('lien-chi-doan-k...')
#5 D:\OpenServer\domains\quanlydoanvien.kt.com\vendor\codeigniter4\framework\system\CodeIgniter.php(404): CodeIgniter\CodeIgniter->runController(Object(App\Controllers\Frontend\Homepage\Router))
#6 D:\OpenServer\domains\quanlydoanvien.kt.com\vendor\codeigniter4\framework\system\CodeIgniter.php(312): CodeIgniter\CodeIgniter->handleRequest(NULL, Object(Config\Cache), false)
#7 D:\OpenServer\domains\quanlydoanvien.kt.com\index.php(48): CodeIgniter\CodeIgniter->run()
#8 {main}
CRITICAL - 2022-12-29 10:27:44 --> Unable to locate view cell class: {0}.
#0 D:\OpenServer\domains\quanlydoanvien.kt.com\vendor\codeigniter4\framework\system\View\Cell.php(268): CodeIgniter\View\Exceptions\ViewException::forInvalidCellClass('\\App\\Controller...')
#1 D:\OpenServer\domains\quanlydoanvien.kt.com\vendor\codeigniter4\framework\system\View\Cell.php(110): CodeIgniter\View\Cell->determineClass('\\App\\Controller...')
#2 D:\OpenServer\domains\quanlydoanvien.kt.com\vendor\codeigniter4\framework\system\Common.php(1140): CodeIgniter\View\Cell->render('\\App\\Controller...', 'id=2, page=1', 0, NULL)
#3 D:\OpenServer\domains\quanlydoanvien.kt.com\app\Controllers\Frontend\Homepage\Router.php(18): view_cell('\\App\\Controller...', 'id=2, page=1')
#4 D:\OpenServer\domains\quanlydoanvien.kt.com\vendor\codeigniter4\framework\system\CodeIgniter.php(918): App\Controllers\Frontend\Homepage\Router->index('lien-chi-doan-k...')
#5 D:\OpenServer\domains\quanlydoanvien.kt.com\vendor\codeigniter4\framework\system\CodeIgniter.php(404): CodeIgniter\CodeIgniter->runController(Object(App\Controllers\Frontend\Homepage\Router))
#6 D:\OpenServer\domains\quanlydoanvien.kt.com\vendor\codeigniter4\framework\system\CodeIgniter.php(312): CodeIgniter\CodeIgniter->handleRequest(NULL, Object(Config\Cache), false)
#7 D:\OpenServer\domains\quanlydoanvien.kt.com\index.php(48): CodeIgniter\CodeIgniter->run()
#8 {main}
CRITICAL - 2022-12-29 10:29:06 --> Unable to locate view cell class: {0}.
#0 D:\OpenServer\domains\quanlydoanvien.kt.com\vendor\codeigniter4\framework\system\View\Cell.php(268): CodeIgniter\View\Exceptions\ViewException::forInvalidCellClass('\\App\\Controller...')
#1 D:\OpenServer\domains\quanlydoanvien.kt.com\vendor\codeigniter4\framework\system\View\Cell.php(110): CodeIgniter\View\Cell->determineClass('\\App\\Controller...')
#2 D:\OpenServer\domains\quanlydoanvien.kt.com\vendor\codeigniter4\framework\system\Common.php(1140): CodeIgniter\View\Cell->render('\\App\\Controller...', 'id=2, page=1', 0, NULL)
#3 D:\OpenServer\domains\quanlydoanvien.kt.com\app\Controllers\Frontend\Homepage\Router.php(19): view_cell('\\App\\Controller...', 'id=2, page=1')
#4 D:\OpenServer\domains\quanlydoanvien.kt.com\vendor\codeigniter4\framework\system\CodeIgniter.php(918): App\Controllers\Frontend\Homepage\Router->index('lien-chi-doan-k...')
#5 D:\OpenServer\domains\quanlydoanvien.kt.com\vendor\codeigniter4\framework\system\CodeIgniter.php(404): CodeIgniter\CodeIgniter->runController(Object(App\Controllers\Frontend\Homepage\Router))
#6 D:\OpenServer\domains\quanlydoanvien.kt.com\vendor\codeigniter4\framework\system\CodeIgniter.php(312): CodeIgniter\CodeIgniter->handleRequest(NULL, Object(Config\Cache), false)
#7 D:\OpenServer\domains\quanlydoanvien.kt.com\index.php(48): CodeIgniter\CodeIgniter->run()
#8 {main}
CRITICAL - 2022-12-29 10:32:06 --> Unable to locate view cell class: {0}.
#0 D:\OpenServer\domains\quanlydoanvien.kt.com\vendor\codeigniter4\framework\system\View\Cell.php(268): CodeIgniter\View\Exceptions\ViewException::forInvalidCellClass('\\App\\Controller...')
#1 D:\OpenServer\domains\quanlydoanvien.kt.com\vendor\codeigniter4\framework\system\View\Cell.php(110): CodeIgniter\View\Cell->determineClass('\\App\\Controller...')
#2 D:\OpenServer\domains\quanlydoanvien.kt.com\vendor\codeigniter4\framework\system\Common.php(1140): CodeIgniter\View\Cell->render('\\App\\Controller...', 'id=2, page=1', 0, NULL)
#3 D:\OpenServer\domains\quanlydoanvien.kt.com\app\Controllers\Frontend\Homepage\Router.php(19): view_cell('\\App\\Controller...', 'id=2, page=1')
#4 D:\OpenServer\domains\quanlydoanvien.kt.com\vendor\codeigniter4\framework\system\CodeIgniter.php(918): App\Controllers\Frontend\Homepage\Router->index('lien-chi-doan-k...')
#5 D:\OpenServer\domains\quanlydoanvien.kt.com\vendor\codeigniter4\framework\system\CodeIgniter.php(404): CodeIgniter\CodeIgniter->runController(Object(App\Controllers\Frontend\Homepage\Router))
#6 D:\OpenServer\domains\quanlydoanvien.kt.com\vendor\codeigniter4\framework\system\CodeIgniter.php(312): CodeIgniter\CodeIgniter->handleRequest(NULL, Object(Config\Cache), false)
#7 D:\OpenServer\domains\quanlydoanvien.kt.com\index.php(48): CodeIgniter\CodeIgniter->run()
#8 {main}
