CRITICAL - 2022-12-20 08:14:45 --> Call to a member function allProvince() on null
#0 D:\OpenServer\domains\quanlydoanvien.kt.com\vendor\codeigniter4\framework\system\CodeIgniter.php(918): App\Controllers\Frontend\Homepage\Home->index()
#1 D:\OpenServer\domains\quanlydoanvien.kt.com\vendor\codeigniter4\framework\system\CodeIgniter.php(404): CodeIgniter\CodeIgniter->runController(Object(App\Controllers\Frontend\Homepage\Home))
#2 D:\OpenServer\domains\quanlydoanvien.kt.com\vendor\codeigniter4\framework\system\CodeIgniter.php(312): CodeIgniter\CodeIgniter->handleRequest(NULL, Object(Config\Cache), false)
#3 D:\OpenServer\domains\quanlydoanvien.kt.com\index.php(48): CodeIgniter\CodeIgniter->run()
#4 {main}
CRITICAL - 2022-12-20 09:54:29 --> Class 'App\Services\SemesterService' not found
#0 D:\OpenServer\domains\quanlydoanvien.kt.com\vendor\codeigniter4\framework\system\Config\BaseService.php(123): Config\Services::SemesterService(Array, false)
#1 D:\OpenServer\domains\quanlydoanvien.kt.com\app\Config\Services.php(108): CodeIgniter\Config\BaseService::getSharedInstance('semesterservice', Array)
#2 D:\OpenServer\domains\quanlydoanvien.kt.com\vendor\codeigniter4\framework\system\Common.php(957): Config\Services::SemesterService(Array)
#3 D:\OpenServer\domains\quanlydoanvien.kt.com\app\Controllers\Backend\Event\Semester.php(18): service('SemesterService', Array)
#4 D:\OpenServer\domains\quanlydoanvien.kt.com\vendor\codeigniter4\framework\system\CodeIgniter.php(890): App\Controllers\Backend\Event\Semester->__construct()
#5 D:\OpenServer\domains\quanlydoanvien.kt.com\vendor\codeigniter4\framework\system\CodeIgniter.php(399): CodeIgniter\CodeIgniter->createController()
#6 D:\OpenServer\domains\quanlydoanvien.kt.com\vendor\codeigniter4\framework\system\CodeIgniter.php(312): CodeIgniter\CodeIgniter->handleRequest(NULL, Object(Config\Cache), false)
#7 D:\OpenServer\domains\quanlydoanvien.kt.com\index.php(48): CodeIgniter\CodeIgniter->run()
#8 {main}
CRITICAL - 2022-12-20 09:55:15 --> Class 'App\Repositories\SemesterRepository' not found
#0 D:\OpenServer\domains\quanlydoanvien.kt.com\vendor\codeigniter4\framework\system\Config\BaseService.php(123): Config\Services::SemesterRepository('semesters', false)
#1 D:\OpenServer\domains\quanlydoanvien.kt.com\app\Config\Services.php(216): CodeIgniter\Config\BaseService::getSharedInstance('semesterreposit...', 'semesters')
#2 D:\OpenServer\domains\quanlydoanvien.kt.com\vendor\codeigniter4\framework\system\Common.php(957): Config\Services::SemesterRepository('semesters')
#3 D:\OpenServer\domains\quanlydoanvien.kt.com\app\Services\SemesterService.php(26): service('SemesterReposit...', 'semesters')
#4 D:\OpenServer\domains\quanlydoanvien.kt.com\app\Config\Services.php(111): App\Services\SemesterService->__construct(Array)
#5 D:\OpenServer\domains\quanlydoanvien.kt.com\vendor\codeigniter4\framework\system\Config\BaseService.php(123): Config\Services::SemesterService(Array, false)
#6 D:\OpenServer\domains\quanlydoanvien.kt.com\app\Config\Services.php(108): CodeIgniter\Config\BaseService::getSharedInstance('semesterservice', Array)
#7 D:\OpenServer\domains\quanlydoanvien.kt.com\vendor\codeigniter4\framework\system\Common.php(957): Config\Services::SemesterService(Array)
#8 D:\OpenServer\domains\quanlydoanvien.kt.com\app\Controllers\Backend\Event\Semester.php(18): service('SemesterService', Array)
#9 D:\OpenServer\domains\quanlydoanvien.kt.com\vendor\codeigniter4\framework\system\CodeIgniter.php(890): App\Controllers\Backend\Event\Semester->__construct()
#10 D:\OpenServer\domains\quanlydoanvien.kt.com\vendor\codeigniter4\framework\system\CodeIgniter.php(399): CodeIgniter\CodeIgniter->createController()
#11 D:\OpenServer\domains\quanlydoanvien.kt.com\vendor\codeigniter4\framework\system\CodeIgniter.php(312): CodeIgniter\CodeIgniter->handleRequest(NULL, Object(Config\Cache), false)
#12 D:\OpenServer\domains\quanlydoanvien.kt.com\index.php(48): CodeIgniter\CodeIgniter->run()
#13 {main}
CRITICAL - 2022-12-20 09:55:39 --> Interface 'App\Repositories\Interfaces\SemesterRepositoryInterface' not found
#0 [internal function]: CodeIgniter\Debug\Exceptions->shutdownHandler()
#1 {main}
CRITICAL - 2022-12-20 09:55:40 --> Interface 'App\Repositories\Interfaces\SemesterRepositoryInterface' not found
#0 [internal function]: CodeIgniter\Debug\Exceptions->shutdownHandler()
#1 {main}
CRITICAL - 2022-12-20 09:56:17 --> Interface 'App\Repositories\Interfaces\SemesterRepositoryInterface' not found
#0 [internal function]: CodeIgniter\Debug\Exceptions->shutdownHandler()
#1 {main}
CRITICAL - 2022-12-20 09:56:17 --> Interface 'App\Repositories\Interfaces\SemesterRepositoryInterface' not found
#0 [internal function]: CodeIgniter\Debug\Exceptions->shutdownHandler()
#1 {main}
CRITICAL - 2022-12-20 09:56:18 --> Interface 'App\Repositories\Interfaces\SemesterRepositoryInterface' not found
#0 [internal function]: CodeIgniter\Debug\Exceptions->shutdownHandler()
#1 {main}
CRITICAL - 2022-12-20 09:56:18 --> Interface 'App\Repositories\Interfaces\SemesterRepositoryInterface' not found
#0 [internal function]: CodeIgniter\Debug\Exceptions->shutdownHandler()
#1 {main}
CRITICAL - 2022-12-20 09:56:18 --> Interface 'App\Repositories\Interfaces\SemesterRepositoryInterface' not found
#0 [internal function]: CodeIgniter\Debug\Exceptions->shutdownHandler()
#1 {main}
CRITICAL - 2022-12-20 09:56:49 --> Interface 'App\Repositories\Interfaces\SemesterRepositoryInterface' not found
#0 [internal function]: CodeIgniter\Debug\Exceptions->shutdownHandler()
#1 {main}
CRITICAL - 2022-12-20 11:35:39 --> Cannot redeclare requestAccept() (previously declared in D:\OpenServer\domains\quanlydoanvien.kt.com\app\Helpers\mystring_helper.php:118)
#0 [internal function]: CodeIgniter\Debug\Exceptions->shutdownHandler()
#1 {main}
CRITICAL - 2022-12-20 12:06:55 --> Undefined variable: faculty
#0 D:\OpenServer\domains\quanlydoanvien.kt.com\app\Views\backend\event\semester\delete.php(7): CodeIgniter\Debug\Exceptions->errorHandler(8, 'Undefined varia...', 'D:\\OpenServer\\d...', 7, Array)
#1 D:\OpenServer\domains\quanlydoanvien.kt.com\vendor\codeigniter4\framework\system\View\View.php(246): include('D:\\OpenServer\\d...')
#2 D:\OpenServer\domains\quanlydoanvien.kt.com\vendor\codeigniter4\framework\system\Common.php(1119): CodeIgniter\View\View->render('backend/event/s...', Array, true)
#3 D:\OpenServer\domains\quanlydoanvien.kt.com\app\Views\backend\dashboard\layout\home.php(47): view('backend/event/s...')
#4 D:\OpenServer\domains\quanlydoanvien.kt.com\vendor\codeigniter4\framework\system\View\View.php(246): include('D:\\OpenServer\\d...')
#5 D:\OpenServer\domains\quanlydoanvien.kt.com\vendor\codeigniter4\framework\system\Common.php(1119): CodeIgniter\View\View->render('backend/dashboa...', Array, true)
#6 D:\OpenServer\domains\quanlydoanvien.kt.com\app\Controllers\Backend\Event\Semester.php(136): view('backend/dashboa...', Array)
#7 D:\OpenServer\domains\quanlydoanvien.kt.com\vendor\codeigniter4\framework\system\CodeIgniter.php(918): App\Controllers\Backend\Event\Semester->delete(1)
#8 D:\OpenServer\domains\quanlydoanvien.kt.com\vendor\codeigniter4\framework\system\CodeIgniter.php(404): CodeIgniter\CodeIgniter->runController(Object(App\Controllers\Backend\Event\Semester))
#9 D:\OpenServer\domains\quanlydoanvien.kt.com\vendor\codeigniter4\framework\system\CodeIgniter.php(312): CodeIgniter\CodeIgniter->handleRequest(NULL, Object(Config\Cache), false)
#10 D:\OpenServer\domains\quanlydoanvien.kt.com\index.php(48): CodeIgniter\CodeIgniter->run()
#11 {main}
