CRITICAL - 2022-09-28 03:43:21 --> Invalid file: backend/marketing/promotion/index.php
#0 E:\OpenServerPanel\domains\cicore.com\vendor\codeigniter4\framework\system\View\View.php(228): CodeIgniter\Exceptions\FrameworkException::forInvalidFile('backend/marketi...')
#1 E:\OpenServerPanel\domains\cicore.com\vendor\codeigniter4\framework\system\Common.php(1119): CodeIgniter\View\View->render('backend/marketi...', Array, true)
#2 E:\OpenServerPanel\domains\cicore.com\app\Views\backend\dashboard\layout\home.php(44): view('backend/marketi...')
#3 E:\OpenServerPanel\domains\cicore.com\vendor\codeigniter4\framework\system\View\View.php(246): include('E:\\OpenServerPa...')
#4 E:\OpenServerPanel\domains\cicore.com\vendor\codeigniter4\framework\system\Common.php(1119): CodeIgniter\View\View->render('backend/dashboa...', Array, true)
#5 E:\OpenServerPanel\domains\cicore.com\app\Controllers\Backend\Marketing\Promotion.php(34): view('backend/dashboa...', Array)
#6 E:\OpenServerPanel\domains\cicore.com\vendor\codeigniter4\framework\system\CodeIgniter.php(918): App\Controllers\Backend\Marketing\Promotion->index()
#7 E:\OpenServerPanel\domains\cicore.com\vendor\codeigniter4\framework\system\CodeIgniter.php(404): CodeIgniter\CodeIgniter->runController(Object(App\Controllers\Backend\Marketing\Promotion))
#8 E:\OpenServerPanel\domains\cicore.com\vendor\codeigniter4\framework\system\CodeIgniter.php(312): CodeIgniter\CodeIgniter->handleRequest(NULL, Object(Config\Cache), false)
#9 E:\OpenServerPanel\domains\cicore.com\index.php(48): CodeIgniter\CodeIgniter->run()
#10 {main}
CRITICAL - 2022-09-28 03:43:54 --> Undefined variable: dropdown
#0 E:\OpenServerPanel\domains\cicore.com\app\Views\backend\article\article\include\filter.php(15): CodeIgniter\Debug\Exceptions->errorHandler(8, 'Undefined varia...', 'E:\\OpenServerPa...', 15, Array)
#1 E:\OpenServerPanel\domains\cicore.com\vendor\codeigniter4\framework\system\View\View.php(246): include('E:\\OpenServerPa...')
#2 E:\OpenServerPanel\domains\cicore.com\vendor\codeigniter4\framework\system\Common.php(1119): CodeIgniter\View\View->render('backend/article...', Array, true)
#3 E:\OpenServerPanel\domains\cicore.com\app\Views\backend\marketing\promotion\index.php(21): view('backend/article...')
#4 E:\OpenServerPanel\domains\cicore.com\vendor\codeigniter4\framework\system\View\View.php(246): include('E:\\OpenServerPa...')
#5 E:\OpenServerPanel\domains\cicore.com\vendor\codeigniter4\framework\system\Common.php(1119): CodeIgniter\View\View->render('backend/marketi...', Array, true)
#6 E:\OpenServerPanel\domains\cicore.com\app\Views\backend\dashboard\layout\home.php(44): view('backend/marketi...')
#7 E:\OpenServerPanel\domains\cicore.com\vendor\codeigniter4\framework\system\View\View.php(246): include('E:\\OpenServerPa...')
#8 E:\OpenServerPanel\domains\cicore.com\vendor\codeigniter4\framework\system\Common.php(1119): CodeIgniter\View\View->render('backend/dashboa...', Array, true)
#9 E:\OpenServerPanel\domains\cicore.com\app\Controllers\Backend\Marketing\Promotion.php(34): view('backend/dashboa...', Array)
#10 E:\OpenServerPanel\domains\cicore.com\vendor\codeigniter4\framework\system\CodeIgniter.php(918): App\Controllers\Backend\Marketing\Promotion->index()
#11 E:\OpenServerPanel\domains\cicore.com\vendor\codeigniter4\framework\system\CodeIgniter.php(404): CodeIgniter\CodeIgniter->runController(Object(App\Controllers\Backend\Marketing\Promotion))
#12 E:\OpenServerPanel\domains\cicore.com\vendor\codeigniter4\framework\system\CodeIgniter.php(312): CodeIgniter\CodeIgniter->handleRequest(NULL, Object(Config\Cache), false)
#13 E:\OpenServerPanel\domains\cicore.com\index.php(48): CodeIgniter\CodeIgniter->run()
#14 {main}
CRITICAL - 2022-09-28 03:43:55 --> Undefined variable: dropdown
#0 E:\OpenServerPanel\domains\cicore.com\app\Views\backend\article\article\include\filter.php(15): CodeIgniter\Debug\Exceptions->errorHandler(8, 'Undefined varia...', 'E:\\OpenServerPa...', 15, Array)
#1 E:\OpenServerPanel\domains\cicore.com\vendor\codeigniter4\framework\system\View\View.php(246): include('E:\\OpenServerPa...')
#2 E:\OpenServerPanel\domains\cicore.com\vendor\codeigniter4\framework\system\Common.php(1119): CodeIgniter\View\View->render('backend/article...', Array, true)
#3 E:\OpenServerPanel\domains\cicore.com\app\Views\backend\marketing\promotion\index.php(21): view('backend/article...')
#4 E:\OpenServerPanel\domains\cicore.com\vendor\codeigniter4\framework\system\View\View.php(246): include('E:\\OpenServerPa...')
#5 E:\OpenServerPanel\domains\cicore.com\vendor\codeigniter4\framework\system\Common.php(1119): CodeIgniter\View\View->render('backend/marketi...', Array, true)
#6 E:\OpenServerPanel\domains\cicore.com\app\Views\backend\dashboard\layout\home.php(44): view('backend/marketi...')
#7 E:\OpenServerPanel\domains\cicore.com\vendor\codeigniter4\framework\system\View\View.php(246): include('E:\\OpenServerPa...')
#8 E:\OpenServerPanel\domains\cicore.com\vendor\codeigniter4\framework\system\Common.php(1119): CodeIgniter\View\View->render('backend/dashboa...', Array, true)
#9 E:\OpenServerPanel\domains\cicore.com\app\Controllers\Backend\Marketing\Promotion.php(34): view('backend/dashboa...', Array)
#10 E:\OpenServerPanel\domains\cicore.com\vendor\codeigniter4\framework\system\CodeIgniter.php(918): App\Controllers\Backend\Marketing\Promotion->index()
#11 E:\OpenServerPanel\domains\cicore.com\vendor\codeigniter4\framework\system\CodeIgniter.php(404): CodeIgniter\CodeIgniter->runController(Object(App\Controllers\Backend\Marketing\Promotion))
#12 E:\OpenServerPanel\domains\cicore.com\vendor\codeigniter4\framework\system\CodeIgniter.php(312): CodeIgniter\CodeIgniter->handleRequest(NULL, Object(Config\Cache), false)
#13 E:\OpenServerPanel\domains\cicore.com\index.php(48): CodeIgniter\CodeIgniter->run()
#14 {main}
CRITICAL - 2022-09-28 03:44:17 --> Undefined variable: dropdown
#0 E:\OpenServerPanel\domains\cicore.com\app\Views\backend\article\article\include\filter.php(15): CodeIgniter\Debug\Exceptions->errorHandler(8, 'Undefined varia...', 'E:\\OpenServerPa...', 15, Array)
#1 E:\OpenServerPanel\domains\cicore.com\vendor\codeigniter4\framework\system\View\View.php(246): include('E:\\OpenServerPa...')
#2 E:\OpenServerPanel\domains\cicore.com\vendor\codeigniter4\framework\system\Common.php(1119): CodeIgniter\View\View->render('backend/article...', Array, true)
#3 E:\OpenServerPanel\domains\cicore.com\app\Views\backend\marketing\promotion\index.php(21): view('backend/article...')
#4 E:\OpenServerPanel\domains\cicore.com\vendor\codeigniter4\framework\system\View\View.php(246): include('E:\\OpenServerPa...')
#5 E:\OpenServerPanel\domains\cicore.com\vendor\codeigniter4\framework\system\Common.php(1119): CodeIgniter\View\View->render('backend/marketi...', Array, true)
#6 E:\OpenServerPanel\domains\cicore.com\app\Views\backend\dashboard\layout\home.php(44): view('backend/marketi...')
#7 E:\OpenServerPanel\domains\cicore.com\vendor\codeigniter4\framework\system\View\View.php(246): include('E:\\OpenServerPa...')
#8 E:\OpenServerPanel\domains\cicore.com\vendor\codeigniter4\framework\system\Common.php(1119): CodeIgniter\View\View->render('backend/dashboa...', Array, true)
#9 E:\OpenServerPanel\domains\cicore.com\app\Controllers\Backend\Marketing\Promotion.php(34): view('backend/dashboa...', Array)
#10 E:\OpenServerPanel\domains\cicore.com\vendor\codeigniter4\framework\system\CodeIgniter.php(918): App\Controllers\Backend\Marketing\Promotion->index()
#11 E:\OpenServerPanel\domains\cicore.com\vendor\codeigniter4\framework\system\CodeIgniter.php(404): CodeIgniter\CodeIgniter->runController(Object(App\Controllers\Backend\Marketing\Promotion))
#12 E:\OpenServerPanel\domains\cicore.com\vendor\codeigniter4\framework\system\CodeIgniter.php(312): CodeIgniter\CodeIgniter->handleRequest(NULL, Object(Config\Cache), false)
#13 E:\OpenServerPanel\domains\cicore.com\index.php(48): CodeIgniter\CodeIgniter->run()
#14 {main}
CRITICAL - 2022-09-28 03:44:18 --> Undefined variable: dropdown
#0 E:\OpenServerPanel\domains\cicore.com\app\Views\backend\article\article\include\filter.php(15): CodeIgniter\Debug\Exceptions->errorHandler(8, 'Undefined varia...', 'E:\\OpenServerPa...', 15, Array)
#1 E:\OpenServerPanel\domains\cicore.com\vendor\codeigniter4\framework\system\View\View.php(246): include('E:\\OpenServerPa...')
#2 E:\OpenServerPanel\domains\cicore.com\vendor\codeigniter4\framework\system\Common.php(1119): CodeIgniter\View\View->render('backend/article...', Array, true)
#3 E:\OpenServerPanel\domains\cicore.com\app\Views\backend\marketing\promotion\index.php(21): view('backend/article...')
#4 E:\OpenServerPanel\domains\cicore.com\vendor\codeigniter4\framework\system\View\View.php(246): include('E:\\OpenServerPa...')
#5 E:\OpenServerPanel\domains\cicore.com\vendor\codeigniter4\framework\system\Common.php(1119): CodeIgniter\View\View->render('backend/marketi...', Array, true)
#6 E:\OpenServerPanel\domains\cicore.com\app\Views\backend\dashboard\layout\home.php(44): view('backend/marketi...')
#7 E:\OpenServerPanel\domains\cicore.com\vendor\codeigniter4\framework\system\View\View.php(246): include('E:\\OpenServerPa...')
#8 E:\OpenServerPanel\domains\cicore.com\vendor\codeigniter4\framework\system\Common.php(1119): CodeIgniter\View\View->render('backend/dashboa...', Array, true)
#9 E:\OpenServerPanel\domains\cicore.com\app\Controllers\Backend\Marketing\Promotion.php(34): view('backend/dashboa...', Array)
#10 E:\OpenServerPanel\domains\cicore.com\vendor\codeigniter4\framework\system\CodeIgniter.php(918): App\Controllers\Backend\Marketing\Promotion->index()
#11 E:\OpenServerPanel\domains\cicore.com\vendor\codeigniter4\framework\system\CodeIgniter.php(404): CodeIgniter\CodeIgniter->runController(Object(App\Controllers\Backend\Marketing\Promotion))
#12 E:\OpenServerPanel\domains\cicore.com\vendor\codeigniter4\framework\system\CodeIgniter.php(312): CodeIgniter\CodeIgniter->handleRequest(NULL, Object(Config\Cache), false)
#13 E:\OpenServerPanel\domains\cicore.com\index.php(48): CodeIgniter\CodeIgniter->run()
#14 {main}
CRITICAL - 2022-09-28 03:46:17 --> Invalid file: backend/promotion/promotion/include/toolbox.php
#0 E:\OpenServerPanel\domains\cicore.com\vendor\codeigniter4\framework\system\View\View.php(228): CodeIgniter\Exceptions\FrameworkException::forInvalidFile('backend/promoti...')
#1 E:\OpenServerPanel\domains\cicore.com\vendor\codeigniter4\framework\system\Common.php(1119): CodeIgniter\View\View->render('backend/promoti...', Array, true)
#2 E:\OpenServerPanel\domains\cicore.com\app\Views\backend\marketing\promotion\index.php(18): view('backend/promoti...')
#3 E:\OpenServerPanel\domains\cicore.com\vendor\codeigniter4\framework\system\View\View.php(246): include('E:\\OpenServerPa...')
#4 E:\OpenServerPanel\domains\cicore.com\vendor\codeigniter4\framework\system\Common.php(1119): CodeIgniter\View\View->render('backend/marketi...', Array, true)
#5 E:\OpenServerPanel\domains\cicore.com\app\Views\backend\dashboard\layout\home.php(44): view('backend/marketi...')
#6 E:\OpenServerPanel\domains\cicore.com\vendor\codeigniter4\framework\system\View\View.php(246): include('E:\\OpenServerPa...')
#7 E:\OpenServerPanel\domains\cicore.com\vendor\codeigniter4\framework\system\Common.php(1119): CodeIgniter\View\View->render('backend/dashboa...', Array, true)
#8 E:\OpenServerPanel\domains\cicore.com\app\Controllers\Backend\Marketing\Promotion.php(34): view('backend/dashboa...', Array)
#9 E:\OpenServerPanel\domains\cicore.com\vendor\codeigniter4\framework\system\CodeIgniter.php(918): App\Controllers\Backend\Marketing\Promotion->index()
#10 E:\OpenServerPanel\domains\cicore.com\vendor\codeigniter4\framework\system\CodeIgniter.php(404): CodeIgniter\CodeIgniter->runController(Object(App\Controllers\Backend\Marketing\Promotion))
#11 E:\OpenServerPanel\domains\cicore.com\vendor\codeigniter4\framework\system\CodeIgniter.php(312): CodeIgniter\CodeIgniter->handleRequest(NULL, Object(Config\Cache), false)
#12 E:\OpenServerPanel\domains\cicore.com\index.php(48): CodeIgniter\CodeIgniter->run()
#13 {main}
CRITICAL - 2022-09-28 03:46:18 --> Invalid file: backend/promotion/promotion/include/toolbox.php
#0 E:\OpenServerPanel\domains\cicore.com\vendor\codeigniter4\framework\system\View\View.php(228): CodeIgniter\Exceptions\FrameworkException::forInvalidFile('backend/promoti...')
#1 E:\OpenServerPanel\domains\cicore.com\vendor\codeigniter4\framework\system\Common.php(1119): CodeIgniter\View\View->render('backend/promoti...', Array, true)
#2 E:\OpenServerPanel\domains\cicore.com\app\Views\backend\marketing\promotion\index.php(18): view('backend/promoti...')
#3 E:\OpenServerPanel\domains\cicore.com\vendor\codeigniter4\framework\system\View\View.php(246): include('E:\\OpenServerPa...')
#4 E:\OpenServerPanel\domains\cicore.com\vendor\codeigniter4\framework\system\Common.php(1119): CodeIgniter\View\View->render('backend/marketi...', Array, true)
#5 E:\OpenServerPanel\domains\cicore.com\app\Views\backend\dashboard\layout\home.php(44): view('backend/marketi...')
#6 E:\OpenServerPanel\domains\cicore.com\vendor\codeigniter4\framework\system\View\View.php(246): include('E:\\OpenServerPa...')
#7 E:\OpenServerPanel\domains\cicore.com\vendor\codeigniter4\framework\system\Common.php(1119): CodeIgniter\View\View->render('backend/dashboa...', Array, true)
#8 E:\OpenServerPanel\domains\cicore.com\app\Controllers\Backend\Marketing\Promotion.php(34): view('backend/dashboa...', Array)
#9 E:\OpenServerPanel\domains\cicore.com\vendor\codeigniter4\framework\system\CodeIgniter.php(918): App\Controllers\Backend\Marketing\Promotion->index()
#10 E:\OpenServerPanel\domains\cicore.com\vendor\codeigniter4\framework\system\CodeIgniter.php(404): CodeIgniter\CodeIgniter->runController(Object(App\Controllers\Backend\Marketing\Promotion))
#11 E:\OpenServerPanel\domains\cicore.com\vendor\codeigniter4\framework\system\CodeIgniter.php(312): CodeIgniter\CodeIgniter->handleRequest(NULL, Object(Config\Cache), false)
#12 E:\OpenServerPanel\domains\cicore.com\index.php(48): CodeIgniter\CodeIgniter->run()
#13 {main}
CRITICAL - 2022-09-28 03:58:48 --> Call to undefined function App\Services\requestExcerpt()
#0 E:\OpenServerPanel\domains\cicore.com\app\Controllers\Backend\Marketing\Promotion.php(47): App\Services\PromotionService->create()
#1 E:\OpenServerPanel\domains\cicore.com\vendor\codeigniter4\framework\system\CodeIgniter.php(918): App\Controllers\Backend\Marketing\Promotion->create()
#2 E:\OpenServerPanel\domains\cicore.com\vendor\codeigniter4\framework\system\CodeIgniter.php(404): CodeIgniter\CodeIgniter->runController(Object(App\Controllers\Backend\Marketing\Promotion))
#3 E:\OpenServerPanel\domains\cicore.com\vendor\codeigniter4\framework\system\CodeIgniter.php(312): CodeIgniter\CodeIgniter->handleRequest(NULL, Object(Config\Cache), false)
#4 E:\OpenServerPanel\domains\cicore.com\index.php(48): CodeIgniter\CodeIgniter->run()
#5 {main}
CRITICAL - 2022-09-28 04:02:12 --> Argument 3 passed to App\Repositories\PromotionRepository::paginate() must be of the type string, array given, called in E:\OpenServerPanel\domains\cicore.com\app\Services\PromotionService.php on line 46
#0 E:\OpenServerPanel\domains\cicore.com\app\Services\PromotionService.php(46): App\Repositories\PromotionRepository->paginate(Array, '', Array, 0)
#1 E:\OpenServerPanel\domains\cicore.com\app\Controllers\Backend\Marketing\Promotion.php(29): App\Services\PromotionService->paginate(0)
#2 E:\OpenServerPanel\domains\cicore.com\vendor\codeigniter4\framework\system\CodeIgniter.php(918): App\Controllers\Backend\Marketing\Promotion->index()
#3 E:\OpenServerPanel\domains\cicore.com\vendor\codeigniter4\framework\system\CodeIgniter.php(404): CodeIgniter\CodeIgniter->runController(Object(App\Controllers\Backend\Marketing\Promotion))
#4 E:\OpenServerPanel\domains\cicore.com\vendor\codeigniter4\framework\system\CodeIgniter.php(312): CodeIgniter\CodeIgniter->handleRequest(NULL, Object(Config\Cache), false)
#5 E:\OpenServerPanel\domains\cicore.com\index.php(48): CodeIgniter\CodeIgniter->run()
#6 {main}
CRITICAL - 2022-09-28 04:02:13 --> Argument 3 passed to App\Repositories\PromotionRepository::paginate() must be of the type string, array given, called in E:\OpenServerPanel\domains\cicore.com\app\Services\PromotionService.php on line 46
#0 E:\OpenServerPanel\domains\cicore.com\app\Services\PromotionService.php(46): App\Repositories\PromotionRepository->paginate(Array, '', Array, 0)
#1 E:\OpenServerPanel\domains\cicore.com\app\Controllers\Backend\Marketing\Promotion.php(29): App\Services\PromotionService->paginate(0)
#2 E:\OpenServerPanel\domains\cicore.com\vendor\codeigniter4\framework\system\CodeIgniter.php(918): App\Controllers\Backend\Marketing\Promotion->index()
#3 E:\OpenServerPanel\domains\cicore.com\vendor\codeigniter4\framework\system\CodeIgniter.php(404): CodeIgniter\CodeIgniter->runController(Object(App\Controllers\Backend\Marketing\Promotion))
#4 E:\OpenServerPanel\domains\cicore.com\vendor\codeigniter4\framework\system\CodeIgniter.php(312): CodeIgniter\CodeIgniter->handleRequest(NULL, Object(Config\Cache), false)
#5 E:\OpenServerPanel\domains\cicore.com\index.php(48): CodeIgniter\CodeIgniter->run()
#6 {main}
CRITICAL - 2022-09-28 04:02:20 --> Declaration of App\Repositories\PromotionRepository::paginate(array $condition, string $keyword, array $config, int $page) must be compatible with App\Repositories\Interfaces\PromotionRepositoryInterface::paginate(array $condition, string $keyword, string $query, array $config, int $page)
#0 [internal function]: CodeIgniter\Debug\Exceptions->shutdownHandler()
#1 {main}
CRITICAL - 2022-09-28 04:02:28 --> Declaration of App\Repositories\PromotionRepository::paginate(array $condition, string $keyword, array $config, int $page) must be compatible with App\Repositories\Interfaces\PromotionRepositoryInterface::paginate(array $condition, string $keyword, string $query, array $config, int $page)
#0 [internal function]: CodeIgniter\Debug\Exceptions->shutdownHandler()
#1 {main}
CRITICAL - 2022-09-28 04:02:41 --> Undefined variable: query
#0 E:\OpenServerPanel\domains\cicore.com\app\Repositories\PromotionRepository.php(63): CodeIgniter\Debug\Exceptions->errorHandler(8, 'Undefined varia...', 'E:\\OpenServerPa...', 63, Array)
#1 E:\OpenServerPanel\domains\cicore.com\app\Services\PromotionService.php(46): App\Repositories\PromotionRepository->paginate(Array, '', Array, 0)
#2 E:\OpenServerPanel\domains\cicore.com\app\Controllers\Backend\Marketing\Promotion.php(29): App\Services\PromotionService->paginate(0)
#3 E:\OpenServerPanel\domains\cicore.com\vendor\codeigniter4\framework\system\CodeIgniter.php(918): App\Controllers\Backend\Marketing\Promotion->index()
#4 E:\OpenServerPanel\domains\cicore.com\vendor\codeigniter4\framework\system\CodeIgniter.php(404): CodeIgniter\CodeIgniter->runController(Object(App\Controllers\Backend\Marketing\Promotion))
#5 E:\OpenServerPanel\domains\cicore.com\vendor\codeigniter4\framework\system\CodeIgniter.php(312): CodeIgniter\CodeIgniter->handleRequest(NULL, Object(Config\Cache), false)
#6 E:\OpenServerPanel\domains\cicore.com\index.php(48): CodeIgniter\CodeIgniter->run()
#7 {main}
CRITICAL - 2022-09-28 04:02:41 --> Undefined variable: query
#0 E:\OpenServerPanel\domains\cicore.com\app\Repositories\PromotionRepository.php(63): CodeIgniter\Debug\Exceptions->errorHandler(8, 'Undefined varia...', 'E:\\OpenServerPa...', 63, Array)
#1 E:\OpenServerPanel\domains\cicore.com\app\Services\PromotionService.php(46): App\Repositories\PromotionRepository->paginate(Array, '', Array, 0)
#2 E:\OpenServerPanel\domains\cicore.com\app\Controllers\Backend\Marketing\Promotion.php(29): App\Services\PromotionService->paginate(0)
#3 E:\OpenServerPanel\domains\cicore.com\vendor\codeigniter4\framework\system\CodeIgniter.php(918): App\Controllers\Backend\Marketing\Promotion->index()
#4 E:\OpenServerPanel\domains\cicore.com\vendor\codeigniter4\framework\system\CodeIgniter.php(404): CodeIgniter\CodeIgniter->runController(Object(App\Controllers\Backend\Marketing\Promotion))
#5 E:\OpenServerPanel\domains\cicore.com\vendor\codeigniter4\framework\system\CodeIgniter.php(312): CodeIgniter\CodeIgniter->handleRequest(NULL, Object(Config\Cache), false)
#6 E:\OpenServerPanel\domains\cicore.com\index.php(48): CodeIgniter\CodeIgniter->run()
#7 {main}
CRITICAL - 2022-09-28 04:02:47 --> Undefined index: order
#0 E:\OpenServerPanel\domains\cicore.com\app\Views\backend\marketing\promotion\include\table.php(43): CodeIgniter\Debug\Exceptions->errorHandler(8, 'Undefined index...', 'E:\\OpenServerPa...', 43, Array)
#1 E:\OpenServerPanel\domains\cicore.com\vendor\codeigniter4\framework\system\View\View.php(246): include('E:\\OpenServerPa...')
#2 E:\OpenServerPanel\domains\cicore.com\vendor\codeigniter4\framework\system\Common.php(1119): CodeIgniter\View\View->render('backend/marketi...', Array, true)
#3 E:\OpenServerPanel\domains\cicore.com\app\Views\backend\marketing\promotion\index.php(22): view('backend/marketi...')
#4 E:\OpenServerPanel\domains\cicore.com\vendor\codeigniter4\framework\system\View\View.php(246): include('E:\\OpenServerPa...')
#5 E:\OpenServerPanel\domains\cicore.com\vendor\codeigniter4\framework\system\Common.php(1119): CodeIgniter\View\View->render('backend/marketi...', Array, true)
#6 E:\OpenServerPanel\domains\cicore.com\app\Views\backend\dashboard\layout\home.php(44): view('backend/marketi...')
#7 E:\OpenServerPanel\domains\cicore.com\vendor\codeigniter4\framework\system\View\View.php(246): include('E:\\OpenServerPa...')
#8 E:\OpenServerPanel\domains\cicore.com\vendor\codeigniter4\framework\system\Common.php(1119): CodeIgniter\View\View->render('backend/dashboa...', Array, true)
#9 E:\OpenServerPanel\domains\cicore.com\app\Controllers\Backend\Marketing\Promotion.php(34): view('backend/dashboa...', Array)
#10 E:\OpenServerPanel\domains\cicore.com\vendor\codeigniter4\framework\system\CodeIgniter.php(918): App\Controllers\Backend\Marketing\Promotion->index()
#11 E:\OpenServerPanel\domains\cicore.com\vendor\codeigniter4\framework\system\CodeIgniter.php(404): CodeIgniter\CodeIgniter->runController(Object(App\Controllers\Backend\Marketing\Promotion))
#12 E:\OpenServerPanel\domains\cicore.com\vendor\codeigniter4\framework\system\CodeIgniter.php(312): CodeIgniter\CodeIgniter->handleRequest(NULL, Object(Config\Cache), false)
#13 E:\OpenServerPanel\domains\cicore.com\index.php(48): CodeIgniter\CodeIgniter->run()
#14 {main}
CRITICAL - 2022-09-28 04:02:48 --> Undefined index: order
#0 E:\OpenServerPanel\domains\cicore.com\app\Views\backend\marketing\promotion\include\table.php(43): CodeIgniter\Debug\Exceptions->errorHandler(8, 'Undefined index...', 'E:\\OpenServerPa...', 43, Array)
#1 E:\OpenServerPanel\domains\cicore.com\vendor\codeigniter4\framework\system\View\View.php(246): include('E:\\OpenServerPa...')
#2 E:\OpenServerPanel\domains\cicore.com\vendor\codeigniter4\framework\system\Common.php(1119): CodeIgniter\View\View->render('backend/marketi...', Array, true)
#3 E:\OpenServerPanel\domains\cicore.com\app\Views\backend\marketing\promotion\index.php(22): view('backend/marketi...')
#4 E:\OpenServerPanel\domains\cicore.com\vendor\codeigniter4\framework\system\View\View.php(246): include('E:\\OpenServerPa...')
#5 E:\OpenServerPanel\domains\cicore.com\vendor\codeigniter4\framework\system\Common.php(1119): CodeIgniter\View\View->render('backend/marketi...', Array, true)
#6 E:\OpenServerPanel\domains\cicore.com\app\Views\backend\dashboard\layout\home.php(44): view('backend/marketi...')
#7 E:\OpenServerPanel\domains\cicore.com\vendor\codeigniter4\framework\system\View\View.php(246): include('E:\\OpenServerPa...')
#8 E:\OpenServerPanel\domains\cicore.com\vendor\codeigniter4\framework\system\Common.php(1119): CodeIgniter\View\View->render('backend/dashboa...', Array, true)
#9 E:\OpenServerPanel\domains\cicore.com\app\Controllers\Backend\Marketing\Promotion.php(34): view('backend/dashboa...', Array)
#10 E:\OpenServerPanel\domains\cicore.com\vendor\codeigniter4\framework\system\CodeIgniter.php(918): App\Controllers\Backend\Marketing\Promotion->index()
#11 E:\OpenServerPanel\domains\cicore.com\vendor\codeigniter4\framework\system\CodeIgniter.php(404): CodeIgniter\CodeIgniter->runController(Object(App\Controllers\Backend\Marketing\Promotion))
#12 E:\OpenServerPanel\domains\cicore.com\vendor\codeigniter4\framework\system\CodeIgniter.php(312): CodeIgniter\CodeIgniter->handleRequest(NULL, Object(Config\Cache), false)
#13 E:\OpenServerPanel\domains\cicore.com\index.php(48): CodeIgniter\CodeIgniter->run()
#14 {main}
CRITICAL - 2022-09-28 04:07:09 --> Call to undefined function validate_input()
#0 E:\OpenServerPanel\domains\cicore.com\vendor\codeigniter4\framework\system\View\View.php(246): include()
#1 E:\OpenServerPanel\domains\cicore.com\vendor\codeigniter4\framework\system\Common.php(1119): CodeIgniter\View\View->render('backend/marketi...', Array, true)
#2 E:\OpenServerPanel\domains\cicore.com\app\Views\backend\marketing\promotion\store.php(30): view('backend/marketi...')
#3 E:\OpenServerPanel\domains\cicore.com\vendor\codeigniter4\framework\system\View\View.php(246): include('E:\\OpenServerPa...')
#4 E:\OpenServerPanel\domains\cicore.com\vendor\codeigniter4\framework\system\Common.php(1119): CodeIgniter\View\View->render('backend/marketi...', Array, true)
#5 E:\OpenServerPanel\domains\cicore.com\app\Views\backend\dashboard\layout\home.php(44): view('backend/marketi...')
#6 E:\OpenServerPanel\domains\cicore.com\vendor\codeigniter4\framework\system\View\View.php(246): include('E:\\OpenServerPa...')
#7 E:\OpenServerPanel\domains\cicore.com\vendor\codeigniter4\framework\system\Common.php(1119): CodeIgniter\View\View->render('backend/dashboa...', Array, true)
#8 E:\OpenServerPanel\domains\cicore.com\app\Controllers\Backend\Marketing\Promotion.php(64): view('backend/dashboa...', Array)
#9 E:\OpenServerPanel\domains\cicore.com\vendor\codeigniter4\framework\system\CodeIgniter.php(918): App\Controllers\Backend\Marketing\Promotion->create()
#10 E:\OpenServerPanel\domains\cicore.com\vendor\codeigniter4\framework\system\CodeIgniter.php(404): CodeIgniter\CodeIgniter->runController(Object(App\Controllers\Backend\Marketing\Promotion))
#11 E:\OpenServerPanel\domains\cicore.com\vendor\codeigniter4\framework\system\CodeIgniter.php(312): CodeIgniter\CodeIgniter->handleRequest(NULL, Object(Config\Cache), false)
#12 E:\OpenServerPanel\domains\cicore.com\index.php(48): CodeIgniter\CodeIgniter->run()
#13 {main}
CRITICAL - 2022-09-28 04:07:11 --> Call to undefined function validate_input()
#0 E:\OpenServerPanel\domains\cicore.com\vendor\codeigniter4\framework\system\View\View.php(246): include()
#1 E:\OpenServerPanel\domains\cicore.com\vendor\codeigniter4\framework\system\Common.php(1119): CodeIgniter\View\View->render('backend/marketi...', Array, true)
#2 E:\OpenServerPanel\domains\cicore.com\app\Views\backend\marketing\promotion\store.php(30): view('backend/marketi...')
#3 E:\OpenServerPanel\domains\cicore.com\vendor\codeigniter4\framework\system\View\View.php(246): include('E:\\OpenServerPa...')
#4 E:\OpenServerPanel\domains\cicore.com\vendor\codeigniter4\framework\system\Common.php(1119): CodeIgniter\View\View->render('backend/marketi...', Array, true)
#5 E:\OpenServerPanel\domains\cicore.com\app\Views\backend\dashboard\layout\home.php(44): view('backend/marketi...')
#6 E:\OpenServerPanel\domains\cicore.com\vendor\codeigniter4\framework\system\View\View.php(246): include('E:\\OpenServerPa...')
#7 E:\OpenServerPanel\domains\cicore.com\vendor\codeigniter4\framework\system\Common.php(1119): CodeIgniter\View\View->render('backend/dashboa...', Array, true)
#8 E:\OpenServerPanel\domains\cicore.com\app\Controllers\Backend\Marketing\Promotion.php(64): view('backend/dashboa...', Array)
#9 E:\OpenServerPanel\domains\cicore.com\vendor\codeigniter4\framework\system\CodeIgniter.php(918): App\Controllers\Backend\Marketing\Promotion->create()
#10 E:\OpenServerPanel\domains\cicore.com\vendor\codeigniter4\framework\system\CodeIgniter.php(404): CodeIgniter\CodeIgniter->runController(Object(App\Controllers\Backend\Marketing\Promotion))
#11 E:\OpenServerPanel\domains\cicore.com\vendor\codeigniter4\framework\system\CodeIgniter.php(312): CodeIgniter\CodeIgniter->handleRequest(NULL, Object(Config\Cache), false)
#12 E:\OpenServerPanel\domains\cicore.com\index.php(48): CodeIgniter\CodeIgniter->run()
#13 {main}
CRITICAL - 2022-09-28 04:55:03 --> Table 'project.article' doesn't exist
#0 E:\OpenServerPanel\domains\cicore.com\vendor\codeigniter4\framework\system\Database\MySQLi\Connection.php(331): mysqli->query('UPDATE `article...')
#1 E:\OpenServerPanel\domains\cicore.com\vendor\codeigniter4\framework\system\Database\BaseConnection.php(741): CodeIgniter\Database\MySQLi\Connection->execute('UPDATE `article...')
#2 E:\OpenServerPanel\domains\cicore.com\vendor\codeigniter4\framework\system\Database\BaseConnection.php(669): CodeIgniter\Database\BaseConnection->simpleQuery('UPDATE `article...')
#3 E:\OpenServerPanel\domains\cicore.com\vendor\codeigniter4\framework\system\Database\BaseBuilder.php(2456): CodeIgniter\Database\BaseConnection->query('UPDATE `article...', Array, false)
#4 E:\OpenServerPanel\domains\cicore.com\app\Models\AutoloadModel.php(110): CodeIgniter\Database\BaseBuilder->update(Array)
#5 E:\OpenServerPanel\domains\cicore.com\app\Controllers\Ajax\Dashboard.php(307): App\Models\AutoloadModel->_update(Array)
#6 E:\OpenServerPanel\domains\cicore.com\vendor\codeigniter4\framework\system\CodeIgniter.php(918): App\Controllers\Ajax\Dashboard->update_field()
#7 E:\OpenServerPanel\domains\cicore.com\vendor\codeigniter4\framework\system\CodeIgniter.php(404): CodeIgniter\CodeIgniter->runController(Object(App\Controllers\Ajax\Dashboard))
#8 E:\OpenServerPanel\domains\cicore.com\vendor\codeigniter4\framework\system\CodeIgniter.php(312): CodeIgniter\CodeIgniter->handleRequest(NULL, Object(Config\Cache), false)
#9 E:\OpenServerPanel\domains\cicore.com\index.php(48): CodeIgniter\CodeIgniter->run()
#10 {main}
CRITICAL - 2022-09-28 04:55:13 --> Table 'project.article' doesn't exist
#0 E:\OpenServerPanel\domains\cicore.com\vendor\codeigniter4\framework\system\Database\MySQLi\Connection.php(331): mysqli->query('UPDATE `article...')
#1 E:\OpenServerPanel\domains\cicore.com\vendor\codeigniter4\framework\system\Database\BaseConnection.php(741): CodeIgniter\Database\MySQLi\Connection->execute('UPDATE `article...')
#2 E:\OpenServerPanel\domains\cicore.com\vendor\codeigniter4\framework\system\Database\BaseConnection.php(669): CodeIgniter\Database\BaseConnection->simpleQuery('UPDATE `article...')
#3 E:\OpenServerPanel\domains\cicore.com\vendor\codeigniter4\framework\system\Database\BaseBuilder.php(2456): CodeIgniter\Database\BaseConnection->query('UPDATE `article...', Array, false)
#4 E:\OpenServerPanel\domains\cicore.com\app\Models\AutoloadModel.php(110): CodeIgniter\Database\BaseBuilder->update(Array)
#5 E:\OpenServerPanel\domains\cicore.com\app\Controllers\Ajax\Dashboard.php(307): App\Models\AutoloadModel->_update(Array)
#6 E:\OpenServerPanel\domains\cicore.com\vendor\codeigniter4\framework\system\CodeIgniter.php(918): App\Controllers\Ajax\Dashboard->update_field()
#7 E:\OpenServerPanel\domains\cicore.com\vendor\codeigniter4\framework\system\CodeIgniter.php(404): CodeIgniter\CodeIgniter->runController(Object(App\Controllers\Ajax\Dashboard))
#8 E:\OpenServerPanel\domains\cicore.com\vendor\codeigniter4\framework\system\CodeIgniter.php(312): CodeIgniter\CodeIgniter->handleRequest(NULL, Object(Config\Cache), false)
#9 E:\OpenServerPanel\domains\cicore.com\index.php(48): CodeIgniter\CodeIgniter->run()
#10 {main}
CRITICAL - 2022-09-28 04:55:29 --> Table 'project.article' doesn't exist
#0 E:\OpenServerPanel\domains\cicore.com\vendor\codeigniter4\framework\system\Database\MySQLi\Connection.php(331): mysqli->query('UPDATE `article...')
#1 E:\OpenServerPanel\domains\cicore.com\vendor\codeigniter4\framework\system\Database\BaseConnection.php(741): CodeIgniter\Database\MySQLi\Connection->execute('UPDATE `article...')
#2 E:\OpenServerPanel\domains\cicore.com\vendor\codeigniter4\framework\system\Database\BaseConnection.php(669): CodeIgniter\Database\BaseConnection->simpleQuery('UPDATE `article...')
#3 E:\OpenServerPanel\domains\cicore.com\vendor\codeigniter4\framework\system\Database\BaseBuilder.php(2456): CodeIgniter\Database\BaseConnection->query('UPDATE `article...', Array, false)
#4 E:\OpenServerPanel\domains\cicore.com\app\Models\AutoloadModel.php(110): CodeIgniter\Database\BaseBuilder->update(Array)
#5 E:\OpenServerPanel\domains\cicore.com\app\Controllers\Ajax\Dashboard.php(307): App\Models\AutoloadModel->_update(Array)
#6 E:\OpenServerPanel\domains\cicore.com\vendor\codeigniter4\framework\system\CodeIgniter.php(918): App\Controllers\Ajax\Dashboard->update_field()
#7 E:\OpenServerPanel\domains\cicore.com\vendor\codeigniter4\framework\system\CodeIgniter.php(404): CodeIgniter\CodeIgniter->runController(Object(App\Controllers\Ajax\Dashboard))
#8 E:\OpenServerPanel\domains\cicore.com\vendor\codeigniter4\framework\system\CodeIgniter.php(312): CodeIgniter\CodeIgniter->handleRequest(NULL, Object(Config\Cache), false)
#9 E:\OpenServerPanel\domains\cicore.com\index.php(48): CodeIgniter\CodeIgniter->run()
#10 {main}
CRITICAL - 2022-09-28 07:05:22 --> syntax error, unexpected 'break' (T_BREAK)
#0 E:\OpenServerPanel\domains\cicore.com\vendor\codeigniter4\framework\system\Router\Router.php(195): CodeIgniter\Router\Router->autoRoute('ajax/promotion/...')
#1 E:\OpenServerPanel\domains\cicore.com\vendor\codeigniter4\framework\system\CodeIgniter.php(793): CodeIgniter\Router\Router->handle('ajax/promotion/...')
#2 E:\OpenServerPanel\domains\cicore.com\vendor\codeigniter4\framework\system\CodeIgniter.php(364): CodeIgniter\CodeIgniter->tryToRouteIt(Object(CodeIgniter\Router\RouteCollection))
#3 E:\OpenServerPanel\domains\cicore.com\vendor\codeigniter4\framework\system\CodeIgniter.php(312): CodeIgniter\CodeIgniter->handleRequest(NULL, Object(Config\Cache), false)
#4 E:\OpenServerPanel\domains\cicore.com\index.php(48): CodeIgniter\CodeIgniter->run()
#5 {main}
CRITICAL - 2022-09-28 07:05:35 --> Call to undefined method App\Repositories\ProductCatalogueRepository::search()
#0 E:\OpenServerPanel\domains\cicore.com\vendor\codeigniter4\framework\system\CodeIgniter.php(918): App\Controllers\Ajax\Promotion->search()
#1 E:\OpenServerPanel\domains\cicore.com\vendor\codeigniter4\framework\system\CodeIgniter.php(404): CodeIgniter\CodeIgniter->runController(Object(App\Controllers\Ajax\Promotion))
#2 E:\OpenServerPanel\domains\cicore.com\vendor\codeigniter4\framework\system\CodeIgniter.php(312): CodeIgniter\CodeIgniter->handleRequest(NULL, Object(Config\Cache), false)
#3 E:\OpenServerPanel\domains\cicore.com\index.php(48): CodeIgniter\CodeIgniter->run()
#4 {main}
CRITICAL - 2022-09-28 07:09:00 --> syntax error, unexpected ''join'' (T_CONSTANT_ENCAPSED_STRING), expecting ']'
#0 E:\OpenServerPanel\domains\cicore.com\vendor\codeigniter4\framework\system\Autoloader\Autoloader.php(296): CodeIgniter\Autoloader\Autoloader->requireFile('E:\\OpenServerPa...')
#1 E:\OpenServerPanel\domains\cicore.com\vendor\codeigniter4\framework\system\Autoloader\Autoloader.php(258): CodeIgniter\Autoloader\Autoloader->loadInNamespace('App\\Repositorie...')
#2 [internal function]: CodeIgniter\Autoloader\Autoloader->loadClass('App\\Repositorie...')
#3 E:\OpenServerPanel\domains\cicore.com\app\Config\Services.php(143): spl_autoload_call('App\\Repositorie...')
#4 E:\OpenServerPanel\domains\cicore.com\vendor\codeigniter4\framework\system\Config\BaseService.php(123): Config\Services::ProductCatalogueRepository('promotions', false)
#5 E:\OpenServerPanel\domains\cicore.com\app\Config\Services.php(140): CodeIgniter\Config\BaseService::getSharedInstance('productcatalogu...', 'promotions')
#6 E:\OpenServerPanel\domains\cicore.com\vendor\codeigniter4\framework\system\Common.php(957): Config\Services::ProductCatalogueRepository('promotions')
#7 E:\OpenServerPanel\domains\cicore.com\app\Controllers\Ajax\Promotion.php(21): service('productCatalogu...', 'promotions')
#8 E:\OpenServerPanel\domains\cicore.com\vendor\codeigniter4\framework\system\CodeIgniter.php(890): App\Controllers\Ajax\Promotion->__construct()
#9 E:\OpenServerPanel\domains\cicore.com\vendor\codeigniter4\framework\system\CodeIgniter.php(399): CodeIgniter\CodeIgniter->createController()
#10 E:\OpenServerPanel\domains\cicore.com\vendor\codeigniter4\framework\system\CodeIgniter.php(312): CodeIgniter\CodeIgniter->handleRequest(NULL, Object(Config\Cache), false)
#11 E:\OpenServerPanel\domains\cicore.com\index.php(48): CodeIgniter\CodeIgniter->run()
#12 {main}
CRITICAL - 2022-09-28 07:09:12 --> Undefined variable: keyword
#0 E:\OpenServerPanel\domains\cicore.com\app\Controllers\Ajax\Promotion.php(37): CodeIgniter\Debug\Exceptions->errorHandler(8, 'Undefined varia...', 'E:\\OpenServerPa...', 37, Array)
#1 E:\OpenServerPanel\domains\cicore.com\vendor\codeigniter4\framework\system\CodeIgniter.php(918): App\Controllers\Ajax\Promotion->search()
#2 E:\OpenServerPanel\domains\cicore.com\vendor\codeigniter4\framework\system\CodeIgniter.php(404): CodeIgniter\CodeIgniter->runController(Object(App\Controllers\Ajax\Promotion))
#3 E:\OpenServerPanel\domains\cicore.com\vendor\codeigniter4\framework\system\CodeIgniter.php(312): CodeIgniter\CodeIgniter->handleRequest(NULL, Object(Config\Cache), false)
#4 E:\OpenServerPanel\domains\cicore.com\index.php(48): CodeIgniter\CodeIgniter->run()
#5 {main}
CRITICAL - 2022-09-28 07:21:07 --> Undefined index: module
#0 E:\OpenServerPanel\domains\cicore.com\app\Controllers\Ajax\Promotion.php(33): CodeIgniter\Debug\Exceptions->errorHandler(8, 'Undefined index...', 'E:\\OpenServerPa...', 33, Array)
#1 E:\OpenServerPanel\domains\cicore.com\vendor\codeigniter4\framework\system\CodeIgniter.php(918): App\Controllers\Ajax\Promotion->search()
#2 E:\OpenServerPanel\domains\cicore.com\vendor\codeigniter4\framework\system\CodeIgniter.php(404): CodeIgniter\CodeIgniter->runController(Object(App\Controllers\Ajax\Promotion))
#3 E:\OpenServerPanel\domains\cicore.com\vendor\codeigniter4\framework\system\CodeIgniter.php(312): CodeIgniter\CodeIgniter->handleRequest(NULL, Object(Config\Cache), false)
#4 E:\OpenServerPanel\domains\cicore.com\index.php(48): CodeIgniter\CodeIgniter->run()
#5 {main}
CRITICAL - 2022-09-28 07:21:09 --> Undefined index: module
#0 E:\OpenServerPanel\domains\cicore.com\app\Controllers\Ajax\Promotion.php(33): CodeIgniter\Debug\Exceptions->errorHandler(8, 'Undefined index...', 'E:\\OpenServerPa...', 33, Array)
#1 E:\OpenServerPanel\domains\cicore.com\vendor\codeigniter4\framework\system\CodeIgniter.php(918): App\Controllers\Ajax\Promotion->search()
#2 E:\OpenServerPanel\domains\cicore.com\vendor\codeigniter4\framework\system\CodeIgniter.php(404): CodeIgniter\CodeIgniter->runController(Object(App\Controllers\Ajax\Promotion))
#3 E:\OpenServerPanel\domains\cicore.com\vendor\codeigniter4\framework\system\CodeIgniter.php(312): CodeIgniter\CodeIgniter->handleRequest(NULL, Object(Config\Cache), false)
#4 E:\OpenServerPanel\domains\cicore.com\index.php(48): CodeIgniter\CodeIgniter->run()
#5 {main}
CRITICAL - 2022-09-28 07:25:17 --> Undefined index: module
#0 E:\OpenServerPanel\domains\cicore.com\app\Controllers\Ajax\Promotion.php(33): CodeIgniter\Debug\Exceptions->errorHandler(8, 'Undefined index...', 'E:\\OpenServerPa...', 33, Array)
#1 E:\OpenServerPanel\domains\cicore.com\vendor\codeigniter4\framework\system\CodeIgniter.php(918): App\Controllers\Ajax\Promotion->search()
#2 E:\OpenServerPanel\domains\cicore.com\vendor\codeigniter4\framework\system\CodeIgniter.php(404): CodeIgniter\CodeIgniter->runController(Object(App\Controllers\Ajax\Promotion))
#3 E:\OpenServerPanel\domains\cicore.com\vendor\codeigniter4\framework\system\CodeIgniter.php(312): CodeIgniter\CodeIgniter->handleRequest(NULL, Object(Config\Cache), false)
#4 E:\OpenServerPanel\domains\cicore.com\index.php(48): CodeIgniter\CodeIgniter->run()
#5 {main}
CRITICAL - 2022-09-28 07:27:47 --> Undefined index: module
#0 E:\OpenServerPanel\domains\cicore.com\app\Controllers\Ajax\Promotion.php(33): CodeIgniter\Debug\Exceptions->errorHandler(8, 'Undefined index...', 'E:\\OpenServerPa...', 33, Array)
#1 E:\OpenServerPanel\domains\cicore.com\vendor\codeigniter4\framework\system\CodeIgniter.php(918): App\Controllers\Ajax\Promotion->search()
#2 E:\OpenServerPanel\domains\cicore.com\vendor\codeigniter4\framework\system\CodeIgniter.php(404): CodeIgniter\CodeIgniter->runController(Object(App\Controllers\Ajax\Promotion))
#3 E:\OpenServerPanel\domains\cicore.com\vendor\codeigniter4\framework\system\CodeIgniter.php(312): CodeIgniter\CodeIgniter->handleRequest(NULL, Object(Config\Cache), false)
#4 E:\OpenServerPanel\domains\cicore.com\index.php(48): CodeIgniter\CodeIgniter->run()
#5 {main}
CRITICAL - 2022-09-28 07:31:53 --> Undefined index: module
#0 E:\OpenServerPanel\domains\cicore.com\app\Controllers\Ajax\Promotion.php(33): CodeIgniter\Debug\Exceptions->errorHandler(8, 'Undefined index...', 'E:\\OpenServerPa...', 33, Array)
#1 E:\OpenServerPanel\domains\cicore.com\vendor\codeigniter4\framework\system\CodeIgniter.php(918): App\Controllers\Ajax\Promotion->search()
#2 E:\OpenServerPanel\domains\cicore.com\vendor\codeigniter4\framework\system\CodeIgniter.php(404): CodeIgniter\CodeIgniter->runController(Object(App\Controllers\Ajax\Promotion))
#3 E:\OpenServerPanel\domains\cicore.com\vendor\codeigniter4\framework\system\CodeIgniter.php(312): CodeIgniter\CodeIgniter->handleRequest(NULL, Object(Config\Cache), false)
#4 E:\OpenServerPanel\domains\cicore.com\index.php(48): CodeIgniter\CodeIgniter->run()
#5 {main}
CRITICAL - 2022-09-28 07:32:34 --> Undefined index: module
#0 E:\OpenServerPanel\domains\cicore.com\app\Controllers\Ajax\Promotion.php(33): CodeIgniter\Debug\Exceptions->errorHandler(8, 'Undefined index...', 'E:\\OpenServerPa...', 33, Array)
#1 E:\OpenServerPanel\domains\cicore.com\vendor\codeigniter4\framework\system\CodeIgniter.php(918): App\Controllers\Ajax\Promotion->search()
#2 E:\OpenServerPanel\domains\cicore.com\vendor\codeigniter4\framework\system\CodeIgniter.php(404): CodeIgniter\CodeIgniter->runController(Object(App\Controllers\Ajax\Promotion))
#3 E:\OpenServerPanel\domains\cicore.com\vendor\codeigniter4\framework\system\CodeIgniter.php(312): CodeIgniter\CodeIgniter->handleRequest(NULL, Object(Config\Cache), false)
#4 E:\OpenServerPanel\domains\cicore.com\index.php(48): CodeIgniter\CodeIgniter->run()
#5 {main}
CRITICAL - 2022-09-28 07:32:52 --> Undefined index: module
#0 E:\OpenServerPanel\domains\cicore.com\app\Controllers\Ajax\Promotion.php(33): CodeIgniter\Debug\Exceptions->errorHandler(8, 'Undefined index...', 'E:\\OpenServerPa...', 33, Array)
#1 E:\OpenServerPanel\domains\cicore.com\vendor\codeigniter4\framework\system\CodeIgniter.php(918): App\Controllers\Ajax\Promotion->search()
#2 E:\OpenServerPanel\domains\cicore.com\vendor\codeigniter4\framework\system\CodeIgniter.php(404): CodeIgniter\CodeIgniter->runController(Object(App\Controllers\Ajax\Promotion))
#3 E:\OpenServerPanel\domains\cicore.com\vendor\codeigniter4\framework\system\CodeIgniter.php(312): CodeIgniter\CodeIgniter->handleRequest(NULL, Object(Config\Cache), false)
#4 E:\OpenServerPanel\domains\cicore.com\index.php(48): CodeIgniter\CodeIgniter->run()
#5 {main}
CRITICAL - 2022-09-28 07:34:35 --> Undefined index: module
#0 E:\OpenServerPanel\domains\cicore.com\app\Controllers\Ajax\Promotion.php(33): CodeIgniter\Debug\Exceptions->errorHandler(8, 'Undefined index...', 'E:\\OpenServerPa...', 33, Array)
#1 E:\OpenServerPanel\domains\cicore.com\vendor\codeigniter4\framework\system\CodeIgniter.php(918): App\Controllers\Ajax\Promotion->search()
#2 E:\OpenServerPanel\domains\cicore.com\vendor\codeigniter4\framework\system\CodeIgniter.php(404): CodeIgniter\CodeIgniter->runController(Object(App\Controllers\Ajax\Promotion))
#3 E:\OpenServerPanel\domains\cicore.com\vendor\codeigniter4\framework\system\CodeIgniter.php(312): CodeIgniter\CodeIgniter->handleRequest(NULL, Object(Config\Cache), false)
#4 E:\OpenServerPanel\domains\cicore.com\index.php(48): CodeIgniter\CodeIgniter->run()
#5 {main}
CRITICAL - 2022-09-28 07:34:40 --> Undefined index: module
#0 E:\OpenServerPanel\domains\cicore.com\app\Controllers\Ajax\Promotion.php(33): CodeIgniter\Debug\Exceptions->errorHandler(8, 'Undefined index...', 'E:\\OpenServerPa...', 33, Array)
#1 E:\OpenServerPanel\domains\cicore.com\vendor\codeigniter4\framework\system\CodeIgniter.php(918): App\Controllers\Ajax\Promotion->search()
#2 E:\OpenServerPanel\domains\cicore.com\vendor\codeigniter4\framework\system\CodeIgniter.php(404): CodeIgniter\CodeIgniter->runController(Object(App\Controllers\Ajax\Promotion))
#3 E:\OpenServerPanel\domains\cicore.com\vendor\codeigniter4\framework\system\CodeIgniter.php(312): CodeIgniter\CodeIgniter->handleRequest(NULL, Object(Config\Cache), false)
#4 E:\OpenServerPanel\domains\cicore.com\index.php(48): CodeIgniter\CodeIgniter->run()
#5 {main}
CRITICAL - 2022-09-28 09:21:25 --> Undefined index: module
#0 E:\OpenServerPanel\domains\cicore.com\app\Controllers\Ajax\Promotion.php(33): CodeIgniter\Debug\Exceptions->errorHandler(8, 'Undefined index...', 'E:\\OpenServerPa...', 33, Array)
#1 E:\OpenServerPanel\domains\cicore.com\vendor\codeigniter4\framework\system\CodeIgniter.php(918): App\Controllers\Ajax\Promotion->search()
#2 E:\OpenServerPanel\domains\cicore.com\vendor\codeigniter4\framework\system\CodeIgniter.php(404): CodeIgniter\CodeIgniter->runController(Object(App\Controllers\Ajax\Promotion))
#3 E:\OpenServerPanel\domains\cicore.com\vendor\codeigniter4\framework\system\CodeIgniter.php(312): CodeIgniter\CodeIgniter->handleRequest(NULL, Object(Config\Cache), false)
#4 E:\OpenServerPanel\domains\cicore.com\index.php(48): CodeIgniter\CodeIgniter->run()
#5 {main}
CRITICAL - 2022-09-28 09:22:30 --> Undefined index: module
#0 E:\OpenServerPanel\domains\cicore.com\app\Controllers\Ajax\Promotion.php(33): CodeIgniter\Debug\Exceptions->errorHandler(8, 'Undefined index...', 'E:\\OpenServerPa...', 33, Array)
#1 E:\OpenServerPanel\domains\cicore.com\vendor\codeigniter4\framework\system\CodeIgniter.php(918): App\Controllers\Ajax\Promotion->search()
#2 E:\OpenServerPanel\domains\cicore.com\vendor\codeigniter4\framework\system\CodeIgniter.php(404): CodeIgniter\CodeIgniter->runController(Object(App\Controllers\Ajax\Promotion))
#3 E:\OpenServerPanel\domains\cicore.com\vendor\codeigniter4\framework\system\CodeIgniter.php(312): CodeIgniter\CodeIgniter->handleRequest(NULL, Object(Config\Cache), false)
#4 E:\OpenServerPanel\domains\cicore.com\index.php(48): CodeIgniter\CodeIgniter->run()
#5 {main}
CRITICAL - 2022-09-28 09:29:08 --> Undefined index: module
#0 E:\OpenServerPanel\domains\cicore.com\app\Controllers\Ajax\Promotion.php(33): CodeIgniter\Debug\Exceptions->errorHandler(8, 'Undefined index...', 'E:\\OpenServerPa...', 33, Array)
#1 E:\OpenServerPanel\domains\cicore.com\vendor\codeigniter4\framework\system\CodeIgniter.php(918): App\Controllers\Ajax\Promotion->search()
#2 E:\OpenServerPanel\domains\cicore.com\vendor\codeigniter4\framework\system\CodeIgniter.php(404): CodeIgniter\CodeIgniter->runController(Object(App\Controllers\Ajax\Promotion))
#3 E:\OpenServerPanel\domains\cicore.com\vendor\codeigniter4\framework\system\CodeIgniter.php(312): CodeIgniter\CodeIgniter->handleRequest(NULL, Object(Config\Cache), false)
#4 E:\OpenServerPanel\domains\cicore.com\index.php(48): CodeIgniter\CodeIgniter->run()
#5 {main}
CRITICAL - 2022-09-28 09:36:14 --> Undefined index: module
#0 E:\OpenServerPanel\domains\cicore.com\app\Controllers\Ajax\Promotion.php(33): CodeIgniter\Debug\Exceptions->errorHandler(8, 'Undefined index...', 'E:\\OpenServerPa...', 33, Array)
#1 E:\OpenServerPanel\domains\cicore.com\vendor\codeigniter4\framework\system\CodeIgniter.php(918): App\Controllers\Ajax\Promotion->search()
#2 E:\OpenServerPanel\domains\cicore.com\vendor\codeigniter4\framework\system\CodeIgniter.php(404): CodeIgniter\CodeIgniter->runController(Object(App\Controllers\Ajax\Promotion))
#3 E:\OpenServerPanel\domains\cicore.com\vendor\codeigniter4\framework\system\CodeIgniter.php(312): CodeIgniter\CodeIgniter->handleRequest(NULL, Object(Config\Cache), false)
#4 E:\OpenServerPanel\domains\cicore.com\index.php(48): CodeIgniter\CodeIgniter->run()
#5 {main}
CRITICAL - 2022-09-28 20:16:50 --> syntax error, unexpected '$payloadRouters' (T_VARIABLE)
#0 E:\OpenServerPanel\domains\cicore.com\vendor\codeigniter4\framework\system\Autoloader\Autoloader.php(296): CodeIgniter\Autoloader\Autoloader->requireFile('E:\\OpenServerPa...')
#1 E:\OpenServerPanel\domains\cicore.com\vendor\codeigniter4\framework\system\Autoloader\Autoloader.php(258): CodeIgniter\Autoloader\Autoloader->loadInNamespace('App\\Services\\Pr...')
#2 [internal function]: CodeIgniter\Autoloader\Autoloader->loadClass('App\\Services\\Pr...')
#3 E:\OpenServerPanel\domains\cicore.com\app\Config\Services.php(31): spl_autoload_call('App\\Services\\Pr...')
#4 E:\OpenServerPanel\domains\cicore.com\vendor\codeigniter4\framework\system\Config\BaseService.php(123): Config\Services::PromotionService(Array, false)
#5 E:\OpenServerPanel\domains\cicore.com\app\Config\Services.php(28): CodeIgniter\Config\BaseService::getSharedInstance('promotionservic...', Array)
#6 E:\OpenServerPanel\domains\cicore.com\vendor\codeigniter4\framework\system\Common.php(957): Config\Services::PromotionService(Array)
#7 E:\OpenServerPanel\domains\cicore.com\app\Controllers\Backend\Marketing\Promotion.php(17): service('PromotionServic...', Array)
#8 E:\OpenServerPanel\domains\cicore.com\vendor\codeigniter4\framework\system\CodeIgniter.php(890): App\Controllers\Backend\Marketing\Promotion->__construct()
#9 E:\OpenServerPanel\domains\cicore.com\vendor\codeigniter4\framework\system\CodeIgniter.php(399): CodeIgniter\CodeIgniter->createController()
#10 E:\OpenServerPanel\domains\cicore.com\vendor\codeigniter4\framework\system\CodeIgniter.php(312): CodeIgniter\CodeIgniter->handleRequest(NULL, Object(Config\Cache), false)
#11 E:\OpenServerPanel\domains\cicore.com\index.php(48): CodeIgniter\CodeIgniter->run()
#12 {main}
CRITICAL - 2022-09-28 20:16:57 --> syntax error, unexpected '$payloadRouters' (T_VARIABLE)
#0 E:\OpenServerPanel\domains\cicore.com\vendor\codeigniter4\framework\system\Autoloader\Autoloader.php(296): CodeIgniter\Autoloader\Autoloader->requireFile('E:\\OpenServerPa...')
#1 E:\OpenServerPanel\domains\cicore.com\vendor\codeigniter4\framework\system\Autoloader\Autoloader.php(258): CodeIgniter\Autoloader\Autoloader->loadInNamespace('App\\Services\\Pr...')
#2 [internal function]: CodeIgniter\Autoloader\Autoloader->loadClass('App\\Services\\Pr...')
#3 E:\OpenServerPanel\domains\cicore.com\app\Config\Services.php(31): spl_autoload_call('App\\Services\\Pr...')
#4 E:\OpenServerPanel\domains\cicore.com\vendor\codeigniter4\framework\system\Config\BaseService.php(123): Config\Services::PromotionService(Array, false)
#5 E:\OpenServerPanel\domains\cicore.com\app\Config\Services.php(28): CodeIgniter\Config\BaseService::getSharedInstance('promotionservic...', Array)
#6 E:\OpenServerPanel\domains\cicore.com\vendor\codeigniter4\framework\system\Common.php(957): Config\Services::PromotionService(Array)
#7 E:\OpenServerPanel\domains\cicore.com\app\Controllers\Backend\Marketing\Promotion.php(17): service('PromotionServic...', Array)
#8 E:\OpenServerPanel\domains\cicore.com\vendor\codeigniter4\framework\system\CodeIgniter.php(890): App\Controllers\Backend\Marketing\Promotion->__construct()
#9 E:\OpenServerPanel\domains\cicore.com\vendor\codeigniter4\framework\system\CodeIgniter.php(399): CodeIgniter\CodeIgniter->createController()
#10 E:\OpenServerPanel\domains\cicore.com\vendor\codeigniter4\framework\system\CodeIgniter.php(312): CodeIgniter\CodeIgniter->handleRequest(NULL, Object(Config\Cache), false)
#11 E:\OpenServerPanel\domains\cicore.com\index.php(48): CodeIgniter\CodeIgniter->run()
#12 {main}
CRITICAL - 2022-09-28 20:16:58 --> syntax error, unexpected '$payloadRouters' (T_VARIABLE)
#0 E:\OpenServerPanel\domains\cicore.com\vendor\codeigniter4\framework\system\Autoloader\Autoloader.php(296): CodeIgniter\Autoloader\Autoloader->requireFile('E:\\OpenServerPa...')
#1 E:\OpenServerPanel\domains\cicore.com\vendor\codeigniter4\framework\system\Autoloader\Autoloader.php(258): CodeIgniter\Autoloader\Autoloader->loadInNamespace('App\\Services\\Pr...')
#2 [internal function]: CodeIgniter\Autoloader\Autoloader->loadClass('App\\Services\\Pr...')
#3 E:\OpenServerPanel\domains\cicore.com\app\Config\Services.php(31): spl_autoload_call('App\\Services\\Pr...')
#4 E:\OpenServerPanel\domains\cicore.com\vendor\codeigniter4\framework\system\Config\BaseService.php(123): Config\Services::PromotionService(Array, false)
#5 E:\OpenServerPanel\domains\cicore.com\app\Config\Services.php(28): CodeIgniter\Config\BaseService::getSharedInstance('promotionservic...', Array)
#6 E:\OpenServerPanel\domains\cicore.com\vendor\codeigniter4\framework\system\Common.php(957): Config\Services::PromotionService(Array)
#7 E:\OpenServerPanel\domains\cicore.com\app\Controllers\Backend\Marketing\Promotion.php(17): service('PromotionServic...', Array)
#8 E:\OpenServerPanel\domains\cicore.com\vendor\codeigniter4\framework\system\CodeIgniter.php(890): App\Controllers\Backend\Marketing\Promotion->__construct()
#9 E:\OpenServerPanel\domains\cicore.com\vendor\codeigniter4\framework\system\CodeIgniter.php(399): CodeIgniter\CodeIgniter->createController()
#10 E:\OpenServerPanel\domains\cicore.com\vendor\codeigniter4\framework\system\CodeIgniter.php(312): CodeIgniter\CodeIgniter->handleRequest(NULL, Object(Config\Cache), false)
#11 E:\OpenServerPanel\domains\cicore.com\index.php(48): CodeIgniter\CodeIgniter->run()
#12 {main}
CRITICAL - 2022-09-28 20:31:50 --> syntax error, unexpected 'if' (T_IF)
#0 E:\OpenServerPanel\domains\cicore.com\vendor\codeigniter4\framework\system\Autoloader\Autoloader.php(296): CodeIgniter\Autoloader\Autoloader->requireFile('E:\\OpenServerPa...')
#1 E:\OpenServerPanel\domains\cicore.com\vendor\codeigniter4\framework\system\Autoloader\Autoloader.php(258): CodeIgniter\Autoloader\Autoloader->loadInNamespace('App\\Services\\Pr...')
#2 [internal function]: CodeIgniter\Autoloader\Autoloader->loadClass('App\\Services\\Pr...')
#3 E:\OpenServerPanel\domains\cicore.com\app\Config\Services.php(31): spl_autoload_call('App\\Services\\Pr...')
#4 E:\OpenServerPanel\domains\cicore.com\vendor\codeigniter4\framework\system\Config\BaseService.php(123): Config\Services::PromotionService(Array, false)
#5 E:\OpenServerPanel\domains\cicore.com\app\Config\Services.php(28): CodeIgniter\Config\BaseService::getSharedInstance('promotionservic...', Array)
#6 E:\OpenServerPanel\domains\cicore.com\vendor\codeigniter4\framework\system\Common.php(957): Config\Services::PromotionService(Array)
#7 E:\OpenServerPanel\domains\cicore.com\app\Controllers\Backend\Marketing\Promotion.php(17): service('PromotionServic...', Array)
#8 E:\OpenServerPanel\domains\cicore.com\vendor\codeigniter4\framework\system\CodeIgniter.php(890): App\Controllers\Backend\Marketing\Promotion->__construct()
#9 E:\OpenServerPanel\domains\cicore.com\vendor\codeigniter4\framework\system\CodeIgniter.php(399): CodeIgniter\CodeIgniter->createController()
#10 E:\OpenServerPanel\domains\cicore.com\vendor\codeigniter4\framework\system\CodeIgniter.php(312): CodeIgniter\CodeIgniter->handleRequest(NULL, Object(Config\Cache), false)
#11 E:\OpenServerPanel\domains\cicore.com\index.php(48): CodeIgniter\CodeIgniter->run()
#12 {main}
CRITICAL - 2022-09-28 20:31:57 --> syntax error, unexpected 'if' (T_IF)
#0 E:\OpenServerPanel\domains\cicore.com\vendor\codeigniter4\framework\system\Autoloader\Autoloader.php(296): CodeIgniter\Autoloader\Autoloader->requireFile('E:\\OpenServerPa...')
#1 E:\OpenServerPanel\domains\cicore.com\vendor\codeigniter4\framework\system\Autoloader\Autoloader.php(258): CodeIgniter\Autoloader\Autoloader->loadInNamespace('App\\Services\\Pr...')
#2 [internal function]: CodeIgniter\Autoloader\Autoloader->loadClass('App\\Services\\Pr...')
#3 E:\OpenServerPanel\domains\cicore.com\app\Config\Services.php(31): spl_autoload_call('App\\Services\\Pr...')
#4 E:\OpenServerPanel\domains\cicore.com\vendor\codeigniter4\framework\system\Config\BaseService.php(123): Config\Services::PromotionService(Array, false)
#5 E:\OpenServerPanel\domains\cicore.com\app\Config\Services.php(28): CodeIgniter\Config\BaseService::getSharedInstance('promotionservic...', Array)
#6 E:\OpenServerPanel\domains\cicore.com\vendor\codeigniter4\framework\system\Common.php(957): Config\Services::PromotionService(Array)
#7 E:\OpenServerPanel\domains\cicore.com\app\Controllers\Backend\Marketing\Promotion.php(17): service('PromotionServic...', Array)
#8 E:\OpenServerPanel\domains\cicore.com\vendor\codeigniter4\framework\system\CodeIgniter.php(890): App\Controllers\Backend\Marketing\Promotion->__construct()
#9 E:\OpenServerPanel\domains\cicore.com\vendor\codeigniter4\framework\system\CodeIgniter.php(399): CodeIgniter\CodeIgniter->createController()
#10 E:\OpenServerPanel\domains\cicore.com\vendor\codeigniter4\framework\system\CodeIgniter.php(312): CodeIgniter\CodeIgniter->handleRequest(NULL, Object(Config\Cache), false)
#11 E:\OpenServerPanel\domains\cicore.com\index.php(48): CodeIgniter\CodeIgniter->run()
#12 {main}
CRITICAL - 2022-09-28 20:56:28 --> syntax error, unexpected '}', expecting identifier (T_STRING) or variable (T_VARIABLE) or '{' or '$'
#0 E:\OpenServerPanel\domains\cicore.com\vendor\codeigniter4\framework\system\Autoloader\Autoloader.php(296): CodeIgniter\Autoloader\Autoloader->requireFile('E:\\OpenServerPa...')
#1 E:\OpenServerPanel\domains\cicore.com\vendor\codeigniter4\framework\system\Autoloader\Autoloader.php(258): CodeIgniter\Autoloader\Autoloader->loadInNamespace('App\\Services\\Pr...')
#2 [internal function]: CodeIgniter\Autoloader\Autoloader->loadClass('App\\Services\\Pr...')
#3 E:\OpenServerPanel\domains\cicore.com\app\Config\Services.php(31): spl_autoload_call('App\\Services\\Pr...')
#4 E:\OpenServerPanel\domains\cicore.com\vendor\codeigniter4\framework\system\Config\BaseService.php(123): Config\Services::PromotionService(Array, false)
#5 E:\OpenServerPanel\domains\cicore.com\app\Config\Services.php(28): CodeIgniter\Config\BaseService::getSharedInstance('promotionservic...', Array)
#6 E:\OpenServerPanel\domains\cicore.com\vendor\codeigniter4\framework\system\Common.php(957): Config\Services::PromotionService(Array)
#7 E:\OpenServerPanel\domains\cicore.com\app\Controllers\Backend\Marketing\Promotion.php(17): service('PromotionServic...', Array)
#8 E:\OpenServerPanel\domains\cicore.com\vendor\codeigniter4\framework\system\CodeIgniter.php(890): App\Controllers\Backend\Marketing\Promotion->__construct()
#9 E:\OpenServerPanel\domains\cicore.com\vendor\codeigniter4\framework\system\CodeIgniter.php(399): CodeIgniter\CodeIgniter->createController()
#10 E:\OpenServerPanel\domains\cicore.com\vendor\codeigniter4\framework\system\CodeIgniter.php(312): CodeIgniter\CodeIgniter->handleRequest(NULL, Object(Config\Cache), false)
#11 E:\OpenServerPanel\domains\cicore.com\index.php(48): CodeIgniter\CodeIgniter->run()
#12 {main}
CRITICAL - 2022-09-28 21:06:56 --> syntax error, unexpected ''order_by'' (T_CONSTANT_ENCAPSED_STRING), expecting ']'
#0 E:\OpenServerPanel\domains\cicore.com\vendor\codeigniter4\framework\system\Autoloader\Autoloader.php(296): CodeIgniter\Autoloader\Autoloader->requireFile('E:\\OpenServerPa...')
#1 E:\OpenServerPanel\domains\cicore.com\vendor\codeigniter4\framework\system\Autoloader\Autoloader.php(258): CodeIgniter\Autoloader\Autoloader->loadInNamespace('App\\Repositorie...')
#2 [internal function]: CodeIgniter\Autoloader\Autoloader->loadClass('App\\Repositorie...')
#3 E:\OpenServerPanel\domains\cicore.com\app\Config\Services.php(143): spl_autoload_call('App\\Repositorie...')
#4 E:\OpenServerPanel\domains\cicore.com\vendor\codeigniter4\framework\system\Config\BaseService.php(123): Config\Services::ProductCatalogueRepository('promotions', false)
#5 E:\OpenServerPanel\domains\cicore.com\app\Config\Services.php(140): CodeIgniter\Config\BaseService::getSharedInstance('productcatalogu...', 'promotions')
#6 E:\OpenServerPanel\domains\cicore.com\vendor\codeigniter4\framework\system\Common.php(957): Config\Services::ProductCatalogueRepository('promotions')
#7 E:\OpenServerPanel\domains\cicore.com\app\Services\PromotionService.php(27): service('ProductCatalogu...', 'promotions')
#8 E:\OpenServerPanel\domains\cicore.com\app\Config\Services.php(31): App\Services\PromotionService->__construct(Array)
#9 E:\OpenServerPanel\domains\cicore.com\vendor\codeigniter4\framework\system\Config\BaseService.php(123): Config\Services::PromotionService(Array, false)
#10 E:\OpenServerPanel\domains\cicore.com\app\Config\Services.php(28): CodeIgniter\Config\BaseService::getSharedInstance('promotionservic...', Array)
#11 E:\OpenServerPanel\domains\cicore.com\vendor\codeigniter4\framework\system\Common.php(957): Config\Services::PromotionService(Array)
#12 E:\OpenServerPanel\domains\cicore.com\app\Controllers\Backend\Marketing\Promotion.php(17): service('PromotionServic...', Array)
#13 E:\OpenServerPanel\domains\cicore.com\vendor\codeigniter4\framework\system\CodeIgniter.php(890): App\Controllers\Backend\Marketing\Promotion->__construct()
#14 E:\OpenServerPanel\domains\cicore.com\vendor\codeigniter4\framework\system\CodeIgniter.php(399): CodeIgniter\CodeIgniter->createController()
#15 E:\OpenServerPanel\domains\cicore.com\vendor\codeigniter4\framework\system\CodeIgniter.php(312): CodeIgniter\CodeIgniter->handleRequest(NULL, Object(Config\Cache), false)
#16 E:\OpenServerPanel\domains\cicore.com\index.php(48): CodeIgniter\CodeIgniter->run()
#17 {main}
CRITICAL - 2022-09-28 21:07:00 --> syntax error, unexpected ''order_by'' (T_CONSTANT_ENCAPSED_STRING), expecting ']'
#0 E:\OpenServerPanel\domains\cicore.com\vendor\codeigniter4\framework\system\Autoloader\Autoloader.php(296): CodeIgniter\Autoloader\Autoloader->requireFile('E:\\OpenServerPa...')
#1 E:\OpenServerPanel\domains\cicore.com\vendor\codeigniter4\framework\system\Autoloader\Autoloader.php(258): CodeIgniter\Autoloader\Autoloader->loadInNamespace('App\\Repositorie...')
#2 [internal function]: CodeIgniter\Autoloader\Autoloader->loadClass('App\\Repositorie...')
#3 E:\OpenServerPanel\domains\cicore.com\app\Config\Services.php(143): spl_autoload_call('App\\Repositorie...')
#4 E:\OpenServerPanel\domains\cicore.com\vendor\codeigniter4\framework\system\Config\BaseService.php(123): Config\Services::ProductCatalogueRepository('promotions', false)
#5 E:\OpenServerPanel\domains\cicore.com\app\Config\Services.php(140): CodeIgniter\Config\BaseService::getSharedInstance('productcatalogu...', 'promotions')
#6 E:\OpenServerPanel\domains\cicore.com\vendor\codeigniter4\framework\system\Common.php(957): Config\Services::ProductCatalogueRepository('promotions')
#7 E:\OpenServerPanel\domains\cicore.com\app\Services\PromotionService.php(27): service('ProductCatalogu...', 'promotions')
#8 E:\OpenServerPanel\domains\cicore.com\app\Config\Services.php(31): App\Services\PromotionService->__construct(Array)
#9 E:\OpenServerPanel\domains\cicore.com\vendor\codeigniter4\framework\system\Config\BaseService.php(123): Config\Services::PromotionService(Array, false)
#10 E:\OpenServerPanel\domains\cicore.com\app\Config\Services.php(28): CodeIgniter\Config\BaseService::getSharedInstance('promotionservic...', Array)
#11 E:\OpenServerPanel\domains\cicore.com\vendor\codeigniter4\framework\system\Common.php(957): Config\Services::PromotionService(Array)
#12 E:\OpenServerPanel\domains\cicore.com\app\Controllers\Backend\Marketing\Promotion.php(17): service('PromotionServic...', Array)
#13 E:\OpenServerPanel\domains\cicore.com\vendor\codeigniter4\framework\system\CodeIgniter.php(890): App\Controllers\Backend\Marketing\Promotion->__construct()
#14 E:\OpenServerPanel\domains\cicore.com\vendor\codeigniter4\framework\system\CodeIgniter.php(399): CodeIgniter\CodeIgniter->createController()
#15 E:\OpenServerPanel\domains\cicore.com\vendor\codeigniter4\framework\system\CodeIgniter.php(312): CodeIgniter\CodeIgniter->handleRequest(NULL, Object(Config\Cache), false)
#16 E:\OpenServerPanel\domains\cicore.com\index.php(48): CodeIgniter\CodeIgniter->run()
#17 {main}
CRITICAL - 2022-09-28 21:18:46 --> syntax error, unexpected ''order_by'' (T_CONSTANT_ENCAPSED_STRING), expecting ']'
#0 E:\OpenServerPanel\domains\cicore.com\vendor\codeigniter4\framework\system\Autoloader\Autoloader.php(296): CodeIgniter\Autoloader\Autoloader->requireFile('E:\\OpenServerPa...')
#1 E:\OpenServerPanel\domains\cicore.com\vendor\codeigniter4\framework\system\Autoloader\Autoloader.php(258): CodeIgniter\Autoloader\Autoloader->loadInNamespace('App\\Repositorie...')
#2 [internal function]: CodeIgniter\Autoloader\Autoloader->loadClass('App\\Repositorie...')
#3 E:\OpenServerPanel\domains\cicore.com\app\Config\Services.php(143): spl_autoload_call('App\\Repositorie...')
#4 E:\OpenServerPanel\domains\cicore.com\vendor\codeigniter4\framework\system\Config\BaseService.php(123): Config\Services::ProductCatalogueRepository('product_catalog...', false)
#5 E:\OpenServerPanel\domains\cicore.com\app\Config\Services.php(140): CodeIgniter\Config\BaseService::getSharedInstance('productcatalogu...', 'product_catalog...')
#6 E:\OpenServerPanel\domains\cicore.com\vendor\codeigniter4\framework\system\Common.php(957): Config\Services::ProductCatalogueRepository('product_catalog...')
#7 E:\OpenServerPanel\domains\cicore.com\app\Services\PromotionService.php(27): service('ProductCatalogu...', 'product_catalog...')
#8 E:\OpenServerPanel\domains\cicore.com\app\Config\Services.php(31): App\Services\PromotionService->__construct(Array)
#9 E:\OpenServerPanel\domains\cicore.com\vendor\codeigniter4\framework\system\Config\BaseService.php(123): Config\Services::PromotionService(Array, false)
#10 E:\OpenServerPanel\domains\cicore.com\app\Config\Services.php(28): CodeIgniter\Config\BaseService::getSharedInstance('promotionservic...', Array)
#11 E:\OpenServerPanel\domains\cicore.com\vendor\codeigniter4\framework\system\Common.php(957): Config\Services::PromotionService(Array)
#12 E:\OpenServerPanel\domains\cicore.com\app\Controllers\Backend\Marketing\Promotion.php(17): service('PromotionServic...', Array)
#13 E:\OpenServerPanel\domains\cicore.com\vendor\codeigniter4\framework\system\CodeIgniter.php(890): App\Controllers\Backend\Marketing\Promotion->__construct()
#14 E:\OpenServerPanel\domains\cicore.com\vendor\codeigniter4\framework\system\CodeIgniter.php(399): CodeIgniter\CodeIgniter->createController()
#15 E:\OpenServerPanel\domains\cicore.com\vendor\codeigniter4\framework\system\CodeIgniter.php(312): CodeIgniter\CodeIgniter->handleRequest(NULL, Object(Config\Cache), false)
#16 E:\OpenServerPanel\domains\cicore.com\index.php(48): CodeIgniter\CodeIgniter->run()
#17 {main}
CRITICAL - 2022-09-28 21:25:39 --> syntax error, unexpected '}', expecting ',' or ';'
#0 E:\OpenServerPanel\domains\cicore.com\vendor\codeigniter4\framework\system\Autoloader\Autoloader.php(296): CodeIgniter\Autoloader\Autoloader->requireFile('E:\\OpenServerPa...')
#1 E:\OpenServerPanel\domains\cicore.com\vendor\codeigniter4\framework\system\Autoloader\Autoloader.php(258): CodeIgniter\Autoloader\Autoloader->loadInNamespace('App\\Services\\Pr...')
#2 [internal function]: CodeIgniter\Autoloader\Autoloader->loadClass('App\\Services\\Pr...')
#3 E:\OpenServerPanel\domains\cicore.com\app\Config\Services.php(31): spl_autoload_call('App\\Services\\Pr...')
#4 E:\OpenServerPanel\domains\cicore.com\vendor\codeigniter4\framework\system\Config\BaseService.php(123): Config\Services::PromotionService(Array, false)
#5 E:\OpenServerPanel\domains\cicore.com\app\Config\Services.php(28): CodeIgniter\Config\BaseService::getSharedInstance('promotionservic...', Array)
#6 E:\OpenServerPanel\domains\cicore.com\vendor\codeigniter4\framework\system\Common.php(957): Config\Services::PromotionService(Array)
#7 E:\OpenServerPanel\domains\cicore.com\app\Controllers\Backend\Marketing\Promotion.php(17): service('PromotionServic...', Array)
#8 E:\OpenServerPanel\domains\cicore.com\vendor\codeigniter4\framework\system\CodeIgniter.php(890): App\Controllers\Backend\Marketing\Promotion->__construct()
#9 E:\OpenServerPanel\domains\cicore.com\vendor\codeigniter4\framework\system\CodeIgniter.php(399): CodeIgniter\CodeIgniter->createController()
#10 E:\OpenServerPanel\domains\cicore.com\vendor\codeigniter4\framework\system\CodeIgniter.php(312): CodeIgniter\CodeIgniter->handleRequest(NULL, Object(Config\Cache), false)
#11 E:\OpenServerPanel\domains\cicore.com\index.php(48): CodeIgniter\CodeIgniter->run()
#12 {main}
CRITICAL - 2022-09-28 22:07:26 --> syntax error, unexpected ';'
#0 E:\OpenServerPanel\domains\cicore.com\vendor\codeigniter4\framework\system\Common.php(1119): CodeIgniter\View\View->render('backend/marketi...', Array, true)
#1 E:\OpenServerPanel\domains\cicore.com\app\Views\backend\marketing\promotion\store.php(33): view('backend/marketi...')
#2 E:\OpenServerPanel\domains\cicore.com\vendor\codeigniter4\framework\system\View\View.php(246): include('E:\\OpenServerPa...')
#3 E:\OpenServerPanel\domains\cicore.com\vendor\codeigniter4\framework\system\Common.php(1119): CodeIgniter\View\View->render('backend/marketi...', Array, true)
#4 E:\OpenServerPanel\domains\cicore.com\app\Views\backend\dashboard\layout\home.php(46): view('backend/marketi...')
#5 E:\OpenServerPanel\domains\cicore.com\vendor\codeigniter4\framework\system\View\View.php(246): include('E:\\OpenServerPa...')
#6 E:\OpenServerPanel\domains\cicore.com\vendor\codeigniter4\framework\system\Common.php(1119): CodeIgniter\View\View->render('backend/dashboa...', Array, true)
#7 E:\OpenServerPanel\domains\cicore.com\app\Controllers\Backend\Marketing\Promotion.php(65): view('backend/dashboa...', Array)
#8 E:\OpenServerPanel\domains\cicore.com\vendor\codeigniter4\framework\system\CodeIgniter.php(918): App\Controllers\Backend\Marketing\Promotion->create()
#9 E:\OpenServerPanel\domains\cicore.com\vendor\codeigniter4\framework\system\CodeIgniter.php(404): CodeIgniter\CodeIgniter->runController(Object(App\Controllers\Backend\Marketing\Promotion))
#10 E:\OpenServerPanel\domains\cicore.com\vendor\codeigniter4\framework\system\CodeIgniter.php(312): CodeIgniter\CodeIgniter->handleRequest(NULL, Object(Config\Cache), false)
#11 E:\OpenServerPanel\domains\cicore.com\index.php(48): CodeIgniter\CodeIgniter->run()
#12 {main}
CRITICAL - 2022-09-28 22:14:27 --> Undefined property: App\Controllers\Backend\Marketing\Promotion::$productRepository
#0 E:\OpenServerPanel\domains\cicore.com\app\Controllers\Backend\Marketing\Promotion.php(61): CodeIgniter\Debug\Exceptions->errorHandler(8, 'Undefined prope...', 'E:\\OpenServerPa...', 61, Array)
#1 E:\OpenServerPanel\domains\cicore.com\vendor\codeigniter4\framework\system\CodeIgniter.php(918): App\Controllers\Backend\Marketing\Promotion->create()
#2 E:\OpenServerPanel\domains\cicore.com\vendor\codeigniter4\framework\system\CodeIgniter.php(404): CodeIgniter\CodeIgniter->runController(Object(App\Controllers\Backend\Marketing\Promotion))
#3 E:\OpenServerPanel\domains\cicore.com\vendor\codeigniter4\framework\system\CodeIgniter.php(312): CodeIgniter\CodeIgniter->handleRequest(NULL, Object(Config\Cache), false)
#4 E:\OpenServerPanel\domains\cicore.com\index.php(48): CodeIgniter\CodeIgniter->run()
#5 {main}
CRITICAL - 2022-09-28 22:15:02 --> Undefined variable: object_id
#0 E:\OpenServerPanel\domains\cicore.com\app\Controllers\Backend\Marketing\Promotion.php(63): CodeIgniter\Debug\Exceptions->errorHandler(8, 'Undefined varia...', 'E:\\OpenServerPa...', 63, Array)
#1 E:\OpenServerPanel\domains\cicore.com\vendor\codeigniter4\framework\system\CodeIgniter.php(918): App\Controllers\Backend\Marketing\Promotion->create()
#2 E:\OpenServerPanel\domains\cicore.com\vendor\codeigniter4\framework\system\CodeIgniter.php(404): CodeIgniter\CodeIgniter->runController(Object(App\Controllers\Backend\Marketing\Promotion))
#3 E:\OpenServerPanel\domains\cicore.com\vendor\codeigniter4\framework\system\CodeIgniter.php(312): CodeIgniter\CodeIgniter->handleRequest(NULL, Object(Config\Cache), false)
#4 E:\OpenServerPanel\domains\cicore.com\index.php(48): CodeIgniter\CodeIgniter->run()
#5 {main}
CRITICAL - 2022-09-28 22:15:16 --> Undefined variable: query
#0 E:\OpenServerPanel\domains\cicore.com\app\Repositories\ProductRepository.php(171): CodeIgniter\Debug\Exceptions->errorHandler(8, 'Undefined varia...', 'E:\\OpenServerPa...', 171, Array)
#1 E:\OpenServerPanel\domains\cicore.com\app\Controllers\Backend\Marketing\Promotion.php(63): App\Repositories\ProductRepository->findProductByIdArray(Array, '2')
#2 E:\OpenServerPanel\domains\cicore.com\vendor\codeigniter4\framework\system\CodeIgniter.php(918): App\Controllers\Backend\Marketing\Promotion->create()
#3 E:\OpenServerPanel\domains\cicore.com\vendor\codeigniter4\framework\system\CodeIgniter.php(404): CodeIgniter\CodeIgniter->runController(Object(App\Controllers\Backend\Marketing\Promotion))
#4 E:\OpenServerPanel\domains\cicore.com\vendor\codeigniter4\framework\system\CodeIgniter.php(312): CodeIgniter\CodeIgniter->handleRequest(NULL, Object(Config\Cache), false)
#5 E:\OpenServerPanel\domains\cicore.com\index.php(48): CodeIgniter\CodeIgniter->run()
#6 {main}
CRITICAL - 2022-09-28 22:18:53 --> Call to undefined method App\Controllers\Backend\Marketing\Promotion::productCatalogueRepository()
#0 E:\OpenServerPanel\domains\cicore.com\vendor\codeigniter4\framework\system\CodeIgniter.php(918): App\Controllers\Backend\Marketing\Promotion->create()
#1 E:\OpenServerPanel\domains\cicore.com\vendor\codeigniter4\framework\system\CodeIgniter.php(404): CodeIgniter\CodeIgniter->runController(Object(App\Controllers\Backend\Marketing\Promotion))
#2 E:\OpenServerPanel\domains\cicore.com\vendor\codeigniter4\framework\system\CodeIgniter.php(312): CodeIgniter\CodeIgniter->handleRequest(NULL, Object(Config\Cache), false)
#3 E:\OpenServerPanel\domains\cicore.com\index.php(48): CodeIgniter\CodeIgniter->run()
#4 {main}
CRITICAL - 2022-09-28 22:19:08 --> Call to undefined method App\Repositories\ProductCatalogueRepository::findProductByIdArray()
#0 E:\OpenServerPanel\domains\cicore.com\vendor\codeigniter4\framework\system\CodeIgniter.php(918): App\Controllers\Backend\Marketing\Promotion->create()
#1 E:\OpenServerPanel\domains\cicore.com\vendor\codeigniter4\framework\system\CodeIgniter.php(404): CodeIgniter\CodeIgniter->runController(Object(App\Controllers\Backend\Marketing\Promotion))
#2 E:\OpenServerPanel\domains\cicore.com\vendor\codeigniter4\framework\system\CodeIgniter.php(312): CodeIgniter\CodeIgniter->handleRequest(NULL, Object(Config\Cache), false)
#3 E:\OpenServerPanel\domains\cicore.com\index.php(48): CodeIgniter\CodeIgniter->run()
#4 {main}
